Log file open, 04/30/19 08:50:14
LogWindows: Failed to load 'aqProf.dll' (GetLastError=126)
LogWindows: File 'aqProf.dll' does not exist
LogWindows: Failed to load 'VSPerf140.dll' (GetLastError=126)
LogWindows: File 'VSPerf140.dll' does not exist
LogWindows: Failed to load 'VtuneApi.dll' (GetLastError=126)
LogWindows: File 'VtuneApi.dll' does not exist
LogWindows: Failed to load 'VtuneApi32e.dll' (GetLastError=126)
LogWindows: File 'VtuneApi32e.dll' does not exist
LogInit: Display: Running engine for game: cly_iCWB_AP
LogPlatformFile: Not using cached read wrapper
LogTaskGraph: Started task graph with 5 named threads and 23 total threads with 3 sets of task threads.
LogStats: Stats thread started at 0.340717
LogD3D11RHI: Loaded GFSDK_Aftermath_Lib.x64.dll
LogICUInternationalization: Display: ICU TimeZone Detection - Raw Offset: -7:00, Platform Override: ''
LogPluginManager: Mounting plugin Paper2D
LogPluginManager: Mounting plugin AISupport
LogPluginManager: Mounting plugin LightPropagationVolume
LogPluginManager: Mounting plugin CLionSourceCodeAccess
LogPluginManager: Mounting plugin CodeLiteSourceCodeAccess
LogPluginManager: Mounting plugin GitSourceControl
LogPluginManager: Mounting plugin KDevelopSourceCodeAccess
LogPluginManager: Mounting plugin NullSourceCodeAccess
LogPluginManager: Mounting plugin PerforceSourceControl
LogPluginManager: Mounting plugin SubversionSourceControl
LogPluginManager: Mounting plugin UObjectPlugin
LogPluginManager: Mounting plugin VisualStudioCodeSourceCodeAccess
LogPluginManager: Mounting plugin VisualStudioSourceCodeAccess
LogPluginManager: Mounting plugin XCodeSourceCodeAccess
LogPluginManager: Mounting plugin AssetManagerEditor
LogPluginManager: Mounting plugin CryptoKeys
LogPluginManager: Mounting plugin DataValidation
LogPluginManager: Mounting plugin FacialAnimation
LogPluginManager: Mounting plugin GameplayTagsEditor
LogPluginManager: Mounting plugin MacGraphicsSwitching
LogPluginManager: Mounting plugin MeshEditor
LogPluginManager: Mounting plugin MobileLauncherProfileWizard
LogPluginManager: Mounting plugin PluginBrowser
LogPluginManager: Mounting plugin SpeedTreeImporter
LogPluginManager: Mounting plugin DatasmithContent
LogPluginManager: Mounting plugin AlembicImporter
LogPluginManager: Mounting plugin AppleImageUtils
LogPluginManager: Mounting plugin AppleVision
LogPluginManager: Mounting plugin BackChannel
LogPluginManager: Mounting plugin CharacterAI
LogPluginManager: Mounting plugin GeometryCache
LogPluginManager: Mounting plugin HTML5Networking
LogPluginManager: Mounting plugin ProxyLODPlugin
LogPluginManager: Mounting plugin MagicLeap
LogPluginManager: Mounting plugin MagicLeapEmulator
LogPluginManager: Mounting plugin MagicLeapMedia
LogPluginManager: Mounting plugin AndroidMedia
LogPluginManager: Mounting plugin AvfMedia
LogPluginManager: Mounting plugin ImgMedia
LogPluginManager: Mounting plugin LinearTimecode
LogPluginManager: Mounting plugin MediaCompositing
LogPluginManager: Mounting plugin MediaPlayerEditor
LogPluginManager: Mounting plugin WmfMedia
LogPluginManager: Mounting plugin TcpMessaging
LogPluginManager: Mounting plugin UdpMessaging
LogPluginManager: Mounting plugin ActorSequence
LogPluginManager: Mounting plugin LevelSequenceEditor
LogPluginManager: Mounting plugin MatineeToLevelSequence
LogPluginManager: Mounting plugin NetcodeUnitTest
LogPluginManager: Mounting plugin NUTUnrealEngine4
LogPluginManager: Mounting plugin OnlineSubsystemGooglePlay
LogPluginManager: Mounting plugin OnlineSubsystemIOS
LogPluginManager: Mounting plugin OnlineSubsystem
LogPluginManager: Mounting plugin OnlineSubsystemNull
LogPluginManager: Mounting plugin OnlineSubsystemUtils
LogPluginManager: Mounting plugin LauncherChunkInstaller
LogPluginManager: Mounting plugin AndroidDeviceProfileSelector
LogPluginManager: Mounting plugin AndroidMoviePlayer
LogPluginManager: Mounting plugin AndroidPermission
LogPluginManager: Mounting plugin AppleMoviePlayer
LogPluginManager: Mounting plugin ArchVisCharacter
LogPluginManager: Mounting plugin AudioCapture
LogPluginManager: Mounting plugin CableComponent
LogPluginManager: Mounting plugin CustomMeshComponent
LogPluginManager: Mounting plugin EditableMesh
LogPluginManager: Mounting plugin ExampleDeviceProfileSelector
LogPluginManager: Mounting plugin GoogleCloudMessaging
LogPluginManager: Mounting plugin ImmediatePhysics
LogPluginManager: Mounting plugin IOSDeviceProfileSelector
LogPluginManager: Mounting plugin LinuxDeviceProfileSelector
LogPluginManager: Mounting plugin LocationServicesBPLibrary
LogPluginManager: Mounting plugin MobilePatchingUtils
LogPluginManager: Mounting plugin OculusVR
LogPluginManager: Plugin shader directory ../../../Engine/Plugins/Runtime/Oculus/OculusVR/Shaders found
LogPluginManager: Mapping shader source directory ../../../Engine/Plugins/Runtime/Oculus/OculusVR/Shaders to virtual directory /Plugin/OculusVR
LogPluginManager: Mounting plugin PhysXVehicles
LogPluginManager: Mounting plugin ProceduralMeshComponent
LogPluginManager: Mounting plugin RuntimePhysXCooking
LogPluginManager: Mounting plugin SteamVR
LogPluginManager: Mounting plugin WindowsMoviePlayer
LogStreaming: Display: Took  0.253s to configure plugins.
LogInit: Using libcurl 7.55.1-DEV
LogInit:  - built for x86_64-pc-win32
LogInit:  - supports SSL with OpenSSL/1.0.2h
LogInit:  - supports HTTP deflate (compression) using libz 1.2.8
LogInit:  - other features:
LogInit:      CURL_VERSION_SSL
LogInit:      CURL_VERSION_LIBZ
LogInit:      CURL_VERSION_IPV6
LogInit:      CURL_VERSION_ASYNCHDNS
LogInit:      CURL_VERSION_LARGEFILE
LogInit:      CURL_VERSION_IDN
LogInit:  CurlRequestOptions (configurable via config and command line):
LogInit:  - bVerifyPeer = false  - Libcurl will NOT verify peer certificate
LogInit:  - bUseHttpProxy = false  - Libcurl will NOT use HTTP proxy
LogInit:  - bDontReuseConnections = false  - Libcurl will reuse connections
LogInit:  - CertBundlePath = nullptr  - Libcurl will use whatever was configured at build time.
LogInit:  - MaxHostConnections = 16  - Libcurl will limit the number of connections to a host
LogInit:  - LocalHostAddr = Default
LogInit:  - BufferSize = 65536
LogInit: WinSock: version 1.1 (2.2), MaxSocks=32767, MaxUdp=65467
LogInit: Build: ++UE4+Release-4.20-CL-4369336
LogInit: Engine Version: 4.20.3-4369336+++UE4+Release-4.20
LogInit: Compatible Engine Version: 4.20.0-4212847+++UE4+Release-4.20
LogInit: Net CL: 4212847
LogInit: OS: Windows 10 (), CPU: Intel(R) Core(TM) i5-8300H CPU @ 2.30GHz, GPU: Intel(R) UHD Graphics 630
LogInit: Compiled (64-bit): Sep 17 2018 12:26:19
LogInit: Compiled with Visual C++: 19.13.26129.00
LogInit: Build Configuration: Development
LogInit: Branch Name: ++UE4+Release-4.20
LogInit: Command Line: 
LogInit: Base Directory: C:/Program Files/Epic Games/UE_4.20/Engine/Binaries/Win64/
LogInit: Installed Engine Build: 1
LogDevObjectVersion: Number of dev versions registered: 20
LogDevObjectVersion:   Dev-Blueprints (B0D832E4-1F89-4F0D-ACCF-7EB736FD4AA2): 10
LogDevObjectVersion:   Dev-Build (E1C64328-A22C-4D53-A36C-8E866417BD8C): 0
LogDevObjectVersion:   Dev-Core (375EC13C-06E4-48FB-B500-84F0262A717E): 2
LogDevObjectVersion:   Dev-Editor (E4B068ED-F494-42E9-A231-DA0B2E46BB41): 24
LogDevObjectVersion:   Dev-Framework (CFFC743F-43B0-4480-9391-14DF171D2073): 34
LogDevObjectVersion:   Dev-Mobile (B02B49B5-BB20-44E9-A304-32B752E40360): 2
LogDevObjectVersion:   Dev-Networking (A4E4105C-59A1-49B5-A7C5-40C4547EDFEE): 0
LogDevObjectVersion:   Dev-Online (39C831C9-5AE6-47DC-9A44-9C173E1C8E7C): 0
LogDevObjectVersion:   Dev-Physics (78F01B33-EBEA-4F98-B9B4-84EACCB95AA2): 0
LogDevObjectVersion:   Dev-Platform (6631380F-2D4D-43E0-8009-CF276956A95A): 0
LogDevObjectVersion:   Dev-Rendering (12F88B9F-8875-4AFC-A67C-D90C383ABD29): 26
LogDevObjectVersion:   Dev-Sequencer (7B5AE74C-D270-4C10-A958-57980B212A5A): 9
LogDevObjectVersion:   Dev-VR (D7296918-1DD6-4BDD-9DE2-64A83CC13884): 2
LogDevObjectVersion:   Dev-LoadTimes (C2A15278-BFE7-4AFE-6C17-90FF531DF755): 1
LogDevObjectVersion:   Private-Geometry (6EACA3D4-40EC-4CC1-B786-8BED09428FC5): 3
LogDevObjectVersion:   Dev-AnimPhys (29E575DD-E0A3-4627-9D10-D276232CDCEA): 17
LogDevObjectVersion:   Dev-ReflectionCapture (6B266CEC-1EC7-4B8F-A30B-E4D90942FC07): 1
LogDevObjectVersion:   Dev-Automation (0DF73D61-A23F-47EA-B727-89E90C41499A): 1
LogDevObjectVersion:   FortniteMain (601D1886-AC64-4F84-AA16-D3DE0DEAC7D6): 12
LogDevObjectVersion:   Dev-Enterprise (9DFFBCD6-494F-0158-E221-12823C92A888): 1
LogStreaming: Display: Took  0.009s to delete old logs.
LogInit: Presizing for max 8388607 objects, including 0 objects not considered by GC, pre-allocating 0 bytes for permanent pool.
LogInit: Object subsystem initialized
[2019.04.30-14.50.15:129][  0]LogInit: Selected Device Profile: [Windows]
[2019.04.30-14.50.15:129][  0]LogInit: Applying CVar settings loaded from the selected device profile: [Windows]
[2019.04.30-14.50.15:157][  0]LogHAL: Display: Platform has ~ 8 GB [8424574976 / 8589934592 / 8], which maps to Default [LargestMinGB=32, LargerMinGB=12, DefaultMinGB=8, SmallerMinGB=6, SmallestMinGB=0)
[2019.04.30-14.50.15:157][  0]LogInit: Setting Device Profile CVar: [[r.Vulkan.UseRealUBs:1]]
[2019.04.30-14.50.15:158][  0]LogInit: Going up to parent DeviceProfile []
[2019.04.30-14.50.15:158][  0]LogInit: Computer: DESKTOP-4HEA2F2
[2019.04.30-14.50.15:158][  0]LogInit: User: black
[2019.04.30-14.50.15:158][  0]LogInit: CPU Page size=4096, Cores=4
[2019.04.30-14.50.15:158][  0]LogInit: High frequency timer resolution =2.249996 MHz
[2019.04.30-14.50.15:159][  0]LogMemory: Memory total: Physical=7.8GB (8GB approx)
[2019.04.30-14.50.15:159][  0]LogMemory: Platform Memory Stats for Windows
[2019.04.30-14.50.15:159][  0]LogMemory: Process Physical Memory: 99.40 MB used, 99.40 MB peak
[2019.04.30-14.50.15:159][  0]LogMemory: Process Virtual Memory: 91.01 MB used, 91.01 MB peak
[2019.04.30-14.50.15:159][  0]LogMemory: Physical Memory: 3648.15 MB used,  4386.15 MB free, 8034.30 MB total
[2019.04.30-14.50.15:159][  0]LogMemory: Virtual Memory: 4645.23 MB used,  4386.15 MB free, 134217728.00 MB total
[2019.04.30-14.50.15:397][  0]LogInit: Using OS detected language (en-US).
[2019.04.30-14.50.15:397][  0]LogInit: Using OS detected locale (en-US).
[2019.04.30-14.50.15:399][  0]LogTextLocalizationManager: No specific localization for 'en-US' exists, so the 'en' localization will be used.
[2019.04.30-14.50.15:936][  0]LogStreaming: Display: Took  0.539s to InitEngineTextLocalization.
[2019.04.30-14.50.15:936][  0]LogInit: Setting process to per monitor DPI aware
[2019.04.30-14.50.15:984][  0]LogSlate: New Slate User Created.  User Index 0, Is Virtual User: 0
[2019.04.30-14.50.15:984][  0]LogSlate: Slate User Registered.  User Index 0, Is Virtual User: 0
[2019.04.30-14.50.16:283][  0]LogHMD: Failed to initialize OpenVR with code 110
[2019.04.30-14.50.16:283][  0]LogD3D11RHI: D3D11 adapters:
[2019.04.30-14.50.16:349][  0]LogD3D11RHI:    0. 'NVIDIA GeForce GTX 1050 Ti' (Feature Level 11_0)
[2019.04.30-14.50.16:349][  0]LogD3D11RHI:       4029/0/4017 MB DedicatedVideo/DedicatedSystem/SharedSystem, Outputs:1, VendorId:0x10de
[2019.04.30-14.50.16:369][  0]LogD3D11RHI:    1. 'Intel(R) UHD Graphics 630' (Feature Level 11_0)
[2019.04.30-14.50.16:369][  0]LogD3D11RHI:       128/0/4017 MB DedicatedVideo/DedicatedSystem/SharedSystem, Outputs:0, VendorId:0x8086
[2019.04.30-14.50.16:371][  0]LogD3D11RHI:    2. 'Microsoft Basic Render Driver' (Feature Level 11_0)
[2019.04.30-14.50.16:371][  0]LogD3D11RHI:       0/0/4017 MB DedicatedVideo/DedicatedSystem/SharedSystem, Outputs:0, VendorId:0x1414
[2019.04.30-14.50.16:371][  0]LogD3D11RHI: Chosen D3D11 Adapter: 0
[2019.04.30-14.50.16:411][  0]LogD3D11RHI: Creating new Direct3DDevice
[2019.04.30-14.50.16:411][  0]LogD3D11RHI:     GPU DeviceId: 0x1c8c (for the marketing name, search the web for "GPU Device Id")
[2019.04.30-14.50.16:411][  0]LogWindows: EnumDisplayDevices:
[2019.04.30-14.50.16:411][  0]LogWindows:    0. 'Intel(R) UHD Graphics 630' (P:1 D:1)
[2019.04.30-14.50.16:412][  0]LogWindows:    1. 'Intel(R) UHD Graphics 630' (P:0 D:0)
[2019.04.30-14.50.16:412][  0]LogWindows:    2. 'Intel(R) UHD Graphics 630' (P:0 D:0)
[2019.04.30-14.50.16:412][  0]LogWindows:    3. 'NVIDIA GeForce GTX 1050 Ti' (P:0 D:0)
[2019.04.30-14.50.16:413][  0]LogWindows: DebugString: PrimaryIsNotTheChoosenAdapter PrimaryIsNotTheChoosenAdapter PrimaryIsNotTheChoosenAdapter 
[2019.04.30-14.50.16:413][  0]LogD3D11RHI:     Adapter Name: NVIDIA GeForce GTX 1050 Ti
[2019.04.30-14.50.16:413][  0]LogD3D11RHI:   Driver Version: 388.73 (internal:23.21.13.8873, unified:388.73)
[2019.04.30-14.50.16:413][  0]LogD3D11RHI:      Driver Date: 12-18-2017
[2019.04.30-14.50.16:413][  0]LogRHI: Texture pool is 2820 MB (70% of 4029 MB)
[2019.04.30-14.50.16:447][  0]LogD3D11RHI: Async texture creation enabled
[2019.04.30-14.50.16:460][  0]LogD3D11RHI: GPU Timing Frequency: 1000.000000 (Debug: 2 1)
[2019.04.30-14.50.16:462][  0]LogShaderCompilers: Guid format shader working directory is -44 characters bigger than the processId version (../../../../../../Users/black/Documents/GitHub/cly_AssetPipeline/cly_iCWB_AP/firstProject/Intermediate/Shaders/WorkingDirectory/12472/).
[2019.04.30-14.50.16:462][  0]LogShaderCompilers: Cleaned the shader compiler working directory 'C:/Users/black/AppData/Local/Temp/UnrealShaderWorkingDir/2B7351294032C136965B14BE9094D897/'.
[2019.04.30-14.50.16:864][  0]LogTemp: Display: Loaded TP AllDesktopTargetPlatform
[2019.04.30-14.50.16:896][  0]LogTemp: Display: Loaded TP MacClientTargetPlatform
[2019.04.30-14.50.16:926][  0]LogTemp: Display: Loaded TP MacNoEditorTargetPlatform
[2019.04.30-14.50.16:958][  0]LogTemp: Display: Loaded TP MacServerTargetPlatform
[2019.04.30-14.50.16:978][  0]LogTemp: Display: Loaded TP MacTargetPlatform
[2019.04.30-14.50.17:000][  0]LogTemp: Display: Loaded TP WindowsClientTargetPlatform
[2019.04.30-14.50.17:020][  0]LogTemp: Display: Loaded TP WindowsNoEditorTargetPlatform
[2019.04.30-14.50.17:040][  0]LogTemp: Display: Loaded TP WindowsServerTargetPlatform
[2019.04.30-14.50.17:049][  0]LogTemp: Display: Loaded TP WindowsTargetPlatform
[2019.04.30-14.50.17:208][  0]LogTemp: Display: Loaded TP AndroidTargetPlatform
[2019.04.30-14.50.17:208][  0]LogTemp: Display: Loaded TP AndroidTargetPlatform
[2019.04.30-14.50.17:208][  0]LogTemp: Display: Loaded TP AndroidTargetPlatform
[2019.04.30-14.50.17:208][  0]LogTemp: Display: Loaded TP AndroidTargetPlatform
[2019.04.30-14.50.17:208][  0]LogTemp: Display: Loaded TP AndroidTargetPlatform
[2019.04.30-14.50.17:208][  0]LogTemp: Display: Loaded TP AndroidTargetPlatform
[2019.04.30-14.50.17:208][  0]LogTemp: Display: Loaded TP AndroidTargetPlatform
[2019.04.30-14.50.17:208][  0]LogTemp: Display: Loaded TP AndroidTargetPlatform
[2019.04.30-14.50.17:208][  0]LogTemp: Display: Loaded TP AndroidTargetPlatform
[2019.04.30-14.50.17:208][  0]LogTemp: Display: Loaded TP AndroidTargetPlatform
[2019.04.30-14.50.17:208][  0]LogTemp: Display: Loaded TP AndroidTargetPlatform
[2019.04.30-14.50.17:208][  0]LogTemp: Display: Loaded TP AndroidTargetPlatform
[2019.04.30-14.50.17:208][  0]LogTemp: Display: Loaded TP AndroidTargetPlatform
[2019.04.30-14.50.17:208][  0]LogTemp: Display: Loaded TP AndroidTargetPlatform
[2019.04.30-14.50.17:208][  0]LogTemp: Display: Loaded TP AndroidTargetPlatform
[2019.04.30-14.50.17:208][  0]LogTemp: Display: Loaded TP AndroidTargetPlatform
[2019.04.30-14.50.17:208][  0]LogTemp: Display: Loaded TP AndroidTargetPlatform
[2019.04.30-14.50.17:208][  0]LogTemp: Display: Loaded TP AndroidTargetPlatform
[2019.04.30-14.50.17:210][  0]LogTemp: Display: Loaded TP HTML5TargetPlatform
[2019.04.30-14.50.17:295][  0]LogTemp: Display: Loaded TP IOSTargetPlatform
[2019.04.30-14.50.17:295][  0]LogTemp: Display: Loaded TP IOSTargetPlatform
[2019.04.30-14.50.17:366][  0]LogTemp: Display: Loaded TP TVOSTargetPlatform
[2019.04.30-14.50.17:367][  0]LogTemp: Display: Loaded TP TVOSTargetPlatform
[2019.04.30-14.50.17:402][  0]LogTemp: Display: Loaded TP LinuxClientTargetPlatform
[2019.04.30-14.50.17:443][  0]LogTemp: Display: Loaded TP LinuxNoEditorTargetPlatform
[2019.04.30-14.50.17:480][  0]LogTemp: Display: Loaded TP LinuxServerTargetPlatform
[2019.04.30-14.50.17:519][  0]LogTemp: Display: Loaded TP LinuxTargetPlatform
[2019.04.30-14.50.17:539][  0]LogTemp: Display: Loaded TP LuminTargetPlatform
[2019.04.30-14.50.17:539][  0]LogTargetPlatformManager: Display: Building Assets For Windows
[2019.04.30-14.50.17:643][  0]LogXGEController: Cleaning working directory: C:/Users/black/AppData/Local/Temp/UnrealXGEWorkingDir/
[2019.04.30-14.50.17:644][  0]LogXGEController: Cannot use XGE Controller as Incredibuild is not installed on this machine.
[2019.04.30-14.50.17:644][  0]LogShaderCompilers: Cannot use XGE Shader Compiler as Incredibuild is not installed on this machine.
[2019.04.30-14.50.17:644][  0]LogShaderCompilers: Display: Using Local Shader Compiler.
[2019.04.30-14.50.18:892][  0]LogDerivedDataCache: Display: Max Cache Size: 512 MB
[2019.04.30-14.50.18:968][  0]LogDerivedDataCache: Loaded boot cache 0.07s 71MB C:/Users/black/AppData/Local/UnrealEngine/4.20/DerivedDataCache/Boot.ddc.
[2019.04.30-14.50.18:968][  0]LogDerivedDataCache: Display: Loaded Boot cache: C:/Users/black/AppData/Local/UnrealEngine/4.20/DerivedDataCache/Boot.ddc
[2019.04.30-14.50.18:968][  0]LogDerivedDataCache: FDerivedDataBackendGraph:  Pak pak cache file ../../../../../../Users/black/Documents/GitHub/cly_AssetPipeline/cly_iCWB_AP/firstProject/DerivedDataCache/DDC.ddp not found, will not use a pak cache.
[2019.04.30-14.50.18:968][  0]LogDerivedDataCache: Unable to find inner node Pak for hierarchical cache Hierarchy.
[2019.04.30-14.50.18:968][  0]LogDerivedDataCache: FDerivedDataBackendGraph:  CompressedPak pak cache file ../../../../../../Users/black/Documents/GitHub/cly_AssetPipeline/cly_iCWB_AP/firstProject/DerivedDataCache/Compressed.ddp not found, will not use a pak cache.
[2019.04.30-14.50.18:968][  0]LogDerivedDataCache: Unable to find inner node CompressedPak for hierarchical cache Hierarchy.
[2019.04.30-14.50.18:990][  0]LogDerivedDataCache: Display: Pak cache opened for reading ../../../Engine/DerivedDataCache/Compressed.ddp.
[2019.04.30-14.50.19:002][  0]LogDerivedDataCache: Using Local data cache path C:/Users/black/AppData/Local/UnrealEngine/Common/DerivedDataCache: Writable
[2019.04.30-14.50.19:002][  0]LogDerivedDataCache: Shared data cache path not found in *engine.ini, will not use an Shared cache.
[2019.04.30-14.50.19:002][  0]LogDerivedDataCache: Unable to find inner node Shared for hierarchical cache Hierarchy.
[2019.04.30-14.50.19:043][  0]LogMaterial: Verifying Global Shaders for PCD3D_SM5
[2019.04.30-14.50.19:046][  0]LogSlate: Using FreeType 2.6.0
[2019.04.30-14.50.19:048][  0]LogSlate: SlateFontServices - WITH_FREETYPE: 1, WITH_HARFBUZZ: 1
[2019.04.30-14.50.19:164][  0]LogAssetRegistry: FAssetRegistry took 0.0281 seconds to start up
[2019.04.30-14.50.19:642][  0]LogInit: Selected Device Profile: [Windows]
[2019.04.30-14.50.19:853][  0]LogSimplygon: Simplygon DLL not present - disabling.
[2019.04.30-14.50.19:862][  0]LogMeshReduction: Using SimplygonSwarm for distributed automatic mesh merging
[2019.04.30-14.50.19:862][  0]LogMeshReduction: Using ProxyLODMeshReduction for automatic mesh merging
[2019.04.30-14.50.19:862][  0]LogMeshReduction: Using QuadricMeshReduction for automatic static mesh reduction
[2019.04.30-14.50.19:862][  0]LogMeshReduction: No automatic skeletal mesh reduction module available
[2019.04.30-14.50.19:888][  0]LogNetVersion: cly_iCWB_AP 1.0.0, NetCL: 4212847, EngineNetVer: 5, GameNetVer: 0 (Checksum: 2002434292)
[2019.04.30-14.50.20:893][  0]LogPackageLocalizationCache: Processed 11 localized package path(s) for 2 prioritized culture(s) in 0.199850 seconds
[2019.04.30-14.50.20:904][  0]LogUObjectArray: 38425 objects as part of root set at end of initial load.
[2019.04.30-14.50.20:904][  0]LogUObjectAllocator: 6690872 out of 0 bytes used by permanent object pool.
[2019.04.30-14.50.20:904][  0]LogUObjectArray: CloseDisregardForGC: 0/0 objects in disregard for GC pool
[2019.04.30-14.50.22:501][  0]LogTcpMessaging: Initializing TcpMessaging bridge
[2019.04.30-14.50.22:517][  0]LogUdpMessaging: Initializing bridge on interface 0.0.0.0:0 to multicast group 230.0.0.1:6666.
[2019.04.30-14.50.22:780][  0]SourceControl: Source control is disabled
[2019.04.30-14.50.22:780][  0]SourceControl: Source control is disabled
[2019.04.30-14.50.22:783][  0]SourceControl: Source control is disabled
[2019.04.30-14.50.22:785][  0]SourceControl: Source control is disabled
[2019.04.30-14.50.23:045][  0]LogAndroidPermission: UAndroidPermissionCallbackProxy::GetInstance
[2019.04.30-14.50.23:106][  0]LogOcInput: OculusInput pre-init called
[2019.04.30-14.50.23:197][  0]LogEngine: Initializing Engine...
[2019.04.30-14.50.23:199][  0]LogHMD: Failed to initialize OpenVR with code 110
[2019.04.30-14.50.23:201][  0]LogStats: UGameplayTagsManager::ConstructGameplayTagTree: ImportINI prefixes -  0.000 s
[2019.04.30-14.50.23:201][  0]LogStats: UGameplayTagsManager::ConstructGameplayTagTree: Construct from data asset -  0.000 s
[2019.04.30-14.50.23:201][  0]LogStats: UGameplayTagsManager::ConstructGameplayTagTree: ImportINI -  0.000 s
[2019.04.30-14.50.23:201][  0]LogStats: UGameplayTagsManager::ConstructGameplayTagTree: GameplayTagTreeChangedEvent.Broadcast -  0.000 s
[2019.04.30-14.50.23:627][  0]LogInit: Initializing FReadOnlyCVARCache
[2019.04.30-14.50.23:647][  0]LogAIModule: Creating AISystem for world Untitled
[2019.04.30-14.50.23:654][  0]LogInit: XAudio2 using 'Speakers (Realtek High Definition Audio)' : 2 channels at 48 kHz using 32 bits per sample (channel mask 0x3)
[2019.04.30-14.50.23:829][  0]LogInit: FAudioDevice initialized.
[2019.04.30-14.50.23:830][  0]LogNetVersion: Set ProjectVersion to 1.0.0.0. Version Checksum will be recalculated on next use.
[2019.04.30-14.50.24:058][  0]LogDerivedDataCache: Saved boot cache 0.23s 71MB C:/Users/black/AppData/Local/UnrealEngine/4.20/DerivedDataCache/Boot.ddc.
[2019.04.30-14.50.24:108][  0]LogInit: Texture streaming: Enabled
[2019.04.30-14.50.24:139][  0]LogEngineSessionManager: EngineSessionManager initialized
[2019.04.30-14.50.24:139][  0]LogEngineSessionManager: EngineSessionManager sent abnormal shutdown report. Type=Crashed, SessionId={B9598AC5-49BE-A124-CDD7-079778F724E5}
[2019.04.30-14.50.24:171][  0]LogInit: Transaction tracking system initialized
[2019.04.30-14.50.24:232][  0]BlueprintLog: New page: Editor Load
[2019.04.30-14.50.24:371][  0]LocalizationService: Localization service is disabled
[2019.04.30-14.50.24:869][  0]LogCook: Display: Max memory allowance for cook 16384mb min free memory 0mb
[2019.04.30-14.50.24:869][  0]LogCook: Display: Mobile HDR setting 1
[2019.04.30-14.50.24:869][  0]LogGameplayTags: Display: UGameplayTagsManager::DoneAddingNativeTags. DelegateIsBound: 0
[2019.04.30-14.50.24:869][  0]LogStats: UGameplayTagsManager::ConstructGameplayTagTree: ImportINI prefixes -  0.000 s
[2019.04.30-14.50.24:869][  0]LogStats: UGameplayTagsManager::ConstructGameplayTagTree: Construct from data asset -  0.000 s
[2019.04.30-14.50.24:869][  0]LogStats: UGameplayTagsManager::ConstructGameplayTagTree: ImportINI -  0.000 s
[2019.04.30-14.50.24:869][  0]LogStats: UGameplayTagsManager::ConstructGameplayTagTree: GameplayTagTreeChangedEvent.Broadcast -  0.000 s
[2019.04.30-14.50.25:032][  0]LogFileCache: Scanning file cache for directory 'C:/Users/black/Documents/GitHub/cly_AssetPipeline/cly_iCWB_AP/firstProject/Content/' took 0.01s
[2019.04.30-14.50.25:032][  0]SourceControl: Source control is disabled
[2019.04.30-14.50.25:032][  0]Cmd: MAP LOAD FILE="../../../Engine/Content/Maps/Templates/Template_Default.umap" TEMPLATE=1 SHOWPROGRESS=1 FEATURELEVEL=3
[2019.04.30-14.50.25:032][  0]LightingResults: New page: Lighting Build
[2019.04.30-14.50.25:036][  0]MapCheck: New page: Map Check
[2019.04.30-14.50.25:036][  0]LightingResults: New page: Lighting Build
[2019.04.30-14.50.25:403][  0]LogAIModule: Creating AISystem for world Untitled_1
[2019.04.30-14.50.25:412][  0]LogEditorServer: Finished looking for orphan Actors (0.000 secs)
[2019.04.30-14.50.25:445][  0]Cmd: MAP CHECKDEP NOCLEARLOG
[2019.04.30-14.50.25:542][  0]MapCheck: Map check complete: 0 Error(s), 0 Warning(s), took 98.338ms to complete.
[2019.04.30-14.50.25:542][  0]LogFileHelpers: Loading map 'Template_Default' took 0.512
[2019.04.30-14.50.25:708][  0]LogSlate: Updating window title bar state: overlay mode, drag disabled, window buttons hidden, title bar hidden
[2019.04.30-14.50.25:718][  0]LogSlate: Updating window title bar state: overlay mode, drag disabled, window buttons hidden, title bar hidden
[2019.04.30-14.50.25:728][  0]LogSlate: Updating window title bar state: overlay mode, drag disabled, window buttons hidden, title bar hidden
[2019.04.30-14.50.25:738][  0]LogSlate: Updating window title bar state: overlay mode, drag disabled, window buttons hidden, title bar hidden
[2019.04.30-14.50.25:749][  0]LogCollectionManager: Loaded 0 collections in 0.003606 seconds
[2019.04.30-14.50.25:800][  0]LogFileCache: Scanning file cache for directory 'C:/Users/black/Documents/GitHub/cly_AssetPipeline/cly_iCWB_AP/firstProject/Saved/Collections/' took 0.01s
[2019.04.30-14.50.25:800][  0]LogFileCache: Scanning file cache for directory 'C:/Users/black/Documents/GitHub/cly_AssetPipeline/cly_iCWB_AP/firstProject/Content/Developers/black/Collections/' took 0.01s
[2019.04.30-14.50.25:800][  0]LogFileCache: Scanning file cache for directory 'C:/Users/black/Documents/GitHub/cly_AssetPipeline/cly_iCWB_AP/firstProject/Content/Collections/' took 0.01s
[2019.04.30-14.50.25:801][  0]LogCollectionManager: Rebuilt the GUID cache for 0 collections in 0.000000 seconds
[2019.04.30-14.50.25:825][  0]LogContentBrowser: Native class hierarchy populated in 0.0244 seconds. Added 2572 classes and 603 folders.
[2019.04.30-14.50.25:849][  0]LogContentBrowser: Native class hierarchy updated for 'WidgetCarousel' in 0.0006 seconds. Added 0 classes and 0 folders.
[2019.04.30-14.50.25:959][  0]LogContentBrowser: Native class hierarchy updated for 'AddContentDialog' in 0.0003 seconds. Added 0 classes and 0 folders.
[2019.04.30-14.50.25:966][  0]LogContentBrowser: Native class hierarchy updated for 'SceneOutliner' in 0.0003 seconds. Added 1 classes and 2 folders.
[2019.04.30-14.50.25:988][  0]LogSlate: Took 0.000407 seconds to synchronously load lazily loaded font '../../../Engine/Content/Slate/Fonts/Roboto-Regular.ttf' (155K)
[2019.04.30-14.50.25:995][  0]LogSlate: Took 0.000337 seconds to synchronously load lazily loaded font '../../../Engine/Content/Slate/Fonts/Roboto-Bold.ttf' (160K)
[2019.04.30-14.50.26:006][  0]LogSlate: Took 0.000414 seconds to synchronously load lazily loaded font '../../../Engine/Content/Editor/Slate/Fonts/FontAwesome.ttf' (139K)
[2019.04.30-14.50.26:144][  0]LogRenderer: Reallocating scene render targets to support 1188x360 Format 10 NumSamples 1 (Frame:1).
[2019.04.30-14.50.26:350][  0]LogContentBrowser: Native class hierarchy updated for 'HierarchicalLODOutliner' in 0.0006 seconds. Added 0 classes and 0 folders.
[2019.04.30-14.50.26:350][  0]LogLoad: (Engine Initialization) Total time: 14.22 seconds
[2019.04.30-14.50.26:350][  0]LogLoad: (Engine Initialization) Total Blueprint compile time: 0.00 seconds
[2019.04.30-14.50.26:364][  0]LogWindowsTextInputMethodSystem: Display: IME system now deactivated.
[2019.04.30-14.50.26:396][  0]LogContentStreaming: Texture pool size now 1000 MB
[2019.04.30-14.50.26:744][  2]LogAssetRegistry: Asset discovery search completed in 7.6023 seconds
[2019.04.30-14.50.26:747][  2]LogCollectionManager: Rebuilt the object cache for 0 collections in 0.000000 seconds (found 0 objects)
[2019.04.30-14.50.26:747][  2]LogCollectionManager: Fixed up redirectors for 0 collections in 0.000117 seconds (updated 0 objects)
[2019.04.30-14.50.27:481][ 24]LogSlate: Took 0.000691 seconds to synchronously load lazily loaded font '../../../Engine/Content/Slate/Fonts/Roboto-Light.ttf' (167K)
[2019.04.30-14.50.30:003][ 98]LogSlate: FSceneViewport::OnFocusLost() reason 0
[2019.04.30-14.50.30:476][112]LogSlate: Took 0.000930 seconds to synchronously load lazily loaded font '../../../Engine/Content/Slate/Fonts/Roboto-Light.ttf' (167K)
[2019.04.30-14.50.30:762][119]LogAssetEditorManager: Opening Asset editor for Material /Game/lambert2.lambert2
[2019.04.30-14.50.30:766][119]LogMaterial: Display: Missing cached shader map for material lambert2, compiling. 
[2019.04.30-14.50.31:251][119]LogMaterial: Display: Missing cached shader map for material lambert2, compiling. 
[2019.04.30-14.50.31:320][119]LogMaterial: Display: Missing cached shader map for material lambert2, compiling. 
[2019.04.30-14.50.31:416][119]LogShaderCompilers: Display: Shaders left to compile 59
[2019.04.30-14.50.31:416][119]LogShaderCompilers: Display: Shaders left to compile 58
[2019.04.30-14.50.31:416][119]LogShaderCompilers: Display: Shaders left to compile 57
[2019.04.30-14.50.31:417][119]LogShaderCompilers: Display: Shaders left to compile 56
[2019.04.30-14.50.31:448][119]LogMaterial: Display: Missing cached shader map for material FMatExpressionPreview MaterialExpressionTextureSample_0, compiling. 
[2019.04.30-14.50.31:567][119]LogSlate: Took 0.000698 seconds to synchronously load lazily loaded font '../../../Engine/Content/Slate/Fonts/Roboto-BoldCondensed.ttf' (158K)
[2019.04.30-14.50.32:410][132]LogShaderCompilers: Display: Shaders left to compile 57
[2019.04.30-14.50.32:472][133]LogShaderCompilers: Display: Shaders left to compile 56
[2019.04.30-14.50.32:499][134]LogShaderCompilers: Display: Shaders left to compile 55
[2019.04.30-14.50.32:564][135]LogShaderCompilers: Display: Shaders left to compile 54
[2019.04.30-14.50.32:723][137]LogShaderCompilers: Display: Shaders left to compile 53
[2019.04.30-14.50.32:779][138]LogShaderCompilers: Display: Shaders left to compile 52
[2019.04.30-14.50.32:793][138]LogShaderCompilers: Display: Shaders left to compile 51
[2019.04.30-14.50.32:805][138]LogShaderCompilers: Display: Shaders left to compile 50
[2019.04.30-14.50.33:006][141]LogShaderCompilers: Display: Shaders left to compile 49
[2019.04.30-14.50.33:230][145]LogShaderCompilers: Display: Shaders left to compile 48
[2019.04.30-14.50.33:431][148]LogShaderCompilers: Display: Shaders left to compile 47
[2019.04.30-14.50.33:469][148]LogShaderCompilers: Display: Shaders left to compile 46
[2019.04.30-14.50.33:587][150]LogShaderCompilers: Display: Shaders left to compile 45
[2019.04.30-14.50.33:783][153]LogShaderCompilers: Display: Shaders left to compile 44
[2019.04.30-14.50.33:810][153]LogShaderCompilers: Display: Shaders left to compile 43
[2019.04.30-14.50.34:106][158]LogShaderCompilers: Display: Shaders left to compile 42
[2019.04.30-14.50.34:161][159]LogShaderCompilers: Display: Shaders left to compile 41
[2019.04.30-14.50.34:251][160]LogShaderCompilers: Display: Shaders left to compile 40
[2019.04.30-14.50.34:340][161]LogShaderCompilers: Display: Shaders left to compile 39
[2019.04.30-14.50.34:517][164]LogShaderCompilers: Display: Shaders left to compile 38
[2019.04.30-14.50.34:654][166]LogShaderCompilers: Display: Shaders left to compile 37
[2019.04.30-14.50.34:702][167]LogShaderCompilers: Display: Shaders left to compile 36
[2019.04.30-14.50.34:727][167]LogShaderCompilers: Display: Shaders left to compile 35
[2019.04.30-14.50.34:867][169]LogShaderCompilers: Display: Shaders left to compile 34
[2019.04.30-14.50.34:960][171]LogShaderCompilers: Display: Shaders left to compile 33
[2019.04.30-14.50.35:028][172]LogShaderCompilers: Display: Shaders left to compile 32
[2019.04.30-14.50.35:049][172]LogShaderCompilers: Display: Shaders left to compile 31
[2019.04.30-14.50.35:163][174]LogShaderCompilers: Display: Shaders left to compile 30
[2019.04.30-14.50.35:443][178]LogShaderCompilers: Display: Shaders left to compile 29
[2019.04.30-14.50.35:569][180]LogShaderCompilers: Display: Shaders left to compile 28
[2019.04.30-14.50.35:646][181]LogShaderCompilers: Display: Shaders left to compile 27
[2019.04.30-14.50.35:728][182]LogShaderCompilers: Display: Shaders left to compile 26
[2019.04.30-14.50.35:979][186]LogShaderCompilers: Display: Shaders left to compile 25
[2019.04.30-14.50.36:036][187]LogShaderCompilers: Display: Shaders left to compile 24
[2019.04.30-14.50.36:260][190]LogShaderCompilers: Display: Shaders left to compile 23
[2019.04.30-14.50.36:372][191]LogShaderCompilers: Display: Shaders left to compile 22
[2019.04.30-14.50.36:430][192]LogShaderCompilers: Display: Shaders left to compile 21
[2019.04.30-14.50.36:570][195]LogShaderCompilers: Display: Shaders left to compile 20
[2019.04.30-14.50.36:761][198]LogShaderCompilers: Display: Shaders left to compile 19
[2019.04.30-14.50.36:791][198]LogShaderCompilers: Display: Shaders left to compile 18
[2019.04.30-14.50.36:837][199]LogShaderCompilers: Display: Shaders left to compile 17
[2019.04.30-14.50.36:907][200]LogShaderCompilers: Display: Shaders left to compile 16
[2019.04.30-14.50.37:071][202]LogShaderCompilers: Display: Shaders left to compile 15
[2019.04.30-14.50.37:095][203]LogShaderCompilers: Display: Shaders left to compile 14
[2019.04.30-14.50.37:126][203]LogShaderCompilers: Display: Shaders left to compile 13
[2019.04.30-14.50.37:191][204]LogShaderCompilers: Display: Shaders left to compile 12
[2019.04.30-14.50.37:338][206]LogShaderCompilers: Display: Shaders left to compile 11
[2019.04.30-14.50.37:569][210]LogShaderCompilers: Display: Shaders left to compile 10
[2019.04.30-14.50.37:693][212]LogShaderCompilers: Display: Shaders left to compile 9
[2019.04.30-14.50.37:737][212]LogShaderCompilers: Display: Shaders left to compile 8
[2019.04.30-14.50.37:896][215]LogShaderCompilers: Display: Shaders left to compile 7
[2019.04.30-14.50.38:049][217]LogShaderCompilers: Display: Shaders left to compile 6
[2019.04.30-14.50.38:164][219]LogShaderCompilers: Display: Shaders left to compile 5
[2019.04.30-14.50.38:362][222]LogShaderCompilers: Display: Shaders left to compile 4
[2019.04.30-14.50.38:426][223]LogShaderCompilers: Display: Shaders left to compile 3
[2019.04.30-14.50.38:535][224]LogShaderCompilers: Display: Shaders left to compile 2
[2019.04.30-14.50.38:672][226]LogShaderCompilers: Display: Shaders left to compile 1
[2019.04.30-14.50.39:011][231]MaterialEditorStats: Base pass shader: 102 instructions
[2019.04.30-14.50.39:011][231]MaterialEditorStats: Base pass shader with Volumetric Lightmap: 175 instructions
[2019.04.30-14.50.39:011][231]MaterialEditorStats: Base pass vertex shader: 36 instructions
[2019.04.30-14.50.39:011][231]MaterialEditorStats: Base pass vertex shader: 88 instructions
[2019.04.30-14.50.39:011][231]MaterialEditorStats: Texture samplers: 4/16
[2019.04.30-14.50.39:011][231]MaterialEditorStats: Texture Lookups (Est.): VS(0), PS(1)
[2019.04.30-14.50.39:011][231]MaterialEditorStats: User interpolators: 2/4 Scalars (1/4 Vectors) (TexCoords: 2, Custom: 0)
[2019.04.30-14.50.53:039][430]LogSlate: Window 'lambert2' being destroyed
[2019.04.30-14.51.05:837][719]LogSlate: FSceneViewport::OnFocusLost() reason 0
[2019.04.30-14.51.06:085][721]LogAssetEditorManager: Opening Asset editor for MaterialInstanceConstant /Game/CY_MI_WoodMaster_.CY_MI_WoodMaster_
[2019.04.30-14.51.06:511][721]LogRenderer: Reallocating scene render targets to support 1188x708 Format 10 NumSamples 1 (Frame:1).
[2019.04.30-14.51.13:967][107]LogAssetEditorManager: Opening Asset editor for Material /Game/lambert2.lambert2
[2019.04.30-14.51.13:972][107]LogMaterial: Display: Missing cached shader map for material PreviewMaterial_0, compiling. 
[2019.04.30-14.51.14:315][107]LogMaterial: Display: Missing cached shader map for material PreviewMaterial_0, compiling. 
[2019.04.30-14.51.14:366][107]LogMaterial: Display: Missing cached shader map for material PreviewMaterial_0, compiling. 
[2019.04.30-14.51.14:458][107]LogShaderCompilers: Display: Shaders left to compile 59
[2019.04.30-14.51.14:458][107]LogShaderCompilers: Display: Shaders left to compile 58
[2019.04.30-14.51.14:458][107]LogShaderCompilers: Display: Shaders left to compile 57
[2019.04.30-14.51.14:458][107]LogShaderCompilers: Display: Shaders left to compile 56
[2019.04.30-14.51.14:494][107]LogMaterial: Display: Missing cached shader map for material FMatExpressionPreview MaterialExpressionTextureSample_0, compiling. 
[2019.04.30-14.51.15:437][120]LogShaderCompilers: Display: Shaders left to compile 57
[2019.04.30-14.51.15:514][121]LogShaderCompilers: Display: Shaders left to compile 56
[2019.04.30-14.51.15:529][121]LogShaderCompilers: Display: Shaders left to compile 55
[2019.04.30-14.51.15:529][121]LogShaderCompilers: Display: Shaders left to compile 54
[2019.04.30-14.51.15:756][125]LogShaderCompilers: Display: Shaders left to compile 53
[2019.04.30-14.51.15:818][126]LogShaderCompilers: Display: Shaders left to compile 52
[2019.04.30-14.51.15:842][126]LogShaderCompilers: Display: Shaders left to compile 51
[2019.04.30-14.51.15:883][127]LogShaderCompilers: Display: Shaders left to compile 50
[2019.04.30-14.51.16:050][129]LogShaderCompilers: Display: Shaders left to compile 49
[2019.04.30-14.51.16:280][131]LogShaderCompilers: Display: Shaders left to compile 48
[2019.04.30-14.51.16:458][133]LogShaderCompilers: Display: Shaders left to compile 47
[2019.04.30-14.51.16:497][133]LogShaderCompilers: Display: Shaders left to compile 46
[2019.04.30-14.51.16:619][134]LogShaderCompilers: Display: Shaders left to compile 45
[2019.04.30-14.51.16:813][136]LogShaderCompilers: Display: Shaders left to compile 44
[2019.04.30-14.51.16:831][136]LogSlate: Window 'lambert2' being destroyed
[2019.04.30-14.51.16:859][136]LogShaderCompilers: Display: Shaders left to compile 43
[2019.04.30-14.51.17:134][138]LogShaderCompilers: Display: Shaders left to compile 40
[2019.04.30-14.51.17:224][142]LogShaderCompilers: Display: Shaders left to compile 39
[2019.04.30-14.51.17:306][145]LogShaderCompilers: Display: Shaders left to compile 38
[2019.04.30-14.51.17:421][148]LogShaderCompilers: Display: Shaders left to compile 37
[2019.04.30-14.51.17:612][154]LogShaderCompilers: Display: Shaders left to compile 36
[2019.04.30-14.51.17:683][156]LogShaderCompilers: Display: Shaders left to compile 35
[2019.04.30-14.51.17:755][158]LogShaderCompilers: Display: Shaders left to compile 34
[2019.04.30-14.51.17:783][159]LogShaderCompilers: Display: Shaders left to compile 33
[2019.04.30-14.51.17:952][164]LogShaderCompilers: Display: Shaders left to compile 32
[2019.04.30-14.51.17:993][165]LogShaderCompilers: Display: Shaders left to compile 31
[2019.04.30-14.51.18:077][167]LogShaderCompilers: Display: Shaders left to compile 30
[2019.04.30-14.51.18:116][167]LogShaderCompilers: Display: Shaders left to compile 29
[2019.04.30-14.51.18:259][169]LogShaderCompilers: Display: Shaders left to compile 28
[2019.04.30-14.51.18:519][173]LogShaderCompilers: Display: Shaders left to compile 27
[2019.04.30-14.51.18:571][173]LogShaderCompilers: Display: Shaders left to compile 26
[2019.04.30-14.51.18:603][173]LogAssetEditorManager: Opening Asset editor for Material /Game/M_WoodMaster.M_WoodMaster
[2019.04.30-14.51.18:611][173]LogMaterial: Display: Missing cached shader map for material M_WoodMaster, compiling. 
[2019.04.30-14.51.18:689][173]LogShaderCompilers: Display: Shaders left to compile 25
[2019.04.30-14.51.18:853][173]LogShaderCompilers: Display: Shaders left to compile 24
[2019.04.30-14.51.18:936][173]LogMaterial: Display: Missing cached shader map for material M_WoodMaster, compiling. 
[2019.04.30-14.51.18:966][173]LogMaterial: Display: Missing cached shader map for material M_WoodMaster, compiling. 
[2019.04.30-14.51.18:997][173]LogShaderCompilers: Display: Shaders left to compile 23
[2019.04.30-14.51.19:037][173]LogMaterial: Display: Missing cached shader map for material FMatExpressionPreview MaterialExpressionTextureSampleParameter2D_1, compiling. 
[2019.04.30-14.51.19:047][173]LogMaterial: Display: Missing cached shader map for material FMatExpressionPreview MaterialExpressionTextureSampleParameter2D_0, compiling. 
[2019.04.30-14.51.19:056][173]LogMaterial: Display: Missing cached shader map for material FMatExpressionPreview MaterialExpressionTextureCoordinate_0, compiling. 
[2019.04.30-14.51.19:067][173]LogMaterial: Display: Missing cached shader map for material FMatExpressionPreview MaterialExpressionVectorParameter_0, compiling. 
[2019.04.30-14.51.19:077][173]LogMaterial: Display: Missing cached shader map for material FMatExpressionPreview MaterialExpressionTextureSampleParameter2D_2, compiling. 
[2019.04.30-14.51.19:168][173]LogShaderCompilers: Display: Shaders left to compile 53
[2019.04.30-14.51.19:313][174]LogSlate: Took 0.000511 seconds to synchronously load lazily loaded font '../../../Engine/Content/Slate/Fonts/Roboto-Italic.ttf' (157K)
[2019.04.30-14.51.19:356][175]LogShaderCompilers: Display: Shaders left to compile 52
[2019.04.30-14.51.19:399][177]LogShaderCompilers: Display: Shaders left to compile 51
[2019.04.30-14.51.19:537][180]LogShaderCompilers: Display: Shaders left to compile 50
[2019.04.30-14.51.19:693][182]LogShaderCompilers: Display: Shaders left to compile 49
[2019.04.30-14.51.19:807][184]LogShaderCompilers: Display: Shaders left to compile 48
[2019.04.30-14.51.19:898][185]LogShaderCompilers: Display: Shaders left to compile 47
[2019.04.30-14.51.19:960][185]LogShaderCompilers: Display: Shaders left to compile 46
[2019.04.30-14.51.20:052][186]LogShaderCompilers: Display: Shaders left to compile 45
[2019.04.30-14.51.20:126][186]LogShaderCompilers: Display: Shaders left to compile 44
[2019.04.30-14.51.20:179][186]LogShaderCompilers: Display: Shaders left to compile 43
[2019.04.30-14.51.20:217][186]LogShaderCompilers: Display: Shaders left to compile 42
[2019.04.30-14.51.20:337][187]LogShaderCompilers: Display: Shaders left to compile 41
[2019.04.30-14.51.20:389][189]LogShaderCompilers: Display: Shaders left to compile 40
[2019.04.30-14.51.20:699][195]LogShaderCompilers: Display: Shaders left to compile 39
[2019.04.30-14.51.20:770][196]LogShaderCompilers: Display: Shaders left to compile 38
[2019.04.30-14.51.20:858][198]LogShaderCompilers: Display: Shaders left to compile 37
[2019.04.30-14.51.20:987][200]LogShaderCompilers: Display: Shaders left to compile 36
[2019.04.30-14.51.21:148][202]LogShaderCompilers: Display: Shaders left to compile 35
[2019.04.30-14.51.21:289][204]LogShaderCompilers: Display: Shaders left to compile 34
[2019.04.30-14.51.21:469][207]LogShaderCompilers: Display: Shaders left to compile 33
[2019.04.30-14.51.21:530][208]LogShaderCompilers: Display: Shaders left to compile 32
[2019.04.30-14.51.21:662][210]LogShaderCompilers: Display: Shaders left to compile 31
[2019.04.30-14.51.21:816][212]LogShaderCompilers: Display: Shaders left to compile 30
[2019.04.30-14.51.21:886][213]LogShaderCompilers: Display: Shaders left to compile 29
[2019.04.30-14.51.22:017][215]LogShaderCompilers: Display: Shaders left to compile 28
[2019.04.30-14.51.22:051][216]LogShaderCompilers: Display: Shaders left to compile 27
[2019.04.30-14.51.22:182][218]LogShaderCompilers: Display: Shaders left to compile 26
[2019.04.30-14.51.22:227][218]LogShaderCompilers: Display: Shaders left to compile 25
[2019.04.30-14.51.22:311][218]LogShaderCompilers: Display: Shaders left to compile 24
[2019.04.30-14.51.22:327][218]LogShaderCompilers: Display: Shaders left to compile 23
[2019.04.30-14.51.22:446][222]LogShaderCompilers: Display: Shaders left to compile 22
[2019.04.30-14.51.22:486][222]LogShaderCompilers: Display: Shaders left to compile 21
[2019.04.30-14.51.22:540][223]LogShaderCompilers: Display: Shaders left to compile 20
[2019.04.30-14.51.22:591][223]LogShaderCompilers: Display: Shaders left to compile 19
[2019.04.30-14.51.22:926][228]LogShaderCompilers: Display: Shaders left to compile 18
[2019.04.30-14.51.23:050][230]LogShaderCompilers: Display: Shaders left to compile 17
[2019.04.30-14.51.23:129][231]LogShaderCompilers: Display: Shaders left to compile 16
[2019.04.30-14.51.23:220][232]LogShaderCompilers: Display: Shaders left to compile 15
[2019.04.30-14.51.23:428][236]LogShaderCompilers: Display: Shaders left to compile 14
[2019.04.30-14.51.23:570][240]LogShaderCompilers: Display: Shaders left to compile 13
[2019.04.30-14.51.23:838][248]LogShaderCompilers: Display: Shaders left to compile 12
[2019.04.30-14.51.23:838][248]LogShaderCompilers: Display: Shaders left to compile 11
[2019.04.30-14.51.23:967][252]LogShaderCompilers: Display: Shaders left to compile 10
[2019.04.30-14.51.24:164][258]LogShaderCompilers: Display: Shaders left to compile 9
[2019.04.30-14.51.24:282][262]LogShaderCompilers: Display: Shaders left to compile 8
[2019.04.30-14.51.24:482][268]LogShaderCompilers: Display: Shaders left to compile 7
[2019.04.30-14.51.24:497][268]LogShaderCompilers: Display: Shaders left to compile 6
[2019.04.30-14.51.24:531][269]MaterialEditorStats: Base pass shader: 117 instructions
[2019.04.30-14.51.24:531][269]MaterialEditorStats: Base pass shader with Volumetric Lightmap: 191 instructions
[2019.04.30-14.51.24:531][269]MaterialEditorStats: Base pass vertex shader: 36 instructions
[2019.04.30-14.51.24:531][269]MaterialEditorStats: Texture samplers: 6/16
[2019.04.30-14.51.24:531][269]MaterialEditorStats: Texture Lookups (Est.): VS(0), PS(3)
[2019.04.30-14.51.24:531][269]MaterialEditorStats: User interpolators: 2/4 Scalars (1/4 Vectors) (TexCoords: 2, Custom: 0)
[2019.04.30-14.51.24:549][270]LogShaderCompilers: Display: Shaders left to compile 5
[2019.04.30-14.51.24:784][277]LogShaderCompilers: Display: Shaders left to compile 4
[2019.04.30-14.51.24:918][281]LogShaderCompilers: Display: Shaders left to compile 3
[2019.04.30-14.51.24:950][282]LogShaderCompilers: Display: Shaders left to compile 2
[2019.04.30-14.51.25:046][285]LogShaderCompilers: Display: Shaders left to compile 1
[2019.04.30-14.51.33:107][480]LogSlate: Window 'M_WoodMaster' being destroyed
[2019.04.30-14.51.35:542][525]LogAssetEditorManager: Opening Asset editor for Material /Game/lambert3.lambert3
[2019.04.30-14.51.35:546][525]LogMaterial: Display: Missing cached shader map for material lambert3, compiling. 
[2019.04.30-14.51.35:877][525]LogMaterial: Display: Missing cached shader map for material lambert3, compiling. 
[2019.04.30-14.51.35:927][525]LogMaterial: Display: Missing cached shader map for material lambert3, compiling. 
[2019.04.30-14.51.36:006][525]LogShaderCompilers: Display: Shaders left to compile 59
[2019.04.30-14.51.36:006][525]LogShaderCompilers: Display: Shaders left to compile 58
[2019.04.30-14.51.36:006][525]LogShaderCompilers: Display: Shaders left to compile 57
[2019.04.30-14.51.36:006][525]LogShaderCompilers: Display: Shaders left to compile 56
[2019.04.30-14.51.36:036][525]LogMaterial: Display: Missing cached shader map for material FMatExpressionPreview MaterialExpressionTextureSample_0, compiling. 
[2019.04.30-14.51.36:416][530]LogShaderCompilers: Display: Shaders left to compile 57
[2019.04.30-14.51.36:456][531]LogShaderCompilers: Display: Shaders left to compile 56
[2019.04.30-14.51.36:470][531]LogShaderCompilers: Display: Shaders left to compile 55
[2019.04.30-14.51.36:483][531]LogShaderCompilers: Display: Shaders left to compile 54
[2019.04.30-14.51.36:690][534]LogShaderCompilers: Display: Shaders left to compile 53
[2019.04.30-14.51.36:707][535]LogShaderCompilers: Display: Shaders left to compile 52
[2019.04.30-14.51.36:744][535]LogShaderCompilers: Display: Shaders left to compile 51
[2019.04.30-14.51.36:757][535]LogShaderCompilers: Display: Shaders left to compile 50
[2019.04.30-14.51.36:948][538]LogShaderCompilers: Display: Shaders left to compile 49
[2019.04.30-14.51.37:141][541]LogShaderCompilers: Display: Shaders left to compile 48
[2019.04.30-14.51.37:297][543]LogShaderCompilers: Display: Shaders left to compile 47
[2019.04.30-14.51.37:341][543]LogShaderCompilers: Display: Shaders left to compile 46
[2019.04.30-14.51.37:496][545]LogShaderCompilers: Display: Shaders left to compile 45
[2019.04.30-14.51.37:644][545]LogShaderCompilers: Display: Shaders left to compile 44
[2019.04.30-14.51.37:719][548]LogShaderCompilers: Display: Shaders left to compile 43
[2019.04.30-14.51.37:947][551]LogShaderCompilers: Display: Shaders left to compile 42
[2019.04.30-14.51.38:029][552]LogShaderCompilers: Display: Shaders left to compile 41
[2019.04.30-14.51.38:133][553]LogShaderCompilers: Display: Shaders left to compile 40
[2019.04.30-14.51.38:238][554]LogShaderCompilers: Display: Shaders left to compile 39
[2019.04.30-14.51.38:406][556]LogShaderCompilers: Display: Shaders left to compile 38
[2019.04.30-14.51.38:469][556]LogShaderCompilers: Display: Shaders left to compile 37
[2019.04.30-14.51.38:486][556]LogShaderCompilers: Display: Shaders left to compile 36
[2019.04.30-14.51.38:550][557]LogShaderCompilers: Display: Shaders left to compile 35
[2019.04.30-14.51.38:724][559]LogShaderCompilers: Display: Shaders left to compile 34
[2019.04.30-14.51.38:770][559]LogShaderCompilers: Display: Shaders left to compile 33
[2019.04.30-14.51.38:784][559]LogShaderCompilers: Display: Shaders left to compile 32
[2019.04.30-14.51.38:841][560]LogShaderCompilers: Display: Shaders left to compile 31
[2019.04.30-14.51.39:012][562]LogShaderCompilers: Display: Shaders left to compile 30
[2019.04.30-14.51.39:247][564]LogShaderCompilers: Display: Shaders left to compile 29
[2019.04.30-14.51.39:348][565]LogShaderCompilers: Display: Shaders left to compile 28
[2019.04.30-14.51.39:380][565]LogShaderCompilers: Display: Shaders left to compile 27
[2019.04.30-14.51.39:545][567]LogShaderCompilers: Display: Shaders left to compile 26
[2019.04.30-14.51.39:730][569]LogShaderCompilers: Display: Shaders left to compile 25
[2019.04.30-14.51.39:824][570]LogShaderCompilers: Display: Shaders left to compile 24
[2019.04.30-14.51.39:958][571]LogShaderCompilers: Display: Shaders left to compile 23
[2019.04.30-14.51.40:111][573]LogShaderCompilers: Display: Shaders left to compile 22
[2019.04.30-14.51.40:163][573]LogShaderCompilers: Display: Shaders left to compile 21
[2019.04.30-14.51.40:340][575]LogShaderCompilers: Display: Shaders left to compile 20
[2019.04.30-14.51.40:478][576]LogShaderCompilers: Display: Shaders left to compile 19
[2019.04.30-14.51.40:503][577]LogShaderCompilers: Display: Shaders left to compile 18
[2019.04.30-14.51.40:503][577]LogShaderCompilers: Display: Shaders left to compile 17
[2019.04.30-14.51.40:648][578]LogShaderCompilers: Display: Shaders left to compile 16
[2019.04.30-14.51.40:783][580]LogShaderCompilers: Display: Shaders left to compile 15
[2019.04.30-14.51.40:796][580]LogShaderCompilers: Display: Shaders left to compile 14
[2019.04.30-14.51.40:818][580]LogShaderCompilers: Display: Shaders left to compile 13
[2019.04.30-14.51.40:920][582]LogShaderCompilers: Display: Shaders left to compile 12
[2019.04.30-14.51.41:057][584]LogShaderCompilers: Display: Shaders left to compile 11
[2019.04.30-14.51.41:311][588]LogShaderCompilers: Display: Shaders left to compile 10
[2019.04.30-14.51.41:375][589]LogShaderCompilers: Display: Shaders left to compile 9
[2019.04.30-14.51.41:425][589]LogShaderCompilers: Display: Shaders left to compile 8
[2019.04.30-14.51.41:645][593]LogShaderCompilers: Display: Shaders left to compile 7
[2019.04.30-14.51.41:799][595]LogShaderCompilers: Display: Shaders left to compile 6
[2019.04.30-14.51.41:955][597]LogShaderCompilers: Display: Shaders left to compile 5
[2019.04.30-14.51.42:113][600]LogShaderCompilers: Display: Shaders left to compile 4
[2019.04.30-14.51.42:196][601]LogShaderCompilers: Display: Shaders left to compile 3
[2019.04.30-14.51.42:356][603]LogShaderCompilers: Display: Shaders left to compile 2
[2019.04.30-14.51.42:531][606]LogShaderCompilers: Display: Shaders left to compile 1
[2019.04.30-14.51.42:795][609]MaterialEditorStats: Base pass shader: 102 instructions
[2019.04.30-14.51.42:795][609]MaterialEditorStats: Base pass shader with Volumetric Lightmap: 175 instructions
[2019.04.30-14.51.42:795][609]MaterialEditorStats: Base pass vertex shader: 36 instructions
[2019.04.30-14.51.42:795][609]MaterialEditorStats: Base pass vertex shader: 88 instructions
[2019.04.30-14.51.42:795][609]MaterialEditorStats: Texture samplers: 4/16
[2019.04.30-14.51.42:795][609]MaterialEditorStats: Texture Lookups (Est.): VS(0), PS(1)
[2019.04.30-14.51.42:795][609]MaterialEditorStats: User interpolators: 2/4 Scalars (1/4 Vectors) (TexCoords: 2, Custom: 0)
[2019.04.30-14.51.50:199][774]LogUObjectHash: Warning: Ambiguous search, could be MaterialGraphNode /Engine/Transient.M_WoodMaster:MaterialGraph_0.MaterialGraphNode_17 or MaterialGraphNode /Engine/Transient.lambert3:MaterialGraph_0.MaterialGraphNode_17
[2019.04.30-14.51.50:200][774]LogProperty: Warning: ObjectProperty /Script/Engine.ExpressionInput:Expression: unresolved reference to 'MaterialExpressionTextureSampleParameter2D'"MaterialGraphNode_17.MaterialExpressionTextureSampleParameter2D_2"',Mask=1,MaskR=1,MaskG=1,MaskB=1)'
[2019.04.30-14.51.50:200][774]LogUObjectHash: Warning: Ambiguous search, could be MaterialGraphNode /Engine/Transient.M_WoodMaster:MaterialGraph_0.MaterialGraphNode_16 or MaterialGraphNode /Engine/Transient.lambert3:MaterialGraph_0.MaterialGraphNode_16
[2019.04.30-14.51.50:200][774]LogProperty: Warning: ObjectProperty /Script/Engine.ExpressionInput:Expression: unresolved reference to 'MaterialExpressionMultiply'"MaterialGraphNode_16.MaterialExpressionMultiply_1"')'
[2019.04.30-14.51.50:204][774]LogUObjectHash: Warning: Ambiguous search, could be MaterialGraphNode /Engine/Transient.M_WoodMaster:MaterialGraph_0.MaterialGraphNode_14 or MaterialGraphNode /Engine/Transient.lambert3:MaterialGraph_0.MaterialGraphNode_14
[2019.04.30-14.51.50:204][774]LogProperty: Warning: ObjectProperty /Script/Engine.ExpressionInput:Expression: unresolved reference to 'MaterialExpressionAdd'"MaterialGraphNode_14.MaterialExpressionAdd_0"')'
[2019.04.30-14.51.50:206][774]LogUObjectHash: Warning: Ambiguous search, could be MaterialGraphNode /Engine/Transient.M_WoodMaster:MaterialGraph_0.MaterialGraphNode_14 or MaterialGraphNode /Engine/Transient.lambert3:MaterialGraph_0.MaterialGraphNode_14
[2019.04.30-14.51.50:206][774]LogProperty: Warning: ObjectProperty /Script/Engine.ExpressionInput:Expression: unresolved reference to 'MaterialExpressionAdd'"MaterialGraphNode_14.MaterialExpressionAdd_0"')'
[2019.04.30-14.51.50:210][774]LogUObjectHash: Warning: Ambiguous search, could be MaterialGraphNode /Engine/Transient.M_WoodMaster:MaterialGraph_0.MaterialGraphNode_7 or MaterialGraphNode /Engine/Transient.lambert3:MaterialGraph_0.MaterialGraphNode_7
[2019.04.30-14.51.50:211][774]LogProperty: Warning: ObjectProperty /Script/Engine.ExpressionInput:Expression: unresolved reference to 'MaterialExpressionScalarParameter'"MaterialGraphNode_7.MaterialExpressionScalarParameter_0"')'
[2019.04.30-14.51.50:211][774]LogUObjectHash: Warning: Ambiguous search, could be MaterialGraphNode /Engine/Transient.M_WoodMaster:MaterialGraph_0.MaterialGraphNode_8 or MaterialGraphNode /Engine/Transient.lambert3:MaterialGraph_0.MaterialGraphNode_8
[2019.04.30-14.51.50:211][774]LogProperty: Warning: ObjectProperty /Script/Engine.ExpressionInput:Expression: unresolved reference to 'MaterialExpressionScalarParameter'"MaterialGraphNode_8.MaterialExpressionScalarParameter_1"')'
[2019.04.30-14.51.50:212][774]LogUObjectHash: Warning: Ambiguous search, could be MaterialGraphNode /Engine/Transient.M_WoodMaster:MaterialGraph_0.MaterialGraphNode_6 or MaterialGraphNode /Engine/Transient.lambert3:MaterialGraph_0.MaterialGraphNode_6
[2019.04.30-14.51.50:212][774]LogProperty: Warning: ObjectProperty /Script/Engine.ExpressionInput:Expression: unresolved reference to 'MaterialExpressionTextureCoordinate'"MaterialGraphNode_6.MaterialExpressionTextureCoordinate_0"')'
[2019.04.30-14.51.50:213][774]LogUObjectHash: Warning: Ambiguous search, could be MaterialGraphNode /Engine/Transient.M_WoodMaster:MaterialGraph_0.MaterialGraphNode_11 or MaterialGraphNode /Engine/Transient.lambert3:MaterialGraph_0.MaterialGraphNode_11
[2019.04.30-14.51.50:213][774]LogProperty: Warning: ObjectProperty /Script/Engine.ExpressionInput:Expression: unresolved reference to 'MaterialExpressionAppendVector'"MaterialGraphNode_11.MaterialExpressionAppendVector_0"')'
[2019.04.30-14.51.50:214][774]LogUObjectHash: Warning: Ambiguous search, could be MaterialGraphNode /Engine/Transient.M_WoodMaster:MaterialGraph_0.MaterialGraphNode_10 or MaterialGraphNode /Engine/Transient.lambert3:MaterialGraph_0.MaterialGraphNode_10
[2019.04.30-14.51.50:214][774]LogProperty: Warning: ObjectProperty /Script/Engine.ExpressionInput:Expression: unresolved reference to 'MaterialExpressionScalarParameter'"MaterialGraphNode_10.MaterialExpressionScalarParameter_3"')'
[2019.04.30-14.51.50:214][774]LogUObjectHash: Warning: Ambiguous search, could be MaterialGraphNode /Engine/Transient.M_WoodMaster:MaterialGraph_0.MaterialGraphNode_9 or MaterialGraphNode /Engine/Transient.lambert3:MaterialGraph_0.MaterialGraphNode_9
[2019.04.30-14.51.50:215][774]LogProperty: Warning: ObjectProperty /Script/Engine.ExpressionInput:Expression: unresolved reference to 'MaterialExpressionScalarParameter'"MaterialGraphNode_9.MaterialExpressionScalarParameter_2"')'
[2019.04.30-14.51.50:216][774]LogUObjectHash: Warning: Ambiguous search, could be MaterialGraphNode /Engine/Transient.M_WoodMaster:MaterialGraph_0.MaterialGraphNode_12 or MaterialGraphNode /Engine/Transient.lambert3:MaterialGraph_0.MaterialGraphNode_12
[2019.04.30-14.51.50:216][774]LogProperty: Warning: ObjectProperty /Script/Engine.ExpressionInput:Expression: unresolved reference to 'MaterialExpressionMultiply'"MaterialGraphNode_12.MaterialExpressionMultiply_0"')'
[2019.04.30-14.51.50:216][774]LogUObjectHash: Warning: Ambiguous search, could be MaterialGraphNode /Engine/Transient.M_WoodMaster:MaterialGraph_0.MaterialGraphNode_13 or MaterialGraphNode /Engine/Transient.lambert3:MaterialGraph_0.MaterialGraphNode_13
[2019.04.30-14.51.50:216][774]LogProperty: Warning: ObjectProperty /Script/Engine.ExpressionInput:Expression: unresolved reference to 'MaterialExpressionAppendVector'"MaterialGraphNode_13.MaterialExpressionAppendVector_1"')'
[2019.04.30-14.51.50:219][774]LogUObjectHash: Warning: Ambiguous search, could be MaterialGraphNode /Engine/Transient.M_WoodMaster:MaterialGraph_0.MaterialGraphNode_15 or MaterialGraphNode /Engine/Transient.lambert3:MaterialGraph_0.MaterialGraphNode_15
[2019.04.30-14.51.50:219][774]LogProperty: Warning: ObjectProperty /Script/Engine.ExpressionInput:Expression: unresolved reference to 'MaterialExpressionVectorParameter'"MaterialGraphNode_15.MaterialExpressionVectorParameter_0"',Mask=1,MaskR=1,MaskG=1,MaskB=1)'
[2019.04.30-14.51.50:220][774]LogUObjectHash: Warning: Ambiguous search, could be MaterialGraphNode /Engine/Transient.M_WoodMaster:MaterialGraph_0.MaterialGraphNode_5 or MaterialGraphNode /Engine/Transient.lambert3:MaterialGraph_0.MaterialGraphNode_5
[2019.04.30-14.51.50:220][774]LogProperty: Warning: ObjectProperty /Script/Engine.ExpressionInput:Expression: unresolved reference to 'MaterialExpressionTextureSampleParameter2D'"MaterialGraphNode_5.MaterialExpressionTextureSampleParameter2D_0"',Mask=1,MaskR=1,MaskG=1,MaskB=1)'
[2019.04.30-14.51.50:282][774]LogMaterial: Display: Missing cached shader map for material lambert3, compiling. 
[2019.04.30-14.51.50:413][774]LogShaderCompilers: Display: Shaders left to compile 59
[2019.04.30-14.51.50:414][774]LogShaderCompilers: Display: Shaders left to compile 58
[2019.04.30-14.51.50:414][774]LogShaderCompilers: Display: Shaders left to compile 57
[2019.04.30-14.51.50:414][774]LogShaderCompilers: Display: Shaders left to compile 56
[2019.04.30-14.51.50:414][774]LogMaterial: Display: Missing cached shader map for material FMatExpressionPreview MaterialExpressionTextureSampleParameter2D_1, compiling. 
[2019.04.30-14.51.50:432][774]LogMaterial: Display: Missing cached shader map for material FMatExpressionPreview MaterialExpressionTextureSampleParameter2D_0, compiling. 
[2019.04.30-14.51.50:451][774]LogMaterial: Display: Missing cached shader map for material FMatExpressionPreview MaterialExpressionTextureCoordinate_0, compiling. 
[2019.04.30-14.51.50:474][774]LogMaterial: Display: Missing cached shader map for material FMatExpressionPreview MaterialExpressionVectorParameter_0, compiling. 
[2019.04.30-14.51.50:493][774]LogMaterial: Display: Missing cached shader map for material FMatExpressionPreview MaterialExpressionTextureSampleParameter2D_2, compiling. 
[2019.04.30-14.51.50:870][782]LogShaderCompilers: Display: Shaders left to compile 65
[2019.04.30-14.51.50:904][783]LogShaderCompilers: Display: Shaders left to compile 64
[2019.04.30-14.51.50:918][783]LogShaderCompilers: Display: Shaders left to compile 63
[2019.04.30-14.51.50:933][783]LogShaderCompilers: Display: Shaders left to compile 62
[2019.04.30-14.51.51:135][786]LogShaderCompilers: Display: Shaders left to compile 61
[2019.04.30-14.51.51:155][787]LogShaderCompilers: Display: Shaders left to compile 60
[2019.04.30-14.51.51:169][787]LogShaderCompilers: Display: Shaders left to compile 59
[2019.04.30-14.51.51:186][787]LogShaderCompilers: Display: Shaders left to compile 58
[2019.04.30-14.51.51:380][790]LogShaderCompilers: Display: Shaders left to compile 57
[2019.04.30-14.51.51:557][793]LogShaderCompilers: Display: Shaders left to compile 56
[2019.04.30-14.51.51:737][795]LogShaderCompilers: Display: Shaders left to compile 55
[2019.04.30-14.51.51:780][796]LogShaderCompilers: Display: Shaders left to compile 54
[2019.04.30-14.51.51:957][798]LogShaderCompilers: Display: Shaders left to compile 53
[2019.04.30-14.51.52:093][800]LogShaderCompilers: Display: Shaders left to compile 52
[2019.04.30-14.51.52:136][800]LogShaderCompilers: Display: Shaders left to compile 51
[2019.04.30-14.51.52:373][804]LogShaderCompilers: Display: Shaders left to compile 50
[2019.04.30-14.51.52:464][805]LogShaderCompilers: Display: Shaders left to compile 49
[2019.04.30-14.51.52:591][807]LogShaderCompilers: Display: Shaders left to compile 48
[2019.04.30-14.51.52:659][808]LogShaderCompilers: Display: Shaders left to compile 47
[2019.04.30-14.51.52:830][811]LogShaderCompilers: Display: Shaders left to compile 46
[2019.04.30-14.51.52:938][812]LogShaderCompilers: Display: Shaders left to compile 45
[2019.04.30-14.51.52:958][813]LogShaderCompilers: Display: Shaders left to compile 44
[2019.04.30-14.51.52:992][813]LogShaderCompilers: Display: Shaders left to compile 43
[2019.04.30-14.51.53:161][815]LogShaderCompilers: Display: Shaders left to compile 42
[2019.04.30-14.51.53:258][816]LogShaderCompilers: Display: Shaders left to compile 41
[2019.04.30-14.51.53:290][817]LogShaderCompilers: Display: Shaders left to compile 40
[2019.04.30-14.51.53:312][817]LogShaderCompilers: Display: Shaders left to compile 39
[2019.04.30-14.51.53:456][819]LogShaderCompilers: Display: Shaders left to compile 38
[2019.04.30-14.51.53:711][822]LogShaderCompilers: Display: Shaders left to compile 37
[2019.04.30-14.51.53:847][823]LogShaderCompilers: Display: Shaders left to compile 36
[2019.04.30-14.51.53:885][824]LogShaderCompilers: Display: Shaders left to compile 35
[2019.04.30-14.51.54:001][825]LogShaderCompilers: Display: Shaders left to compile 34
[2019.04.30-14.51.54:227][827]LogShaderCompilers: Display: Shaders left to compile 33
[2019.04.30-14.51.54:287][828]LogShaderCompilers: Display: Shaders left to compile 32
[2019.04.30-14.51.54:484][830]LogShaderCompilers: Display: Shaders left to compile 31
[2019.04.30-14.51.54:595][831]LogShaderCompilers: Display: Shaders left to compile 30
[2019.04.30-14.51.54:623][831]LogShaderCompilers: Display: Shaders left to compile 29
[2019.04.30-14.51.54:799][833]LogShaderCompilers: Display: Shaders left to compile 28
[2019.04.30-14.51.54:960][834]LogShaderCompilers: Display: Shaders left to compile 27
[2019.04.30-14.51.54:991][835]LogShaderCompilers: Display: Shaders left to compile 26
[2019.04.30-14.51.55:041][835]LogShaderCompilers: Display: Shaders left to compile 25
[2019.04.30-14.51.55:110][836]LogShaderCompilers: Display: Shaders left to compile 24
[2019.04.30-14.51.55:261][837]LogShaderCompilers: Display: Shaders left to compile 23
[2019.04.30-14.51.55:273][837]LogShaderCompilers: Display: Shaders left to compile 22
[2019.04.30-14.51.55:316][838]LogShaderCompilers: Display: Shaders left to compile 21
[2019.04.30-14.51.55:373][838]LogShaderCompilers: Display: Shaders left to compile 20
[2019.04.30-14.51.55:525][840]LogShaderCompilers: Display: Shaders left to compile 19
[2019.04.30-14.51.55:767][843]LogShaderCompilers: Display: Shaders left to compile 18
[2019.04.30-14.51.55:861][845]LogShaderCompilers: Display: Shaders left to compile 17
[2019.04.30-14.51.55:938][847]LogShaderCompilers: Display: Shaders left to compile 16
[2019.04.30-14.51.56:142][851]LogShaderCompilers: Display: Shaders left to compile 15
[2019.04.30-14.51.56:287][854]LogShaderCompilers: Display: Shaders left to compile 14
[2019.04.30-14.51.56:437][857]LogShaderCompilers: Display: Shaders left to compile 13
[2019.04.30-14.51.56:606][860]LogShaderCompilers: Display: Shaders left to compile 12
[2019.04.30-14.51.56:697][862]LogShaderCompilers: Display: Shaders left to compile 11
[2019.04.30-14.51.56:856][865]LogShaderCompilers: Display: Shaders left to compile 10
[2019.04.30-14.51.57:005][868]LogShaderCompilers: Display: Shaders left to compile 9
[2019.04.30-14.51.57:102][870]LogShaderCompilers: Display: Shaders left to compile 8
[2019.04.30-14.51.57:219][872]LogShaderCompilers: Display: Shaders left to compile 7
[2019.04.30-14.51.57:387][876]LogShaderCompilers: Display: Shaders left to compile 6
[2019.04.30-14.51.57:403][876]LogShaderCompilers: Display: Shaders left to compile 5
[2019.04.30-14.51.57:535][876]LogD3D11RHI: Error: Result failed 
 at D:\Build\++UE4\Sync\Engine\Source\Runtime\Windows\D3D11RHI\Private\D3D11Query.cpp:146 
 with error DXGI_ERROR_DEVICE_REMOVED DXGI_ERROR_DEVICE_HUNG
[2019.04.30-14.51.57:536][876]LogD3D11RHI: [Aftermath] GDynamicRHI=000002CBE50D2140, GDX11NVAfterMathEnabled=0, Result=0xFFFFFFFF, bDeviceActive=0
[2019.04.30-14.51.57:536][876]LogWindows: Windows GetLastError: The operation completed successfully. (0)
[2019.04.30-14.51.59:870][876]LogShaderCompilers: Display: Shaders left to compile 4
[2019.04.30-14.51.59:870][876]LogShaderCompilers: Display: Shaders left to compile 3
[2019.04.30-14.51.59:870][876]LogShaderCompilers: Display: Shaders left to compile 2
[2019.04.30-14.51.59:870][876]LogShaderCompilers: Display: Shaders left to compile 1
[2019.04.30-14.51.59:870][876]LogWindows: Windows GetLastError: The operation completed successfully. (0)
[2019.04.30-14.51.59:870][876]LogWindows: Error: === Critical error: ===
[2019.04.30-14.51.59:870][876]LogWindows: Error: 
[2019.04.30-14.51.59:870][876]LogWindows: Error: Fatal error: [File:D:\Build\++UE4\Sync\Engine\Source\Runtime\RenderCore\Private\RenderingThread.cpp] [Line: 826] 
[2019.04.30-14.51.59:870][876]LogWindows: Error: Rendering thread exception:
[2019.04.30-14.51.59:870][876]LogWindows: Error: Fatal error: [File:D:\Build\++UE4\Sync\Engine\Source\Runtime\Windows\D3D11RHI\Private\D3D11Util.cpp] [Line: 200] 
[2019.04.30-14.51.59:870][876]LogWindows: Error: Unreal Engine is exiting due to D3D device being lost. (Error: 0x887A0006 - 'HUNG')
[2019.04.30-14.51.59:870][876]LogWindows: Error: 
[2019.04.30-14.51.59:870][876]LogWindows: Error: 
[2019.04.30-14.51.59:870][876]LogWindows: Error: [Callstack] 0x00007fffb413a388 KERNELBASE.dll!UnknownFunction []
[2019.04.30-14.51.59:870][876]LogWindows: Error: [Callstack] 0x00007fffa5936850 UE4Editor-ApplicationCore.dll!UnknownFunction []
[2019.04.30-14.51.59:870][876]LogWindows: Error: [Callstack] 0x00007fff7a2c62fc UE4Editor-Core.dll!UnknownFunction []
[2019.04.30-14.51.59:870][876]LogWindows: Error: [Callstack] 0x00007fff7a2551db UE4Editor-Core.dll!UnknownFunction []
[2019.04.30-14.51.59:870][876]LogWindows: Error: [Callstack] 0x00007fff6359adea UE4Editor-D3D11RHI.dll!UnknownFunction []
[2019.04.30-14.51.59:870][876]LogWindows: Error: [Callstack] 0x00007fff6359e6e4 UE4Editor-D3D11RHI.dll!UnknownFunction []
[2019.04.30-14.51.59:870][876]LogWindows: Error: [Callstack] 0x00007fff63575951 UE4Editor-D3D11RHI.dll!UnknownFunction []
[2019.04.30-14.51.59:871][876]LogWindows: Error: [Callstack] 0x00007fff6358abf8 UE4Editor-D3D11RHI.dll!UnknownFunction []
[2019.04.30-14.51.59:871][876]LogWindows: Error: [Callstack] 0x00007fff9e09b106 UE4Editor-RHI.dll!UnknownFunction []
[2019.04.30-14.51.59:871][876]LogWindows: Error: [Callstack] 0x00007fff62221b42 UE4Editor-SlateRHIRenderer.dll!UnknownFunction []
[2019.04.30-14.51.59:871][876]LogWindows: Error: [Callstack] 0x00007fff62227d0a UE4Editor-SlateRHIRenderer.dll!UnknownFunction []
[2019.04.30-14.51.59:871][876]LogWindows: Error: [Callstack] 0x00007fff7a0e1f92 UE4Editor-Core.dll!UnknownFunction []
[2019.04.30-14.51.59:871][876]LogWindows: Error: [Callstack] 0x00007fff7a0e2456 UE4Editor-Core.dll!UnknownFunction []
[2019.04.30-14.51.59:871][876]LogWindows: Error: [Callstack] 0x00007fffa59b75f9 UE4Editor-RenderCore.dll!UnknownFunction []
[2019.04.30-14.51.59:871][876]LogWindows: Error: [Callstack] 0x00007fffa59b8574 UE4Editor-RenderCore.dll!UnknownFunction []
[2019.04.30-14.51.59:871][876]LogWindows: Error: [Callstack] 0x00007fff7a526b7c UE4Editor-Core.dll!UnknownFunction []
[2019.04.30-14.51.59:871][876]LogWindows: Error: [Callstack] 0x00007fff7a5217c7 UE4Editor-Core.dll!UnknownFunction []
[2019.04.30-14.51.59:871][876]LogWindows: Error: [Callstack] 0x00007fffb6634034 KERNEL32.DLL!UnknownFunction []
[2019.04.30-14.51.59:871][876]LogWindows: Error: [Callstack] 0x00007fffb7963691 ntdll.dll!UnknownFunction []
[2019.04.30-14.51.59:871][876]LogWindows: Error: 
[2019.04.30-14.51.59:871][876]LogWindows: Error: 
[2019.04.30-14.51.59:871][876]LogWindows: Error: 
[2019.04.30-14.51.59:871][876]LogWindows: Error: 
[2019.04.30-14.51.59:886][876]LogExit: Executing StaticShutdownAfterError
[2019.04.30-14.51.59:890][876]LogWindows: FPlatformMisc::RequestExit(1)
[2019.04.30-14.51.59:897][876]Log file closed, 04/30/19 08:51:59
