Log file open, 05/07/19 20:42:37
LogWindows: Failed to load 'aqProf.dll' (GetLastError=126)
LogWindows: File 'aqProf.dll' does not exist
LogWindows: Failed to load 'VSPerf140.dll' (GetLastError=126)
LogWindows: File 'VSPerf140.dll' does not exist
LogWindows: Failed to load 'VtuneApi.dll' (GetLastError=126)
LogWindows: File 'VtuneApi.dll' does not exist
LogWindows: Failed to load 'VtuneApi32e.dll' (GetLastError=126)
LogWindows: File 'VtuneApi32e.dll' does not exist
LogInit: Display: Running engine for game: cly_iCWB_AP
LogPlatformFile: Not using cached read wrapper
LogTaskGraph: Started task graph with 5 named threads and 23 total threads with 3 sets of task threads.
LogStats: Stats thread started at 0.349631
LogD3D11RHI: Loaded GFSDK_Aftermath_Lib.x64.dll
LogICUInternationalization: Display: ICU TimeZone Detection - Raw Offset: -7:00, Platform Override: ''
LogPluginManager: Mounting plugin Paper2D
LogPluginManager: Mounting plugin AISupport
LogPluginManager: Mounting plugin LightPropagationVolume
LogPluginManager: Mounting plugin CLionSourceCodeAccess
LogPluginManager: Mounting plugin CodeLiteSourceCodeAccess
LogPluginManager: Mounting plugin GitSourceControl
LogPluginManager: Mounting plugin KDevelopSourceCodeAccess
LogPluginManager: Mounting plugin NullSourceCodeAccess
LogPluginManager: Mounting plugin PerforceSourceControl
LogPluginManager: Mounting plugin SubversionSourceControl
LogPluginManager: Mounting plugin UObjectPlugin
LogPluginManager: Mounting plugin VisualStudioCodeSourceCodeAccess
LogPluginManager: Mounting plugin VisualStudioSourceCodeAccess
LogPluginManager: Mounting plugin XCodeSourceCodeAccess
LogPluginManager: Mounting plugin AssetManagerEditor
LogPluginManager: Mounting plugin CryptoKeys
LogPluginManager: Mounting plugin DataValidation
LogPluginManager: Mounting plugin FacialAnimation
LogPluginManager: Mounting plugin GameplayTagsEditor
LogPluginManager: Mounting plugin MacGraphicsSwitching
LogPluginManager: Mounting plugin MeshEditor
LogPluginManager: Mounting plugin MobileLauncherProfileWizard
LogPluginManager: Mounting plugin PluginBrowser
LogPluginManager: Mounting plugin SpeedTreeImporter
LogPluginManager: Mounting plugin DatasmithContent
LogPluginManager: Mounting plugin AlembicImporter
LogPluginManager: Mounting plugin AppleImageUtils
LogPluginManager: Mounting plugin AppleVision
LogPluginManager: Mounting plugin BackChannel
LogPluginManager: Mounting plugin CharacterAI
LogPluginManager: Mounting plugin GeometryCache
LogPluginManager: Mounting plugin HTML5Networking
LogPluginManager: Mounting plugin ProxyLODPlugin
LogPluginManager: Mounting plugin MagicLeap
LogPluginManager: Mounting plugin MagicLeapEmulator
LogPluginManager: Mounting plugin MagicLeapMedia
LogPluginManager: Mounting plugin AndroidMedia
LogPluginManager: Mounting plugin AvfMedia
LogPluginManager: Mounting plugin ImgMedia
LogPluginManager: Mounting plugin LinearTimecode
LogPluginManager: Mounting plugin MediaCompositing
LogPluginManager: Mounting plugin MediaPlayerEditor
LogPluginManager: Mounting plugin WmfMedia
LogPluginManager: Mounting plugin TcpMessaging
LogPluginManager: Mounting plugin UdpMessaging
LogPluginManager: Mounting plugin ActorSequence
LogPluginManager: Mounting plugin LevelSequenceEditor
LogPluginManager: Mounting plugin MatineeToLevelSequence
LogPluginManager: Mounting plugin NetcodeUnitTest
LogPluginManager: Mounting plugin NUTUnrealEngine4
LogPluginManager: Mounting plugin OnlineSubsystemGooglePlay
LogPluginManager: Mounting plugin OnlineSubsystemIOS
LogPluginManager: Mounting plugin OnlineSubsystem
LogPluginManager: Mounting plugin OnlineSubsystemNull
LogPluginManager: Mounting plugin OnlineSubsystemUtils
LogPluginManager: Mounting plugin LauncherChunkInstaller
LogPluginManager: Mounting plugin AndroidDeviceProfileSelector
LogPluginManager: Mounting plugin AndroidMoviePlayer
LogPluginManager: Mounting plugin AndroidPermission
LogPluginManager: Mounting plugin AppleMoviePlayer
LogPluginManager: Mounting plugin ArchVisCharacter
LogPluginManager: Mounting plugin AudioCapture
LogPluginManager: Mounting plugin CableComponent
LogPluginManager: Mounting plugin CustomMeshComponent
LogPluginManager: Mounting plugin EditableMesh
LogPluginManager: Mounting plugin ExampleDeviceProfileSelector
LogPluginManager: Mounting plugin GoogleCloudMessaging
LogPluginManager: Mounting plugin ImmediatePhysics
LogPluginManager: Mounting plugin IOSDeviceProfileSelector
LogPluginManager: Mounting plugin LinuxDeviceProfileSelector
LogPluginManager: Mounting plugin LocationServicesBPLibrary
LogPluginManager: Mounting plugin MobilePatchingUtils
LogPluginManager: Mounting plugin OculusVR
LogPluginManager: Plugin shader directory ../../../Engine/Plugins/Runtime/Oculus/OculusVR/Shaders found
LogPluginManager: Mapping shader source directory ../../../Engine/Plugins/Runtime/Oculus/OculusVR/Shaders to virtual directory /Plugin/OculusVR
LogPluginManager: Mounting plugin PhysXVehicles
LogPluginManager: Mounting plugin ProceduralMeshComponent
LogPluginManager: Mounting plugin RuntimePhysXCooking
LogPluginManager: Mounting plugin SteamVR
LogPluginManager: Mounting plugin WindowsMoviePlayer
LogStreaming: Display: Took  0.228s to configure plugins.
LogInit: Using libcurl 7.55.1-DEV
LogInit:  - built for x86_64-pc-win32
LogInit:  - supports SSL with OpenSSL/1.0.2h
LogInit:  - supports HTTP deflate (compression) using libz 1.2.8
LogInit:  - other features:
LogInit:      CURL_VERSION_SSL
LogInit:      CURL_VERSION_LIBZ
LogInit:      CURL_VERSION_IPV6
LogInit:      CURL_VERSION_ASYNCHDNS
LogInit:      CURL_VERSION_LARGEFILE
LogInit:      CURL_VERSION_IDN
LogInit:  CurlRequestOptions (configurable via config and command line):
LogInit:  - bVerifyPeer = false  - Libcurl will NOT verify peer certificate
LogInit:  - bUseHttpProxy = false  - Libcurl will NOT use HTTP proxy
LogInit:  - bDontReuseConnections = false  - Libcurl will reuse connections
LogInit:  - CertBundlePath = nullptr  - Libcurl will use whatever was configured at build time.
LogInit:  - MaxHostConnections = 16  - Libcurl will limit the number of connections to a host
LogInit:  - LocalHostAddr = Default
LogInit:  - BufferSize = 65536
LogInit: WinSock: version 1.1 (2.2), MaxSocks=32767, MaxUdp=65467
LogInit: Build: ++UE4+Release-4.20-CL-4369336
LogInit: Engine Version: 4.20.3-4369336+++UE4+Release-4.20
LogInit: Compatible Engine Version: 4.20.0-4212847+++UE4+Release-4.20
LogInit: Net CL: 4212847
LogInit: OS: Windows 10 (), CPU: Intel(R) Core(TM) i5-8300H CPU @ 2.30GHz, GPU: Intel(R) UHD Graphics 630
LogInit: Compiled (64-bit): Sep 17 2018 12:26:19
LogInit: Compiled with Visual C++: 19.13.26129.00
LogInit: Build Configuration: Development
LogInit: Branch Name: ++UE4+Release-4.20
LogInit: Command Line: 
LogInit: Base Directory: C:/Program Files/Epic Games/UE_4.20/Engine/Binaries/Win64/
LogInit: Installed Engine Build: 1
LogDevObjectVersion: Number of dev versions registered: 20
LogDevObjectVersion:   Dev-Blueprints (B0D832E4-1F89-4F0D-ACCF-7EB736FD4AA2): 10
LogDevObjectVersion:   Dev-Build (E1C64328-A22C-4D53-A36C-8E866417BD8C): 0
LogDevObjectVersion:   Dev-Core (375EC13C-06E4-48FB-B500-84F0262A717E): 2
LogDevObjectVersion:   Dev-Editor (E4B068ED-F494-42E9-A231-DA0B2E46BB41): 24
LogDevObjectVersion:   Dev-Framework (CFFC743F-43B0-4480-9391-14DF171D2073): 34
LogDevObjectVersion:   Dev-Mobile (B02B49B5-BB20-44E9-A304-32B752E40360): 2
LogDevObjectVersion:   Dev-Networking (A4E4105C-59A1-49B5-A7C5-40C4547EDFEE): 0
LogDevObjectVersion:   Dev-Online (39C831C9-5AE6-47DC-9A44-9C173E1C8E7C): 0
LogDevObjectVersion:   Dev-Physics (78F01B33-EBEA-4F98-B9B4-84EACCB95AA2): 0
LogDevObjectVersion:   Dev-Platform (6631380F-2D4D-43E0-8009-CF276956A95A): 0
LogDevObjectVersion:   Dev-Rendering (12F88B9F-8875-4AFC-A67C-D90C383ABD29): 26
LogDevObjectVersion:   Dev-Sequencer (7B5AE74C-D270-4C10-A958-57980B212A5A): 9
LogDevObjectVersion:   Dev-VR (D7296918-1DD6-4BDD-9DE2-64A83CC13884): 2
LogDevObjectVersion:   Dev-LoadTimes (C2A15278-BFE7-4AFE-6C17-90FF531DF755): 1
LogDevObjectVersion:   Private-Geometry (6EACA3D4-40EC-4CC1-B786-8BED09428FC5): 3
LogDevObjectVersion:   Dev-AnimPhys (29E575DD-E0A3-4627-9D10-D276232CDCEA): 17
LogDevObjectVersion:   Dev-ReflectionCapture (6B266CEC-1EC7-4B8F-A30B-E4D90942FC07): 1
LogDevObjectVersion:   Dev-Automation (0DF73D61-A23F-47EA-B727-89E90C41499A): 1
LogDevObjectVersion:   FortniteMain (601D1886-AC64-4F84-AA16-D3DE0DEAC7D6): 12
LogDevObjectVersion:   Dev-Enterprise (9DFFBCD6-494F-0158-E221-12823C92A888): 1
LogStreaming: Display: Took  0.006s to delete old logs.
LogInit: Presizing for max 8388607 objects, including 0 objects not considered by GC, pre-allocating 0 bytes for permanent pool.
LogInit: Object subsystem initialized
[2019.05.08-02.42.37:881][  0]LogInit: Selected Device Profile: [Windows]
[2019.05.08-02.42.37:881][  0]LogInit: Applying CVar settings loaded from the selected device profile: [Windows]
[2019.05.08-02.42.37:913][  0]LogHAL: Display: Platform has ~ 8 GB [8424574976 / 8589934592 / 8], which maps to Default [LargestMinGB=32, LargerMinGB=12, DefaultMinGB=8, SmallerMinGB=6, SmallestMinGB=0)
[2019.05.08-02.42.37:913][  0]LogInit: Setting Device Profile CVar: [[r.Vulkan.UseRealUBs:1]]
[2019.05.08-02.42.37:914][  0]LogInit: Going up to parent DeviceProfile []
[2019.05.08-02.42.37:914][  0]LogInit: Computer: DESKTOP-4HEA2F2
[2019.05.08-02.42.37:914][  0]LogInit: User: black
[2019.05.08-02.42.37:914][  0]LogInit: CPU Page size=4096, Cores=4
[2019.05.08-02.42.37:914][  0]LogInit: High frequency timer resolution =2.250000 MHz
[2019.05.08-02.42.37:915][  0]LogMemory: Memory total: Physical=7.8GB (8GB approx)
[2019.05.08-02.42.37:915][  0]LogMemory: Platform Memory Stats for Windows
[2019.05.08-02.42.37:915][  0]LogMemory: Process Physical Memory: 99.42 MB used, 99.42 MB peak
[2019.05.08-02.42.37:915][  0]LogMemory: Process Virtual Memory: 91.00 MB used, 91.00 MB peak
[2019.05.08-02.42.37:915][  0]LogMemory: Physical Memory: 3625.76 MB used,  4408.54 MB free, 8034.30 MB total
[2019.05.08-02.42.37:915][  0]LogMemory: Virtual Memory: 4645.23 MB used,  4408.54 MB free, 134217728.00 MB total
[2019.05.08-02.42.37:978][  0]LogInit: Using OS detected language (en-US).
[2019.05.08-02.42.37:978][  0]LogInit: Using OS detected locale (en-US).
[2019.05.08-02.42.37:981][  0]LogTextLocalizationManager: No specific localization for 'en-US' exists, so the 'en' localization will be used.
[2019.05.08-02.42.38:571][  0]LogStreaming: Display: Took  0.594s to InitEngineTextLocalization.
[2019.05.08-02.42.38:572][  0]LogInit: Setting process to per monitor DPI aware
[2019.05.08-02.42.38:620][  0]LogSlate: New Slate User Created.  User Index 0, Is Virtual User: 0
[2019.05.08-02.42.38:620][  0]LogSlate: Slate User Registered.  User Index 0, Is Virtual User: 0
[2019.05.08-02.42.38:935][  0]LogHMD: Failed to initialize OpenVR with code 110
[2019.05.08-02.42.38:935][  0]LogD3D11RHI: D3D11 adapters:
[2019.05.08-02.42.39:004][  0]LogD3D11RHI:    0. 'NVIDIA GeForce GTX 1050 Ti' (Feature Level 11_0)
[2019.05.08-02.42.39:004][  0]LogD3D11RHI:       4029/0/4017 MB DedicatedVideo/DedicatedSystem/SharedSystem, Outputs:1, VendorId:0x10de
[2019.05.08-02.42.39:023][  0]LogD3D11RHI:    1. 'Intel(R) UHD Graphics 630' (Feature Level 11_0)
[2019.05.08-02.42.39:023][  0]LogD3D11RHI:       128/0/4017 MB DedicatedVideo/DedicatedSystem/SharedSystem, Outputs:0, VendorId:0x8086
[2019.05.08-02.42.39:026][  0]LogD3D11RHI:    2. 'Microsoft Basic Render Driver' (Feature Level 11_0)
[2019.05.08-02.42.39:026][  0]LogD3D11RHI:       0/0/4017 MB DedicatedVideo/DedicatedSystem/SharedSystem, Outputs:0, VendorId:0x1414
[2019.05.08-02.42.39:026][  0]LogD3D11RHI: Chosen D3D11 Adapter: 0
[2019.05.08-02.42.39:065][  0]LogD3D11RHI: Creating new Direct3DDevice
[2019.05.08-02.42.39:065][  0]LogD3D11RHI:     GPU DeviceId: 0x1c8c (for the marketing name, search the web for "GPU Device Id")
[2019.05.08-02.42.39:065][  0]LogWindows: EnumDisplayDevices:
[2019.05.08-02.42.39:065][  0]LogWindows:    0. 'Intel(R) UHD Graphics 630' (P:1 D:1)
[2019.05.08-02.42.39:066][  0]LogWindows:    1. 'Intel(R) UHD Graphics 630' (P:0 D:0)
[2019.05.08-02.42.39:066][  0]LogWindows:    2. 'Intel(R) UHD Graphics 630' (P:0 D:0)
[2019.05.08-02.42.39:066][  0]LogWindows:    3. 'NVIDIA GeForce GTX 1050 Ti' (P:0 D:0)
[2019.05.08-02.42.39:067][  0]LogWindows: DebugString: PrimaryIsNotTheChoosenAdapter PrimaryIsNotTheChoosenAdapter PrimaryIsNotTheChoosenAdapter 
[2019.05.08-02.42.39:067][  0]LogD3D11RHI:     Adapter Name: NVIDIA GeForce GTX 1050 Ti
[2019.05.08-02.42.39:067][  0]LogD3D11RHI:   Driver Version: 388.73 (internal:23.21.13.8873, unified:388.73)
[2019.05.08-02.42.39:067][  0]LogD3D11RHI:      Driver Date: 12-18-2017
[2019.05.08-02.42.39:067][  0]LogRHI: Texture pool is 2820 MB (70% of 4029 MB)
[2019.05.08-02.42.39:102][  0]LogD3D11RHI: Async texture creation enabled
[2019.05.08-02.42.39:117][  0]LogD3D11RHI: GPU Timing Frequency: 1000.000000 (Debug: 2 1)
[2019.05.08-02.42.39:118][  0]LogShaderCompilers: Guid format shader working directory is -44 characters bigger than the processId version (../../../../../../Users/black/Documents/GitHub/cly_AssetPipeline/cly_iCWB_AP/firstProject/Intermediate/Shaders/WorkingDirectory/19136/).
[2019.05.08-02.42.39:118][  0]LogShaderCompilers: Cleaned the shader compiler working directory 'C:/Users/black/AppData/Local/Temp/UnrealShaderWorkingDir/938A39A34C629EA18A07588AB8461792/'.
[2019.05.08-02.42.39:576][  0]LogTemp: Display: Loaded TP AllDesktopTargetPlatform
[2019.05.08-02.42.39:602][  0]LogTemp: Display: Loaded TP MacClientTargetPlatform
[2019.05.08-02.42.39:628][  0]LogTemp: Display: Loaded TP MacNoEditorTargetPlatform
[2019.05.08-02.42.39:653][  0]LogTemp: Display: Loaded TP MacServerTargetPlatform
[2019.05.08-02.42.39:673][  0]LogTemp: Display: Loaded TP MacTargetPlatform
[2019.05.08-02.42.39:698][  0]LogTemp: Display: Loaded TP WindowsClientTargetPlatform
[2019.05.08-02.42.39:721][  0]LogTemp: Display: Loaded TP WindowsNoEditorTargetPlatform
[2019.05.08-02.42.39:745][  0]LogTemp: Display: Loaded TP WindowsServerTargetPlatform
[2019.05.08-02.42.39:756][  0]LogTemp: Display: Loaded TP WindowsTargetPlatform
[2019.05.08-02.42.39:873][  0]LogTemp: Display: Loaded TP AndroidTargetPlatform
[2019.05.08-02.42.39:873][  0]LogTemp: Display: Loaded TP AndroidTargetPlatform
[2019.05.08-02.42.39:873][  0]LogTemp: Display: Loaded TP AndroidTargetPlatform
[2019.05.08-02.42.39:873][  0]LogTemp: Display: Loaded TP AndroidTargetPlatform
[2019.05.08-02.42.39:873][  0]LogTemp: Display: Loaded TP AndroidTargetPlatform
[2019.05.08-02.42.39:873][  0]LogTemp: Display: Loaded TP AndroidTargetPlatform
[2019.05.08-02.42.39:873][  0]LogTemp: Display: Loaded TP AndroidTargetPlatform
[2019.05.08-02.42.39:873][  0]LogTemp: Display: Loaded TP AndroidTargetPlatform
[2019.05.08-02.42.39:873][  0]LogTemp: Display: Loaded TP AndroidTargetPlatform
[2019.05.08-02.42.39:873][  0]LogTemp: Display: Loaded TP AndroidTargetPlatform
[2019.05.08-02.42.39:873][  0]LogTemp: Display: Loaded TP AndroidTargetPlatform
[2019.05.08-02.42.39:873][  0]LogTemp: Display: Loaded TP AndroidTargetPlatform
[2019.05.08-02.42.39:873][  0]LogTemp: Display: Loaded TP AndroidTargetPlatform
[2019.05.08-02.42.39:873][  0]LogTemp: Display: Loaded TP AndroidTargetPlatform
[2019.05.08-02.42.39:873][  0]LogTemp: Display: Loaded TP AndroidTargetPlatform
[2019.05.08-02.42.39:873][  0]LogTemp: Display: Loaded TP AndroidTargetPlatform
[2019.05.08-02.42.39:873][  0]LogTemp: Display: Loaded TP AndroidTargetPlatform
[2019.05.08-02.42.39:873][  0]LogTemp: Display: Loaded TP AndroidTargetPlatform
[2019.05.08-02.42.39:876][  0]LogTemp: Display: Loaded TP HTML5TargetPlatform
[2019.05.08-02.42.39:967][  0]LogTemp: Display: Loaded TP IOSTargetPlatform
[2019.05.08-02.42.39:967][  0]LogTemp: Display: Loaded TP IOSTargetPlatform
[2019.05.08-02.42.40:022][  0]LogTemp: Display: Loaded TP TVOSTargetPlatform
[2019.05.08-02.42.40:022][  0]LogTemp: Display: Loaded TP TVOSTargetPlatform
[2019.05.08-02.42.40:046][  0]LogTemp: Display: Loaded TP LinuxClientTargetPlatform
[2019.05.08-02.42.40:073][  0]LogTemp: Display: Loaded TP LinuxNoEditorTargetPlatform
[2019.05.08-02.42.40:104][  0]LogTemp: Display: Loaded TP LinuxServerTargetPlatform
[2019.05.08-02.42.40:131][  0]LogTemp: Display: Loaded TP LinuxTargetPlatform
[2019.05.08-02.42.40:144][  0]LogTemp: Display: Loaded TP LuminTargetPlatform
[2019.05.08-02.42.40:144][  0]LogTargetPlatformManager: Display: Building Assets For Windows
[2019.05.08-02.42.40:265][  0]LogXGEController: Cleaning working directory: C:/Users/black/AppData/Local/Temp/UnrealXGEWorkingDir/
[2019.05.08-02.42.40:266][  0]LogXGEController: Cannot use XGE Controller as Incredibuild is not installed on this machine.
[2019.05.08-02.42.40:266][  0]LogShaderCompilers: Cannot use XGE Shader Compiler as Incredibuild is not installed on this machine.
[2019.05.08-02.42.40:266][  0]LogShaderCompilers: Display: Using Local Shader Compiler.
[2019.05.08-02.42.41:518][  0]LogDerivedDataCache: Display: Max Cache Size: 512 MB
[2019.05.08-02.42.41:597][  0]LogDerivedDataCache: Loaded boot cache 0.08s 71MB C:/Users/black/AppData/Local/UnrealEngine/4.20/DerivedDataCache/Boot.ddc.
[2019.05.08-02.42.41:598][  0]LogDerivedDataCache: Display: Loaded Boot cache: C:/Users/black/AppData/Local/UnrealEngine/4.20/DerivedDataCache/Boot.ddc
[2019.05.08-02.42.41:598][  0]LogDerivedDataCache: FDerivedDataBackendGraph:  Pak pak cache file ../../../../../../Users/black/Documents/GitHub/cly_AssetPipeline/cly_iCWB_AP/firstProject/DerivedDataCache/DDC.ddp not found, will not use a pak cache.
[2019.05.08-02.42.41:598][  0]LogDerivedDataCache: Unable to find inner node Pak for hierarchical cache Hierarchy.
[2019.05.08-02.42.41:598][  0]LogDerivedDataCache: FDerivedDataBackendGraph:  CompressedPak pak cache file ../../../../../../Users/black/Documents/GitHub/cly_AssetPipeline/cly_iCWB_AP/firstProject/DerivedDataCache/Compressed.ddp not found, will not use a pak cache.
[2019.05.08-02.42.41:598][  0]LogDerivedDataCache: Unable to find inner node CompressedPak for hierarchical cache Hierarchy.
[2019.05.08-02.42.41:628][  0]LogDerivedDataCache: Display: Pak cache opened for reading ../../../Engine/DerivedDataCache/Compressed.ddp.
[2019.05.08-02.42.41:641][  0]LogDerivedDataCache: Using Local data cache path C:/Users/black/AppData/Local/UnrealEngine/Common/DerivedDataCache: Writable
[2019.05.08-02.42.41:641][  0]LogDerivedDataCache: Shared data cache path not found in *engine.ini, will not use an Shared cache.
[2019.05.08-02.42.41:641][  0]LogDerivedDataCache: Unable to find inner node Shared for hierarchical cache Hierarchy.
[2019.05.08-02.42.41:682][  0]LogMaterial: Verifying Global Shaders for PCD3D_SM5
[2019.05.08-02.42.41:685][  0]LogSlate: Using FreeType 2.6.0
[2019.05.08-02.42.41:687][  0]LogSlate: SlateFontServices - WITH_FREETYPE: 1, WITH_HARFBUZZ: 1
[2019.05.08-02.42.41:792][  0]LogAssetRegistry: FAssetRegistry took 0.0291 seconds to start up
[2019.05.08-02.42.42:316][  0]LogInit: Selected Device Profile: [Windows]
[2019.05.08-02.42.42:518][  0]LogSimplygon: Simplygon DLL not present - disabling.
[2019.05.08-02.42.42:524][  0]LogMeshReduction: Using SimplygonSwarm for distributed automatic mesh merging
[2019.05.08-02.42.42:524][  0]LogMeshReduction: Using ProxyLODMeshReduction for automatic mesh merging
[2019.05.08-02.42.42:524][  0]LogMeshReduction: Using QuadricMeshReduction for automatic static mesh reduction
[2019.05.08-02.42.42:524][  0]LogMeshReduction: No automatic skeletal mesh reduction module available
[2019.05.08-02.42.42:544][  0]LogNetVersion: cly_iCWB_AP 1.0.0, NetCL: 4212847, EngineNetVer: 5, GameNetVer: 0 (Checksum: 2002434292)
[2019.05.08-02.42.43:588][  0]LogPackageLocalizationCache: Processed 11 localized package path(s) for 2 prioritized culture(s) in 0.195898 seconds
[2019.05.08-02.42.43:601][  0]LogUObjectArray: 38425 objects as part of root set at end of initial load.
[2019.05.08-02.42.43:601][  0]LogUObjectAllocator: 6690864 out of 0 bytes used by permanent object pool.
[2019.05.08-02.42.43:602][  0]LogUObjectArray: CloseDisregardForGC: 0/0 objects in disregard for GC pool
[2019.05.08-02.42.45:124][  0]LogTcpMessaging: Initializing TcpMessaging bridge
[2019.05.08-02.42.45:140][  0]LogUdpMessaging: Initializing bridge on interface 0.0.0.0:0 to multicast group 230.0.0.1:6666.
[2019.05.08-02.42.45:361][  0]SourceControl: Source control is disabled
[2019.05.08-02.42.45:361][  0]SourceControl: Source control is disabled
[2019.05.08-02.42.45:363][  0]SourceControl: Source control is disabled
[2019.05.08-02.42.45:364][  0]SourceControl: Source control is disabled
[2019.05.08-02.42.45:592][  0]LogAndroidPermission: UAndroidPermissionCallbackProxy::GetInstance
[2019.05.08-02.42.45:709][  0]LogOcInput: OculusInput pre-init called
[2019.05.08-02.42.45:868][  0]LogEngine: Initializing Engine...
[2019.05.08-02.42.45:869][  0]LogHMD: Failed to initialize OpenVR with code 110
[2019.05.08-02.42.45:871][  0]LogStats: UGameplayTagsManager::ConstructGameplayTagTree: ImportINI prefixes -  0.000 s
[2019.05.08-02.42.45:871][  0]LogStats: UGameplayTagsManager::ConstructGameplayTagTree: Construct from data asset -  0.000 s
[2019.05.08-02.42.45:871][  0]LogStats: UGameplayTagsManager::ConstructGameplayTagTree: ImportINI -  0.000 s
[2019.05.08-02.42.45:871][  0]LogStats: UGameplayTagsManager::ConstructGameplayTagTree: GameplayTagTreeChangedEvent.Broadcast -  0.000 s
[2019.05.08-02.42.46:255][  0]LogInit: Initializing FReadOnlyCVARCache
[2019.05.08-02.42.46:281][  0]LogAIModule: Creating AISystem for world Untitled
[2019.05.08-02.42.46:289][  0]LogInit: XAudio2 using 'Speakers (Realtek High Definition Audio)' : 2 channels at 48 kHz using 32 bits per sample (channel mask 0x3)
[2019.05.08-02.42.46:459][  0]LogInit: FAudioDevice initialized.
[2019.05.08-02.42.46:460][  0]LogNetVersion: Set ProjectVersion to 1.0.0.0. Version Checksum will be recalculated on next use.
[2019.05.08-02.42.46:567][  0]LogDerivedDataCache: Saved boot cache 0.11s 71MB C:/Users/black/AppData/Local/UnrealEngine/4.20/DerivedDataCache/Boot.ddc.
[2019.05.08-02.42.46:599][  0]LogInit: Texture streaming: Enabled
[2019.05.08-02.42.46:626][  0]LogEngineSessionManager: EngineSessionManager initialized
[2019.05.08-02.42.46:626][  0]LogEngineSessionManager: EngineSessionManager sent abnormal shutdown report. Type=Crashed, SessionId={CEF41BEF-4793-D68D-868C-0E93C1B11E4A}
[2019.05.08-02.42.46:647][  0]LogInit: Transaction tracking system initialized
[2019.05.08-02.42.46:695][  0]BlueprintLog: New page: Editor Load
[2019.05.08-02.42.46:824][  0]LocalizationService: Localization service is disabled
[2019.05.08-02.42.47:167][  0]LogCook: Display: Max memory allowance for cook 16384mb min free memory 0mb
[2019.05.08-02.42.47:167][  0]LogCook: Display: Mobile HDR setting 1
[2019.05.08-02.42.47:167][  0]LogGameplayTags: Display: UGameplayTagsManager::DoneAddingNativeTags. DelegateIsBound: 0
[2019.05.08-02.42.47:167][  0]LogStats: UGameplayTagsManager::ConstructGameplayTagTree: ImportINI prefixes -  0.000 s
[2019.05.08-02.42.47:167][  0]LogStats: UGameplayTagsManager::ConstructGameplayTagTree: Construct from data asset -  0.000 s
[2019.05.08-02.42.47:167][  0]LogStats: UGameplayTagsManager::ConstructGameplayTagTree: ImportINI -  0.000 s
[2019.05.08-02.42.47:167][  0]LogStats: UGameplayTagsManager::ConstructGameplayTagTree: GameplayTagTreeChangedEvent.Broadcast -  0.000 s
[2019.05.08-02.42.47:341][  0]LogFileCache: Scanning file cache for directory 'C:/Users/black/Documents/GitHub/cly_AssetPipeline/cly_iCWB_AP/firstProject/Content/' took 0.01s
[2019.05.08-02.42.47:341][  0]SourceControl: Source control is disabled
[2019.05.08-02.42.47:341][  0]Cmd: MAP LOAD FILE="../../../Engine/Content/Maps/Templates/Template_Default.umap" TEMPLATE=1 SHOWPROGRESS=1 FEATURELEVEL=3
[2019.05.08-02.42.47:342][  0]LightingResults: New page: Lighting Build
[2019.05.08-02.42.47:348][  0]MapCheck: New page: Map Check
[2019.05.08-02.42.47:348][  0]LightingResults: New page: Lighting Build
[2019.05.08-02.42.47:655][  0]LogAIModule: Creating AISystem for world Untitled_1
[2019.05.08-02.42.47:664][  0]LogEditorServer: Finished looking for orphan Actors (0.000 secs)
[2019.05.08-02.42.47:697][  0]Cmd: MAP CHECKDEP NOCLEARLOG
[2019.05.08-02.42.47:842][  0]MapCheck: Map check complete: 0 Error(s), 0 Warning(s), took 144.069ms to complete.
[2019.05.08-02.42.47:842][  0]LogFileHelpers: Loading map 'Template_Default' took 0.501
[2019.05.08-02.42.48:002][  0]LogSlate: Updating window title bar state: overlay mode, drag disabled, window buttons hidden, title bar hidden
[2019.05.08-02.42.48:013][  0]LogSlate: Updating window title bar state: overlay mode, drag disabled, window buttons hidden, title bar hidden
[2019.05.08-02.42.48:023][  0]LogSlate: Updating window title bar state: overlay mode, drag disabled, window buttons hidden, title bar hidden
[2019.05.08-02.42.48:034][  0]LogSlate: Updating window title bar state: overlay mode, drag disabled, window buttons hidden, title bar hidden
[2019.05.08-02.42.48:045][  0]LogCollectionManager: Loaded 0 collections in 0.003667 seconds
[2019.05.08-02.42.48:094][  0]LogFileCache: Scanning file cache for directory 'C:/Users/black/Documents/GitHub/cly_AssetPipeline/cly_iCWB_AP/firstProject/Saved/Collections/' took 0.01s
[2019.05.08-02.42.48:094][  0]LogFileCache: Scanning file cache for directory 'C:/Users/black/Documents/GitHub/cly_AssetPipeline/cly_iCWB_AP/firstProject/Content/Developers/black/Collections/' took 0.01s
[2019.05.08-02.42.48:094][  0]LogFileCache: Scanning file cache for directory 'C:/Users/black/Documents/GitHub/cly_AssetPipeline/cly_iCWB_AP/firstProject/Content/Collections/' took 0.01s
[2019.05.08-02.42.48:094][  0]LogCollectionManager: Rebuilt the GUID cache for 0 collections in 0.000000 seconds
[2019.05.08-02.42.48:108][  0]LogContentBrowser: Native class hierarchy populated in 0.0142 seconds. Added 2572 classes and 603 folders.
[2019.05.08-02.42.48:122][  0]LogContentBrowser: Native class hierarchy updated for 'WidgetCarousel' in 0.0004 seconds. Added 0 classes and 0 folders.
[2019.05.08-02.42.48:216][  0]LogContentBrowser: Native class hierarchy updated for 'AddContentDialog' in 0.0003 seconds. Added 0 classes and 0 folders.
[2019.05.08-02.42.48:224][  0]LogContentBrowser: Native class hierarchy updated for 'SceneOutliner' in 0.0004 seconds. Added 1 classes and 2 folders.
[2019.05.08-02.42.48:243][  0]LogSlate: Took 0.000410 seconds to synchronously load lazily loaded font '../../../Engine/Content/Slate/Fonts/Roboto-Regular.ttf' (155K)
[2019.05.08-02.42.48:247][  0]LogSlate: Took 0.000224 seconds to synchronously load lazily loaded font '../../../Engine/Content/Slate/Fonts/Roboto-Bold.ttf' (160K)
[2019.05.08-02.42.48:255][  0]LogSlate: Took 0.000539 seconds to synchronously load lazily loaded font '../../../Engine/Content/Editor/Slate/Fonts/FontAwesome.ttf' (139K)
[2019.05.08-02.42.48:358][  0]LogRenderer: Reallocating scene render targets to support 1188x360 Format 10 NumSamples 1 (Frame:1).
[2019.05.08-02.42.48:540][  0]LogContentBrowser: Native class hierarchy updated for 'HierarchicalLODOutliner' in 0.0003 seconds. Added 0 classes and 0 folders.
[2019.05.08-02.42.48:541][  0]LogLoad: (Engine Initialization) Total time: 13.49 seconds
[2019.05.08-02.42.48:542][  0]LogLoad: (Engine Initialization) Total Blueprint compile time: 0.00 seconds
[2019.05.08-02.42.48:551][  0]LogWindowsTextInputMethodSystem: Display: IME system now deactivated.
[2019.05.08-02.42.48:574][  0]LogContentStreaming: Texture pool size now 1000 MB
[2019.05.08-02.42.48:592][  0]LogSlate: Took 0.000243 seconds to synchronously load lazily loaded font '../../../Engine/Content/Slate/Fonts/Roboto-Light.ttf' (167K)
[2019.05.08-02.42.48:616][  1]LogAssetRegistry: Asset discovery search completed in 6.8466 seconds
[2019.05.08-02.42.48:619][  1]LogCollectionManager: Rebuilt the object cache for 0 collections in 0.000000 seconds (found 0 objects)
[2019.05.08-02.42.48:619][  1]LogCollectionManager: Fixed up redirectors for 0 collections in 0.000076 seconds (updated 0 objects)
[2019.05.08-02.42.49:667][ 31]LogSlate: Took 0.000308 seconds to synchronously load lazily loaded font '../../../Engine/Content/Slate/Fonts/Roboto-Light.ttf' (167K)
[2019.05.08-02.42.51:176][ 80]LogSlate: FSceneViewport::OnFocusLost() reason 0
[2019.05.08-02.42.51:416][ 83]LogAssetEditorManager: Opening Asset editor for StaticMesh /Game/CartTextured.CartTextured
[2019.05.08-02.42.52:140][ 83]LogAssetEditorManager: Opening Asset editor for Material /Game/Trellis.Trellis
[2019.05.08-02.42.52:146][ 83]LogMaterial: Display: Missing cached shader map for material Trellis, compiling. 
[2019.05.08-02.42.52:332][ 83]LogMaterial: Display: Missing cached shader map for material Trellis, compiling. 
[2019.05.08-02.42.52:357][ 83]LogMaterial: Display: Missing cached shader map for material Trellis, compiling. 
[2019.05.08-02.42.52:397][ 83]LogShaderCompilers: Display: Shaders left to compile 21
[2019.05.08-02.42.52:397][ 83]LogShaderCompilers: Display: Shaders left to compile 20
[2019.05.08-02.42.52:397][ 83]LogShaderCompilers: Display: Shaders left to compile 19
[2019.05.08-02.42.52:397][ 83]LogShaderCompilers: Display: Shaders left to compile 18
[2019.05.08-02.42.52:411][ 83]LogMaterial: Display: Missing cached shader map for material FMatExpressionPreview MaterialExpressionVectorParameter_0, compiling. 
[2019.05.08-02.42.52:511][ 83]LogAssetEditorManager: Opening Asset editor for Material /Game/lambert1.lambert1
[2019.05.08-02.42.52:524][ 83]LogMaterial: Display: Missing cached shader map for material lambert1, compiling. 
[2019.05.08-02.42.52:805][ 83]LogMaterial: Display: Missing cached shader map for material lambert1, compiling. 
[2019.05.08-02.42.52:878][ 83]LogMaterial: Display: Missing cached shader map for material lambert1, compiling. 
[2019.05.08-02.42.53:002][ 83]LogMaterial: Display: Missing cached shader map for material FMatExpressionPreview MaterialExpressionTextureSampleParameter2D_1, compiling. 
[2019.05.08-02.42.53:014][ 83]LogMaterial: Display: Missing cached shader map for material FMatExpressionPreview MaterialExpressionTextureSampleParameter2D_0, compiling. 
[2019.05.08-02.42.53:022][ 83]LogMaterial: Display: Missing cached shader map for material FMatExpressionPreview MaterialExpressionTextureCoordinate_0, compiling. 
[2019.05.08-02.42.53:032][ 83]LogMaterial: Display: Missing cached shader map for material FMatExpressionPreview MaterialExpressionVectorParameter_1, compiling. 
[2019.05.08-02.42.53:107][ 83]LogSlate: Took 0.000543 seconds to synchronously load lazily loaded font '../../../Engine/Content/Slate/Fonts/Roboto-BoldCondensed.ttf' (158K)
[2019.05.08-02.42.53:213][ 83]LogShaderCompilers: Display: Shaders left to compile 95
[2019.05.08-02.42.53:457][ 83]LogShaderCompilers: Display: Shaders left to compile 94
[2019.05.08-02.42.53:457][ 83]LogShaderCompilers: Display: Shaders left to compile 93
[2019.05.08-02.42.53:457][ 83]LogShaderCompilers: Display: Shaders left to compile 92
[2019.05.08-02.42.53:459][ 83]LogShaderCompilers: Display: Shaders left to compile 91
[2019.05.08-02.42.53:508][ 84]LogSlate: Took 0.000377 seconds to synchronously load lazily loaded font '../../../Engine/Content/Slate/Fonts/Roboto-Italic.ttf' (157K)
[2019.05.08-02.42.53:571][ 84]LogShaderCompilers: Display: Shaders left to compile 90
[2019.05.08-02.42.53:571][ 84]LogShaderCompilers: Display: Shaders left to compile 89
[2019.05.08-02.42.53:571][ 84]LogShaderCompilers: Display: Shaders left to compile 88
[2019.05.08-02.42.53:744][ 88]LogShaderCompilers: Display: Shaders left to compile 87
[2019.05.08-02.42.53:987][ 91]LogShaderCompilers: Display: Shaders left to compile 86
[2019.05.08-02.42.54:217][ 95]LogShaderCompilers: Display: Shaders left to compile 85
[2019.05.08-02.42.54:270][ 95]LogShaderCompilers: Display: Shaders left to compile 84
[2019.05.08-02.42.54:382][ 96]LogShaderCompilers: Display: Shaders left to compile 83
[2019.05.08-02.42.54:610][ 97]LogShaderCompilers: Display: Shaders left to compile 82
[2019.05.08-02.42.54:610][ 97]LogShaderCompilers: Display: Shaders left to compile 81
[2019.05.08-02.42.54:931][105]LogShaderCompilers: Display: Shaders left to compile 80
[2019.05.08-02.42.54:946][105]LogShaderCompilers: Display: Shaders left to compile 79
[2019.05.08-02.42.55:077][107]LogShaderCompilers: Display: Shaders left to compile 78
[2019.05.08-02.42.55:184][109]LogShaderCompilers: Display: Shaders left to compile 77
[2019.05.08-02.42.55:332][110]LogShaderCompilers: Display: Shaders left to compile 76
[2019.05.08-02.42.55:526][114]LogShaderCompilers: Display: Shaders left to compile 75
[2019.05.08-02.42.55:575][115]LogShaderCompilers: Display: Shaders left to compile 74
[2019.05.08-02.42.55:583][115]LogShaderCompilers: Display: Shaders left to compile 73
[2019.05.08-02.42.55:605][115]MaterialEditorStats: Base pass shader: 101 instructions
[2019.05.08-02.42.55:605][115]MaterialEditorStats: Base pass shader with Volumetric Lightmap: 174 instructions
[2019.05.08-02.42.55:605][115]MaterialEditorStats: Base pass vertex shader: 32 instructions
[2019.05.08-02.42.55:606][115]MaterialEditorStats: Texture samplers: 3/16
[2019.05.08-02.42.55:730][117]LogShaderCompilers: Display: Shaders left to compile 72
[2019.05.08-02.42.55:897][120]LogShaderCompilers: Display: Shaders left to compile 71
[2019.05.08-02.42.55:909][120]LogShaderCompilers: Display: Shaders left to compile 70
[2019.05.08-02.42.55:956][121]LogShaderCompilers: Display: Shaders left to compile 69
[2019.05.08-02.42.56:034][122]LogShaderCompilers: Display: Shaders left to compile 68
[2019.05.08-02.42.56:191][124]LogShaderCompilers: Display: Shaders left to compile 67
[2019.05.08-02.42.56:205][124]LogShaderCompilers: Display: Shaders left to compile 66
[2019.05.08-02.42.56:229][125]LogShaderCompilers: Display: Shaders left to compile 65
[2019.05.08-02.42.56:312][126]LogShaderCompilers: Display: Shaders left to compile 64
[2019.05.08-02.42.56:572][128]LogRenderer: Reallocating scene render targets to support 1188x708 Format 10 NumSamples 1 (Frame:1).
[2019.05.08-02.42.56:630][129]LogShaderCompilers: Display: Shaders left to compile 63
[2019.05.08-02.42.56:890][135]LogShaderCompilers: Display: Shaders left to compile 62
[2019.05.08-02.42.56:976][136]LogShaderCompilers: Display: Shaders left to compile 61
[2019.05.08-02.42.57:020][137]LogShaderCompilers: Display: Shaders left to compile 60
[2019.05.08-02.42.57:251][139]LogShaderCompilers: Display: Shaders left to compile 59
[2019.05.08-02.42.57:287][139]LogShaderCompilers: Display: Shaders left to compile 58
[2019.05.08-02.42.57:483][139]Cmd: OBJ SAVEPACKAGE PACKAGE="/Game/CartTextured" FILE="../../../../../../Users/black/Documents/GitHub/cly_AssetPipeline/cly_iCWB_AP/firstProject/Content/CartTextured.uasset" SILENT=true
[2019.05.08-02.42.57:554][139]LogSavePackage: Moving '../../../../../../Users/black/Documents/GitHub/cly_AssetPipeline/cly_iCWB_AP/firstProject/Saved/CartTexturedC7469E64498185D78161EFA0E59AC354.tmp' to '../../../../../../Users/black/Documents/GitHub/cly_AssetPipeline/cly_iCWB_AP/firstProject/Content/CartTextured.uasset'
[2019.05.08-02.42.57:581][140]LogShaderCompilers: Display: Shaders left to compile 57
[2019.05.08-02.42.57:621][142]LogShaderCompilers: Display: Shaders left to compile 56
[2019.05.08-02.42.57:647][143]LogShaderCompilers: Display: Shaders left to compile 55
[2019.05.08-02.42.57:958][147]LogShaderCompilers: Display: Shaders left to compile 54
[2019.05.08-02.42.58:011][147]LogShaderCompilers: Display: Shaders left to compile 53
[2019.05.08-02.42.58:020][147]Cmd: OBJ SAVEPACKAGE PACKAGE="/Game/CartTextured" FILE="../../../../../../Users/black/Documents/GitHub/cly_AssetPipeline/cly_iCWB_AP/firstProject/Content/CartTextured.uasset" SILENT=true
[2019.05.08-02.42.58:054][147]LogSavePackage: Moving '../../../../../../Users/black/Documents/GitHub/cly_AssetPipeline/cly_iCWB_AP/firstProject/Saved/CartTextured26F868024D064D9F7240F5BE302BA4B6.tmp' to '../../../../../../Users/black/Documents/GitHub/cly_AssetPipeline/cly_iCWB_AP/firstProject/Content/CartTextured.uasset'
[2019.05.08-02.42.58:244][150]LogShaderCompilers: Display: Shaders left to compile 52
[2019.05.08-02.42.58:287][151]LogShaderCompilers: Display: Shaders left to compile 51
[2019.05.08-02.42.58:444][156]LogShaderCompilers: Display: Shaders left to compile 50
[2019.05.08-02.42.58:655][160]LogShaderCompilers: Display: Shaders left to compile 49
[2019.05.08-02.42.58:857][164]LogShaderCompilers: Display: Shaders left to compile 48
[2019.05.08-02.42.58:994][167]LogShaderCompilers: Display: Shaders left to compile 47
[2019.05.08-02.42.59:095][169]LogShaderCompilers: Display: Shaders left to compile 46
[2019.05.08-02.42.59:242][172]LogShaderCompilers: Display: Shaders left to compile 45
[2019.05.08-02.42.59:395][175]LogShaderCompilers: Display: Shaders left to compile 44
[2019.05.08-02.42.59:502][177]LogShaderCompilers: Display: Shaders left to compile 43
[2019.05.08-02.42.59:513][177]LogShaderCompilers: Display: Shaders left to compile 42
[2019.05.08-02.42.59:592][178]LogShaderCompilers: Display: Shaders left to compile 41
[2019.05.08-02.42.59:747][180]LogShaderCompilers: Display: Shaders left to compile 40
[2019.05.08-02.42.59:831][182]LogShaderCompilers: Display: Shaders left to compile 39
[2019.05.08-02.42.59:847][182]LogShaderCompilers: Display: Shaders left to compile 38
[2019.05.08-02.42.59:915][183]LogShaderCompilers: Display: Shaders left to compile 37
[2019.05.08-02.43.00:067][186]LogShaderCompilers: Display: Shaders left to compile 36
[2019.05.08-02.43.00:392][193]LogShaderCompilers: Display: Shaders left to compile 35
[2019.05.08-02.43.00:506][193]LogShaderCompilers: Display: Shaders left to compile 34
[2019.05.08-02.43.00:571][195]LogShaderCompilers: Display: Shaders left to compile 33
[2019.05.08-02.43.00:709][198]LogShaderCompilers: Display: Shaders left to compile 32
[2019.05.08-02.43.00:948][202]LogShaderCompilers: Display: Shaders left to compile 31
[2019.05.08-02.43.01:059][204]LogShaderCompilers: Display: Shaders left to compile 30
[2019.05.08-02.43.01:263][207]LogShaderCompilers: Display: Shaders left to compile 29
[2019.05.08-02.43.01:371][209]LogShaderCompilers: Display: Shaders left to compile 28
[2019.05.08-02.43.01:415][209]LogShaderCompilers: Display: Shaders left to compile 27
[2019.05.08-02.43.01:642][213]LogShaderCompilers: Display: Shaders left to compile 26
[2019.05.08-02.43.01:789][215]LogShaderCompilers: Display: Shaders left to compile 25
[2019.05.08-02.43.01:807][215]LogShaderCompilers: Display: Shaders left to compile 24
[2019.05.08-02.43.01:904][217]LogShaderCompilers: Display: Shaders left to compile 23
[2019.05.08-02.43.01:986][218]LogShaderCompilers: Display: Shaders left to compile 22
[2019.05.08-02.43.02:117][220]LogShaderCompilers: Display: Shaders left to compile 21
[2019.05.08-02.43.02:148][220]LogShaderCompilers: Display: Shaders left to compile 20
[2019.05.08-02.43.02:213][221]LogShaderCompilers: Display: Shaders left to compile 19
[2019.05.08-02.43.02:306][223]LogShaderCompilers: Display: Shaders left to compile 18
[2019.05.08-02.43.02:398][224]LogShaderCompilers: Display: Shaders left to compile 17
[2019.05.08-02.43.02:706][229]LogShaderCompilers: Display: Shaders left to compile 16
[2019.05.08-02.43.02:789][230]LogShaderCompilers: Display: Shaders left to compile 15
[2019.05.08-02.43.02:898][232]LogShaderCompilers: Display: Shaders left to compile 14
[2019.05.08-02.43.03:040][234]LogShaderCompilers: Display: Shaders left to compile 13
[2019.05.08-02.43.03:186][236]LogShaderCompilers: Display: Shaders left to compile 12
[2019.05.08-02.43.03:374][239]LogShaderCompilers: Display: Shaders left to compile 11
[2019.05.08-02.43.03:545][241]LogShaderCompilers: Display: Shaders left to compile 10
[2019.05.08-02.43.03:555][241]LogSlate: FSceneViewport::OnFocusLost() reason 0
[2019.05.08-02.43.03:605][242]LogShaderCompilers: Display: Shaders left to compile 9
[2019.05.08-02.43.03:752][243]LogShaderCompilers: Display: Shaders left to compile 8
[2019.05.08-02.43.03:937][243]LogShaderCompilers: Display: Shaders left to compile 7
[2019.05.08-02.43.04:050][244]LogShaderCompilers: Display: Shaders left to compile 6
[2019.05.08-02.43.04:169][248]LogShaderCompilers: Display: Shaders left to compile 5
[2019.05.08-02.43.04:218][249]MaterialEditorStats: Base pass shader: 110 instructions
[2019.05.08-02.43.04:218][249]MaterialEditorStats: Base pass shader with Surface Lightmap: 127 instructions
[2019.05.08-02.43.04:219][249]MaterialEditorStats: Base pass shader with Volumetric Lightmap: 184 instructions
[2019.05.08-02.43.04:219][249]MaterialEditorStats: Base pass vertex shader: 36 instructions
[2019.05.08-02.43.04:219][249]MaterialEditorStats: Base pass vertex shader: 88 instructions
[2019.05.08-02.43.04:219][249]MaterialEditorStats: Texture samplers: 4/16
[2019.05.08-02.43.04:219][249]MaterialEditorStats: Texture Lookups (Est.): VS(0), PS(1)
[2019.05.08-02.43.04:219][249]MaterialEditorStats: User interpolators: 2/4 Scalars (1/4 Vectors) (TexCoords: 2, Custom: 0)
[2019.05.08-02.43.04:244][250]LogShaderCompilers: Display: Shaders left to compile 4
[2019.05.08-02.43.04:346][251]LogShaderCompilers: Display: Shaders left to compile 3
[2019.05.08-02.43.04:509][254]LogShaderCompilers: Display: Shaders left to compile 2
[2019.05.08-02.43.04:578][255]LogShaderCompilers: Display: Shaders left to compile 1
[2019.05.08-02.43.05:228][263]LogD3D11RHI: Error: Result failed 
 at D:\Build\++UE4\Sync\Engine\Source\Runtime\Windows\D3D11RHI\Private\D3D11Query.cpp:146 
 with error DXGI_ERROR_DEVICE_REMOVED DXGI_ERROR_DEVICE_HUNG
[2019.05.08-02.43.05:228][263]LogD3D11RHI: [Aftermath] GDynamicRHI=000001E4334CC100, GDX11NVAfterMathEnabled=0, Result=0xFFFFFFFF, bDeviceActive=0
[2019.05.08-02.43.05:228][263]LogWindows: Windows GetLastError: The operation completed successfully. (0)
[2019.05.08-02.43.07:878][263]LogWindows: Windows GetLastError: The operation completed successfully. (0)
[2019.05.08-02.43.07:878][263]LogWindows: Error: === Critical error: ===
[2019.05.08-02.43.07:878][263]LogWindows: Error: 
[2019.05.08-02.43.07:878][263]LogWindows: Error: Fatal error: [File:D:\Build\++UE4\Sync\Engine\Source\Runtime\RenderCore\Private\RenderingThread.cpp] [Line: 826] 
[2019.05.08-02.43.07:878][263]LogWindows: Error: Rendering thread exception:
[2019.05.08-02.43.07:878][263]LogWindows: Error: Fatal error: [File:D:\Build\++UE4\Sync\Engine\Source\Runtime\Windows\D3D11RHI\Private\D3D11Util.cpp] [Line: 200] 
[2019.05.08-02.43.07:878][263]LogWindows: Error: Unreal Engine is exiting due to D3D device being lost. (Error: 0x887A0006 - 'HUNG')
[2019.05.08-02.43.07:878][263]LogWindows: Error: 
[2019.05.08-02.43.07:878][263]LogWindows: Error: 
[2019.05.08-02.43.07:878][263]LogWindows: Error: [Callstack] 0x00007ffa6d3ca388 KERNELBASE.dll!UnknownFunction []
[2019.05.08-02.43.07:878][263]LogWindows: Error: [Callstack] 0x00007ffa4af06850 UE4Editor-ApplicationCore.dll!UnknownFunction []
[2019.05.08-02.43.07:878][263]LogWindows: Error: [Callstack] 0x00007ffa1c7f62fc UE4Editor-Core.dll!UnknownFunction []
[2019.05.08-02.43.07:878][263]LogWindows: Error: [Callstack] 0x00007ffa1c7851db UE4Editor-Core.dll!UnknownFunction []
[2019.05.08-02.43.07:878][263]LogWindows: Error: [Callstack] 0x00007ffa04dfadea UE4Editor-D3D11RHI.dll!UnknownFunction []
[2019.05.08-02.43.07:878][263]LogWindows: Error: [Callstack] 0x00007ffa04dfe6e4 UE4Editor-D3D11RHI.dll!UnknownFunction []
[2019.05.08-02.43.07:878][263]LogWindows: Error: [Callstack] 0x00007ffa04dd5951 UE4Editor-D3D11RHI.dll!UnknownFunction []
[2019.05.08-02.43.07:878][263]LogWindows: Error: [Callstack] 0x00007ffa04deabf8 UE4Editor-D3D11RHI.dll!UnknownFunction []
[2019.05.08-02.43.07:878][263]LogWindows: Error: [Callstack] 0x00007ffa4999b106 UE4Editor-RHI.dll!UnknownFunction []
[2019.05.08-02.43.07:879][263]LogWindows: Error: [Callstack] 0x00007ffa04b91b42 UE4Editor-SlateRHIRenderer.dll!UnknownFunction []
[2019.05.08-02.43.07:879][263]LogWindows: Error: [Callstack] 0x00007ffa04b97d0a UE4Editor-SlateRHIRenderer.dll!UnknownFunction []
[2019.05.08-02.43.07:880][263]LogWindows: Error: [Callstack] 0x00007ffa1c611f92 UE4Editor-Core.dll!UnknownFunction []
[2019.05.08-02.43.07:880][263]LogWindows: Error: [Callstack] 0x00007ffa1c612456 UE4Editor-Core.dll!UnknownFunction []
[2019.05.08-02.43.07:880][263]LogWindows: Error: [Callstack] 0x00007ffa4b4775f9 UE4Editor-RenderCore.dll!UnknownFunction []
[2019.05.08-02.43.07:880][263]LogWindows: Error: [Callstack] 0x00007ffa4b478574 UE4Editor-RenderCore.dll!UnknownFunction []
[2019.05.08-02.43.07:880][263]LogWindows: Error: [Callstack] 0x00007ffa1ca56b7c UE4Editor-Core.dll!UnknownFunction []
[2019.05.08-02.43.07:880][263]LogWindows: Error: [Callstack] 0x00007ffa1ca517c7 UE4Editor-Core.dll!UnknownFunction []
[2019.05.08-02.43.07:880][263]LogWindows: Error: [Callstack] 0x00007ffa70624034 KERNEL32.DLL!UnknownFunction []
[2019.05.08-02.43.07:880][263]LogWindows: Error: [Callstack] 0x00007ffa707c3691 ntdll.dll!UnknownFunction []
[2019.05.08-02.43.07:880][263]LogWindows: Error: 
[2019.05.08-02.43.07:880][263]LogWindows: Error: 
[2019.05.08-02.43.07:880][263]LogWindows: Error: 
[2019.05.08-02.43.07:880][263]LogWindows: Error: 
[2019.05.08-02.43.07:895][263]LogExit: Executing StaticShutdownAfterError
[2019.05.08-02.43.07:899][263]LogWindows: FPlatformMisc::RequestExit(1)
[2019.05.08-02.43.07:904][263]Log file closed, 05/07/19 20:43:07
