Log file open, 04/30/19 08:46:17
LogWindows: Failed to load 'aqProf.dll' (GetLastError=126)
LogWindows: File 'aqProf.dll' does not exist
LogWindows: Failed to load 'VSPerf140.dll' (GetLastError=126)
LogWindows: File 'VSPerf140.dll' does not exist
LogWindows: Failed to load 'VtuneApi.dll' (GetLastError=126)
LogWindows: File 'VtuneApi.dll' does not exist
LogWindows: Failed to load 'VtuneApi32e.dll' (GetLastError=126)
LogWindows: File 'VtuneApi32e.dll' does not exist
LogInit: Display: Running engine for game: cly_iCWB_AP
LogPlatformFile: Not using cached read wrapper
LogTaskGraph: Started task graph with 5 named threads and 23 total threads with 3 sets of task threads.
LogStats: Stats thread started at 0.346019
LogD3D11RHI: Loaded GFSDK_Aftermath_Lib.x64.dll
LogICUInternationalization: Display: ICU TimeZone Detection - Raw Offset: -7:00, Platform Override: ''
LogPluginManager: Mounting plugin Paper2D
LogPluginManager: Mounting plugin AISupport
LogPluginManager: Mounting plugin LightPropagationVolume
LogPluginManager: Mounting plugin CLionSourceCodeAccess
LogPluginManager: Mounting plugin CodeLiteSourceCodeAccess
LogPluginManager: Mounting plugin GitSourceControl
LogPluginManager: Mounting plugin KDevelopSourceCodeAccess
LogPluginManager: Mounting plugin NullSourceCodeAccess
LogPluginManager: Mounting plugin PerforceSourceControl
LogPluginManager: Mounting plugin SubversionSourceControl
LogPluginManager: Mounting plugin UObjectPlugin
LogPluginManager: Mounting plugin VisualStudioCodeSourceCodeAccess
LogPluginManager: Mounting plugin VisualStudioSourceCodeAccess
LogPluginManager: Mounting plugin XCodeSourceCodeAccess
LogPluginManager: Mounting plugin AssetManagerEditor
LogPluginManager: Mounting plugin CryptoKeys
LogPluginManager: Mounting plugin DataValidation
LogPluginManager: Mounting plugin FacialAnimation
LogPluginManager: Mounting plugin GameplayTagsEditor
LogPluginManager: Mounting plugin MacGraphicsSwitching
LogPluginManager: Mounting plugin MeshEditor
LogPluginManager: Mounting plugin MobileLauncherProfileWizard
LogPluginManager: Mounting plugin PluginBrowser
LogPluginManager: Mounting plugin SpeedTreeImporter
LogPluginManager: Mounting plugin DatasmithContent
LogPluginManager: Mounting plugin AlembicImporter
LogPluginManager: Mounting plugin AppleImageUtils
LogPluginManager: Mounting plugin AppleVision
LogPluginManager: Mounting plugin BackChannel
LogPluginManager: Mounting plugin CharacterAI
LogPluginManager: Mounting plugin GeometryCache
LogPluginManager: Mounting plugin HTML5Networking
LogPluginManager: Mounting plugin ProxyLODPlugin
LogPluginManager: Mounting plugin MagicLeap
LogPluginManager: Mounting plugin MagicLeapEmulator
LogPluginManager: Mounting plugin MagicLeapMedia
LogPluginManager: Mounting plugin AndroidMedia
LogPluginManager: Mounting plugin AvfMedia
LogPluginManager: Mounting plugin ImgMedia
LogPluginManager: Mounting plugin LinearTimecode
LogPluginManager: Mounting plugin MediaCompositing
LogPluginManager: Mounting plugin MediaPlayerEditor
LogPluginManager: Mounting plugin WmfMedia
LogPluginManager: Mounting plugin TcpMessaging
LogPluginManager: Mounting plugin UdpMessaging
LogPluginManager: Mounting plugin ActorSequence
LogPluginManager: Mounting plugin LevelSequenceEditor
LogPluginManager: Mounting plugin MatineeToLevelSequence
LogPluginManager: Mounting plugin NetcodeUnitTest
LogPluginManager: Mounting plugin NUTUnrealEngine4
LogPluginManager: Mounting plugin OnlineSubsystemGooglePlay
LogPluginManager: Mounting plugin OnlineSubsystemIOS
LogPluginManager: Mounting plugin OnlineSubsystem
LogPluginManager: Mounting plugin OnlineSubsystemNull
LogPluginManager: Mounting plugin OnlineSubsystemUtils
LogPluginManager: Mounting plugin LauncherChunkInstaller
LogPluginManager: Mounting plugin AndroidDeviceProfileSelector
LogPluginManager: Mounting plugin AndroidMoviePlayer
LogPluginManager: Mounting plugin AndroidPermission
LogPluginManager: Mounting plugin AppleMoviePlayer
LogPluginManager: Mounting plugin ArchVisCharacter
LogPluginManager: Mounting plugin AudioCapture
LogPluginManager: Mounting plugin CableComponent
LogPluginManager: Mounting plugin CustomMeshComponent
LogPluginManager: Mounting plugin EditableMesh
LogPluginManager: Mounting plugin ExampleDeviceProfileSelector
LogPluginManager: Mounting plugin GoogleCloudMessaging
LogPluginManager: Mounting plugin ImmediatePhysics
LogPluginManager: Mounting plugin IOSDeviceProfileSelector
LogPluginManager: Mounting plugin LinuxDeviceProfileSelector
LogPluginManager: Mounting plugin LocationServicesBPLibrary
LogPluginManager: Mounting plugin MobilePatchingUtils
LogPluginManager: Mounting plugin OculusVR
LogPluginManager: Plugin shader directory ../../../Engine/Plugins/Runtime/Oculus/OculusVR/Shaders found
LogPluginManager: Mapping shader source directory ../../../Engine/Plugins/Runtime/Oculus/OculusVR/Shaders to virtual directory /Plugin/OculusVR
LogPluginManager: Mounting plugin PhysXVehicles
LogPluginManager: Mounting plugin ProceduralMeshComponent
LogPluginManager: Mounting plugin RuntimePhysXCooking
LogPluginManager: Mounting plugin SteamVR
LogPluginManager: Mounting plugin WindowsMoviePlayer
LogStreaming: Display: Took  0.225s to configure plugins.
LogInit: Using libcurl 7.55.1-DEV
LogInit:  - built for x86_64-pc-win32
LogInit:  - supports SSL with OpenSSL/1.0.2h
LogInit:  - supports HTTP deflate (compression) using libz 1.2.8
LogInit:  - other features:
LogInit:      CURL_VERSION_SSL
LogInit:      CURL_VERSION_LIBZ
LogInit:      CURL_VERSION_IPV6
LogInit:      CURL_VERSION_ASYNCHDNS
LogInit:      CURL_VERSION_LARGEFILE
LogInit:      CURL_VERSION_IDN
LogInit:  CurlRequestOptions (configurable via config and command line):
LogInit:  - bVerifyPeer = false  - Libcurl will NOT verify peer certificate
LogInit:  - bUseHttpProxy = false  - Libcurl will NOT use HTTP proxy
LogInit:  - bDontReuseConnections = false  - Libcurl will reuse connections
LogInit:  - CertBundlePath = nullptr  - Libcurl will use whatever was configured at build time.
LogInit:  - MaxHostConnections = 16  - Libcurl will limit the number of connections to a host
LogInit:  - LocalHostAddr = Default
LogInit:  - BufferSize = 65536
LogInit: WinSock: version 1.1 (2.2), MaxSocks=32767, MaxUdp=65467
LogInit: Build: ++UE4+Release-4.20-CL-4369336
LogInit: Engine Version: 4.20.3-4369336+++UE4+Release-4.20
LogInit: Compatible Engine Version: 4.20.0-4212847+++UE4+Release-4.20
LogInit: Net CL: 4212847
LogInit: OS: Windows 10 (), CPU: Intel(R) Core(TM) i5-8300H CPU @ 2.30GHz, GPU: Intel(R) UHD Graphics 630
LogInit: Compiled (64-bit): Sep 17 2018 12:26:19
LogInit: Compiled with Visual C++: 19.13.26129.00
LogInit: Build Configuration: Development
LogInit: Branch Name: ++UE4+Release-4.20
LogInit: Command Line: 
LogInit: Base Directory: C:/Program Files/Epic Games/UE_4.20/Engine/Binaries/Win64/
LogInit: Installed Engine Build: 1
LogDevObjectVersion: Number of dev versions registered: 20
LogDevObjectVersion:   Dev-Blueprints (B0D832E4-1F89-4F0D-ACCF-7EB736FD4AA2): 10
LogDevObjectVersion:   Dev-Build (E1C64328-A22C-4D53-A36C-8E866417BD8C): 0
LogDevObjectVersion:   Dev-Core (375EC13C-06E4-48FB-B500-84F0262A717E): 2
LogDevObjectVersion:   Dev-Editor (E4B068ED-F494-42E9-A231-DA0B2E46BB41): 24
LogDevObjectVersion:   Dev-Framework (CFFC743F-43B0-4480-9391-14DF171D2073): 34
LogDevObjectVersion:   Dev-Mobile (B02B49B5-BB20-44E9-A304-32B752E40360): 2
LogDevObjectVersion:   Dev-Networking (A4E4105C-59A1-49B5-A7C5-40C4547EDFEE): 0
LogDevObjectVersion:   Dev-Online (39C831C9-5AE6-47DC-9A44-9C173E1C8E7C): 0
LogDevObjectVersion:   Dev-Physics (78F01B33-EBEA-4F98-B9B4-84EACCB95AA2): 0
LogDevObjectVersion:   Dev-Platform (6631380F-2D4D-43E0-8009-CF276956A95A): 0
LogDevObjectVersion:   Dev-Rendering (12F88B9F-8875-4AFC-A67C-D90C383ABD29): 26
LogDevObjectVersion:   Dev-Sequencer (7B5AE74C-D270-4C10-A958-57980B212A5A): 9
LogDevObjectVersion:   Dev-VR (D7296918-1DD6-4BDD-9DE2-64A83CC13884): 2
LogDevObjectVersion:   Dev-LoadTimes (C2A15278-BFE7-4AFE-6C17-90FF531DF755): 1
LogDevObjectVersion:   Private-Geometry (6EACA3D4-40EC-4CC1-B786-8BED09428FC5): 3
LogDevObjectVersion:   Dev-AnimPhys (29E575DD-E0A3-4627-9D10-D276232CDCEA): 17
LogDevObjectVersion:   Dev-ReflectionCapture (6B266CEC-1EC7-4B8F-A30B-E4D90942FC07): 1
LogDevObjectVersion:   Dev-Automation (0DF73D61-A23F-47EA-B727-89E90C41499A): 1
LogDevObjectVersion:   FortniteMain (601D1886-AC64-4F84-AA16-D3DE0DEAC7D6): 12
LogDevObjectVersion:   Dev-Enterprise (9DFFBCD6-494F-0158-E221-12823C92A888): 1
LogStreaming: Display: Took  0.009s to delete old logs.
LogInit: Presizing for max 8388607 objects, including 0 objects not considered by GC, pre-allocating 0 bytes for permanent pool.
LogInit: Object subsystem initialized
[2019.04.30-14.46.17:845][  0]LogInit: Selected Device Profile: [Windows]
[2019.04.30-14.46.17:845][  0]LogInit: Applying CVar settings loaded from the selected device profile: [Windows]
[2019.04.30-14.46.17:885][  0]LogHAL: Display: Platform has ~ 8 GB [8424574976 / 8589934592 / 8], which maps to Default [LargestMinGB=32, LargerMinGB=12, DefaultMinGB=8, SmallerMinGB=6, SmallestMinGB=0)
[2019.04.30-14.46.17:885][  0]LogInit: Setting Device Profile CVar: [[r.Vulkan.UseRealUBs:1]]
[2019.04.30-14.46.17:885][  0]LogInit: Going up to parent DeviceProfile []
[2019.04.30-14.46.17:885][  0]LogInit: Computer: DESKTOP-4HEA2F2
[2019.04.30-14.46.17:885][  0]LogInit: User: black
[2019.04.30-14.46.17:885][  0]LogInit: CPU Page size=4096, Cores=4
[2019.04.30-14.46.17:886][  0]LogInit: High frequency timer resolution =2.249996 MHz
[2019.04.30-14.46.17:887][  0]LogMemory: Memory total: Physical=7.8GB (8GB approx)
[2019.04.30-14.46.17:887][  0]LogMemory: Platform Memory Stats for Windows
[2019.04.30-14.46.17:887][  0]LogMemory: Process Physical Memory: 99.29 MB used, 99.29 MB peak
[2019.04.30-14.46.17:887][  0]LogMemory: Process Virtual Memory: 90.91 MB used, 90.91 MB peak
[2019.04.30-14.46.17:887][  0]LogMemory: Physical Memory: 4210.16 MB used,  3824.14 MB free, 8034.30 MB total
[2019.04.30-14.46.17:887][  0]LogMemory: Virtual Memory: 4645.23 MB used,  3824.14 MB free, 134217728.00 MB total
[2019.04.30-14.46.17:956][  0]LogInit: Using OS detected language (en-US).
[2019.04.30-14.46.17:956][  0]LogInit: Using OS detected locale (en-US).
[2019.04.30-14.46.17:959][  0]LogTextLocalizationManager: No specific localization for 'en-US' exists, so the 'en' localization will be used.
[2019.04.30-14.46.18:569][  0]LogStreaming: Display: Took  0.614s to InitEngineTextLocalization.
[2019.04.30-14.46.18:569][  0]LogInit: Setting process to per monitor DPI aware
[2019.04.30-14.46.18:615][  0]LogSlate: New Slate User Created.  User Index 0, Is Virtual User: 0
[2019.04.30-14.46.18:615][  0]LogSlate: Slate User Registered.  User Index 0, Is Virtual User: 0
[2019.04.30-14.46.18:906][  0]LogHMD: Failed to initialize OpenVR with code 110
[2019.04.30-14.46.18:906][  0]LogD3D11RHI: D3D11 adapters:
[2019.04.30-14.46.18:990][  0]LogD3D11RHI:    0. 'NVIDIA GeForce GTX 1050 Ti' (Feature Level 11_0)
[2019.04.30-14.46.18:990][  0]LogD3D11RHI:       4029/0/4017 MB DedicatedVideo/DedicatedSystem/SharedSystem, Outputs:1, VendorId:0x10de
[2019.04.30-14.46.19:015][  0]LogD3D11RHI:    1. 'Intel(R) UHD Graphics 630' (Feature Level 11_0)
[2019.04.30-14.46.19:015][  0]LogD3D11RHI:       128/0/4017 MB DedicatedVideo/DedicatedSystem/SharedSystem, Outputs:0, VendorId:0x8086
[2019.04.30-14.46.19:018][  0]LogD3D11RHI:    2. 'Microsoft Basic Render Driver' (Feature Level 11_0)
[2019.04.30-14.46.19:018][  0]LogD3D11RHI:       0/0/4017 MB DedicatedVideo/DedicatedSystem/SharedSystem, Outputs:0, VendorId:0x1414
[2019.04.30-14.46.19:018][  0]LogD3D11RHI: Chosen D3D11 Adapter: 0
[2019.04.30-14.46.19:056][  0]LogD3D11RHI: Creating new Direct3DDevice
[2019.04.30-14.46.19:056][  0]LogD3D11RHI:     GPU DeviceId: 0x1c8c (for the marketing name, search the web for "GPU Device Id")
[2019.04.30-14.46.19:056][  0]LogWindows: EnumDisplayDevices:
[2019.04.30-14.46.19:057][  0]LogWindows:    0. 'Intel(R) UHD Graphics 630' (P:1 D:1)
[2019.04.30-14.46.19:057][  0]LogWindows:    1. 'Intel(R) UHD Graphics 630' (P:0 D:0)
[2019.04.30-14.46.19:057][  0]LogWindows:    2. 'Intel(R) UHD Graphics 630' (P:0 D:0)
[2019.04.30-14.46.19:058][  0]LogWindows:    3. 'NVIDIA GeForce GTX 1050 Ti' (P:0 D:0)
[2019.04.30-14.46.19:058][  0]LogWindows: DebugString: PrimaryIsNotTheChoosenAdapter PrimaryIsNotTheChoosenAdapter PrimaryIsNotTheChoosenAdapter 
[2019.04.30-14.46.19:058][  0]LogD3D11RHI:     Adapter Name: NVIDIA GeForce GTX 1050 Ti
[2019.04.30-14.46.19:058][  0]LogD3D11RHI:   Driver Version: 388.73 (internal:23.21.13.8873, unified:388.73)
[2019.04.30-14.46.19:058][  0]LogD3D11RHI:      Driver Date: 12-18-2017
[2019.04.30-14.46.19:058][  0]LogRHI: Texture pool is 2820 MB (70% of 4029 MB)
[2019.04.30-14.46.19:092][  0]LogD3D11RHI: Async texture creation enabled
[2019.04.30-14.46.19:106][  0]LogD3D11RHI: GPU Timing Frequency: 1000.000000 (Debug: 2 1)
[2019.04.30-14.46.19:107][  0]LogShaderCompilers: Guid format shader working directory is -44 characters bigger than the processId version (../../../../../../Users/black/Documents/GitHub/cly_AssetPipeline/cly_iCWB_AP/firstProject/Intermediate/Shaders/WorkingDirectory/25912/).
[2019.04.30-14.46.19:107][  0]LogShaderCompilers: Cleaned the shader compiler working directory 'C:/Users/black/AppData/Local/Temp/UnrealShaderWorkingDir/7917C8AD4592B5FA9101F5AE9A8F850F/'.
[2019.04.30-14.46.19:517][  0]LogTemp: Display: Loaded TP AllDesktopTargetPlatform
[2019.04.30-14.46.19:548][  0]LogTemp: Display: Loaded TP MacClientTargetPlatform
[2019.04.30-14.46.19:571][  0]LogTemp: Display: Loaded TP MacNoEditorTargetPlatform
[2019.04.30-14.46.19:590][  0]LogTemp: Display: Loaded TP MacServerTargetPlatform
[2019.04.30-14.46.19:609][  0]LogTemp: Display: Loaded TP MacTargetPlatform
[2019.04.30-14.46.19:628][  0]LogTemp: Display: Loaded TP WindowsClientTargetPlatform
[2019.04.30-14.46.19:647][  0]LogTemp: Display: Loaded TP WindowsNoEditorTargetPlatform
[2019.04.30-14.46.19:667][  0]LogTemp: Display: Loaded TP WindowsServerTargetPlatform
[2019.04.30-14.46.19:677][  0]LogTemp: Display: Loaded TP WindowsTargetPlatform
[2019.04.30-14.46.19:794][  0]LogTemp: Display: Loaded TP AndroidTargetPlatform
[2019.04.30-14.46.19:794][  0]LogTemp: Display: Loaded TP AndroidTargetPlatform
[2019.04.30-14.46.19:794][  0]LogTemp: Display: Loaded TP AndroidTargetPlatform
[2019.04.30-14.46.19:794][  0]LogTemp: Display: Loaded TP AndroidTargetPlatform
[2019.04.30-14.46.19:794][  0]LogTemp: Display: Loaded TP AndroidTargetPlatform
[2019.04.30-14.46.19:794][  0]LogTemp: Display: Loaded TP AndroidTargetPlatform
[2019.04.30-14.46.19:794][  0]LogTemp: Display: Loaded TP AndroidTargetPlatform
[2019.04.30-14.46.19:794][  0]LogTemp: Display: Loaded TP AndroidTargetPlatform
[2019.04.30-14.46.19:794][  0]LogTemp: Display: Loaded TP AndroidTargetPlatform
[2019.04.30-14.46.19:794][  0]LogTemp: Display: Loaded TP AndroidTargetPlatform
[2019.04.30-14.46.19:794][  0]LogTemp: Display: Loaded TP AndroidTargetPlatform
[2019.04.30-14.46.19:794][  0]LogTemp: Display: Loaded TP AndroidTargetPlatform
[2019.04.30-14.46.19:794][  0]LogTemp: Display: Loaded TP AndroidTargetPlatform
[2019.04.30-14.46.19:794][  0]LogTemp: Display: Loaded TP AndroidTargetPlatform
[2019.04.30-14.46.19:794][  0]LogTemp: Display: Loaded TP AndroidTargetPlatform
[2019.04.30-14.46.19:794][  0]LogTemp: Display: Loaded TP AndroidTargetPlatform
[2019.04.30-14.46.19:794][  0]LogTemp: Display: Loaded TP AndroidTargetPlatform
[2019.04.30-14.46.19:794][  0]LogTemp: Display: Loaded TP AndroidTargetPlatform
[2019.04.30-14.46.19:796][  0]LogTemp: Display: Loaded TP HTML5TargetPlatform
[2019.04.30-14.46.19:868][  0]LogTemp: Display: Loaded TP IOSTargetPlatform
[2019.04.30-14.46.19:868][  0]LogTemp: Display: Loaded TP IOSTargetPlatform
[2019.04.30-14.46.19:933][  0]LogTemp: Display: Loaded TP TVOSTargetPlatform
[2019.04.30-14.46.19:933][  0]LogTemp: Display: Loaded TP TVOSTargetPlatform
[2019.04.30-14.46.19:968][  0]LogTemp: Display: Loaded TP LinuxClientTargetPlatform
[2019.04.30-14.46.19:989][  0]LogTemp: Display: Loaded TP LinuxNoEditorTargetPlatform
[2019.04.30-14.46.20:006][  0]LogTemp: Display: Loaded TP LinuxServerTargetPlatform
[2019.04.30-14.46.20:025][  0]LogTemp: Display: Loaded TP LinuxTargetPlatform
[2019.04.30-14.46.20:037][  0]LogTemp: Display: Loaded TP LuminTargetPlatform
[2019.04.30-14.46.20:037][  0]LogTargetPlatformManager: Display: Building Assets For Windows
[2019.04.30-14.46.20:195][  0]LogXGEController: Cannot use XGE Controller as Incredibuild is not installed on this machine.
[2019.04.30-14.46.20:195][  0]LogShaderCompilers: Cannot use XGE Shader Compiler as Incredibuild is not installed on this machine.
[2019.04.30-14.46.20:195][  0]LogShaderCompilers: Display: Using Local Shader Compiler.
[2019.04.30-14.46.21:493][  0]LogDerivedDataCache: Display: Max Cache Size: 512 MB
[2019.04.30-14.46.21:569][  0]LogDerivedDataCache: Loaded boot cache 0.08s 71MB C:/Users/black/AppData/Local/UnrealEngine/4.20/DerivedDataCache/Boot.ddc.
[2019.04.30-14.46.21:570][  0]LogDerivedDataCache: Display: Loaded Boot cache: C:/Users/black/AppData/Local/UnrealEngine/4.20/DerivedDataCache/Boot.ddc
[2019.04.30-14.46.21:570][  0]LogDerivedDataCache: FDerivedDataBackendGraph:  Pak pak cache file ../../../../../../Users/black/Documents/GitHub/cly_AssetPipeline/cly_iCWB_AP/firstProject/DerivedDataCache/DDC.ddp not found, will not use a pak cache.
[2019.04.30-14.46.21:570][  0]LogDerivedDataCache: Unable to find inner node Pak for hierarchical cache Hierarchy.
[2019.04.30-14.46.21:570][  0]LogDerivedDataCache: FDerivedDataBackendGraph:  CompressedPak pak cache file ../../../../../../Users/black/Documents/GitHub/cly_AssetPipeline/cly_iCWB_AP/firstProject/DerivedDataCache/Compressed.ddp not found, will not use a pak cache.
[2019.04.30-14.46.21:570][  0]LogDerivedDataCache: Unable to find inner node CompressedPak for hierarchical cache Hierarchy.
[2019.04.30-14.46.21:591][  0]LogDerivedDataCache: Display: Pak cache opened for reading ../../../Engine/DerivedDataCache/Compressed.ddp.
[2019.04.30-14.46.21:605][  0]LogDerivedDataCache: Using Local data cache path C:/Users/black/AppData/Local/UnrealEngine/Common/DerivedDataCache: Writable
[2019.04.30-14.46.21:605][  0]LogDerivedDataCache: Shared data cache path not found in *engine.ini, will not use an Shared cache.
[2019.04.30-14.46.21:605][  0]LogDerivedDataCache: Unable to find inner node Shared for hierarchical cache Hierarchy.
[2019.04.30-14.46.21:645][  0]LogMaterial: Verifying Global Shaders for PCD3D_SM5
[2019.04.30-14.46.21:648][  0]LogSlate: Using FreeType 2.6.0
[2019.04.30-14.46.21:650][  0]LogSlate: SlateFontServices - WITH_FREETYPE: 1, WITH_HARFBUZZ: 1
[2019.04.30-14.46.21:775][  0]LogAssetRegistry: FAssetRegistry took 0.0319 seconds to start up
[2019.04.30-14.46.22:279][  0]LogInit: Selected Device Profile: [Windows]
[2019.04.30-14.46.22:504][  0]LogSimplygon: Simplygon DLL not present - disabling.
[2019.04.30-14.46.22:514][  0]LogMeshReduction: Using SimplygonSwarm for distributed automatic mesh merging
[2019.04.30-14.46.22:514][  0]LogMeshReduction: Using ProxyLODMeshReduction for automatic mesh merging
[2019.04.30-14.46.22:514][  0]LogMeshReduction: Using QuadricMeshReduction for automatic static mesh reduction
[2019.04.30-14.46.22:514][  0]LogMeshReduction: No automatic skeletal mesh reduction module available
[2019.04.30-14.46.22:545][  0]LogNetVersion: cly_iCWB_AP 1.0.0, NetCL: 4212847, EngineNetVer: 5, GameNetVer: 0 (Checksum: 2002434292)
[2019.04.30-14.46.23:656][  0]LogPackageLocalizationCache: Processed 11 localized package path(s) for 2 prioritized culture(s) in 0.268960 seconds
[2019.04.30-14.46.23:673][  0]LogUObjectArray: 38425 objects as part of root set at end of initial load.
[2019.04.30-14.46.23:673][  0]LogUObjectAllocator: 6690872 out of 0 bytes used by permanent object pool.
[2019.04.30-14.46.23:673][  0]LogUObjectArray: CloseDisregardForGC: 0/0 objects in disregard for GC pool
[2019.04.30-14.46.25:238][  0]LogTcpMessaging: Initializing TcpMessaging bridge
[2019.04.30-14.46.25:250][  0]LogUdpMessaging: Initializing bridge on interface 0.0.0.0:0 to multicast group 230.0.0.1:6666.
[2019.04.30-14.46.25:511][  0]SourceControl: Source control is disabled
[2019.04.30-14.46.25:511][  0]SourceControl: Source control is disabled
[2019.04.30-14.46.25:513][  0]SourceControl: Source control is disabled
[2019.04.30-14.46.25:515][  0]SourceControl: Source control is disabled
[2019.04.30-14.46.25:758][  0]LogAndroidPermission: UAndroidPermissionCallbackProxy::GetInstance
[2019.04.30-14.46.25:856][  0]LogOcInput: OculusInput pre-init called
[2019.04.30-14.46.25:942][  0]LogEngine: Initializing Engine...
[2019.04.30-14.46.25:943][  0]LogHMD: Failed to initialize OpenVR with code 110
[2019.04.30-14.46.25:944][  0]LogStats: UGameplayTagsManager::ConstructGameplayTagTree: ImportINI prefixes -  0.000 s
[2019.04.30-14.46.25:944][  0]LogStats: UGameplayTagsManager::ConstructGameplayTagTree: Construct from data asset -  0.000 s
[2019.04.30-14.46.25:944][  0]LogStats: UGameplayTagsManager::ConstructGameplayTagTree: ImportINI -  0.000 s
[2019.04.30-14.46.25:944][  0]LogStats: UGameplayTagsManager::ConstructGameplayTagTree: GameplayTagTreeChangedEvent.Broadcast -  0.000 s
[2019.04.30-14.46.26:491][  0]LogInit: Initializing FReadOnlyCVARCache
[2019.04.30-14.46.26:518][  0]LogAIModule: Creating AISystem for world Untitled
[2019.04.30-14.46.26:525][  0]LogInit: XAudio2 using 'Speakers (Realtek High Definition Audio)' : 2 channels at 48 kHz using 32 bits per sample (channel mask 0x3)
[2019.04.30-14.46.26:689][  0]LogInit: FAudioDevice initialized.
[2019.04.30-14.46.26:690][  0]LogNetVersion: Set ProjectVersion to 1.0.0.0. Version Checksum will be recalculated on next use.
[2019.04.30-14.46.26:819][  0]LogDerivedDataCache: Saved boot cache 0.13s 71MB C:/Users/black/AppData/Local/UnrealEngine/4.20/DerivedDataCache/Boot.ddc.
[2019.04.30-14.46.26:869][  0]LogInit: Texture streaming: Enabled
[2019.04.30-14.46.26:904][  0]LogEngineSessionManager: EngineSessionManager initialized
[2019.04.30-14.46.26:927][  0]LogInit: Transaction tracking system initialized
[2019.04.30-14.46.26:970][  0]BlueprintLog: New page: Editor Load
[2019.04.30-14.46.27:099][  0]LocalizationService: Localization service is disabled
[2019.04.30-14.46.27:520][  0]LogCook: Display: Max memory allowance for cook 16384mb min free memory 0mb
[2019.04.30-14.46.27:520][  0]LogCook: Display: Mobile HDR setting 1
[2019.04.30-14.46.27:520][  0]LogGameplayTags: Display: UGameplayTagsManager::DoneAddingNativeTags. DelegateIsBound: 0
[2019.04.30-14.46.27:520][  0]LogStats: UGameplayTagsManager::ConstructGameplayTagTree: ImportINI prefixes -  0.000 s
[2019.04.30-14.46.27:520][  0]LogStats: UGameplayTagsManager::ConstructGameplayTagTree: Construct from data asset -  0.000 s
[2019.04.30-14.46.27:520][  0]LogStats: UGameplayTagsManager::ConstructGameplayTagTree: ImportINI -  0.000 s
[2019.04.30-14.46.27:520][  0]LogStats: UGameplayTagsManager::ConstructGameplayTagTree: GameplayTagTreeChangedEvent.Broadcast -  0.000 s
[2019.04.30-14.46.27:696][  0]LogFileCache: Scanning file cache for directory 'C:/Users/black/Documents/GitHub/cly_AssetPipeline/cly_iCWB_AP/firstProject/Content/' took 0.01s
[2019.04.30-14.46.27:696][  0]SourceControl: Source control is disabled
[2019.04.30-14.46.27:697][  0]Cmd: MAP LOAD FILE="../../../Engine/Content/Maps/Templates/Template_Default.umap" TEMPLATE=1 SHOWPROGRESS=1 FEATURELEVEL=3
[2019.04.30-14.46.27:697][  0]LightingResults: New page: Lighting Build
[2019.04.30-14.46.27:701][  0]MapCheck: New page: Map Check
[2019.04.30-14.46.27:701][  0]LightingResults: New page: Lighting Build
[2019.04.30-14.46.28:034][  0]LogAIModule: Creating AISystem for world Untitled_1
[2019.04.30-14.46.28:047][  0]LogEditorServer: Finished looking for orphan Actors (0.000 secs)
[2019.04.30-14.46.28:084][  0]Cmd: MAP CHECKDEP NOCLEARLOG
[2019.04.30-14.46.28:187][  0]MapCheck: Map check complete: 0 Error(s), 0 Warning(s), took 102.169ms to complete.
[2019.04.30-14.46.28:187][  0]LogFileHelpers: Loading map 'Template_Default' took 0.490
[2019.04.30-14.46.28:332][  0]LogSlate: Updating window title bar state: overlay mode, drag disabled, window buttons hidden, title bar hidden
[2019.04.30-14.46.28:342][  0]LogSlate: Updating window title bar state: overlay mode, drag disabled, window buttons hidden, title bar hidden
[2019.04.30-14.46.28:352][  0]LogSlate: Updating window title bar state: overlay mode, drag disabled, window buttons hidden, title bar hidden
[2019.04.30-14.46.28:363][  0]LogSlate: Updating window title bar state: overlay mode, drag disabled, window buttons hidden, title bar hidden
[2019.04.30-14.46.28:373][  0]LogCollectionManager: Loaded 0 collections in 0.003609 seconds
[2019.04.30-14.46.28:426][  0]LogFileCache: Scanning file cache for directory 'C:/Users/black/Documents/GitHub/cly_AssetPipeline/cly_iCWB_AP/firstProject/Saved/Collections/' took 0.01s
[2019.04.30-14.46.28:426][  0]LogFileCache: Scanning file cache for directory 'C:/Users/black/Documents/GitHub/cly_AssetPipeline/cly_iCWB_AP/firstProject/Content/Developers/black/Collections/' took 0.01s
[2019.04.30-14.46.28:426][  0]LogFileCache: Scanning file cache for directory 'C:/Users/black/Documents/GitHub/cly_AssetPipeline/cly_iCWB_AP/firstProject/Content/Collections/' took 0.01s
[2019.04.30-14.46.28:426][  0]LogCollectionManager: Rebuilt the GUID cache for 0 collections in 0.000000 seconds
[2019.04.30-14.46.28:452][  0]LogContentBrowser: Native class hierarchy populated in 0.0249 seconds. Added 2572 classes and 603 folders.
[2019.04.30-14.46.28:476][  0]LogContentBrowser: Native class hierarchy updated for 'WidgetCarousel' in 0.0007 seconds. Added 0 classes and 0 folders.
[2019.04.30-14.46.28:621][  0]LogContentBrowser: Native class hierarchy updated for 'AddContentDialog' in 0.0004 seconds. Added 0 classes and 0 folders.
[2019.04.30-14.46.28:628][  0]LogContentBrowser: Native class hierarchy updated for 'SceneOutliner' in 0.0003 seconds. Added 1 classes and 2 folders.
[2019.04.30-14.46.28:647][  0]LogSlate: Took 0.000400 seconds to synchronously load lazily loaded font '../../../Engine/Content/Slate/Fonts/Roboto-Regular.ttf' (155K)
[2019.04.30-14.46.28:652][  0]LogSlate: Took 0.000347 seconds to synchronously load lazily loaded font '../../../Engine/Content/Slate/Fonts/Roboto-Bold.ttf' (160K)
[2019.04.30-14.46.28:660][  0]LogSlate: Took 0.000494 seconds to synchronously load lazily loaded font '../../../Engine/Content/Editor/Slate/Fonts/FontAwesome.ttf' (139K)
[2019.04.30-14.46.28:752][  0]LogRenderer: Reallocating scene render targets to support 1188x360 Format 10 NumSamples 1 (Frame:1).
[2019.04.30-14.46.28:929][  0]LogContentBrowser: Native class hierarchy updated for 'HierarchicalLODOutliner' in 0.0005 seconds. Added 0 classes and 0 folders.
[2019.04.30-14.46.28:929][  0]LogLoad: (Engine Initialization) Total time: 14.30 seconds
[2019.04.30-14.46.28:929][  0]LogLoad: (Engine Initialization) Total Blueprint compile time: 0.00 seconds
[2019.04.30-14.46.28:941][  0]LogWindowsTextInputMethodSystem: Display: IME system now deactivated.
[2019.04.30-14.46.28:968][  0]LogContentStreaming: Texture pool size now 1000 MB
[2019.04.30-14.46.29:043][  2]LogAssetRegistry: Asset discovery search completed in 7.2916 seconds
[2019.04.30-14.46.29:045][  2]LogCollectionManager: Rebuilt the object cache for 0 collections in 0.000000 seconds (found 0 objects)
[2019.04.30-14.46.29:045][  2]LogCollectionManager: Fixed up redirectors for 0 collections in 0.000059 seconds (updated 0 objects)
[2019.04.30-14.46.30:037][ 27]LogSlate: Took 0.000663 seconds to synchronously load lazily loaded font '../../../Engine/Content/Slate/Fonts/Roboto-Light.ttf' (167K)
[2019.04.30-14.46.33:007][114]LogSlate: Took 0.000601 seconds to synchronously load lazily loaded font '../../../Engine/Content/Slate/Fonts/Roboto-Light.ttf' (167K)
[2019.04.30-14.46.58:585][882]LogEditorViewport: Clicking on Actor (LMB): StaticMeshActor (Floor)
[2019.04.30-14.47.06:855][124]LogSlate: FSceneViewport::OnFocusLost() reason 0
[2019.04.30-14.47.07:021][127]LogAssetEditorManager: Opening Asset editor for MaterialInstanceConstant /Game/CY_MI_WoodMaster_.CY_MI_WoodMaster_
[2019.04.30-14.47.07:672][127]LogRenderer: Reallocating scene render targets to support 1188x708 Format 10 NumSamples 1 (Frame:1).
[2019.04.30-14.47.32:134][ 16]LogAssetEditorManager: Opening Asset editor for Material /Game/M_WoodMaster.M_WoodMaster
[2019.04.30-14.47.32:139][ 16]LogMaterial: Display: Missing cached shader map for material M_WoodMaster, compiling. 
[2019.04.30-14.47.32:491][ 16]LogMaterial: Display: Missing cached shader map for material M_WoodMaster, compiling. 
[2019.04.30-14.47.32:529][ 16]LogMaterial: Display: Missing cached shader map for material M_WoodMaster, compiling. 
[2019.04.30-14.47.32:568][ 16]LogShaderCompilers: Display: Shaders left to compile 21
[2019.04.30-14.47.32:568][ 16]LogShaderCompilers: Display: Shaders left to compile 20
[2019.04.30-14.47.32:568][ 16]LogShaderCompilers: Display: Shaders left to compile 19
[2019.04.30-14.47.32:568][ 16]LogShaderCompilers: Display: Shaders left to compile 18
[2019.04.30-14.47.32:598][ 16]LogMaterial: Display: Missing cached shader map for material FMatExpressionPreview MaterialExpressionTextureSampleParameter2D_1, compiling. 
[2019.04.30-14.47.32:611][ 16]LogMaterial: Display: Missing cached shader map for material FMatExpressionPreview MaterialExpressionTextureSampleParameter2D_0, compiling. 
[2019.04.30-14.47.32:624][ 16]LogMaterial: Display: Missing cached shader map for material FMatExpressionPreview MaterialExpressionTextureCoordinate_0, compiling. 
[2019.04.30-14.47.32:635][ 16]LogMaterial: Display: Missing cached shader map for material FMatExpressionPreview MaterialExpressionVectorParameter_0, compiling. 
[2019.04.30-14.47.32:647][ 16]LogMaterial: Display: Missing cached shader map for material FMatExpressionPreview MaterialExpressionTextureSampleParameter2D_2, compiling. 
[2019.04.30-14.47.32:713][ 16]LogSlate: Took 0.000279 seconds to synchronously load lazily loaded font '../../../Engine/Content/Slate/Fonts/Roboto-BoldCondensed.ttf' (158K)
[2019.04.30-14.47.32:973][ 17]LogSlate: Took 0.000457 seconds to synchronously load lazily loaded font '../../../Engine/Content/Slate/Fonts/Roboto-Italic.ttf' (157K)
[2019.04.30-14.47.33:604][ 29]LogShaderCompilers: Display: Shaders left to compile 27
[2019.04.30-14.47.33:624][ 29]LogShaderCompilers: Display: Shaders left to compile 26
[2019.04.30-14.47.33:645][ 30]LogShaderCompilers: Display: Shaders left to compile 25
[2019.04.30-14.47.33:653][ 30]LogShaderCompilers: Display: Shaders left to compile 24
[2019.04.30-14.47.33:912][ 34]LogShaderCompilers: Display: Shaders left to compile 23
[2019.04.30-14.47.33:912][ 34]LogShaderCompilers: Display: Shaders left to compile 22
[2019.04.30-14.47.33:937][ 34]LogShaderCompilers: Display: Shaders left to compile 21
[2019.04.30-14.47.33:949][ 34]LogShaderCompilers: Display: Shaders left to compile 20
[2019.04.30-14.47.34:159][ 37]LogShaderCompilers: Display: Shaders left to compile 19
[2019.04.30-14.47.34:335][ 40]LogShaderCompilers: Display: Shaders left to compile 18
[2019.04.30-14.47.34:578][ 44]LogShaderCompilers: Display: Shaders left to compile 17
[2019.04.30-14.47.34:597][ 44]LogShaderCompilers: Display: Shaders left to compile 16
[2019.04.30-14.47.34:780][ 47]LogShaderCompilers: Display: Shaders left to compile 15
[2019.04.30-14.47.34:926][ 49]LogShaderCompilers: Display: Shaders left to compile 14
[2019.04.30-14.47.34:980][ 50]LogShaderCompilers: Display: Shaders left to compile 13
[2019.04.30-14.47.35:215][ 53]LogShaderCompilers: Display: Shaders left to compile 12
[2019.04.30-14.47.35:312][ 55]LogShaderCompilers: Display: Shaders left to compile 11
[2019.04.30-14.47.35:448][ 57]LogShaderCompilers: Display: Shaders left to compile 10
[2019.04.30-14.47.35:526][ 58]LogShaderCompilers: Display: Shaders left to compile 9
[2019.04.30-14.47.35:671][ 60]LogShaderCompilers: Display: Shaders left to compile 8
[2019.04.30-14.47.35:804][ 62]LogShaderCompilers: Display: Shaders left to compile 7
[2019.04.30-14.47.35:889][ 63]LogShaderCompilers: Display: Shaders left to compile 6
[2019.04.30-14.47.35:891][ 63]MaterialEditorStats: Base pass shader: 117 instructions
[2019.04.30-14.47.35:891][ 63]MaterialEditorStats: Base pass shader with Volumetric Lightmap: 191 instructions
[2019.04.30-14.47.35:891][ 63]MaterialEditorStats: Base pass vertex shader: 36 instructions
[2019.04.30-14.47.35:891][ 63]MaterialEditorStats: Texture samplers: 6/16
[2019.04.30-14.47.35:891][ 63]MaterialEditorStats: Texture Lookups (Est.): VS(0), PS(3)
[2019.04.30-14.47.35:891][ 63]MaterialEditorStats: User interpolators: 2/4 Scalars (1/4 Vectors) (TexCoords: 2, Custom: 0)
[2019.04.30-14.47.35:927][ 64]LogShaderCompilers: Display: Shaders left to compile 5
[2019.04.30-14.47.36:126][ 67]LogShaderCompilers: Display: Shaders left to compile 4
[2019.04.30-14.47.36:158][ 67]LogShaderCompilers: Display: Shaders left to compile 3
[2019.04.30-14.47.36:275][ 69]LogShaderCompilers: Display: Shaders left to compile 2
[2019.04.30-14.47.36:344][ 70]LogShaderCompilers: Display: Shaders left to compile 1
[2019.04.30-14.48.13:859][775]LogSlate: Window 'M_WoodMaster' being destroyed
[2019.04.30-14.48.18:001][867]LogAssetEditorManager: Opening Asset editor for Material /Game/lambert2.lambert2
[2019.04.30-14.48.18:009][867]LogMaterial: Display: Missing cached shader map for material lambert2, compiling. 
[2019.04.30-14.48.18:374][867]LogMaterial: Display: Missing cached shader map for material lambert2, compiling. 
[2019.04.30-14.48.18:455][867]LogMaterial: Display: Missing cached shader map for material lambert2, compiling. 
[2019.04.30-14.48.18:539][867]LogShaderCompilers: Display: Shaders left to compile 59
[2019.04.30-14.48.18:539][867]LogShaderCompilers: Display: Shaders left to compile 58
[2019.04.30-14.48.18:539][867]LogShaderCompilers: Display: Shaders left to compile 57
[2019.04.30-14.48.18:539][867]LogShaderCompilers: Display: Shaders left to compile 56
[2019.04.30-14.48.18:567][867]LogMaterial: Display: Missing cached shader map for material FMatExpressionPreview MaterialExpressionTextureSample_0, compiling. 
[2019.04.30-14.48.19:411][880]LogShaderCompilers: Display: Shaders left to compile 57
[2019.04.30-14.48.19:444][880]LogShaderCompilers: Display: Shaders left to compile 56
[2019.04.30-14.48.19:474][881]LogShaderCompilers: Display: Shaders left to compile 55
[2019.04.30-14.48.19:477][881]LogShaderCompilers: Display: Shaders left to compile 54
[2019.04.30-14.48.19:711][884]LogShaderCompilers: Display: Shaders left to compile 53
[2019.04.30-14.48.19:726][884]LogShaderCompilers: Display: Shaders left to compile 52
[2019.04.30-14.48.19:743][885]LogShaderCompilers: Display: Shaders left to compile 51
[2019.04.30-14.48.19:771][885]LogShaderCompilers: Display: Shaders left to compile 50
[2019.04.30-14.48.19:980][888]LogShaderCompilers: Display: Shaders left to compile 49
[2019.04.30-14.48.20:179][891]LogShaderCompilers: Display: Shaders left to compile 48
[2019.04.30-14.48.20:382][894]LogShaderCompilers: Display: Shaders left to compile 47
[2019.04.30-14.48.20:413][895]LogShaderCompilers: Display: Shaders left to compile 46
[2019.04.30-14.48.20:636][898]LogShaderCompilers: Display: Shaders left to compile 45
[2019.04.30-14.48.20:816][901]LogShaderCompilers: Display: Shaders left to compile 44
[2019.04.30-14.48.20:845][901]LogShaderCompilers: Display: Shaders left to compile 43
[2019.04.30-14.48.21:078][905]LogShaderCompilers: Display: Shaders left to compile 42
[2019.04.30-14.48.21:184][906]LogShaderCompilers: Display: Shaders left to compile 41
[2019.04.30-14.48.21:341][909]LogShaderCompilers: Display: Shaders left to compile 40
[2019.04.30-14.48.21:382][909]LogShaderCompilers: Display: Shaders left to compile 39
[2019.04.30-14.48.21:564][912]LogShaderCompilers: Display: Shaders left to compile 38
[2019.04.30-14.48.21:672][914]LogShaderCompilers: Display: Shaders left to compile 37
[2019.04.30-14.48.21:690][914]LogShaderCompilers: Display: Shaders left to compile 36
[2019.04.30-14.48.21:742][915]LogShaderCompilers: Display: Shaders left to compile 35
[2019.04.30-14.48.21:885][917]LogShaderCompilers: Display: Shaders left to compile 34
[2019.04.30-14.48.21:966][918]LogShaderCompilers: Display: Shaders left to compile 33
[2019.04.30-14.48.22:008][919]LogShaderCompilers: Display: Shaders left to compile 32
[2019.04.30-14.48.22:051][919]LogShaderCompilers: Display: Shaders left to compile 31
[2019.04.30-14.48.22:175][921]LogShaderCompilers: Display: Shaders left to compile 30
[2019.04.30-14.48.22:459][925]LogShaderCompilers: Display: Shaders left to compile 29
[2019.04.30-14.48.22:577][927]LogShaderCompilers: Display: Shaders left to compile 28
[2019.04.30-14.48.22:636][928]LogShaderCompilers: Display: Shaders left to compile 27
[2019.04.30-14.48.22:746][930]LogShaderCompilers: Display: Shaders left to compile 26
[2019.04.30-14.48.22:987][933]LogShaderCompilers: Display: Shaders left to compile 25
[2019.04.30-14.48.23:077][935]LogShaderCompilers: Display: Shaders left to compile 24
[2019.04.30-14.48.23:261][937]LogShaderCompilers: Display: Shaders left to compile 23
[2019.04.30-14.48.23:394][938]LogShaderCompilers: Display: Shaders left to compile 22
[2019.04.30-14.48.23:413][938]LogShaderCompilers: Display: Shaders left to compile 21
[2019.04.30-14.48.23:579][940]LogShaderCompilers: Display: Shaders left to compile 20
[2019.04.30-14.48.23:777][946]LogShaderCompilers: Display: Shaders left to compile 19
[2019.04.30-14.48.23:818][947]LogShaderCompilers: Display: Shaders left to compile 18
[2019.04.30-14.48.23:871][949]LogShaderCompilers: Display: Shaders left to compile 17
[2019.04.30-14.48.23:969][952]LogShaderCompilers: Display: Shaders left to compile 16
[2019.04.30-14.48.24:136][957]LogShaderCompilers: Display: Shaders left to compile 15
[2019.04.30-14.48.24:149][957]LogShaderCompilers: Display: Shaders left to compile 14
[2019.04.30-14.48.24:174][958]LogShaderCompilers: Display: Shaders left to compile 13
[2019.04.30-14.48.24:273][961]LogShaderCompilers: Display: Shaders left to compile 12
[2019.04.30-14.48.24:434][966]LogShaderCompilers: Display: Shaders left to compile 11
[2019.04.30-14.48.24:701][974]LogShaderCompilers: Display: Shaders left to compile 10
[2019.04.30-14.48.24:812][977]LogShaderCompilers: Display: Shaders left to compile 9
[2019.04.30-14.48.24:876][979]LogShaderCompilers: Display: Shaders left to compile 8
[2019.04.30-14.48.25:053][984]LogShaderCompilers: Display: Shaders left to compile 7
[2019.04.30-14.48.25:244][990]LogShaderCompilers: Display: Shaders left to compile 6
[2019.04.30-14.48.25:372][994]LogShaderCompilers: Display: Shaders left to compile 5
[2019.04.30-14.48.25:569][  0]LogShaderCompilers: Display: Shaders left to compile 4
[2019.04.30-14.48.25:670][  3]LogShaderCompilers: Display: Shaders left to compile 3
[2019.04.30-14.48.25:805][  7]LogShaderCompilers: Display: Shaders left to compile 2
[2019.04.30-14.48.25:971][ 12]LogShaderCompilers: Display: Shaders left to compile 1
[2019.04.30-14.48.27:464][ 56]MaterialEditorStats: Base pass shader: 102 instructions
[2019.04.30-14.48.27:464][ 56]MaterialEditorStats: Base pass shader with Volumetric Lightmap: 175 instructions
[2019.04.30-14.48.27:464][ 56]MaterialEditorStats: Base pass vertex shader: 36 instructions
[2019.04.30-14.48.27:464][ 56]MaterialEditorStats: Base pass vertex shader: 88 instructions
[2019.04.30-14.48.27:464][ 56]MaterialEditorStats: Texture samplers: 4/16
[2019.04.30-14.48.27:464][ 56]MaterialEditorStats: Texture Lookups (Est.): VS(0), PS(1)
[2019.04.30-14.48.27:464][ 56]MaterialEditorStats: User interpolators: 2/4 Scalars (1/4 Vectors) (TexCoords: 2, Custom: 0)
[2019.04.30-14.48.29:048][104]LogUObjectHash: Warning: Ambiguous search, could be MaterialGraphNode /Engine/Transient.M_WoodMaster:MaterialGraph_0.MaterialGraphNode_17 or MaterialGraphNode /Engine/Transient.lambert2:MaterialGraph_0.MaterialGraphNode_17
[2019.04.30-14.48.29:048][104]LogProperty: Warning: ObjectProperty /Script/Engine.ExpressionInput:Expression: unresolved reference to 'MaterialExpressionTextureSampleParameter2D'"MaterialGraphNode_17.MaterialExpressionTextureSampleParameter2D_2"',Mask=1,MaskR=1,MaskG=1,MaskB=1)'
[2019.04.30-14.48.29:049][104]LogUObjectHash: Warning: Ambiguous search, could be MaterialGraphNode /Engine/Transient.M_WoodMaster:MaterialGraph_0.MaterialGraphNode_16 or MaterialGraphNode /Engine/Transient.lambert2:MaterialGraph_0.MaterialGraphNode_16
[2019.04.30-14.48.29:049][104]LogProperty: Warning: ObjectProperty /Script/Engine.ExpressionInput:Expression: unresolved reference to 'MaterialExpressionMultiply'"MaterialGraphNode_16.MaterialExpressionMultiply_1"')'
[2019.04.30-14.48.29:053][104]LogUObjectHash: Warning: Ambiguous search, could be MaterialGraphNode /Engine/Transient.M_WoodMaster:MaterialGraph_0.MaterialGraphNode_14 or MaterialGraphNode /Engine/Transient.lambert2:MaterialGraph_0.MaterialGraphNode_14
[2019.04.30-14.48.29:053][104]LogProperty: Warning: ObjectProperty /Script/Engine.ExpressionInput:Expression: unresolved reference to 'MaterialExpressionAdd'"MaterialGraphNode_14.MaterialExpressionAdd_0"')'
[2019.04.30-14.48.29:055][104]LogUObjectHash: Warning: Ambiguous search, could be MaterialGraphNode /Engine/Transient.M_WoodMaster:MaterialGraph_0.MaterialGraphNode_14 or MaterialGraphNode /Engine/Transient.lambert2:MaterialGraph_0.MaterialGraphNode_14
[2019.04.30-14.48.29:055][104]LogProperty: Warning: ObjectProperty /Script/Engine.ExpressionInput:Expression: unresolved reference to 'MaterialExpressionAdd'"MaterialGraphNode_14.MaterialExpressionAdd_0"')'
[2019.04.30-14.48.29:060][104]LogUObjectHash: Warning: Ambiguous search, could be MaterialGraphNode /Engine/Transient.M_WoodMaster:MaterialGraph_0.MaterialGraphNode_7 or MaterialGraphNode /Engine/Transient.lambert2:MaterialGraph_0.MaterialGraphNode_7
[2019.04.30-14.48.29:060][104]LogProperty: Warning: ObjectProperty /Script/Engine.ExpressionInput:Expression: unresolved reference to 'MaterialExpressionScalarParameter'"MaterialGraphNode_7.MaterialExpressionScalarParameter_0"')'
[2019.04.30-14.48.29:060][104]LogUObjectHash: Warning: Ambiguous search, could be MaterialGraphNode /Engine/Transient.M_WoodMaster:MaterialGraph_0.MaterialGraphNode_8 or MaterialGraphNode /Engine/Transient.lambert2:MaterialGraph_0.MaterialGraphNode_8
[2019.04.30-14.48.29:061][104]LogProperty: Warning: ObjectProperty /Script/Engine.ExpressionInput:Expression: unresolved reference to 'MaterialExpressionScalarParameter'"MaterialGraphNode_8.MaterialExpressionScalarParameter_1"')'
[2019.04.30-14.48.29:062][104]LogUObjectHash: Warning: Ambiguous search, could be MaterialGraphNode /Engine/Transient.M_WoodMaster:MaterialGraph_0.MaterialGraphNode_6 or MaterialGraphNode /Engine/Transient.lambert2:MaterialGraph_0.MaterialGraphNode_6
[2019.04.30-14.48.29:062][104]LogProperty: Warning: ObjectProperty /Script/Engine.ExpressionInput:Expression: unresolved reference to 'MaterialExpressionTextureCoordinate'"MaterialGraphNode_6.MaterialExpressionTextureCoordinate_0"')'
[2019.04.30-14.48.29:062][104]LogUObjectHash: Warning: Ambiguous search, could be MaterialGraphNode /Engine/Transient.M_WoodMaster:MaterialGraph_0.MaterialGraphNode_11 or MaterialGraphNode /Engine/Transient.lambert2:MaterialGraph_0.MaterialGraphNode_11
[2019.04.30-14.48.29:062][104]LogProperty: Warning: ObjectProperty /Script/Engine.ExpressionInput:Expression: unresolved reference to 'MaterialExpressionAppendVector'"MaterialGraphNode_11.MaterialExpressionAppendVector_0"')'
[2019.04.30-14.48.29:063][104]LogUObjectHash: Warning: Ambiguous search, could be MaterialGraphNode /Engine/Transient.M_WoodMaster:MaterialGraph_0.MaterialGraphNode_10 or MaterialGraphNode /Engine/Transient.lambert2:MaterialGraph_0.MaterialGraphNode_10
[2019.04.30-14.48.29:063][104]LogProperty: Warning: ObjectProperty /Script/Engine.ExpressionInput:Expression: unresolved reference to 'MaterialExpressionScalarParameter'"MaterialGraphNode_10.MaterialExpressionScalarParameter_3"')'
[2019.04.30-14.48.29:064][104]LogUObjectHash: Warning: Ambiguous search, could be MaterialGraphNode /Engine/Transient.M_WoodMaster:MaterialGraph_0.MaterialGraphNode_9 or MaterialGraphNode /Engine/Transient.lambert2:MaterialGraph_0.MaterialGraphNode_9
[2019.04.30-14.48.29:064][104]LogProperty: Warning: ObjectProperty /Script/Engine.ExpressionInput:Expression: unresolved reference to 'MaterialExpressionScalarParameter'"MaterialGraphNode_9.MaterialExpressionScalarParameter_2"')'
[2019.04.30-14.48.29:065][104]LogUObjectHash: Warning: Ambiguous search, could be MaterialGraphNode /Engine/Transient.M_WoodMaster:MaterialGraph_0.MaterialGraphNode_12 or MaterialGraphNode /Engine/Transient.lambert2:MaterialGraph_0.MaterialGraphNode_12
[2019.04.30-14.48.29:065][104]LogProperty: Warning: ObjectProperty /Script/Engine.ExpressionInput:Expression: unresolved reference to 'MaterialExpressionMultiply'"MaterialGraphNode_12.MaterialExpressionMultiply_0"')'
[2019.04.30-14.48.29:065][104]LogUObjectHash: Warning: Ambiguous search, could be MaterialGraphNode /Engine/Transient.M_WoodMaster:MaterialGraph_0.MaterialGraphNode_13 or MaterialGraphNode /Engine/Transient.lambert2:MaterialGraph_0.MaterialGraphNode_13
[2019.04.30-14.48.29:065][104]LogProperty: Warning: ObjectProperty /Script/Engine.ExpressionInput:Expression: unresolved reference to 'MaterialExpressionAppendVector'"MaterialGraphNode_13.MaterialExpressionAppendVector_1"')'
[2019.04.30-14.48.29:067][104]LogUObjectHash: Warning: Ambiguous search, could be MaterialGraphNode /Engine/Transient.M_WoodMaster:MaterialGraph_0.MaterialGraphNode_15 or MaterialGraphNode /Engine/Transient.lambert2:MaterialGraph_0.MaterialGraphNode_15
[2019.04.30-14.48.29:068][104]LogProperty: Warning: ObjectProperty /Script/Engine.ExpressionInput:Expression: unresolved reference to 'MaterialExpressionVectorParameter'"MaterialGraphNode_15.MaterialExpressionVectorParameter_0"',Mask=1,MaskR=1,MaskG=1,MaskB=1)'
[2019.04.30-14.48.29:068][104]LogUObjectHash: Warning: Ambiguous search, could be MaterialGraphNode /Engine/Transient.M_WoodMaster:MaterialGraph_0.MaterialGraphNode_5 or MaterialGraphNode /Engine/Transient.lambert2:MaterialGraph_0.MaterialGraphNode_5
[2019.04.30-14.48.29:068][104]LogProperty: Warning: ObjectProperty /Script/Engine.ExpressionInput:Expression: unresolved reference to 'MaterialExpressionTextureSampleParameter2D'"MaterialGraphNode_5.MaterialExpressionTextureSampleParameter2D_0"',Mask=1,MaskR=1,MaskG=1,MaskB=1)'
[2019.04.30-14.48.29:121][104]LogMaterial: Display: Missing cached shader map for material lambert2, compiling. 
[2019.04.30-14.48.29:187][104]LogMaterial: Display: Missing cached shader map for material FMatExpressionPreview MaterialExpressionTextureSampleParameter2D_1, compiling. 
[2019.04.30-14.48.29:195][104]LogShaderCompilers: Display: Shaders left to compile 59
[2019.04.30-14.48.29:195][104]LogShaderCompilers: Display: Shaders left to compile 58
[2019.04.30-14.48.29:195][104]LogShaderCompilers: Display: Shaders left to compile 57
[2019.04.30-14.48.29:195][104]LogShaderCompilers: Display: Shaders left to compile 56
[2019.04.30-14.48.29:195][104]LogMaterial: Display: Missing cached shader map for material FMatExpressionPreview MaterialExpressionTextureSampleParameter2D_0, compiling. 
[2019.04.30-14.48.29:201][104]LogMaterial: Display: Missing cached shader map for material FMatExpressionPreview MaterialExpressionTextureCoordinate_0, compiling. 
[2019.04.30-14.48.29:210][104]LogMaterial: Display: Missing cached shader map for material FMatExpressionPreview MaterialExpressionVectorParameter_0, compiling. 
[2019.04.30-14.48.29:219][104]LogMaterial: Display: Missing cached shader map for material FMatExpressionPreview MaterialExpressionTextureSampleParameter2D_2, compiling. 
[2019.04.30-14.48.29:551][113]LogShaderCompilers: Display: Shaders left to compile 65
[2019.04.30-14.48.29:564][113]LogShaderCompilers: Display: Shaders left to compile 64
[2019.04.30-14.48.29:590][113]LogShaderCompilers: Display: Shaders left to compile 63
[2019.04.30-14.48.29:609][114]LogShaderCompilers: Display: Shaders left to compile 62
[2019.04.30-14.48.29:832][117]LogShaderCompilers: Display: Shaders left to compile 61
[2019.04.30-14.48.29:845][117]LogShaderCompilers: Display: Shaders left to compile 60
[2019.04.30-14.48.29:845][117]LogShaderCompilers: Display: Shaders left to compile 59
[2019.04.30-14.48.29:875][118]LogShaderCompilers: Display: Shaders left to compile 58
[2019.04.30-14.48.30:080][121]LogShaderCompilers: Display: Shaders left to compile 57
[2019.04.30-14.48.30:247][123]LogShaderCompilers: Display: Shaders left to compile 56
[2019.04.30-14.48.30:412][126]LogShaderCompilers: Display: Shaders left to compile 55
[2019.04.30-14.48.30:476][127]LogShaderCompilers: Display: Shaders left to compile 54
[2019.04.30-14.48.30:646][129]LogShaderCompilers: Display: Shaders left to compile 53
[2019.04.30-14.48.30:765][131]LogShaderCompilers: Display: Shaders left to compile 52
[2019.04.30-14.48.30:814][132]LogShaderCompilers: Display: Shaders left to compile 51
[2019.04.30-14.48.31:088][134]LogShaderCompilers: Display: Shaders left to compile 50
[2019.04.30-14.48.31:146][136]LogShaderCompilers: Display: Shaders left to compile 49
[2019.04.30-14.48.31:306][139]LogShaderCompilers: Display: Shaders left to compile 48
[2019.04.30-14.48.31:342][139]LogShaderCompilers: Display: Shaders left to compile 47
[2019.04.30-14.48.31:515][141]LogShaderCompilers: Display: Shaders left to compile 46
[2019.04.30-14.48.31:639][142]LogShaderCompilers: Display: Shaders left to compile 45
[2019.04.30-14.48.31:655][142]LogShaderCompilers: Display: Shaders left to compile 44
[2019.04.30-14.48.31:685][143]LogShaderCompilers: Display: Shaders left to compile 43
[2019.04.30-14.48.31:849][145]LogShaderCompilers: Display: Shaders left to compile 42
[2019.04.30-14.48.31:964][147]LogShaderCompilers: Display: Shaders left to compile 41
[2019.04.30-14.48.31:979][147]LogShaderCompilers: Display: Shaders left to compile 40
[2019.04.30-14.48.32:005][148]LogShaderCompilers: Display: Shaders left to compile 39
[2019.04.30-14.48.32:151][150]LogShaderCompilers: Display: Shaders left to compile 38
[2019.04.30-14.48.32:380][153]LogShaderCompilers: Display: Shaders left to compile 37
[2019.04.30-14.48.32:570][156]LogShaderCompilers: Display: Shaders left to compile 36
[2019.04.30-14.48.32:611][157]LogShaderCompilers: Display: Shaders left to compile 35
[2019.04.30-14.48.32:721][158]LogShaderCompilers: Display: Shaders left to compile 34
[2019.04.30-14.48.32:948][162]LogShaderCompilers: Display: Shaders left to compile 33
[2019.04.30-14.48.32:958][162]LogShaderCompilers: Display: Shaders left to compile 32
[2019.04.30-14.48.33:211][166]LogShaderCompilers: Display: Shaders left to compile 31
[2019.04.30-14.48.33:342][168]LogShaderCompilers: Display: Shaders left to compile 30
[2019.04.30-14.48.33:376][168]LogShaderCompilers: Display: Shaders left to compile 29
[2019.04.30-14.48.33:505][170]LogShaderCompilers: Display: Shaders left to compile 28
[2019.04.30-14.48.33:725][172]LogShaderCompilers: Display: Shaders left to compile 27
[2019.04.30-14.48.33:740][172]LogShaderCompilers: Display: Shaders left to compile 26
[2019.04.30-14.48.33:750][172]LogShaderCompilers: Display: Shaders left to compile 25
[2019.04.30-14.48.33:813][173]LogShaderCompilers: Display: Shaders left to compile 24
[2019.04.30-14.48.34:029][175]LogShaderCompilers: Display: Shaders left to compile 23
[2019.04.30-14.48.34:040][175]LogShaderCompilers: Display: Shaders left to compile 22
[2019.04.30-14.48.34:067][175]LogShaderCompilers: Display: Shaders left to compile 21
[2019.04.30-14.48.34:080][175]LogShaderCompilers: Display: Shaders left to compile 20
[2019.04.30-14.48.34:304][178]LogShaderCompilers: Display: Shaders left to compile 19
[2019.04.30-14.48.34:493][179]LogShaderCompilers: Display: Shaders left to compile 18
[2019.04.30-14.48.34:641][181]LogShaderCompilers: Display: Shaders left to compile 17
[2019.04.30-14.48.34:666][181]LogShaderCompilers: Display: Shaders left to compile 16
[2019.04.30-14.48.34:860][183]LogShaderCompilers: Display: Shaders left to compile 15
[2019.04.30-14.48.35:045][187]LogShaderCompilers: Display: Shaders left to compile 14
[2019.04.30-14.48.35:104][188]LogShaderCompilers: Display: Shaders left to compile 13
[2019.04.30-14.48.35:313][192]LogShaderCompilers: Display: Shaders left to compile 12
[2019.04.30-14.48.35:456][195]LogShaderCompilers: Display: Shaders left to compile 11
[2019.04.30-14.48.35:563][197]LogShaderCompilers: Display: Shaders left to compile 10
[2019.04.30-14.48.35:675][200]LogShaderCompilers: Display: Shaders left to compile 9
[2019.04.30-14.48.35:872][204]LogShaderCompilers: Display: Shaders left to compile 8
[2019.04.30-14.48.35:958][206]LogShaderCompilers: Display: Shaders left to compile 7
[2019.04.30-14.48.36:035][207]MaterialEditorStats: Base pass shader: 102 instructions
[2019.04.30-14.48.36:035][207]MaterialEditorStats: Base pass shader with Volumetric Lightmap: 175 instructions
[2019.04.30-14.48.36:035][207]MaterialEditorStats: Base pass vertex shader: 36 instructions
[2019.04.30-14.48.36:035][207]MaterialEditorStats: Base pass vertex shader: 88 instructions
[2019.04.30-14.48.36:035][207]MaterialEditorStats: Texture samplers: 4/16
[2019.04.30-14.48.36:036][207]MaterialEditorStats: Texture Lookups (Est.): VS(0), PS(1)
[2019.04.30-14.48.36:036][207]MaterialEditorStats: User interpolators: 2/4 Scalars (1/4 Vectors) (TexCoords: 2, Custom: 0)
[2019.04.30-14.48.36:107][209]LogShaderCompilers: Display: Shaders left to compile 6
[2019.04.30-14.48.36:109][209]LogShaderCompilers: Display: Shaders left to compile 5
[2019.04.30-14.48.36:369][214]LogShaderCompilers: Display: Shaders left to compile 4
[2019.04.30-14.48.36:412][215]LogShaderCompilers: Display: Shaders left to compile 3
[2019.04.30-14.48.36:533][217]LogShaderCompilers: Display: Shaders left to compile 2
[2019.04.30-14.48.36:608][219]LogShaderCompilers: Display: Shaders left to compile 1
[2019.04.30-14.49.49:053][991]LogMaterial: Display: Missing cached shader map for material lambert2, compiling. 
[2019.04.30-14.49.49:151][991]LogShaderCompilers: Display: Shaders left to compile 59
[2019.04.30-14.49.49:151][991]LogShaderCompilers: Display: Shaders left to compile 58
[2019.04.30-14.49.49:151][991]LogShaderCompilers: Display: Shaders left to compile 57
[2019.04.30-14.49.49:151][991]LogShaderCompilers: Display: Shaders left to compile 56
[2019.04.30-14.49.49:299][991]LogMaterial: Display: Missing cached shader map for material FMatExpressionPreview MaterialExpressionTextureSampleParameter2D_1, compiling. 
[2019.04.30-14.49.49:321][991]LogMaterial: Display: Missing cached shader map for material FMatExpressionPreview MaterialExpressionTextureSampleParameter2D_0, compiling. 
[2019.04.30-14.49.49:344][991]LogMaterial: Display: Missing cached shader map for material FMatExpressionPreview MaterialExpressionTextureCoordinate_0, compiling. 
[2019.04.30-14.49.49:362][991]LogMaterial: Display: Missing cached shader map for material FMatExpressionPreview MaterialExpressionVectorParameter_0, compiling. 
[2019.04.30-14.49.49:378][991]LogMaterial: Display: Missing cached shader map for material FMatExpressionPreview MaterialExpressionTextureSampleParameter2D_2, compiling. 
[2019.04.30-14.49.49:986][  4]LogShaderCompilers: Display: Shaders left to compile 65
[2019.04.30-14.49.50:078][  6]LogShaderCompilers: Display: Shaders left to compile 64
[2019.04.30-14.49.50:078][  6]LogShaderCompilers: Display: Shaders left to compile 63
[2019.04.30-14.49.50:078][  6]LogShaderCompilers: Display: Shaders left to compile 62
[2019.04.30-14.49.50:288][  9]LogShaderCompilers: Display: Shaders left to compile 61
[2019.04.30-14.49.50:320][  9]LogShaderCompilers: Display: Shaders left to compile 60
[2019.04.30-14.49.50:354][ 10]LogShaderCompilers: Display: Shaders left to compile 59
[2019.04.30-14.49.50:371][ 10]LogShaderCompilers: Display: Shaders left to compile 58
[2019.04.30-14.49.50:552][ 13]LogShaderCompilers: Display: Shaders left to compile 57
[2019.04.30-14.49.50:719][ 15]LogShaderCompilers: Display: Shaders left to compile 56
[2019.04.30-14.49.50:915][ 18]LogShaderCompilers: Display: Shaders left to compile 55
[2019.04.30-14.49.50:978][ 19]LogShaderCompilers: Display: Shaders left to compile 54
[2019.04.30-14.49.51:115][ 21]LogShaderCompilers: Display: Shaders left to compile 53
[2019.04.30-14.49.51:261][ 23]LogShaderCompilers: Display: Shaders left to compile 52
[2019.04.30-14.49.51:290][ 23]LogShaderCompilers: Display: Shaders left to compile 51
[2019.04.30-14.49.51:566][ 27]LogShaderCompilers: Display: Shaders left to compile 50
[2019.04.30-14.49.51:620][ 28]LogShaderCompilers: Display: Shaders left to compile 49
[2019.04.30-14.49.51:750][ 30]LogShaderCompilers: Display: Shaders left to compile 48
[2019.04.30-14.49.51:824][ 31]LogShaderCompilers: Display: Shaders left to compile 47
[2019.04.30-14.49.51:976][ 33]LogShaderCompilers: Display: Shaders left to compile 46
[2019.04.30-14.49.52:081][ 35]LogShaderCompilers: Display: Shaders left to compile 45
[2019.04.30-14.49.52:122][ 35]LogShaderCompilers: Display: Shaders left to compile 44
[2019.04.30-14.49.52:149][ 36]LogShaderCompilers: Display: Shaders left to compile 43
[2019.04.30-14.49.52:285][ 38]LogShaderCompilers: Display: Shaders left to compile 42
[2019.04.30-14.49.52:383][ 39]LogShaderCompilers: Display: Shaders left to compile 41
[2019.04.30-14.49.52:415][ 40]LogShaderCompilers: Display: Shaders left to compile 40
[2019.04.30-14.49.52:436][ 40]LogShaderCompilers: Display: Shaders left to compile 39
[2019.04.30-14.49.52:562][ 42]LogShaderCompilers: Display: Shaders left to compile 38
[2019.04.30-14.49.52:825][ 46]LogShaderCompilers: Display: Shaders left to compile 37
[2019.04.30-14.49.52:976][ 48]LogShaderCompilers: Display: Shaders left to compile 36
[2019.04.30-14.49.53:019][ 49]LogShaderCompilers: Display: Shaders left to compile 35
[2019.04.30-14.49.53:124][ 50]LogShaderCompilers: Display: Shaders left to compile 34
[2019.04.30-14.49.53:364][ 54]LogShaderCompilers: Display: Shaders left to compile 33
[2019.04.30-14.49.53:415][ 55]LogShaderCompilers: Display: Shaders left to compile 32
[2019.04.30-14.49.53:632][ 58]LogShaderCompilers: Display: Shaders left to compile 31
[2019.04.30-14.49.53:723][ 59]LogShaderCompilers: Display: Shaders left to compile 30
[2019.04.30-14.49.53:751][ 60]LogShaderCompilers: Display: Shaders left to compile 29
[2019.04.30-14.49.53:911][ 62]LogShaderCompilers: Display: Shaders left to compile 28
[2019.04.30-14.49.54:092][ 65]LogShaderCompilers: Display: Shaders left to compile 27
[2019.04.30-14.49.54:110][ 65]LogShaderCompilers: Display: Shaders left to compile 26
[2019.04.30-14.49.54:213][ 67]LogShaderCompilers: Display: Shaders left to compile 25
[2019.04.30-14.49.54:233][ 67]LogShaderCompilers: Display: Shaders left to compile 24
[2019.04.30-14.49.54:389][ 69]LogShaderCompilers: Display: Shaders left to compile 23
[2019.04.30-14.49.54:416][ 70]LogShaderCompilers: Display: Shaders left to compile 22
[2019.04.30-14.49.54:479][ 70]LogShaderCompilers: Display: Shaders left to compile 21
[2019.04.30-14.49.54:508][ 71]LogShaderCompilers: Display: Shaders left to compile 20
[2019.04.30-14.49.54:642][ 73]LogShaderCompilers: Display: Shaders left to compile 19
[2019.04.30-14.49.54:859][ 76]LogShaderCompilers: Display: Shaders left to compile 18
[2019.04.30-14.49.55:001][ 79]LogShaderCompilers: Display: Shaders left to compile 17
[2019.04.30-14.49.55:104][ 82]LogShaderCompilers: Display: Shaders left to compile 16
[2019.04.30-14.49.55:231][ 86]LogShaderCompilers: Display: Shaders left to compile 15
[2019.04.30-14.49.55:398][ 91]LogShaderCompilers: Display: Shaders left to compile 14
[2019.04.30-14.49.55:553][ 96]LogShaderCompilers: Display: Shaders left to compile 13
[2019.04.30-14.49.55:785][103]LogShaderCompilers: Display: Shaders left to compile 12
[2019.04.30-14.49.55:820][104]LogShaderCompilers: Display: Shaders left to compile 11
[2019.04.30-14.49.56:025][110]LogShaderCompilers: Display: Shaders left to compile 10
[2019.04.30-14.49.56:135][113]LogShaderCompilers: Display: Shaders left to compile 9
[2019.04.30-14.49.56:221][116]LogShaderCompilers: Display: Shaders left to compile 8
[2019.04.30-14.49.56:420][122]LogShaderCompilers: Display: Shaders left to compile 7
[2019.04.30-14.49.56:497][124]MaterialEditorStats: Base pass shader: 99 instructions
[2019.04.30-14.49.56:497][124]MaterialEditorStats: Base pass shader with Volumetric Lightmap: 172 instructions
[2019.04.30-14.49.56:498][124]MaterialEditorStats: Base pass vertex shader: 32 instructions
[2019.04.30-14.49.56:498][124]MaterialEditorStats: Base pass vertex shader: 87 instructions
[2019.04.30-14.49.56:498][124]MaterialEditorStats: Texture samplers: 3/16
[2019.04.30-14.49.56:556][126]LogShaderCompilers: Display: Shaders left to compile 6
[2019.04.30-14.49.56:584][127]LogShaderCompilers: Display: Shaders left to compile 5
[2019.04.30-14.49.56:755][132]LogShaderCompilers: Display: Shaders left to compile 4
[2019.04.30-14.49.56:823][134]LogShaderCompilers: Display: Shaders left to compile 3
[2019.04.30-14.49.57:033][140]LogShaderCompilers: Display: Shaders left to compile 2
[2019.04.30-14.49.57:169][144]LogShaderCompilers: Display: Shaders left to compile 1
[2019.04.30-14.50.00:825][233]LogD3D11RHI: Error: Result failed 
 at D:\Build\++UE4\Sync\Engine\Source\Runtime\Windows\D3D11RHI\Private\D3D11Query.cpp:146 
 with error DXGI_ERROR_DEVICE_REMOVED DXGI_ERROR_DEVICE_HUNG
[2019.04.30-14.50.00:825][233]LogD3D11RHI: [Aftermath] GDynamicRHI=0000025372932100, GDX11NVAfterMathEnabled=0, Result=0xFFFFFFFF, bDeviceActive=0
[2019.04.30-14.50.00:825][233]LogWindows: Windows GetLastError: The operation completed successfully. (0)
[2019.04.30-14.50.03:163][233]LogWindows: Windows GetLastError: The operation completed successfully. (0)
[2019.04.30-14.50.03:163][233]LogWindows: Error: === Critical error: ===
[2019.04.30-14.50.03:163][233]LogWindows: Error: 
[2019.04.30-14.50.03:163][233]LogWindows: Error: Fatal error: [File:D:\Build\++UE4\Sync\Engine\Source\Runtime\RenderCore\Private\RenderingThread.cpp] [Line: 826] 
[2019.04.30-14.50.03:163][233]LogWindows: Error: Rendering thread exception:
[2019.04.30-14.50.03:163][233]LogWindows: Error: Fatal error: [File:D:\Build\++UE4\Sync\Engine\Source\Runtime\Windows\D3D11RHI\Private\D3D11Util.cpp] [Line: 200] 
[2019.04.30-14.50.03:163][233]LogWindows: Error: Unreal Engine is exiting due to D3D device being lost. (Error: 0x887A0006 - 'HUNG')
[2019.04.30-14.50.03:163][233]LogWindows: Error: 
[2019.04.30-14.50.03:163][233]LogWindows: Error: 
[2019.04.30-14.50.03:163][233]LogWindows: Error: [Callstack] 0x00007fffb413a388 KERNELBASE.dll!UnknownFunction []
[2019.04.30-14.50.03:163][233]LogWindows: Error: [Callstack] 0x00007fffa5936850 UE4Editor-ApplicationCore.dll!UnknownFunction []
[2019.04.30-14.50.03:163][233]LogWindows: Error: [Callstack] 0x00007fff7a2c62fc UE4Editor-Core.dll!UnknownFunction []
[2019.04.30-14.50.03:163][233]LogWindows: Error: [Callstack] 0x00007fff7a2551db UE4Editor-Core.dll!UnknownFunction []
[2019.04.30-14.50.03:163][233]LogWindows: Error: [Callstack] 0x00007fff622fadea UE4Editor-D3D11RHI.dll!UnknownFunction []
[2019.04.30-14.50.03:163][233]LogWindows: Error: [Callstack] 0x00007fff622fe6e4 UE4Editor-D3D11RHI.dll!UnknownFunction []
[2019.04.30-14.50.03:163][233]LogWindows: Error: [Callstack] 0x00007fff622d5951 UE4Editor-D3D11RHI.dll!UnknownFunction []
[2019.04.30-14.50.03:163][233]LogWindows: Error: [Callstack] 0x00007fff622eabf8 UE4Editor-D3D11RHI.dll!UnknownFunction []
[2019.04.30-14.50.03:163][233]LogWindows: Error: [Callstack] 0x00007fff9e09b106 UE4Editor-RHI.dll!UnknownFunction []
[2019.04.30-14.50.03:163][233]LogWindows: Error: [Callstack] 0x00007fff48b11b42 UE4Editor-SlateRHIRenderer.dll!UnknownFunction []
[2019.04.30-14.50.03:163][233]LogWindows: Error: [Callstack] 0x00007fff48b17d0a UE4Editor-SlateRHIRenderer.dll!UnknownFunction []
[2019.04.30-14.50.03:163][233]LogWindows: Error: [Callstack] 0x00007fff7a0e1f92 UE4Editor-Core.dll!UnknownFunction []
[2019.04.30-14.50.03:163][233]LogWindows: Error: [Callstack] 0x00007fff7a0e2456 UE4Editor-Core.dll!UnknownFunction []
[2019.04.30-14.50.03:163][233]LogWindows: Error: [Callstack] 0x00007fffa59b75f9 UE4Editor-RenderCore.dll!UnknownFunction []
[2019.04.30-14.50.03:164][233]LogWindows: Error: [Callstack] 0x00007fffa59b8574 UE4Editor-RenderCore.dll!UnknownFunction []
[2019.04.30-14.50.03:164][233]LogWindows: Error: [Callstack] 0x00007fff7a526b7c UE4Editor-Core.dll!UnknownFunction []
[2019.04.30-14.50.03:164][233]LogWindows: Error: [Callstack] 0x00007fff7a5217c7 UE4Editor-Core.dll!UnknownFunction []
[2019.04.30-14.50.03:164][233]LogWindows: Error: [Callstack] 0x00007fffb6634034 KERNEL32.DLL!UnknownFunction []
[2019.04.30-14.50.03:164][233]LogWindows: Error: [Callstack] 0x00007fffb7963691 ntdll.dll!UnknownFunction []
[2019.04.30-14.50.03:164][233]LogWindows: Error: 
[2019.04.30-14.50.03:164][233]LogWindows: Error: 
[2019.04.30-14.50.03:164][233]LogWindows: Error: 
[2019.04.30-14.50.03:164][233]LogWindows: Error: 
[2019.04.30-14.50.03:180][233]LogExit: Executing StaticShutdownAfterError
[2019.04.30-14.50.03:183][233]LogWindows: FPlatformMisc::RequestExit(1)
[2019.04.30-14.50.03:190][233]Log file closed, 04/30/19 08:50:03
