Log file open, 04/30/19 08:43:54
LogWindows: Failed to load 'aqProf.dll' (GetLastError=126)
LogWindows: File 'aqProf.dll' does not exist
LogWindows: Failed to load 'VSPerf140.dll' (GetLastError=126)
LogWindows: File 'VSPerf140.dll' does not exist
LogWindows: Failed to load 'VtuneApi.dll' (GetLastError=126)
LogWindows: File 'VtuneApi.dll' does not exist
LogWindows: Failed to load 'VtuneApi32e.dll' (GetLastError=126)
LogWindows: File 'VtuneApi32e.dll' does not exist
LogInit: Display: Running engine for game: cly_iCWB_AP
LogPlatformFile: Not using cached read wrapper
LogTaskGraph: Started task graph with 5 named threads and 23 total threads with 3 sets of task threads.
LogStats: Stats thread started at 0.342258
LogD3D11RHI: Loaded GFSDK_Aftermath_Lib.x64.dll
LogICUInternationalization: Display: ICU TimeZone Detection - Raw Offset: -7:00, Platform Override: ''
LogPluginManager: Mounting plugin Paper2D
LogPluginManager: Mounting plugin AISupport
LogPluginManager: Mounting plugin LightPropagationVolume
LogPluginManager: Mounting plugin CLionSourceCodeAccess
LogPluginManager: Mounting plugin CodeLiteSourceCodeAccess
LogPluginManager: Mounting plugin GitSourceControl
LogPluginManager: Mounting plugin KDevelopSourceCodeAccess
LogPluginManager: Mounting plugin NullSourceCodeAccess
LogPluginManager: Mounting plugin PerforceSourceControl
LogPluginManager: Mounting plugin SubversionSourceControl
LogPluginManager: Mounting plugin UObjectPlugin
LogPluginManager: Mounting plugin VisualStudioCodeSourceCodeAccess
LogPluginManager: Mounting plugin VisualStudioSourceCodeAccess
LogPluginManager: Mounting plugin XCodeSourceCodeAccess
LogPluginManager: Mounting plugin AssetManagerEditor
LogPluginManager: Mounting plugin CryptoKeys
LogPluginManager: Mounting plugin DataValidation
LogPluginManager: Mounting plugin FacialAnimation
LogPluginManager: Mounting plugin GameplayTagsEditor
LogPluginManager: Mounting plugin MacGraphicsSwitching
LogPluginManager: Mounting plugin MeshEditor
LogPluginManager: Mounting plugin MobileLauncherProfileWizard
LogPluginManager: Mounting plugin PluginBrowser
LogPluginManager: Mounting plugin SpeedTreeImporter
LogPluginManager: Mounting plugin DatasmithContent
LogPluginManager: Mounting plugin AlembicImporter
LogPluginManager: Mounting plugin AppleImageUtils
LogPluginManager: Mounting plugin AppleVision
LogPluginManager: Mounting plugin BackChannel
LogPluginManager: Mounting plugin CharacterAI
LogPluginManager: Mounting plugin GeometryCache
LogPluginManager: Mounting plugin HTML5Networking
LogPluginManager: Mounting plugin ProxyLODPlugin
LogPluginManager: Mounting plugin MagicLeap
LogPluginManager: Mounting plugin MagicLeapEmulator
LogPluginManager: Mounting plugin MagicLeapMedia
LogPluginManager: Mounting plugin AndroidMedia
LogPluginManager: Mounting plugin AvfMedia
LogPluginManager: Mounting plugin ImgMedia
LogPluginManager: Mounting plugin LinearTimecode
LogPluginManager: Mounting plugin MediaCompositing
LogPluginManager: Mounting plugin MediaPlayerEditor
LogPluginManager: Mounting plugin WmfMedia
LogPluginManager: Mounting plugin TcpMessaging
LogPluginManager: Mounting plugin UdpMessaging
LogPluginManager: Mounting plugin ActorSequence
LogPluginManager: Mounting plugin LevelSequenceEditor
LogPluginManager: Mounting plugin MatineeToLevelSequence
LogPluginManager: Mounting plugin NetcodeUnitTest
LogPluginManager: Mounting plugin NUTUnrealEngine4
LogPluginManager: Mounting plugin OnlineSubsystemGooglePlay
LogPluginManager: Mounting plugin OnlineSubsystemIOS
LogPluginManager: Mounting plugin OnlineSubsystem
LogPluginManager: Mounting plugin OnlineSubsystemNull
LogPluginManager: Mounting plugin OnlineSubsystemUtils
LogPluginManager: Mounting plugin LauncherChunkInstaller
LogPluginManager: Mounting plugin AndroidDeviceProfileSelector
LogPluginManager: Mounting plugin AndroidMoviePlayer
LogPluginManager: Mounting plugin AndroidPermission
LogPluginManager: Mounting plugin AppleMoviePlayer
LogPluginManager: Mounting plugin ArchVisCharacter
LogPluginManager: Mounting plugin AudioCapture
LogPluginManager: Mounting plugin CableComponent
LogPluginManager: Mounting plugin CustomMeshComponent
LogPluginManager: Mounting plugin EditableMesh
LogPluginManager: Mounting plugin ExampleDeviceProfileSelector
LogPluginManager: Mounting plugin GoogleCloudMessaging
LogPluginManager: Mounting plugin ImmediatePhysics
LogPluginManager: Mounting plugin IOSDeviceProfileSelector
LogPluginManager: Mounting plugin LinuxDeviceProfileSelector
LogPluginManager: Mounting plugin LocationServicesBPLibrary
LogPluginManager: Mounting plugin MobilePatchingUtils
LogPluginManager: Mounting plugin OculusVR
LogPluginManager: Plugin shader directory ../../../Engine/Plugins/Runtime/Oculus/OculusVR/Shaders found
LogPluginManager: Mapping shader source directory ../../../Engine/Plugins/Runtime/Oculus/OculusVR/Shaders to virtual directory /Plugin/OculusVR
LogPluginManager: Mounting plugin PhysXVehicles
LogPluginManager: Mounting plugin ProceduralMeshComponent
LogPluginManager: Mounting plugin RuntimePhysXCooking
LogPluginManager: Mounting plugin SteamVR
LogPluginManager: Mounting plugin WindowsMoviePlayer
LogStreaming: Display: Took  0.240s to configure plugins.
LogInit: Using libcurl 7.55.1-DEV
LogInit:  - built for x86_64-pc-win32
LogInit:  - supports SSL with OpenSSL/1.0.2h
LogInit:  - supports HTTP deflate (compression) using libz 1.2.8
LogInit:  - other features:
LogInit:      CURL_VERSION_SSL
LogInit:      CURL_VERSION_LIBZ
LogInit:      CURL_VERSION_IPV6
LogInit:      CURL_VERSION_ASYNCHDNS
LogInit:      CURL_VERSION_LARGEFILE
LogInit:      CURL_VERSION_IDN
LogInit:  CurlRequestOptions (configurable via config and command line):
LogInit:  - bVerifyPeer = false  - Libcurl will NOT verify peer certificate
LogInit:  - bUseHttpProxy = false  - Libcurl will NOT use HTTP proxy
LogInit:  - bDontReuseConnections = false  - Libcurl will reuse connections
LogInit:  - CertBundlePath = nullptr  - Libcurl will use whatever was configured at build time.
LogInit:  - MaxHostConnections = 16  - Libcurl will limit the number of connections to a host
LogInit:  - LocalHostAddr = Default
LogInit:  - BufferSize = 65536
LogInit: WinSock: version 1.1 (2.2), MaxSocks=32767, MaxUdp=65467
LogInit: Build: ++UE4+Release-4.20-CL-4369336
LogInit: Engine Version: 4.20.3-4369336+++UE4+Release-4.20
LogInit: Compatible Engine Version: 4.20.0-4212847+++UE4+Release-4.20
LogInit: Net CL: 4212847
LogInit: OS: Windows 10 (), CPU: Intel(R) Core(TM) i5-8300H CPU @ 2.30GHz, GPU: Intel(R) UHD Graphics 630
LogInit: Compiled (64-bit): Sep 17 2018 12:26:19
LogInit: Compiled with Visual C++: 19.13.26129.00
LogInit: Build Configuration: Development
LogInit: Branch Name: ++UE4+Release-4.20
LogInit: Command Line: 
LogInit: Base Directory: C:/Program Files/Epic Games/UE_4.20/Engine/Binaries/Win64/
LogInit: Installed Engine Build: 1
LogDevObjectVersion: Number of dev versions registered: 20
LogDevObjectVersion:   Dev-Blueprints (B0D832E4-1F89-4F0D-ACCF-7EB736FD4AA2): 10
LogDevObjectVersion:   Dev-Build (E1C64328-A22C-4D53-A36C-8E866417BD8C): 0
LogDevObjectVersion:   Dev-Core (375EC13C-06E4-48FB-B500-84F0262A717E): 2
LogDevObjectVersion:   Dev-Editor (E4B068ED-F494-42E9-A231-DA0B2E46BB41): 24
LogDevObjectVersion:   Dev-Framework (CFFC743F-43B0-4480-9391-14DF171D2073): 34
LogDevObjectVersion:   Dev-Mobile (B02B49B5-BB20-44E9-A304-32B752E40360): 2
LogDevObjectVersion:   Dev-Networking (A4E4105C-59A1-49B5-A7C5-40C4547EDFEE): 0
LogDevObjectVersion:   Dev-Online (39C831C9-5AE6-47DC-9A44-9C173E1C8E7C): 0
LogDevObjectVersion:   Dev-Physics (78F01B33-EBEA-4F98-B9B4-84EACCB95AA2): 0
LogDevObjectVersion:   Dev-Platform (6631380F-2D4D-43E0-8009-CF276956A95A): 0
LogDevObjectVersion:   Dev-Rendering (12F88B9F-8875-4AFC-A67C-D90C383ABD29): 26
LogDevObjectVersion:   Dev-Sequencer (7B5AE74C-D270-4C10-A958-57980B212A5A): 9
LogDevObjectVersion:   Dev-VR (D7296918-1DD6-4BDD-9DE2-64A83CC13884): 2
LogDevObjectVersion:   Dev-LoadTimes (C2A15278-BFE7-4AFE-6C17-90FF531DF755): 1
LogDevObjectVersion:   Private-Geometry (6EACA3D4-40EC-4CC1-B786-8BED09428FC5): 3
LogDevObjectVersion:   Dev-AnimPhys (29E575DD-E0A3-4627-9D10-D276232CDCEA): 17
LogDevObjectVersion:   Dev-ReflectionCapture (6B266CEC-1EC7-4B8F-A30B-E4D90942FC07): 1
LogDevObjectVersion:   Dev-Automation (0DF73D61-A23F-47EA-B727-89E90C41499A): 1
LogDevObjectVersion:   FortniteMain (601D1886-AC64-4F84-AA16-D3DE0DEAC7D6): 12
LogDevObjectVersion:   Dev-Enterprise (9DFFBCD6-494F-0158-E221-12823C92A888): 1
LogStreaming: Display: Took  0.004s to delete old logs.
LogInit: Presizing for max 8388607 objects, including 0 objects not considered by GC, pre-allocating 0 bytes for permanent pool.
LogInit: Object subsystem initialized
[2019.04.30-14.43.54:704][  0]LogInit: Selected Device Profile: [Windows]
[2019.04.30-14.43.54:704][  0]LogInit: Applying CVar settings loaded from the selected device profile: [Windows]
[2019.04.30-14.43.54:742][  0]LogHAL: Display: Platform has ~ 8 GB [8424574976 / 8589934592 / 8], which maps to Default [LargestMinGB=32, LargerMinGB=12, DefaultMinGB=8, SmallerMinGB=6, SmallestMinGB=0)
[2019.04.30-14.43.54:742][  0]LogInit: Setting Device Profile CVar: [[r.Vulkan.UseRealUBs:1]]
[2019.04.30-14.43.54:742][  0]LogInit: Going up to parent DeviceProfile []
[2019.04.30-14.43.54:742][  0]LogInit: Computer: DESKTOP-4HEA2F2
[2019.04.30-14.43.54:742][  0]LogInit: User: black
[2019.04.30-14.43.54:742][  0]LogInit: CPU Page size=4096, Cores=4
[2019.04.30-14.43.54:742][  0]LogInit: High frequency timer resolution =2.249996 MHz
[2019.04.30-14.43.54:743][  0]LogMemory: Memory total: Physical=7.8GB (8GB approx)
[2019.04.30-14.43.54:743][  0]LogMemory: Platform Memory Stats for Windows
[2019.04.30-14.43.54:743][  0]LogMemory: Process Physical Memory: 99.29 MB used, 99.29 MB peak
[2019.04.30-14.43.54:743][  0]LogMemory: Process Virtual Memory: 90.99 MB used, 90.99 MB peak
[2019.04.30-14.43.54:743][  0]LogMemory: Physical Memory: 4414.48 MB used,  3619.82 MB free, 8034.30 MB total
[2019.04.30-14.43.54:743][  0]LogMemory: Virtual Memory: 4645.23 MB used,  3619.82 MB free, 134217728.00 MB total
[2019.04.30-14.43.55:633][  0]LogInit: Using OS detected language (en-US).
[2019.04.30-14.43.55:633][  0]LogInit: Using OS detected locale (en-US).
[2019.04.30-14.43.55:635][  0]LogTextLocalizationManager: No specific localization for 'en-US' exists, so the 'en' localization will be used.
[2019.04.30-14.43.56:154][  0]LogStreaming: Display: Took  0.521s to InitEngineTextLocalization.
[2019.04.30-14.43.56:154][  0]LogInit: Setting process to per monitor DPI aware
[2019.04.30-14.43.56:203][  0]LogSlate: New Slate User Created.  User Index 0, Is Virtual User: 0
[2019.04.30-14.43.56:203][  0]LogSlate: Slate User Registered.  User Index 0, Is Virtual User: 0
[2019.04.30-14.43.56:523][  0]LogHMD: Failed to initialize OpenVR with code 110
[2019.04.30-14.43.56:523][  0]LogD3D11RHI: D3D11 adapters:
[2019.04.30-14.43.56:587][  0]LogD3D11RHI:    0. 'NVIDIA GeForce GTX 1050 Ti' (Feature Level 11_0)
[2019.04.30-14.43.56:587][  0]LogD3D11RHI:       4029/0/4017 MB DedicatedVideo/DedicatedSystem/SharedSystem, Outputs:1, VendorId:0x10de
[2019.04.30-14.43.56:609][  0]LogD3D11RHI:    1. 'Intel(R) UHD Graphics 630' (Feature Level 11_0)
[2019.04.30-14.43.56:609][  0]LogD3D11RHI:       128/0/4017 MB DedicatedVideo/DedicatedSystem/SharedSystem, Outputs:0, VendorId:0x8086
[2019.04.30-14.43.56:612][  0]LogD3D11RHI:    2. 'Microsoft Basic Render Driver' (Feature Level 11_0)
[2019.04.30-14.43.56:612][  0]LogD3D11RHI:       0/0/4017 MB DedicatedVideo/DedicatedSystem/SharedSystem, Outputs:0, VendorId:0x1414
[2019.04.30-14.43.56:612][  0]LogD3D11RHI: Chosen D3D11 Adapter: 0
[2019.04.30-14.43.56:652][  0]LogD3D11RHI: Creating new Direct3DDevice
[2019.04.30-14.43.56:652][  0]LogD3D11RHI:     GPU DeviceId: 0x1c8c (for the marketing name, search the web for "GPU Device Id")
[2019.04.30-14.43.56:652][  0]LogWindows: EnumDisplayDevices:
[2019.04.30-14.43.56:653][  0]LogWindows:    0. 'Intel(R) UHD Graphics 630' (P:1 D:1)
[2019.04.30-14.43.56:653][  0]LogWindows:    1. 'Intel(R) UHD Graphics 630' (P:0 D:0)
[2019.04.30-14.43.56:653][  0]LogWindows:    2. 'Intel(R) UHD Graphics 630' (P:0 D:0)
[2019.04.30-14.43.56:654][  0]LogWindows:    3. 'NVIDIA GeForce GTX 1050 Ti' (P:0 D:0)
[2019.04.30-14.43.56:654][  0]LogWindows: DebugString: PrimaryIsNotTheChoosenAdapter PrimaryIsNotTheChoosenAdapter PrimaryIsNotTheChoosenAdapter 
[2019.04.30-14.43.56:654][  0]LogD3D11RHI:     Adapter Name: NVIDIA GeForce GTX 1050 Ti
[2019.04.30-14.43.56:654][  0]LogD3D11RHI:   Driver Version: 388.73 (internal:23.21.13.8873, unified:388.73)
[2019.04.30-14.43.56:654][  0]LogD3D11RHI:      Driver Date: 12-18-2017
[2019.04.30-14.43.56:654][  0]LogRHI: Texture pool is 2820 MB (70% of 4029 MB)
[2019.04.30-14.43.56:690][  0]LogD3D11RHI: Async texture creation enabled
[2019.04.30-14.43.56:702][  0]LogD3D11RHI: GPU Timing Frequency: 1000.000000 (Debug: 2 1)
[2019.04.30-14.43.56:703][  0]LogShaderCompilers: Guid format shader working directory is -43 characters bigger than the processId version (../../../../../../Users/black/Documents/GitHub/cly_AssetPipeline/cly_iCWB_AP/firstProject/Intermediate/Shaders/WorkingDirectory/8076/).
[2019.04.30-14.43.56:703][  0]LogShaderCompilers: Cleaned the shader compiler working directory 'C:/Users/black/AppData/Local/Temp/UnrealShaderWorkingDir/DE5A51504CDFB5A3F422FE8BD2725722/'.
[2019.04.30-14.43.57:078][  0]LogTemp: Display: Loaded TP AllDesktopTargetPlatform
[2019.04.30-14.43.57:097][  0]LogTemp: Display: Loaded TP MacClientTargetPlatform
[2019.04.30-14.43.57:117][  0]LogTemp: Display: Loaded TP MacNoEditorTargetPlatform
[2019.04.30-14.43.57:136][  0]LogTemp: Display: Loaded TP MacServerTargetPlatform
[2019.04.30-14.43.57:155][  0]LogTemp: Display: Loaded TP MacTargetPlatform
[2019.04.30-14.43.57:174][  0]LogTemp: Display: Loaded TP WindowsClientTargetPlatform
[2019.04.30-14.43.57:194][  0]LogTemp: Display: Loaded TP WindowsNoEditorTargetPlatform
[2019.04.30-14.43.57:213][  0]LogTemp: Display: Loaded TP WindowsServerTargetPlatform
[2019.04.30-14.43.57:223][  0]LogTemp: Display: Loaded TP WindowsTargetPlatform
[2019.04.30-14.43.57:337][  0]LogTemp: Display: Loaded TP AndroidTargetPlatform
[2019.04.30-14.43.57:337][  0]LogTemp: Display: Loaded TP AndroidTargetPlatform
[2019.04.30-14.43.57:337][  0]LogTemp: Display: Loaded TP AndroidTargetPlatform
[2019.04.30-14.43.57:337][  0]LogTemp: Display: Loaded TP AndroidTargetPlatform
[2019.04.30-14.43.57:337][  0]LogTemp: Display: Loaded TP AndroidTargetPlatform
[2019.04.30-14.43.57:337][  0]LogTemp: Display: Loaded TP AndroidTargetPlatform
[2019.04.30-14.43.57:337][  0]LogTemp: Display: Loaded TP AndroidTargetPlatform
[2019.04.30-14.43.57:337][  0]LogTemp: Display: Loaded TP AndroidTargetPlatform
[2019.04.30-14.43.57:337][  0]LogTemp: Display: Loaded TP AndroidTargetPlatform
[2019.04.30-14.43.57:337][  0]LogTemp: Display: Loaded TP AndroidTargetPlatform
[2019.04.30-14.43.57:337][  0]LogTemp: Display: Loaded TP AndroidTargetPlatform
[2019.04.30-14.43.57:337][  0]LogTemp: Display: Loaded TP AndroidTargetPlatform
[2019.04.30-14.43.57:337][  0]LogTemp: Display: Loaded TP AndroidTargetPlatform
[2019.04.30-14.43.57:337][  0]LogTemp: Display: Loaded TP AndroidTargetPlatform
[2019.04.30-14.43.57:337][  0]LogTemp: Display: Loaded TP AndroidTargetPlatform
[2019.04.30-14.43.57:337][  0]LogTemp: Display: Loaded TP AndroidTargetPlatform
[2019.04.30-14.43.57:337][  0]LogTemp: Display: Loaded TP AndroidTargetPlatform
[2019.04.30-14.43.57:337][  0]LogTemp: Display: Loaded TP AndroidTargetPlatform
[2019.04.30-14.43.57:340][  0]LogTemp: Display: Loaded TP HTML5TargetPlatform
[2019.04.30-14.43.57:430][  0]LogTemp: Display: Loaded TP IOSTargetPlatform
[2019.04.30-14.43.57:430][  0]LogTemp: Display: Loaded TP IOSTargetPlatform
[2019.04.30-14.43.57:504][  0]LogTemp: Display: Loaded TP TVOSTargetPlatform
[2019.04.30-14.43.57:504][  0]LogTemp: Display: Loaded TP TVOSTargetPlatform
[2019.04.30-14.43.57:541][  0]LogTemp: Display: Loaded TP LinuxClientTargetPlatform
[2019.04.30-14.43.57:578][  0]LogTemp: Display: Loaded TP LinuxNoEditorTargetPlatform
[2019.04.30-14.43.57:608][  0]LogTemp: Display: Loaded TP LinuxServerTargetPlatform
[2019.04.30-14.43.57:628][  0]LogTemp: Display: Loaded TP LinuxTargetPlatform
[2019.04.30-14.43.57:640][  0]LogTemp: Display: Loaded TP LuminTargetPlatform
[2019.04.30-14.43.57:641][  0]LogTargetPlatformManager: Display: Building Assets For Windows
[2019.04.30-14.43.57:779][  0]LogXGEController: Cleaning working directory: C:/Users/black/AppData/Local/Temp/UnrealXGEWorkingDir/
[2019.04.30-14.43.57:779][  0]LogXGEController: Cannot use XGE Controller as Incredibuild is not installed on this machine.
[2019.04.30-14.43.57:779][  0]LogShaderCompilers: Cannot use XGE Shader Compiler as Incredibuild is not installed on this machine.
[2019.04.30-14.43.57:779][  0]LogShaderCompilers: Display: Using Local Shader Compiler.
[2019.04.30-14.43.59:078][  0]LogDerivedDataCache: Display: Max Cache Size: 512 MB
[2019.04.30-14.43.59:155][  0]LogDerivedDataCache: Loaded boot cache 0.08s 71MB C:/Users/black/AppData/Local/UnrealEngine/4.20/DerivedDataCache/Boot.ddc.
[2019.04.30-14.43.59:156][  0]LogDerivedDataCache: Display: Loaded Boot cache: C:/Users/black/AppData/Local/UnrealEngine/4.20/DerivedDataCache/Boot.ddc
[2019.04.30-14.43.59:156][  0]LogDerivedDataCache: FDerivedDataBackendGraph:  Pak pak cache file ../../../../../../Users/black/Documents/GitHub/cly_AssetPipeline/cly_iCWB_AP/firstProject/DerivedDataCache/DDC.ddp not found, will not use a pak cache.
[2019.04.30-14.43.59:156][  0]LogDerivedDataCache: Unable to find inner node Pak for hierarchical cache Hierarchy.
[2019.04.30-14.43.59:156][  0]LogDerivedDataCache: FDerivedDataBackendGraph:  CompressedPak pak cache file ../../../../../../Users/black/Documents/GitHub/cly_AssetPipeline/cly_iCWB_AP/firstProject/DerivedDataCache/Compressed.ddp not found, will not use a pak cache.
[2019.04.30-14.43.59:156][  0]LogDerivedDataCache: Unable to find inner node CompressedPak for hierarchical cache Hierarchy.
[2019.04.30-14.43.59:182][  0]LogDerivedDataCache: Display: Pak cache opened for reading ../../../Engine/DerivedDataCache/Compressed.ddp.
[2019.04.30-14.43.59:195][  0]LogDerivedDataCache: Using Local data cache path C:/Users/black/AppData/Local/UnrealEngine/Common/DerivedDataCache: Writable
[2019.04.30-14.43.59:195][  0]LogDerivedDataCache: Shared data cache path not found in *engine.ini, will not use an Shared cache.
[2019.04.30-14.43.59:195][  0]LogDerivedDataCache: Unable to find inner node Shared for hierarchical cache Hierarchy.
[2019.04.30-14.43.59:237][  0]LogMaterial: Verifying Global Shaders for PCD3D_SM5
[2019.04.30-14.43.59:240][  0]LogSlate: Using FreeType 2.6.0
[2019.04.30-14.43.59:241][  0]LogSlate: SlateFontServices - WITH_FREETYPE: 1, WITH_HARFBUZZ: 1
[2019.04.30-14.43.59:358][  0]LogAssetRegistry: FAssetRegistry took 0.0313 seconds to start up
[2019.04.30-14.43.59:867][  0]LogInit: Selected Device Profile: [Windows]
[2019.04.30-14.44.00:071][  0]LogSimplygon: Simplygon DLL not present - disabling.
[2019.04.30-14.44.00:077][  0]LogMeshReduction: Using SimplygonSwarm for distributed automatic mesh merging
[2019.04.30-14.44.00:077][  0]LogMeshReduction: Using ProxyLODMeshReduction for automatic mesh merging
[2019.04.30-14.44.00:077][  0]LogMeshReduction: Using QuadricMeshReduction for automatic static mesh reduction
[2019.04.30-14.44.00:077][  0]LogMeshReduction: No automatic skeletal mesh reduction module available
[2019.04.30-14.44.00:096][  0]LogNetVersion: cly_iCWB_AP 1.0.0, NetCL: 4212847, EngineNetVer: 5, GameNetVer: 0 (Checksum: 2002434292)
[2019.04.30-14.44.00:919][  0]LogPackageLocalizationCache: Processed 11 localized package path(s) for 2 prioritized culture(s) in 0.154642 seconds
[2019.04.30-14.44.00:927][  0]LogUObjectArray: 38425 objects as part of root set at end of initial load.
[2019.04.30-14.44.00:927][  0]LogUObjectAllocator: 6690864 out of 0 bytes used by permanent object pool.
[2019.04.30-14.44.00:927][  0]LogUObjectArray: CloseDisregardForGC: 0/0 objects in disregard for GC pool
[2019.04.30-14.44.02:408][  0]LogTcpMessaging: Initializing TcpMessaging bridge
[2019.04.30-14.44.02:424][  0]LogUdpMessaging: Initializing bridge on interface 0.0.0.0:0 to multicast group 230.0.0.1:6666.
[2019.04.30-14.44.02:723][  0]SourceControl: Source control is disabled
[2019.04.30-14.44.02:723][  0]SourceControl: Source control is disabled
[2019.04.30-14.44.02:725][  0]SourceControl: Source control is disabled
[2019.04.30-14.44.02:727][  0]SourceControl: Source control is disabled
[2019.04.30-14.44.02:949][  0]LogAndroidPermission: UAndroidPermissionCallbackProxy::GetInstance
[2019.04.30-14.44.03:068][  0]LogOcInput: OculusInput pre-init called
[2019.04.30-14.44.03:234][  0]LogEngine: Initializing Engine...
[2019.04.30-14.44.03:236][  0]LogHMD: Failed to initialize OpenVR with code 110
[2019.04.30-14.44.03:239][  0]LogStats: UGameplayTagsManager::ConstructGameplayTagTree: ImportINI prefixes -  0.000 s
[2019.04.30-14.44.03:239][  0]LogStats: UGameplayTagsManager::ConstructGameplayTagTree: Construct from data asset -  0.000 s
[2019.04.30-14.44.03:239][  0]LogStats: UGameplayTagsManager::ConstructGameplayTagTree: ImportINI -  0.000 s
[2019.04.30-14.44.03:239][  0]LogStats: UGameplayTagsManager::ConstructGameplayTagTree: GameplayTagTreeChangedEvent.Broadcast -  0.000 s
[2019.04.30-14.44.03:627][  0]LogInit: Initializing FReadOnlyCVARCache
[2019.04.30-14.44.03:646][  0]LogAIModule: Creating AISystem for world Untitled
[2019.04.30-14.44.03:722][  0]LogInit: XAudio2 using 'Speakers (Realtek High Definition Audio)' : 2 channels at 48 kHz using 32 bits per sample (channel mask 0x3)
[2019.04.30-14.44.03:887][  0]LogInit: FAudioDevice initialized.
[2019.04.30-14.44.03:887][  0]LogNetVersion: Set ProjectVersion to 1.0.0.0. Version Checksum will be recalculated on next use.
[2019.04.30-14.44.04:014][  0]LogDerivedDataCache: Saved boot cache 0.13s 71MB C:/Users/black/AppData/Local/UnrealEngine/4.20/DerivedDataCache/Boot.ddc.
[2019.04.30-14.44.04:053][  0]LogInit: Texture streaming: Enabled
[2019.04.30-14.44.04:081][  0]LogEngineSessionManager: EngineSessionManager initialized
[2019.04.30-14.44.04:081][  0]LogEngineSessionManager: EngineSessionManager sent abnormal shutdown report. Type=Crashed, SessionId={822CA4C2-434D-B1EB-54AA-9D9FA395CA31}
[2019.04.30-14.44.04:102][  0]LogInit: Transaction tracking system initialized
[2019.04.30-14.44.04:143][  0]BlueprintLog: New page: Editor Load
[2019.04.30-14.44.04:285][  0]LocalizationService: Localization service is disabled
[2019.04.30-14.44.04:629][  0]LogCook: Display: Max memory allowance for cook 16384mb min free memory 0mb
[2019.04.30-14.44.04:629][  0]LogCook: Display: Mobile HDR setting 1
[2019.04.30-14.44.04:629][  0]LogGameplayTags: Display: UGameplayTagsManager::DoneAddingNativeTags. DelegateIsBound: 0
[2019.04.30-14.44.04:629][  0]LogStats: UGameplayTagsManager::ConstructGameplayTagTree: ImportINI prefixes -  0.000 s
[2019.04.30-14.44.04:629][  0]LogStats: UGameplayTagsManager::ConstructGameplayTagTree: Construct from data asset -  0.000 s
[2019.04.30-14.44.04:629][  0]LogStats: UGameplayTagsManager::ConstructGameplayTagTree: ImportINI -  0.000 s
[2019.04.30-14.44.04:629][  0]LogStats: UGameplayTagsManager::ConstructGameplayTagTree: GameplayTagTreeChangedEvent.Broadcast -  0.000 s
[2019.04.30-14.44.04:794][  0]LogFileCache: Scanning file cache for directory 'C:/Users/black/Documents/GitHub/cly_AssetPipeline/cly_iCWB_AP/firstProject/Content/' took 0.01s
[2019.04.30-14.44.04:795][  0]SourceControl: Source control is disabled
[2019.04.30-14.44.04:795][  0]Cmd: MAP LOAD FILE="../../../Engine/Content/Maps/Templates/Template_Default.umap" TEMPLATE=1 SHOWPROGRESS=1 FEATURELEVEL=3
[2019.04.30-14.44.04:795][  0]LightingResults: New page: Lighting Build
[2019.04.30-14.44.04:801][  0]MapCheck: New page: Map Check
[2019.04.30-14.44.04:801][  0]LightingResults: New page: Lighting Build
[2019.04.30-14.44.05:129][  0]LogAIModule: Creating AISystem for world Untitled_1
[2019.04.30-14.44.05:143][  0]LogEditorServer: Finished looking for orphan Actors (0.000 secs)
[2019.04.30-14.44.05:203][  0]Cmd: MAP CHECKDEP NOCLEARLOG
[2019.04.30-14.44.05:313][  0]MapCheck: Map check complete: 0 Error(s), 0 Warning(s), took 109.744ms to complete.
[2019.04.30-14.44.05:313][  0]LogFileHelpers: Loading map 'Template_Default' took 0.518
[2019.04.30-14.44.05:449][  0]LogSlate: Updating window title bar state: overlay mode, drag disabled, window buttons hidden, title bar hidden
[2019.04.30-14.44.05:460][  0]LogSlate: Updating window title bar state: overlay mode, drag disabled, window buttons hidden, title bar hidden
[2019.04.30-14.44.05:470][  0]LogSlate: Updating window title bar state: overlay mode, drag disabled, window buttons hidden, title bar hidden
[2019.04.30-14.44.05:480][  0]LogSlate: Updating window title bar state: overlay mode, drag disabled, window buttons hidden, title bar hidden
[2019.04.30-14.44.05:490][  0]LogCollectionManager: Loaded 0 collections in 0.002844 seconds
[2019.04.30-14.44.05:542][  0]LogFileCache: Scanning file cache for directory 'C:/Users/black/Documents/GitHub/cly_AssetPipeline/cly_iCWB_AP/firstProject/Saved/Collections/' took 0.01s
[2019.04.30-14.44.05:543][  0]LogFileCache: Scanning file cache for directory 'C:/Users/black/Documents/GitHub/cly_AssetPipeline/cly_iCWB_AP/firstProject/Content/Developers/black/Collections/' took 0.01s
[2019.04.30-14.44.05:543][  0]LogFileCache: Scanning file cache for directory 'C:/Users/black/Documents/GitHub/cly_AssetPipeline/cly_iCWB_AP/firstProject/Content/Collections/' took 0.01s
[2019.04.30-14.44.05:543][  0]LogCollectionManager: Rebuilt the GUID cache for 0 collections in 0.000000 seconds
[2019.04.30-14.44.05:562][  0]LogContentBrowser: Native class hierarchy populated in 0.0192 seconds. Added 2572 classes and 603 folders.
[2019.04.30-14.44.05:577][  0]LogContentBrowser: Native class hierarchy updated for 'WidgetCarousel' in 0.0005 seconds. Added 0 classes and 0 folders.
[2019.04.30-14.44.05:664][  0]LogContentBrowser: Native class hierarchy updated for 'AddContentDialog' in 0.0003 seconds. Added 0 classes and 0 folders.
[2019.04.30-14.44.05:672][  0]LogContentBrowser: Native class hierarchy updated for 'SceneOutliner' in 0.0004 seconds. Added 1 classes and 2 folders.
[2019.04.30-14.44.05:691][  0]LogSlate: Took 0.000292 seconds to synchronously load lazily loaded font '../../../Engine/Content/Slate/Fonts/Roboto-Regular.ttf' (155K)
[2019.04.30-14.44.05:695][  0]LogSlate: Took 0.000267 seconds to synchronously load lazily loaded font '../../../Engine/Content/Slate/Fonts/Roboto-Bold.ttf' (160K)
[2019.04.30-14.44.05:702][  0]LogSlate: Took 0.000303 seconds to synchronously load lazily loaded font '../../../Engine/Content/Editor/Slate/Fonts/FontAwesome.ttf' (139K)
[2019.04.30-14.44.05:798][  0]LogRenderer: Reallocating scene render targets to support 1188x504 Format 10 NumSamples 1 (Frame:1).
[2019.04.30-14.44.05:956][  0]LogContentBrowser: Native class hierarchy updated for 'HierarchicalLODOutliner' in 0.0004 seconds. Added 0 classes and 0 folders.
[2019.04.30-14.44.05:956][  0]LogLoad: (Engine Initialization) Total time: 14.25 seconds
[2019.04.30-14.44.05:956][  0]LogLoad: (Engine Initialization) Total Blueprint compile time: 0.00 seconds
[2019.04.30-14.44.05:968][  0]LogWindowsTextInputMethodSystem: Display: IME system now deactivated.
[2019.04.30-14.44.05:994][  0]LogContentStreaming: Texture pool size now 1000 MB
[2019.04.30-14.44.06:036][  1]LogAssetRegistry: Asset discovery search completed in 6.7017 seconds
[2019.04.30-14.44.06:038][  1]LogCollectionManager: Rebuilt the object cache for 0 collections in 0.000000 seconds (found 0 objects)
[2019.04.30-14.44.06:038][  1]LogCollectionManager: Fixed up redirectors for 0 collections in 0.000064 seconds (updated 0 objects)
[2019.04.30-14.44.07:522][ 26]LogSlate: Took 0.000259 seconds to synchronously load lazily loaded font '../../../Engine/Content/Slate/Fonts/Roboto-Light.ttf' (167K)
[2019.04.30-14.44.10:211][ 34]LogSlate: Took 0.000492 seconds to synchronously load lazily loaded font '../../../Engine/Content/Slate/Fonts/Roboto-Light.ttf' (167K)
[2019.04.30-14.44.14:609][ 48]LogSlate: FSceneViewport::OnFocusLost() reason 0
[2019.04.30-14.44.14:947][ 48]LogAssetEditorManager: Opening Asset editor for Material /Game/lambert2.lambert2
[2019.04.30-14.44.14:952][ 48]LogMaterial: Display: Missing cached shader map for material lambert2, compiling. 
[2019.04.30-14.44.15:706][ 48]LogMaterial: Display: Missing cached shader map for material lambert2, compiling. 
[2019.04.30-14.44.15:757][ 48]LogMaterial: Display: Missing cached shader map for material lambert2, compiling. 
[2019.04.30-14.44.15:818][ 48]LogShaderCompilers: Display: Shaders left to compile 59
[2019.04.30-14.44.15:818][ 48]LogShaderCompilers: Display: Shaders left to compile 58
[2019.04.30-14.44.15:818][ 48]LogShaderCompilers: Display: Shaders left to compile 57
[2019.04.30-14.44.15:818][ 48]LogShaderCompilers: Display: Shaders left to compile 56
[2019.04.30-14.44.15:847][ 48]LogMaterial: Display: Missing cached shader map for material FMatExpressionPreview MaterialExpressionTextureSample_0, compiling. 
[2019.04.30-14.44.16:025][ 48]LogAssetEditorManager: Opening Asset editor for Material /Game/M_WoodMaster.M_WoodMaster
[2019.04.30-14.44.16:040][ 48]LogMaterial: Display: Missing cached shader map for material M_WoodMaster, compiling. 
[2019.04.30-14.44.16:179][ 48]LogMaterial: Display: Missing cached shader map for material M_WoodMaster, compiling. 
[2019.04.30-14.44.16:201][ 48]LogMaterial: Display: Missing cached shader map for material M_WoodMaster, compiling. 
[2019.04.30-14.44.16:252][ 48]LogMaterial: Display: Missing cached shader map for material FMatExpressionPreview MaterialExpressionTextureSampleParameter2D_1, compiling. 
[2019.04.30-14.44.16:261][ 48]LogMaterial: Display: Missing cached shader map for material FMatExpressionPreview MaterialExpressionTextureSampleParameter2D_0, compiling. 
[2019.04.30-14.44.16:272][ 48]LogMaterial: Display: Missing cached shader map for material FMatExpressionPreview MaterialExpressionTextureCoordinate_0, compiling. 
[2019.04.30-14.44.16:282][ 48]LogMaterial: Display: Missing cached shader map for material FMatExpressionPreview MaterialExpressionVectorParameter_0, compiling. 
[2019.04.30-14.44.16:291][ 48]LogMaterial: Display: Missing cached shader map for material FMatExpressionPreview MaterialExpressionTextureSampleParameter2D_2, compiling. 
[2019.04.30-14.44.16:345][ 48]LogSlate: Took 0.000334 seconds to synchronously load lazily loaded font '../../../Engine/Content/Slate/Fonts/Roboto-BoldCondensed.ttf' (158K)
[2019.04.30-14.44.16:721][ 51]LogSlate: Took 0.000372 seconds to synchronously load lazily loaded font '../../../Engine/Content/Slate/Fonts/Roboto-Italic.ttf' (157K)
[2019.04.30-14.44.16:759][ 53]LogShaderCompilers: Display: Shaders left to compile 88
[2019.04.30-14.44.16:800][ 54]LogShaderCompilers: Display: Shaders left to compile 87
[2019.04.30-14.44.16:847][ 55]LogShaderCompilers: Display: Shaders left to compile 86
[2019.04.30-14.44.16:861][ 55]LogShaderCompilers: Display: Shaders left to compile 85
[2019.04.30-14.44.17:057][ 58]LogShaderCompilers: Display: Shaders left to compile 84
[2019.04.30-14.44.17:099][ 59]LogShaderCompilers: Display: Shaders left to compile 83
[2019.04.30-14.44.17:114][ 59]LogShaderCompilers: Display: Shaders left to compile 82
[2019.04.30-14.44.17:170][ 60]LogShaderCompilers: Display: Shaders left to compile 81
[2019.04.30-14.44.17:336][ 60]LogShaderCompilers: Display: Shaders left to compile 80
[2019.04.30-14.44.17:577][ 64]LogShaderCompilers: Display: Shaders left to compile 79
[2019.04.30-14.44.17:731][ 66]LogShaderCompilers: Display: Shaders left to compile 78
[2019.04.30-14.44.17:776][ 66]LogShaderCompilers: Display: Shaders left to compile 77
[2019.04.30-14.44.17:950][ 69]LogShaderCompilers: Display: Shaders left to compile 76
[2019.04.30-14.44.18:133][ 74]LogShaderCompilers: Display: Shaders left to compile 75
[2019.04.30-14.44.18:211][ 75]LogShaderCompilers: Display: Shaders left to compile 74
[2019.04.30-14.44.18:432][ 80]LogShaderCompilers: Display: Shaders left to compile 73
[2019.04.30-14.44.18:528][ 82]LogShaderCompilers: Display: Shaders left to compile 72
[2019.04.30-14.44.18:669][ 85]LogShaderCompilers: Display: Shaders left to compile 71
[2019.04.30-14.44.18:773][ 86]LogSlate: Window 'M_WoodMaster' being destroyed
[2019.04.30-14.44.18:791][ 86]LogShaderCompilers: Display: Shaders left to compile 70
[2019.04.30-14.44.18:827][ 86]LogSlate: Window 'M_WoodMaster' being destroyed
[2019.04.30-14.44.18:922][ 86]LogShaderCompilers: Display: Shaders left to compile 67
[2019.04.30-14.44.19:030][ 86]LogShaderCompilers: Display: Shaders left to compile 56
[2019.04.30-14.44.19:076][ 87]LogShaderCompilers: Display: Shaders left to compile 55
[2019.04.30-14.44.19:163][ 92]LogShaderCompilers: Display: Shaders left to compile 54
[2019.04.30-14.44.19:278][ 96]LogShaderCompilers: Display: Shaders left to compile 53
[2019.04.30-14.44.19:349][ 98]LogShaderCompilers: Display: Shaders left to compile 52
[2019.04.30-14.44.19:394][ 99]LogShaderCompilers: Display: Shaders left to compile 51
[2019.04.30-14.44.19:498][102]LogShaderCompilers: Display: Shaders left to compile 50
[2019.04.30-14.44.19:599][105]LogShaderCompilers: Display: Shaders left to compile 49
[2019.04.30-14.44.19:924][115]LogShaderCompilers: Display: Shaders left to compile 48
[2019.04.30-14.44.19:978][117]LogShaderCompilers: Display: Shaders left to compile 47
[2019.04.30-14.44.20:077][120]LogShaderCompilers: Display: Shaders left to compile 46
[2019.04.30-14.44.20:196][123]LogShaderCompilers: Display: Shaders left to compile 45
[2019.04.30-14.44.20:397][129]LogShaderCompilers: Display: Shaders left to compile 44
[2019.04.30-14.44.20:545][134]LogShaderCompilers: Display: Shaders left to compile 43
[2019.04.30-14.44.20:736][139]LogShaderCompilers: Display: Shaders left to compile 42
[2019.04.30-14.44.20:810][142]LogShaderCompilers: Display: Shaders left to compile 41
[2019.04.30-14.44.20:881][144]LogShaderCompilers: Display: Shaders left to compile 40
[2019.04.30-14.44.21:115][151]LogShaderCompilers: Display: Shaders left to compile 39
[2019.04.30-14.44.21:230][154]LogShaderCompilers: Display: Shaders left to compile 38
[2019.04.30-14.44.21:258][155]LogShaderCompilers: Display: Shaders left to compile 37
[2019.04.30-14.44.21:355][158]LogShaderCompilers: Display: Shaders left to compile 36
[2019.04.30-14.44.21:457][161]LogShaderCompilers: Display: Shaders left to compile 35
[2019.04.30-14.44.21:549][164]LogShaderCompilers: Display: Shaders left to compile 34
[2019.04.30-14.44.21:578][165]LogShaderCompilers: Display: Shaders left to compile 33
[2019.04.30-14.44.21:655][167]LogShaderCompilers: Display: Shaders left to compile 32
[2019.04.30-14.44.21:756][170]LogShaderCompilers: Display: Shaders left to compile 31
[2019.04.30-14.44.21:843][173]LogShaderCompilers: Display: Shaders left to compile 30
[2019.04.30-14.44.22:154][182]LogShaderCompilers: Display: Shaders left to compile 29
[2019.04.30-14.44.22:179][183]LogShaderCompilers: Display: Shaders left to compile 28
[2019.04.30-14.44.22:290][186]LogShaderCompilers: Display: Shaders left to compile 27
[2019.04.30-14.44.22:432][190]LogShaderCompilers: Display: Shaders left to compile 26
[2019.04.30-14.44.22:547][194]LogShaderCompilers: Display: Shaders left to compile 25
[2019.04.30-14.44.22:778][201]LogShaderCompilers: Display: Shaders left to compile 24
[2019.04.30-14.44.22:944][206]LogShaderCompilers: Display: Shaders left to compile 23
[2019.04.30-14.44.22:959][206]LogShaderCompilers: Display: Shaders left to compile 22
[2019.04.30-14.44.23:118][211]LogShaderCompilers: Display: Shaders left to compile 21
[2019.04.30-14.44.23:332][217]LogShaderCompilers: Display: Shaders left to compile 20
[2019.04.30-14.44.23:351][218]LogShaderCompilers: Display: Shaders left to compile 19
[2019.04.30-14.44.23:497][222]LogShaderCompilers: Display: Shaders left to compile 18
[2019.04.30-14.44.23:514][223]LogShaderCompilers: Display: Shaders left to compile 17
[2019.04.30-14.44.23:683][228]LogShaderCompilers: Display: Shaders left to compile 16
[2019.04.30-14.44.23:719][229]LogShaderCompilers: Display: Shaders left to compile 15
[2019.04.30-14.44.23:787][231]LogShaderCompilers: Display: Shaders left to compile 14
[2019.04.30-14.44.23:808][232]LogShaderCompilers: Display: Shaders left to compile 13
[2019.04.30-14.44.23:955][236]LogShaderCompilers: Display: Shaders left to compile 12
[2019.04.30-14.44.23:988][237]LogShaderCompilers: Display: Shaders left to compile 11
[2019.04.30-14.44.24:018][238]LogShaderCompilers: Display: Shaders left to compile 10
[2019.04.30-14.44.24:080][240]LogShaderCompilers: Display: Shaders left to compile 9
[2019.04.30-14.44.24:401][249]LogShaderCompilers: Display: Shaders left to compile 8
[2019.04.30-14.44.24:592][255]LogShaderCompilers: Display: Shaders left to compile 7
[2019.04.30-14.44.24:677][258]LogShaderCompilers: Display: Shaders left to compile 6
[2019.04.30-14.44.24:704][258]LogShaderCompilers: Display: Shaders left to compile 5
[2019.04.30-14.44.24:959][266]LogShaderCompilers: Display: Shaders left to compile 4
[2019.04.30-14.44.25:028][268]LogShaderCompilers: Display: Shaders left to compile 3
[2019.04.30-14.44.25:344][278]LogShaderCompilers: Display: Shaders left to compile 2
[2019.04.30-14.44.25:357][278]LogShaderCompilers: Display: Shaders left to compile 1
[2019.04.30-14.44.44:667][846]LogSlate: FSceneViewport::OnFocusLost() reason 0
[2019.04.30-14.45.01:172][ 99]LogSlate: Window 'Save Level As' being destroyed
[2019.04.30-14.45.04:849][167]LogAssetEditorManager: Opening Asset editor for Material /Game/lambert2.lambert2
[2019.04.30-14.45.04:854][167]LogMaterial: Display: Missing cached shader map for material PreviewMaterial_0, compiling. 
[2019.04.30-14.45.05:203][167]LogMaterial: Display: Missing cached shader map for material PreviewMaterial_0, compiling. 
[2019.04.30-14.45.05:273][167]LogMaterial: Display: Missing cached shader map for material PreviewMaterial_0, compiling. 
[2019.04.30-14.45.05:355][167]LogShaderCompilers: Display: Shaders left to compile 59
[2019.04.30-14.45.05:355][167]LogShaderCompilers: Display: Shaders left to compile 58
[2019.04.30-14.45.05:355][167]LogShaderCompilers: Display: Shaders left to compile 57
[2019.04.30-14.45.05:355][167]LogShaderCompilers: Display: Shaders left to compile 56
[2019.04.30-14.45.05:385][167]LogMaterial: Display: Missing cached shader map for material FMatExpressionPreview MaterialExpressionTextureSample_0, compiling. 
[2019.04.30-14.45.06:234][180]LogShaderCompilers: Display: Shaders left to compile 57
[2019.04.30-14.45.06:298][180]LogShaderCompilers: Display: Shaders left to compile 56
[2019.04.30-14.45.06:311][180]LogShaderCompilers: Display: Shaders left to compile 55
[2019.04.30-14.45.06:311][180]LogShaderCompilers: Display: Shaders left to compile 54
[2019.04.30-14.45.06:560][184]LogShaderCompilers: Display: Shaders left to compile 53
[2019.04.30-14.45.06:599][184]LogShaderCompilers: Display: Shaders left to compile 52
[2019.04.30-14.45.06:632][184]LogShaderCompilers: Display: Shaders left to compile 51
[2019.04.30-14.45.06:646][184]LogShaderCompilers: Display: Shaders left to compile 50
[2019.04.30-14.45.06:822][186]LogShaderCompilers: Display: Shaders left to compile 49
[2019.04.30-14.45.07:062][192]LogShaderCompilers: Display: Shaders left to compile 48
[2019.04.30-14.45.07:261][195]LogShaderCompilers: Display: Shaders left to compile 47
[2019.04.30-14.45.07:321][196]LogShaderCompilers: Display: Shaders left to compile 46
[2019.04.30-14.45.07:460][198]LogShaderCompilers: Display: Shaders left to compile 45
[2019.04.30-14.45.07:674][198]LogShaderCompilers: Display: Shaders left to compile 44
[2019.04.30-14.45.07:749][200]LogShaderCompilers: Display: Shaders left to compile 43
[2019.04.30-14.45.07:990][205]LogShaderCompilers: Display: Shaders left to compile 42
[2019.04.30-14.45.08:035][206]LogShaderCompilers: Display: Shaders left to compile 41
[2019.04.30-14.45.08:153][208]LogShaderCompilers: Display: Shaders left to compile 40
[2019.04.30-14.45.08:295][210]LogShaderCompilers: Display: Shaders left to compile 39
[2019.04.30-14.45.08:397][211]LogShaderCompilers: Display: Shaders left to compile 38
[2019.04.30-14.45.08:511][213]LogShaderCompilers: Display: Shaders left to compile 37
[2019.04.30-14.45.08:568][214]LogShaderCompilers: Display: Shaders left to compile 36
[2019.04.30-14.45.08:634][215]LogShaderCompilers: Display: Shaders left to compile 35
[2019.04.30-14.45.08:721][216]LogShaderCompilers: Display: Shaders left to compile 34
[2019.04.30-14.45.08:826][218]LogShaderCompilers: Display: Shaders left to compile 33
[2019.04.30-14.45.08:865][218]LogShaderCompilers: Display: Shaders left to compile 32
[2019.04.30-14.45.08:952][220]LogShaderCompilers: Display: Shaders left to compile 31
[2019.04.30-14.45.09:020][221]LogShaderCompilers: Display: Shaders left to compile 30
[2019.04.30-14.45.09:359][226]LogShaderCompilers: Display: Shaders left to compile 29
[2019.04.30-14.45.09:421][227]LogShaderCompilers: Display: Shaders left to compile 28
[2019.04.30-14.45.09:469][227]LogShaderCompilers: Display: Shaders left to compile 27
[2019.04.30-14.45.09:579][229]LogShaderCompilers: Display: Shaders left to compile 26
[2019.04.30-14.45.09:822][233]LogShaderCompilers: Display: Shaders left to compile 25
[2019.04.30-14.45.09:966][235]LogShaderCompilers: Display: Shaders left to compile 24
[2019.04.30-14.45.10:088][237]LogShaderCompilers: Display: Shaders left to compile 23
[2019.04.30-14.45.10:205][238]LogShaderCompilers: Display: Shaders left to compile 22
[2019.04.30-14.45.10:226][239]LogShaderCompilers: Display: Shaders left to compile 21
[2019.04.30-14.45.10:493][243]LogShaderCompilers: Display: Shaders left to compile 20
[2019.04.30-14.45.10:579][244]LogShaderCompilers: Display: Shaders left to compile 19
[2019.04.30-14.45.10:601][244]LogShaderCompilers: Display: Shaders left to compile 18
[2019.04.30-14.45.10:635][245]LogShaderCompilers: Display: Shaders left to compile 17
[2019.04.30-14.45.10:830][248]LogShaderCompilers: Display: Shaders left to compile 16
[2019.04.30-14.45.10:898][249]LogShaderCompilers: Display: Shaders left to compile 15
[2019.04.30-14.45.10:924][249]LogShaderCompilers: Display: Shaders left to compile 14
[2019.04.30-14.45.10:937][249]LogShaderCompilers: Display: Shaders left to compile 13
[2019.04.30-14.45.11:102][252]LogShaderCompilers: Display: Shaders left to compile 12
[2019.04.30-14.45.11:153][253]LogShaderCompilers: Display: Shaders left to compile 11
[2019.04.30-14.45.11:467][257]LogShaderCompilers: Display: Shaders left to compile 10
[2019.04.30-14.45.11:496][258]LogShaderCompilers: Display: Shaders left to compile 9
[2019.04.30-14.45.11:558][259]LogShaderCompilers: Display: Shaders left to compile 8
[2019.04.30-14.45.11:713][261]LogShaderCompilers: Display: Shaders left to compile 7
[2019.04.30-14.45.11:856][263]LogShaderCompilers: Display: Shaders left to compile 6
[2019.04.30-14.45.12:044][266]LogShaderCompilers: Display: Shaders left to compile 5
[2019.04.30-14.45.12:168][268]LogShaderCompilers: Display: Shaders left to compile 4
[2019.04.30-14.45.12:221][269]LogShaderCompilers: Display: Shaders left to compile 3
[2019.04.30-14.45.12:366][271]LogShaderCompilers: Display: Shaders left to compile 2
[2019.04.30-14.45.12:562][274]LogShaderCompilers: Display: Shaders left to compile 1
[2019.04.30-14.45.12:804][277]MaterialEditorStats: Base pass shader: 102 instructions
[2019.04.30-14.45.12:805][277]MaterialEditorStats: Base pass shader with Volumetric Lightmap: 175 instructions
[2019.04.30-14.45.12:805][277]MaterialEditorStats: Base pass vertex shader: 36 instructions
[2019.04.30-14.45.12:805][277]MaterialEditorStats: Base pass vertex shader: 88 instructions
[2019.04.30-14.45.12:805][277]MaterialEditorStats: Texture samplers: 4/16
[2019.04.30-14.45.12:805][277]MaterialEditorStats: Texture Lookups (Est.): VS(0), PS(1)
[2019.04.30-14.45.12:805][277]MaterialEditorStats: User interpolators: 2/4 Scalars (1/4 Vectors) (TexCoords: 2, Custom: 0)
[2019.04.30-14.45.42:578][856]LogSlate: Window 'lambert2' being destroyed
[2019.04.30-14.45.42:683][856]LogSlate: Window 'lambert2' being destroyed
[2019.04.30-14.45.48:402][985]LogAssetEditorManager: Opening Asset editor for MaterialInstanceConstant /Game/CY_MI_WoodMaster_.CY_MI_WoodMaster_
[2019.04.30-14.45.48:977][985]LogRenderer: Reallocating scene render targets to support 1188x708 Format 10 NumSamples 1 (Frame:1).
[2019.04.30-14.45.53:069][246]LogSlate: Window 'cly_iCWB_AP - Unreal Editor' being destroyed
[2019.04.30-14.45.53:072][246]LogWindowsTextInputMethodSystem: Display: IME system now deactivated.
[2019.04.30-14.45.53:356][247]Cmd: QUIT_EDITOR
[2019.04.30-14.45.53:463][247]LogExit: Preparing to exit.
[2019.04.30-14.45.53:530][247]LogExit: Editor shut down
[2019.04.30-14.45.53:531][247]LogExit: Transaction tracking system shut down
[2019.04.30-14.45.53:971][247]LogExit: Object subsystem successfully closed.
[2019.04.30-14.45.54:010][247]LogShaderCompilers: Display: Shaders left to compile 0
[2019.04.30-14.45.54:020][247]LogD3D11RHI: Shutdown
[2019.04.30-14.45.54:021][247]LogD3D11RHI: CleanupD3DDevice
[2019.04.30-14.45.54:024][247]LogD3D11RHI: ~FD3D11DynamicRHI
[2019.04.30-14.45.54:110][247]LogModuleManager: Shutting down and abandoning module HierarchicalLODOutliner (612)
[2019.04.30-14.45.54:110][247]LogModuleManager: Shutting down and abandoning module SceneOutliner (610)
[2019.04.30-14.45.54:110][247]LogModuleManager: Shutting down and abandoning module AddContentDialog (608)
[2019.04.30-14.45.54:111][247]LogModuleManager: Shutting down and abandoning module WidgetCarousel (607)
[2019.04.30-14.45.54:111][247]LogModuleManager: Shutting down and abandoning module EditorWidgets (604)
[2019.04.30-14.45.54:111][247]LogModuleManager: Shutting down and abandoning module CollectionManager (602)
[2019.04.30-14.45.54:111][247]LogModuleManager: Shutting down and abandoning module HierarchicalLODUtilities (600)
[2019.04.30-14.45.54:111][247]LogModuleManager: Shutting down and abandoning module StatsViewer (598)
[2019.04.30-14.45.54:111][247]LogModuleManager: Shutting down and abandoning module FoliageEdit (596)
[2019.04.30-14.45.54:111][247]LogModuleManager: Shutting down and abandoning module LandscapeEditor (594)
[2019.04.30-14.45.54:111][247]LogModuleManager: Shutting down and abandoning module MeshPaintMode (592)
[2019.04.30-14.45.54:111][247]LogModuleManager: Shutting down and abandoning module SceneDepthPickerMode (590)
[2019.04.30-14.45.54:111][247]LogModuleManager: Shutting down and abandoning module ActorPickerMode (588)
[2019.04.30-14.45.54:111][247]LogModuleManager: Shutting down and abandoning module GeometryMode (586)
[2019.04.30-14.45.54:111][247]LogModuleManager: Shutting down and abandoning module TextureAlignMode (584)
[2019.04.30-14.45.54:111][247]LogModuleManager: Shutting down and abandoning module BspMode (582)
[2019.04.30-14.45.54:111][247]LogModuleManager: Shutting down and abandoning module PIEPreviewDeviceProfileSelector (580)
[2019.04.30-14.45.54:111][247]LogModuleManager: Shutting down and abandoning module SequenceRecorderSections (578)
[2019.04.30-14.45.54:111][247]LogModuleManager: Shutting down and abandoning module AutomationWorker (576)
[2019.04.30-14.45.54:111][247]LogModuleManager: Shutting down and abandoning module AudioCaptureEditor (574)
[2019.04.30-14.45.54:111][247]LogModuleManager: Shutting down and abandoning module SequenceRecorder (573)
[2019.04.30-14.45.54:111][247]LogModuleManager: Shutting down and abandoning module MatineeToLevelSequence (570)
[2019.04.30-14.45.54:111][247]LogModuleManager: Shutting down and abandoning module LevelSequenceEditor (568)
[2019.04.30-14.45.54:111][247]LogModuleManager: Shutting down and abandoning module PlacementMode (567)
[2019.04.30-14.45.54:111][247]LogModuleManager: Shutting down and abandoning module MaterialEditor (566)
[2019.04.30-14.45.54:111][247]LogModuleManager: Shutting down and abandoning module WmfMediaFactory (562)
[2019.04.30-14.45.54:111][247]LogModuleManager: Shutting down and abandoning module WmfMediaEditor (560)
[2019.04.30-14.45.54:111][247]LogModuleManager: Shutting down and abandoning module MediaPlayerEditor (558)
[2019.04.30-14.45.54:111][247]LogModuleManager: Shutting down and abandoning module OpenExrWrapper (556)
[2019.04.30-14.45.54:111][247]LogModuleManager: Shutting down and abandoning module ImgMediaFactory (554)
[2019.04.30-14.45.54:111][247]LogModuleManager: Shutting down and abandoning module ImgMediaEditor (552)
[2019.04.30-14.45.54:111][247]LogModuleManager: Shutting down and abandoning module AvfMediaFactory (550)
[2019.04.30-14.45.54:111][247]LogModuleManager: Shutting down and abandoning module AvfMediaEditor (548)
[2019.04.30-14.45.54:111][247]LogModuleManager: Shutting down and abandoning module AndroidMediaFactory (546)
[2019.04.30-14.45.54:111][247]LogModuleManager: Shutting down and abandoning module AndroidMediaEditor (544)
[2019.04.30-14.45.54:111][247]LogModuleManager: Shutting down and abandoning module MagicLeapCameraPreviewFactory (542)
[2019.04.30-14.45.54:111][247]LogModuleManager: Shutting down and abandoning module MagicLeapMediaFactory (540)
[2019.04.30-14.45.54:111][247]LogModuleManager: Shutting down and abandoning module MagicLeapMediaEditor (538)
[2019.04.30-14.45.54:111][247]LogModuleManager: Shutting down and abandoning module CharacterAI (536)
[2019.04.30-14.45.54:111][247]LogModuleManager: Shutting down and abandoning module SmartSnapping (534)
[2019.04.30-14.45.54:111][247]LogModuleManager: Shutting down and abandoning module SessionServices (532)
[2019.04.30-14.45.54:111][247]LogModuleManager: Shutting down and abandoning module ViewportSnapping (530)
[2019.04.30-14.45.54:111][247]LogModuleManager: Shutting down and abandoning module ViewportInteraction (528)
[2019.04.30-14.45.54:111][247]LogModuleManager: Shutting down and abandoning module ClothPainter (526)
[2019.04.30-14.45.54:112][247]LogModuleManager: Shutting down and abandoning module SkeletalMeshEditor (525)
[2019.04.30-14.45.54:112][247]LogModuleManager: Shutting down and abandoning module LogVisualizer (522)
[2019.04.30-14.45.54:112][247]LogModuleManager: Shutting down and abandoning module IntroTutorials (520)
[2019.04.30-14.45.54:112][247]LogModuleManager: Shutting down and abandoning module GameProjectGeneration (519)
[2019.04.30-14.45.54:113][247]LogModuleManager: Shutting down and abandoning module LuminPlatformEditor (516)
[2019.04.30-14.45.54:113][247]LogModuleManager: Shutting down and abandoning module IOSPlatformEditor (514)
[2019.04.30-14.45.54:113][247]LogModuleManager: Shutting down and abandoning module HTML5PlatformEditor (512)
[2019.04.30-14.45.54:113][247]LogModuleManager: Shutting down and abandoning module AndroidPlatformEditor (510)
[2019.04.30-14.45.54:113][247]LogModuleManager: Shutting down and abandoning module AndroidDeviceDetection (509)
[2019.04.30-14.45.54:401][247]LogModuleManager: Shutting down and abandoning module WindowsPlatformEditor (506)
[2019.04.30-14.45.54:401][247]LogModuleManager: Shutting down and abandoning module LuminRuntimeSettings (504)
[2019.04.30-14.45.54:401][247]LogModuleManager: Shutting down and abandoning module IOSRuntimeSettings (502)
[2019.04.30-14.45.54:401][247]LogModuleManager: Shutting down and abandoning module AndroidRuntimeSettings (500)
[2019.04.30-14.45.54:401][247]LogModuleManager: Shutting down and abandoning module InputBindingEditor (498)
[2019.04.30-14.45.54:402][247]LogModuleManager: Shutting down and abandoning module MergeActors (496)
[2019.04.30-14.45.54:402][247]LogModuleManager: Shutting down and abandoning module LocalizationDashboard (494)
[2019.04.30-14.45.54:402][247]LogModuleManager: Shutting down and abandoning module LocalizationService (493)
[2019.04.30-14.45.54:402][247]LogModuleManager: Shutting down and abandoning module HardwareTargeting (490)
[2019.04.30-14.45.54:402][247]LogModuleManager: Shutting down and abandoning module DeviceProfileEditor (488)
[2019.04.30-14.45.54:402][247]LogModuleManager: Shutting down and abandoning module UndoHistory (486)
[2019.04.30-14.45.54:402][247]LogModuleManager: Shutting down and abandoning module XmlParser (484)
[2019.04.30-14.45.54:402][247]LogModuleManager: Shutting down and abandoning module Blutility (482)
[2019.04.30-14.45.54:402][247]LogModuleManager: Shutting down and abandoning module ProjectSettingsViewer (480)
[2019.04.30-14.45.54:402][247]LogModuleManager: Shutting down and abandoning module ProjectTargetPlatformEditor (479)
[2019.04.30-14.45.54:403][247]LogModuleManager: Shutting down and abandoning module EditorSettingsViewer (476)
[2019.04.30-14.45.54:403][247]LogModuleManager: Shutting down and abandoning module SettingsEditor (474)
[2019.04.30-14.45.54:403][247]LogModuleManager: Shutting down and abandoning module ProjectLauncher (472)
[2019.04.30-14.45.54:403][247]LogModuleManager: Shutting down and abandoning module SessionFrontend (470)
[2019.04.30-14.45.54:403][247]LogModuleManager: Shutting down and abandoning module ProfilerClient (468)
[2019.04.30-14.45.54:403][247]LogModuleManager: Shutting down and abandoning module DeviceManager (466)
[2019.04.30-14.45.54:403][247]LogModuleManager: Shutting down and abandoning module TargetDeviceServices (465)
[2019.04.30-14.45.54:469][247]LogModuleManager: Shutting down and abandoning module AutomationController (462)
[2019.04.30-14.45.54:469][247]LogModuleManager: Shutting down and abandoning module AutomationWindow (460)
[2019.04.30-14.45.54:469][247]LogModuleManager: Shutting down and abandoning module Layers (458)
[2019.04.30-14.45.54:469][247]LogModuleManager: Shutting down and abandoning module ComponentVisualizers (456)
[2019.04.30-14.45.54:469][247]LogModuleManager: Shutting down and abandoning module DetailCustomizations (454)
[2019.04.30-14.45.54:469][247]LogModuleManager: Shutting down and abandoning module PackagesDialog (452)
[2019.04.30-14.45.54:470][247]LogModuleManager: Shutting down and abandoning module Persona (450)
[2019.04.30-14.45.54:470][247]LogModuleManager: Shutting down and abandoning module AdvancedPreviewScene (449)
[2019.04.30-14.45.54:470][247]LogModuleManager: Shutting down and abandoning module AnimGraph (447)
[2019.04.30-14.45.54:470][247]LogModuleManager: Shutting down and abandoning module Kismet (444)
[2019.04.30-14.45.54:471][247]LogModuleManager: Shutting down and abandoning module GraphEditor (442)
[2019.04.30-14.45.54:471][247]LogModuleManager: Shutting down and abandoning module ClassViewer (440)
[2019.04.30-14.45.54:471][247]LogModuleManager: Shutting down and abandoning module Toolbox (438)
[2019.04.30-14.45.54:471][247]LogModuleManager: Shutting down and abandoning module ModuleUI (436)
[2019.04.30-14.45.54:471][247]LogModuleManager: Shutting down and abandoning module MovieSceneTools (434)
[2019.04.30-14.45.54:471][247]LogModuleManager: Shutting down and abandoning module OutputLog (432)
[2019.04.30-14.45.54:471][247]LogModuleManager: Shutting down and abandoning module GammaUI (430)
[2019.04.30-14.45.54:471][247]LogModuleManager: Shutting down and abandoning module Documentation (428)
[2019.04.30-14.45.54:471][247]LogModuleManager: Shutting down and abandoning module MovieSceneTracks (426)
[2019.04.30-14.45.54:472][247]LogModuleManager: Shutting down and abandoning module MovieScene (424)
[2019.04.30-14.45.54:472][247]LogModuleManager: Shutting down and abandoning module StreamingPauseRendering (422)
[2019.04.30-14.45.54:472][247]LogModuleManager: Shutting down and abandoning module LauncherPlatform (420)
[2019.04.30-14.45.54:472][247]LogModuleManager: Shutting down and abandoning module AnalyticsET (418)
[2019.04.30-14.45.54:472][247]LogModuleManager: Shutting down and abandoning module PortalServices (416)
[2019.04.30-14.45.54:472][247]LogModuleManager: Shutting down and abandoning module PortalRpc (414)
[2019.04.30-14.45.54:472][247]LogModuleManager: Shutting down and abandoning module MessagingRpc (412)
[2019.04.30-14.45.54:472][247]LogModuleManager: Shutting down and abandoning module AIModule (410)
[2019.04.30-14.45.54:472][247]LogModuleManager: Shutting down and abandoning module GameplayDebugger (409)
[2019.04.30-14.45.54:472][247]LogModuleManager: Shutting down and abandoning module AITestSuite (407)
[2019.04.30-14.45.54:472][247]LogModuleManager: Shutting down and abandoning module NavigationSystem (405)
[2019.04.30-14.45.54:472][247]LogModuleManager: Shutting down and abandoning module DesktopPlatform (402)
[2019.04.30-14.45.54:472][247]LogModuleManager: Shutting down and abandoning module ProfilerService (400)
[2019.04.30-14.45.54:579][247]LogModuleManager: Shutting down and abandoning module TaskGraph (398)
[2019.04.30-14.45.54:579][247]LogModuleManager: Shutting down and abandoning module SteamVRController (396)
[2019.04.30-14.45.54:579][247]LogModuleManager: Shutting down and abandoning module ProceduralMeshComponentEditor (394)
[2019.04.30-14.45.54:579][247]LogModuleManager: Shutting down and abandoning module ProceduralMeshComponent (392)
[2019.04.30-14.45.54:579][247]LogModuleManager: Shutting down and abandoning module OculusInput (390)
[2019.04.30-14.45.54:579][247]LogModuleManager: Shutting down and abandoning module MobilePatchingUtils (388)
[2019.04.30-14.45.54:579][247]LogModuleManager: Shutting down and abandoning module EditableMesh (386)
[2019.04.30-14.45.54:579][247]LogModuleManager: Shutting down and abandoning module CustomMeshComponent (384)
[2019.04.30-14.45.54:579][247]LogModuleManager: Shutting down and abandoning module CableComponent (382)
[2019.04.30-14.45.54:579][247]LogModuleManager: Shutting down and abandoning module AudioCapture (380)
[2019.04.30-14.45.54:580][247]LogModuleManager: Shutting down and abandoning module ArchVisCharacter (378)
[2019.04.30-14.45.54:580][247]LogModuleManager: Shutting down and abandoning module AndroidPermission (376)
[2019.04.30-14.45.54:580][247]LogModuleManager: Shutting down and abandoning module NUTUnrealEngine4 (374)
[2019.04.30-14.45.54:580][247]LogModuleManager: Shutting down and abandoning module NetcodeUnitTest (372)
[2019.04.30-14.45.54:580][247]LogModuleManager: Shutting down and abandoning module MediaCompositingEditor (370)
[2019.04.30-14.45.54:580][247]LogModuleManager: Shutting down and abandoning module MediaCompositing (368)
[2019.04.30-14.45.54:580][247]LogModuleManager: Shutting down and abandoning module LinearTimecode (366)
[2019.04.30-14.45.54:580][247]LogModuleManager: Shutting down and abandoning module ImgMedia (364)
[2019.04.30-14.45.54:589][247]LogModuleManager: Shutting down and abandoning module HTML5Networking (362)
[2019.04.30-14.45.54:589][247]LogModuleManager: Shutting down and abandoning module GeometryCacheTracks (360)
[2019.04.30-14.45.54:589][247]LogModuleManager: Shutting down and abandoning module GeometryCacheSequencer (358)
[2019.04.30-14.45.54:589][247]LogModuleManager: Shutting down and abandoning module BackChannel (356)
[2019.04.30-14.45.54:589][247]LogModuleManager: Shutting down and abandoning module AppleVision (354)
[2019.04.30-14.45.54:589][247]LogModuleManager: Shutting down and abandoning module AppleImageUtils (352)
[2019.04.30-14.45.54:590][247]LogModuleManager: Shutting down and abandoning module AlembicImporter (350)
[2019.04.30-14.45.54:590][247]LogModuleManager: Shutting down and abandoning module AlembicLibrary (349)
[2019.04.30-14.45.54:590][247]LogModuleManager: Shutting down and abandoning module GeometryCache (348)
[2019.04.30-14.45.54:590][247]LogModuleManager: Shutting down and abandoning module GeometryCacheEd (347)
[2019.04.30-14.45.54:590][247]LogModuleManager: Shutting down and abandoning module DatasmithContentEditor (342)
[2019.04.30-14.45.54:590][247]LogModuleManager: Shutting down and abandoning module DatasmithContent (340)
[2019.04.30-14.45.54:591][247]LogModuleManager: Shutting down and abandoning module SpeedTreeImporter (338)
[2019.04.30-14.45.54:591][247]LogModuleManager: Shutting down and abandoning module PluginBrowser (336)
[2019.04.30-14.45.54:591][247]LogModuleManager: Shutting down and abandoning module MobileLauncherProfileWizard (334)
[2019.04.30-14.45.54:592][247]LogModuleManager: Shutting down and abandoning module PolygonModeling (332)
[2019.04.30-14.45.54:592][247]LogModuleManager: Shutting down and abandoning module MeshEditor (330)
[2019.04.30-14.45.54:592][247]LogModuleManager: Shutting down and abandoning module CryptoKeysOpenSSL (328)
[2019.04.30-14.45.54:592][247]LogModuleManager: Shutting down and abandoning module CryptoKeys (326)
[2019.04.30-14.45.54:592][247]LogModuleManager: Shutting down and abandoning module VisualStudioSourceCodeAccess (324)
[2019.04.30-14.45.54:592][247]LogModuleManager: Shutting down and abandoning module VisualStudioCodeSourceCodeAccess (322)
[2019.04.30-14.45.54:592][247]LogModuleManager: Shutting down and abandoning module UObjectPlugin (320)
[2019.04.30-14.45.54:592][247]LogModuleManager: Shutting down and abandoning module SubversionSourceControl (318)
[2019.04.30-14.45.54:593][247]LogModuleManager: Shutting down and abandoning module PerforceSourceControl (316)
[2019.04.30-14.45.54:593][247]LogModuleManager: Shutting down and abandoning module GitSourceControl (314)
[2019.04.30-14.45.54:593][247]LogModuleManager: Shutting down and abandoning module SourceControl (313)
[2019.04.30-14.45.54:593][247]LogModuleManager: Shutting down and abandoning module CLionSourceCodeAccess (310)
[2019.04.30-14.45.54:593][247]LogModuleManager: Shutting down and abandoning module LightPropagationVolumeEditor (308)
[2019.04.30-14.45.54:593][247]LogModuleManager: Shutting down and abandoning module PaperTiledImporter (306)
[2019.04.30-14.45.54:593][247]LogModuleManager: Shutting down and abandoning module PaperSpriteSheetImporter (304)
[2019.04.30-14.45.54:593][247]LogModuleManager: Shutting down and abandoning module Paper2DEditor (302)
[2019.04.30-14.45.54:593][247]LogModuleManager: Shutting down and abandoning module MeshPaint (301)
[2019.04.30-14.45.54:593][247]LogModuleManager: Shutting down and abandoning module RuntimePhysXCooking (298)
[2019.04.30-14.45.54:593][247]LogModuleManager: Shutting down and abandoning module PhysXVehiclesEditor (296)
[2019.04.30-14.45.54:593][247]LogModuleManager: Shutting down and abandoning module PhysXVehicles (294)
[2019.04.30-14.45.54:593][247]LogModuleManager: Shutting down and abandoning module OculusEditor (292)
[2019.04.30-14.45.54:594][247]LogModuleManager: Shutting down and abandoning module LocationServicesBPLibrary (290)
[2019.04.30-14.45.54:594][247]LogModuleManager: Shutting down and abandoning module ImmediatePhysicsEditor (288)
[2019.04.30-14.45.54:594][247]LogModuleManager: Shutting down and abandoning module ImmediatePhysics (286)
[2019.04.30-14.45.54:594][247]LogModuleManager: Shutting down and abandoning module ActorSequence (284)
[2019.04.30-14.45.54:594][247]LogModuleManager: Shutting down and abandoning module UdpMessaging (282)
[2019.04.30-14.45.54:695][247]LogModuleManager: Shutting down and abandoning module TcpMessaging (280)
[2019.04.30-14.45.54:796][247]LogModuleManager: Shutting down and abandoning module MagicLeapAudio (278)
[2019.04.30-14.45.54:796][247]LogModuleManager: Shutting down and abandoning module GameplayTagsEditor (276)
[2019.04.30-14.45.54:796][247]LogModuleManager: Shutting down and abandoning module FacialAnimationEditor (274)
[2019.04.30-14.45.54:796][247]LogModuleManager: Shutting down and abandoning module FacialAnimation (272)
[2019.04.30-14.45.54:796][247]LogModuleManager: Shutting down and abandoning module DataValidation (270)
[2019.04.30-14.45.54:796][247]LogModuleManager: Shutting down and abandoning module AssetManagerEditor (268)
[2019.04.30-14.45.54:796][247]LogModuleManager: Shutting down and abandoning module LevelEditor (267)
[2019.04.30-14.45.54:798][247]LogModuleManager: Shutting down and abandoning module PixelInspectorModule (266)
[2019.04.30-14.45.54:798][247]LogModuleManager: Shutting down and abandoning module CommonMenuExtensions (264)
[2019.04.30-14.45.54:799][247]LogModuleManager: Shutting down and abandoning module MainFrame (262)
[2019.04.30-14.45.54:799][247]LogModuleManager: Shutting down and abandoning module HotReload (261)
[2019.04.30-14.45.54:800][247]LogModuleManager: Shutting down and abandoning module ContentBrowser (257)
[2019.04.30-14.45.54:803][247]LogModuleManager: Shutting down and abandoning module TreeMap (255)
[2019.04.30-14.45.54:803][247]LogModuleManager: Shutting down and abandoning module LightPropagationVolumeRuntime (252)
[2019.04.30-14.45.54:803][247]LogModuleManager: Shutting down and abandoning module AISupportModule (250)
[2019.04.30-14.45.54:803][247]LogModuleManager: Shutting down and abandoning module Paper2D (248)
[2019.04.30-14.45.54:803][247]LogModuleManager: Shutting down and abandoning module WindowsMoviePlayer (246)
[2019.04.30-14.45.54:803][247]LogModuleManager: Shutting down and abandoning module WmfMedia (244)
[2019.04.30-14.45.54:807][247]LogModuleManager: Shutting down and abandoning module Media (243)
[2019.04.30-14.45.54:814][247]LogModuleManager: Shutting down and abandoning module PacketHandler (240)
[2019.04.30-14.45.54:814][247]LogModuleManager: Shutting down and abandoning module ClothingSystemEditor (238)
[2019.04.30-14.45.54:814][247]LogModuleManager: Shutting down and abandoning module ClothingSystemRuntime (236)
[2019.04.30-14.45.54:814][247]LogModuleManager: Shutting down and abandoning module MediaAssets (234)
[2019.04.30-14.45.54:814][247]LogModuleManager: Shutting down and abandoning module Overlay (232)
[2019.04.30-14.45.54:815][247]LogModuleManager: Shutting down and abandoning module OverlayEditor (231)
[2019.04.30-14.45.54:815][247]LogModuleManager: Shutting down and abandoning module VREditor (228)
[2019.04.30-14.45.54:815][247]LogModuleManager: Shutting down and abandoning module StringTableEditor (226)
[2019.04.30-14.45.54:815][247]LogModuleManager: Shutting down and abandoning module GameplayTasksEditor (224)
[2019.04.30-14.45.54:815][247]LogModuleManager: Shutting down and abandoning module BehaviorTreeEditor (222)
[2019.04.30-14.45.54:815][247]LogModuleManager: Shutting down and abandoning module FunctionalTesting (220)
[2019.04.30-14.45.54:815][247]LogModuleManager: Shutting down and abandoning module CollisionAnalyzer (218)
[2019.04.30-14.45.54:815][247]LogModuleManager: Shutting down and abandoning module WorkspaceMenuStructure (217)
[2019.04.30-14.45.54:815][247]LogModuleManager: Shutting down and abandoning module UMG (214)
[2019.04.30-14.45.54:815][247]LogModuleManager: Shutting down and abandoning module UMGEditor (213)
[2019.04.30-14.45.54:816][247]LogModuleManager: Shutting down and abandoning module Sequencer (212)
[2019.04.30-14.45.54:816][247]LogModuleManager: Shutting down and abandoning module MessageLog (209)
[2019.04.30-14.45.54:816][247]LogModuleManager: Shutting down and abandoning module SlateReflector (204)
[2019.04.30-14.45.54:816][247]LogModuleManager: Shutting down and abandoning module Slate (202)
[2019.04.30-14.45.54:816][247]LogModuleManager: Shutting down and abandoning module EditorStyle (200)
[2019.04.30-14.45.54:822][247]LogModuleManager: Shutting down and abandoning module MRMesh (198)
[2019.04.30-14.45.54:822][247]LogModuleManager: Shutting down and abandoning module SourceCodeAccess (196)
[2019.04.30-14.45.54:822][247]LogModuleManager: Shutting down and abandoning module HeadMountedDisplay (194)
[2019.04.30-14.45.54:822][247]LogModuleManager: Shutting down and abandoning module XAudio2 (192)
[2019.04.30-14.45.54:822][247]LogModuleManager: Shutting down and abandoning module Networking (190)
[2019.04.30-14.45.54:822][247]LogModuleManager: Shutting down and abandoning module Core (188)
[2019.04.30-14.45.54:822][247]LogModuleManager: Shutting down and abandoning module LevelSequence (186)
[2019.04.30-14.45.54:822][247]LogModuleManager: Shutting down and abandoning module KismetCompiler (184)
[2019.04.30-14.45.54:822][247]LogModuleManager: Shutting down and abandoning module MeshUtilities (182)
[2019.04.30-14.45.54:822][247]LogModuleManager: Shutting down and abandoning module MeshMergeUtilities (181)
[2019.04.30-14.45.54:822][247]LogModuleManager: Shutting down and abandoning module MeshReductionInterface (180)
[2019.04.30-14.45.54:822][247]LogModuleManager: Shutting down and abandoning module SimplygonSwarm (179)
[2019.04.30-14.45.54:823][247]LogModuleManager: Shutting down and abandoning module ProxyLODMeshReduction (177)
[2019.04.30-14.45.54:823][247]LogModuleManager: Shutting down and abandoning module SimplygonMeshReduction (175)
[2019.04.30-14.45.54:823][247]LogModuleManager: Shutting down and abandoning module QuadricMeshReduction (173)
[2019.04.30-14.45.54:823][247]LogModuleManager: Shutting down and abandoning module MaterialBaking (169)
[2019.04.30-14.45.54:823][247]LogModuleManager: Shutting down and abandoning module DirectoryWatcher (165)
[2019.04.30-14.45.54:823][247]LogModuleManager: Shutting down and abandoning module DerivedDataCache (162)
[2019.04.30-14.45.54:830][247]LogDerivedDataCache: Shutdown
[2019.04.30-14.45.54:830][247]LogModuleManager: Shutting down and abandoning module XGEController (160)
[2019.04.30-14.45.54:830][247]LogXGEController: Cleaning working directory: C:/Users/black/AppData/Local/Temp/UnrealXGEWorkingDir/
[2019.04.30-14.45.54:831][247]LogModuleManager: Shutting down and abandoning module TargetPlatform (158)
[2019.04.30-14.45.54:831][247]LogModuleManager: Shutting down and abandoning module VulkanShaderFormat (157)
[2019.04.30-14.45.54:831][247]LogModuleManager: Shutting down and abandoning module ShaderFormatVectorVM (155)
[2019.04.30-14.45.54:831][247]LogModuleManager: Shutting down and abandoning module ShaderFormatOpenGL (153)
[2019.04.30-14.45.54:831][247]LogModuleManager: Shutting down and abandoning module ShaderFormatD3D (151)
[2019.04.30-14.45.54:831][247]LogModuleManager: Shutting down and abandoning module MetalShaderFormat (149)
[2019.04.30-14.45.54:831][247]LogModuleManager: Shutting down and abandoning module TextureFormatUncompressed (147)
[2019.04.30-14.45.54:831][247]LogModuleManager: Shutting down and abandoning module TextureFormatPVR (145)
[2019.04.30-14.45.54:831][247]LogModuleManager: Shutting down and abandoning module TextureFormatDXT (143)
[2019.04.30-14.45.54:831][247]LogModuleManager: Shutting down and abandoning module TextureFormatIntelISPCTexComp (141)
[2019.04.30-14.45.54:832][247]LogModuleManager: Shutting down and abandoning module TextureFormatASTC (139)
[2019.04.30-14.45.54:832][247]LogModuleManager: Shutting down and abandoning module ImageWrapper (138)
[2019.04.30-14.45.54:832][247]LogModuleManager: Shutting down and abandoning module TextureFormatAndroid (135)
[2019.04.30-14.45.54:832][247]LogModuleManager: Shutting down and abandoning module AudioFormatOpus (133)
[2019.04.30-14.45.54:832][247]LogModuleManager: Shutting down and abandoning module AudioFormatOgg (131)
[2019.04.30-14.45.54:832][247]LogModuleManager: Shutting down and abandoning module AudioFormatADPCM (129)
[2019.04.30-14.45.54:832][247]LogModuleManager: Shutting down and abandoning module LuminTargetPlatform (127)
[2019.04.30-14.45.54:832][247]LogModuleManager: Shutting down and abandoning module LinuxTargetPlatform (125)
[2019.04.30-14.45.54:832][247]LogModuleManager: Shutting down and abandoning module LinuxServerTargetPlatform (123)
[2019.04.30-14.45.54:832][247]LogModuleManager: Shutting down and abandoning module LinuxNoEditorTargetPlatform (121)
[2019.04.30-14.45.54:832][247]LogModuleManager: Shutting down and abandoning module LinuxClientTargetPlatform (119)
[2019.04.30-14.45.54:833][247]LogModuleManager: Shutting down and abandoning module TVOSTargetPlatform (117)
[2019.04.30-14.45.54:835][247]LogModuleManager: Shutting down and abandoning module Messaging (115)
[2019.04.30-14.45.54:835][247]LogModuleManager: Shutting down and abandoning module IOSTargetPlatform (113)
[2019.04.30-14.45.54:836][247]LogModuleManager: Shutting down and abandoning module HTML5TargetPlatform (111)
[2019.04.30-14.45.54:837][247]LogModuleManager: Shutting down and abandoning module AndroidTargetPlatform (109)
[2019.04.30-14.45.54:858][247]LogModuleManager: Shutting down and abandoning module WindowsTargetPlatform (107)
[2019.04.30-14.45.54:858][247]LogModuleManager: Shutting down and abandoning module WindowsServerTargetPlatform (105)
[2019.04.30-14.45.54:858][247]LogModuleManager: Shutting down and abandoning module WindowsNoEditorTargetPlatform (103)
[2019.04.30-14.45.54:858][247]LogModuleManager: Shutting down and abandoning module WindowsClientTargetPlatform (101)
[2019.04.30-14.45.54:858][247]LogModuleManager: Shutting down and abandoning module MacTargetPlatform (99)
[2019.04.30-14.45.54:858][247]LogModuleManager: Shutting down and abandoning module MacServerTargetPlatform (97)
[2019.04.30-14.45.54:858][247]LogModuleManager: Shutting down and abandoning module MacNoEditorTargetPlatform (95)
[2019.04.30-14.45.54:858][247]LogModuleManager: Shutting down and abandoning module MacClientTargetPlatform (93)
[2019.04.30-14.45.54:858][247]LogModuleManager: Shutting down and abandoning module AllDesktopTargetPlatform (91)
[2019.04.30-14.45.54:858][247]LogModuleManager: Shutting down and abandoning module InputCore (88)
[2019.04.30-14.45.54:858][247]LogModuleManager: Shutting down and abandoning module Settings (86)
[2019.04.30-14.45.54:859][247]LogModuleManager: Shutting down and abandoning module PhysXCooking (84)
[2019.04.30-14.45.54:859][247]LogModuleManager: Shutting down and abandoning module SteamVR (82)
[2019.04.30-14.45.54:859][247]LogModuleManager: Shutting down and abandoning module OculusHMD (80)
[2019.04.30-14.45.54:859][247]LogModuleManager: Shutting down and abandoning module ExampleDeviceProfileSelector (78)
[2019.04.30-14.45.54:859][247]LogModuleManager: Shutting down and abandoning module LauncherChunkInstaller (76)
[2019.04.30-14.45.54:859][247]LogModuleManager: Shutting down and abandoning module OnlineBlueprintSupport (74)
[2019.04.30-14.45.54:859][247]LogModuleManager: Shutting down and abandoning module OnlineSubsystem (70)
[2019.04.30-14.45.54:861][247]LogModuleManager: Shutting down and abandoning module XMPP (65)
[2019.04.30-14.45.54:861][247]LogModuleManager: Shutting down and abandoning module WebSockets (64)
[2019.04.30-14.45.54:883][247]LogModuleManager: Shutting down and abandoning module HTTP (61)
[2019.04.30-14.45.54:883][247]LogHttp: Display: Http module shutting down, but needs to wait on 1 outstanding Http requests:
[2019.04.30-14.45.54:884][247]LogHttp: Display: 	verb=[POST] url=[https://datarouter.ol.epicgames.com/datarouter/api/v1/public/data?SessionID=%7B1A355F4C-4479-D118-2D77-98BD3DA56177%7D&AppID=UEEditor.Rocket.Release&AppVersion=4.20.3-4369336%2B%2B%2BUE4%2BRelease-4.20&UserID=57d15649414b216ef81a6cb5a67a22c1%7C789eee853c9441fbaf77b0c76af6d98e%7C1966bcb7-6332-4ea6-b3b0-dfd59d6ebd8a&AppEnvironment=datacollector-binary&UploadType=eteventstream] status=Processing
[2019.04.30-14.45.54:903][247]LogModuleManager: Shutting down and abandoning module SSL (60)
[2019.04.30-14.45.54:907][247]LogModuleManager: Shutting down and abandoning module MagicLeapEmulator (56)
[2019.04.30-14.45.54:907][247]LogModuleManager: Shutting down and abandoning module MagicLeapPrivileges (54)
[2019.04.30-14.45.54:907][247]LogModuleManager: Shutting down and abandoning module MagicLeapIdentity (52)
[2019.04.30-14.45.54:907][247]LogModuleManager: Shutting down and abandoning module MagicLeapHelperVulkan (50)
[2019.04.30-14.45.54:907][247]LogModuleManager: Shutting down and abandoning module MagicLeapHelperOpenGL (48)
[2019.04.30-14.45.54:907][247]LogModuleManager: Shutting down and abandoning module MagicLeapSecureStorage (46)
[2019.04.30-14.45.54:907][247]LogModuleManager: Shutting down and abandoning module MagicLeapGestures (44)
[2019.04.30-14.45.54:907][247]LogModuleManager: Shutting down and abandoning module MagicLeapEyeTracker (42)
[2019.04.30-14.45.54:907][247]LogModuleManager: Shutting down and abandoning module MagicLeapController (40)
[2019.04.30-14.45.54:907][247]LogSlate: Slate User Destroyed.  User Index 0, Is Virtual User: 0
[2019.04.30-14.45.54:908][247]LogModuleManager: Shutting down and abandoning module MagicLeap (38)
[2019.04.30-14.45.54:908][247]LogModuleManager: Shutting down and abandoning module AnimationModifiers (36)
[2019.04.30-14.45.54:908][247]LogModuleManager: Shutting down and abandoning module PropertyEditor (35)
[2019.04.30-14.45.54:908][247]LogModuleManager: Shutting down and abandoning module AudioEditor (32)
[2019.04.30-14.45.54:908][247]LogModuleManager: Shutting down and abandoning module TextureCompressor (30)
[2019.04.30-14.45.54:909][247]LogModuleManager: Shutting down and abandoning module ShaderCore (28)
[2019.04.30-14.45.54:909][247]LogModuleManager: Shutting down and abandoning module Landscape (26)
[2019.04.30-14.45.54:909][247]LogModuleManager: Shutting down and abandoning module SlateRHIRenderer (24)
[2019.04.30-14.45.54:910][247]LogModuleManager: Shutting down and abandoning module OpenGLDrv (22)
[2019.04.30-14.45.54:910][247]LogModuleManager: Shutting down and abandoning module D3D11RHI (20)
[2019.04.30-14.45.54:910][247]LogModuleManager: Shutting down and abandoning module AnimGraphRuntime (18)
[2019.04.30-14.45.54:910][247]LogModuleManager: Shutting down and abandoning module Renderer (16)
[2019.04.30-14.45.54:910][247]LogModuleManager: Shutting down and abandoning module Engine (14)
[2019.04.30-14.45.54:910][247]LogModuleManager: Shutting down and abandoning module CoreUObject (12)
[2019.04.30-14.45.54:910][247]LogModuleManager: Shutting down and abandoning module NetworkFile (10)
[2019.04.30-14.45.54:910][247]LogModuleManager: Shutting down and abandoning module CookedIterativeFile (8)
[2019.04.30-14.45.54:910][247]LogModuleManager: Shutting down and abandoning module StreamingFile (6)
[2019.04.30-14.45.54:910][247]LogModuleManager: Shutting down and abandoning module SandboxFile (4)
[2019.04.30-14.45.54:910][247]LogModuleManager: Shutting down and abandoning module PakFile (2)
[2019.04.30-14.45.54:929][247]LogExit: Exiting.
[2019.04.30-14.45.54:940][247]Log file closed, 04/30/19 08:45:54
