Log file open, 05/07/19 19:51:17
LogWindows: Failed to load 'aqProf.dll' (GetLastError=126)
LogWindows: File 'aqProf.dll' does not exist
LogWindows: Failed to load 'VSPerf140.dll' (GetLastError=126)
LogWindows: File 'VSPerf140.dll' does not exist
LogWindows: Failed to load 'VtuneApi.dll' (GetLastError=126)
LogWindows: File 'VtuneApi.dll' does not exist
LogWindows: Failed to load 'VtuneApi32e.dll' (GetLastError=126)
LogWindows: File 'VtuneApi32e.dll' does not exist
LogInit: Display: Running engine for game: cly_iCWB_AP
LogPlatformFile: Not using cached read wrapper
LogTaskGraph: Started task graph with 5 named threads and 23 total threads with 3 sets of task threads.
LogStats: Stats thread started at 0.367860
LogD3D11RHI: Loaded GFSDK_Aftermath_Lib.x64.dll
LogICUInternationalization: Display: ICU TimeZone Detection - Raw Offset: -7:00, Platform Override: ''
LogPluginManager: Mounting plugin Paper2D
LogPluginManager: Mounting plugin AISupport
LogPluginManager: Mounting plugin LightPropagationVolume
LogPluginManager: Mounting plugin CLionSourceCodeAccess
LogPluginManager: Mounting plugin CodeLiteSourceCodeAccess
LogPluginManager: Mounting plugin GitSourceControl
LogPluginManager: Mounting plugin KDevelopSourceCodeAccess
LogPluginManager: Mounting plugin NullSourceCodeAccess
LogPluginManager: Mounting plugin PerforceSourceControl
LogPluginManager: Mounting plugin SubversionSourceControl
LogPluginManager: Mounting plugin UObjectPlugin
LogPluginManager: Mounting plugin VisualStudioCodeSourceCodeAccess
LogPluginManager: Mounting plugin VisualStudioSourceCodeAccess
LogPluginManager: Mounting plugin XCodeSourceCodeAccess
LogPluginManager: Mounting plugin AssetManagerEditor
LogPluginManager: Mounting plugin CryptoKeys
LogPluginManager: Mounting plugin DataValidation
LogPluginManager: Mounting plugin FacialAnimation
LogPluginManager: Mounting plugin GameplayTagsEditor
LogPluginManager: Mounting plugin MacGraphicsSwitching
LogPluginManager: Mounting plugin MeshEditor
LogPluginManager: Mounting plugin MobileLauncherProfileWizard
LogPluginManager: Mounting plugin PluginBrowser
LogPluginManager: Mounting plugin SpeedTreeImporter
LogPluginManager: Mounting plugin DatasmithContent
LogPluginManager: Mounting plugin AlembicImporter
LogPluginManager: Mounting plugin AppleImageUtils
LogPluginManager: Mounting plugin AppleVision
LogPluginManager: Mounting plugin BackChannel
LogPluginManager: Mounting plugin CharacterAI
LogPluginManager: Mounting plugin GeometryCache
LogPluginManager: Mounting plugin HTML5Networking
LogPluginManager: Mounting plugin ProxyLODPlugin
LogPluginManager: Mounting plugin MagicLeap
LogPluginManager: Mounting plugin MagicLeapEmulator
LogPluginManager: Mounting plugin MagicLeapMedia
LogPluginManager: Mounting plugin AndroidMedia
LogPluginManager: Mounting plugin AvfMedia
LogPluginManager: Mounting plugin ImgMedia
LogPluginManager: Mounting plugin LinearTimecode
LogPluginManager: Mounting plugin MediaCompositing
LogPluginManager: Mounting plugin MediaPlayerEditor
LogPluginManager: Mounting plugin WmfMedia
LogPluginManager: Mounting plugin TcpMessaging
LogPluginManager: Mounting plugin UdpMessaging
LogPluginManager: Mounting plugin ActorSequence
LogPluginManager: Mounting plugin LevelSequenceEditor
LogPluginManager: Mounting plugin MatineeToLevelSequence
LogPluginManager: Mounting plugin NetcodeUnitTest
LogPluginManager: Mounting plugin NUTUnrealEngine4
LogPluginManager: Mounting plugin OnlineSubsystemGooglePlay
LogPluginManager: Mounting plugin OnlineSubsystemIOS
LogPluginManager: Mounting plugin OnlineSubsystem
LogPluginManager: Mounting plugin OnlineSubsystemNull
LogPluginManager: Mounting plugin OnlineSubsystemUtils
LogPluginManager: Mounting plugin LauncherChunkInstaller
LogPluginManager: Mounting plugin AndroidDeviceProfileSelector
LogPluginManager: Mounting plugin AndroidMoviePlayer
LogPluginManager: Mounting plugin AndroidPermission
LogPluginManager: Mounting plugin AppleMoviePlayer
LogPluginManager: Mounting plugin ArchVisCharacter
LogPluginManager: Mounting plugin AudioCapture
LogPluginManager: Mounting plugin CableComponent
LogPluginManager: Mounting plugin CustomMeshComponent
LogPluginManager: Mounting plugin EditableMesh
LogPluginManager: Mounting plugin ExampleDeviceProfileSelector
LogPluginManager: Mounting plugin GoogleCloudMessaging
LogPluginManager: Mounting plugin ImmediatePhysics
LogPluginManager: Mounting plugin IOSDeviceProfileSelector
LogPluginManager: Mounting plugin LinuxDeviceProfileSelector
LogPluginManager: Mounting plugin LocationServicesBPLibrary
LogPluginManager: Mounting plugin MobilePatchingUtils
LogPluginManager: Mounting plugin OculusVR
LogPluginManager: Plugin shader directory ../../../Engine/Plugins/Runtime/Oculus/OculusVR/Shaders found
LogPluginManager: Mapping shader source directory ../../../Engine/Plugins/Runtime/Oculus/OculusVR/Shaders to virtual directory /Plugin/OculusVR
LogPluginManager: Mounting plugin PhysXVehicles
LogPluginManager: Mounting plugin ProceduralMeshComponent
LogPluginManager: Mounting plugin RuntimePhysXCooking
LogPluginManager: Mounting plugin SteamVR
LogPluginManager: Mounting plugin WindowsMoviePlayer
LogStreaming: Display: Took  0.180s to configure plugins.
LogInit: Using libcurl 7.55.1-DEV
LogInit:  - built for x86_64-pc-win32
LogInit:  - supports SSL with OpenSSL/1.0.2h
LogInit:  - supports HTTP deflate (compression) using libz 1.2.8
LogInit:  - other features:
LogInit:      CURL_VERSION_SSL
LogInit:      CURL_VERSION_LIBZ
LogInit:      CURL_VERSION_IPV6
LogInit:      CURL_VERSION_ASYNCHDNS
LogInit:      CURL_VERSION_LARGEFILE
LogInit:      CURL_VERSION_IDN
LogInit:  CurlRequestOptions (configurable via config and command line):
LogInit:  - bVerifyPeer = false  - Libcurl will NOT verify peer certificate
LogInit:  - bUseHttpProxy = false  - Libcurl will NOT use HTTP proxy
LogInit:  - bDontReuseConnections = false  - Libcurl will reuse connections
LogInit:  - CertBundlePath = nullptr  - Libcurl will use whatever was configured at build time.
LogInit:  - MaxHostConnections = 16  - Libcurl will limit the number of connections to a host
LogInit:  - LocalHostAddr = Default
LogInit:  - BufferSize = 65536
LogInit: WinSock: version 1.1 (2.2), MaxSocks=32767, MaxUdp=65467
LogInit: Build: ++UE4+Release-4.20-CL-4369336
LogInit: Engine Version: 4.20.3-4369336+++UE4+Release-4.20
LogInit: Compatible Engine Version: 4.20.0-4212847+++UE4+Release-4.20
LogInit: Net CL: 4212847
LogInit: OS: Windows 10 (), CPU: Intel(R) Core(TM) i5-8300H CPU @ 2.30GHz, GPU: Intel(R) UHD Graphics 630
LogInit: Compiled (64-bit): Sep 17 2018 12:26:19
LogInit: Compiled with Visual C++: 19.13.26129.00
LogInit: Build Configuration: Development
LogInit: Branch Name: ++UE4+Release-4.20
LogInit: Command Line: 
LogInit: Base Directory: C:/Program Files/Epic Games/UE_4.20/Engine/Binaries/Win64/
LogInit: Installed Engine Build: 1
LogDevObjectVersion: Number of dev versions registered: 20
LogDevObjectVersion:   Dev-Blueprints (B0D832E4-1F89-4F0D-ACCF-7EB736FD4AA2): 10
LogDevObjectVersion:   Dev-Build (E1C64328-A22C-4D53-A36C-8E866417BD8C): 0
LogDevObjectVersion:   Dev-Core (375EC13C-06E4-48FB-B500-84F0262A717E): 2
LogDevObjectVersion:   Dev-Editor (E4B068ED-F494-42E9-A231-DA0B2E46BB41): 24
LogDevObjectVersion:   Dev-Framework (CFFC743F-43B0-4480-9391-14DF171D2073): 34
LogDevObjectVersion:   Dev-Mobile (B02B49B5-BB20-44E9-A304-32B752E40360): 2
LogDevObjectVersion:   Dev-Networking (A4E4105C-59A1-49B5-A7C5-40C4547EDFEE): 0
LogDevObjectVersion:   Dev-Online (39C831C9-5AE6-47DC-9A44-9C173E1C8E7C): 0
LogDevObjectVersion:   Dev-Physics (78F01B33-EBEA-4F98-B9B4-84EACCB95AA2): 0
LogDevObjectVersion:   Dev-Platform (6631380F-2D4D-43E0-8009-CF276956A95A): 0
LogDevObjectVersion:   Dev-Rendering (12F88B9F-8875-4AFC-A67C-D90C383ABD29): 26
LogDevObjectVersion:   Dev-Sequencer (7B5AE74C-D270-4C10-A958-57980B212A5A): 9
LogDevObjectVersion:   Dev-VR (D7296918-1DD6-4BDD-9DE2-64A83CC13884): 2
LogDevObjectVersion:   Dev-LoadTimes (C2A15278-BFE7-4AFE-6C17-90FF531DF755): 1
LogDevObjectVersion:   Private-Geometry (6EACA3D4-40EC-4CC1-B786-8BED09428FC5): 3
LogDevObjectVersion:   Dev-AnimPhys (29E575DD-E0A3-4627-9D10-D276232CDCEA): 17
LogDevObjectVersion:   Dev-ReflectionCapture (6B266CEC-1EC7-4B8F-A30B-E4D90942FC07): 1
LogDevObjectVersion:   Dev-Automation (0DF73D61-A23F-47EA-B727-89E90C41499A): 1
LogDevObjectVersion:   FortniteMain (601D1886-AC64-4F84-AA16-D3DE0DEAC7D6): 12
LogDevObjectVersion:   Dev-Enterprise (9DFFBCD6-494F-0158-E221-12823C92A888): 1
LogStreaming: Display: Took  0.003s to delete old logs.
LogInit: Presizing for max 8388607 objects, including 0 objects not considered by GC, pre-allocating 0 bytes for permanent pool.
LogInit: Object subsystem initialized
[2019.05.08-01.51.18:403][  0]LogInit: Selected Device Profile: [Windows]
[2019.05.08-01.51.18:404][  0]LogInit: Applying CVar settings loaded from the selected device profile: [Windows]
[2019.05.08-01.51.18:423][  0]LogHAL: Display: Platform has ~ 8 GB [8424574976 / 8589934592 / 8], which maps to Default [LargestMinGB=32, LargerMinGB=12, DefaultMinGB=8, SmallerMinGB=6, SmallestMinGB=0)
[2019.05.08-01.51.18:423][  0]LogInit: Setting Device Profile CVar: [[r.Vulkan.UseRealUBs:1]]
[2019.05.08-01.51.18:423][  0]LogInit: Going up to parent DeviceProfile []
[2019.05.08-01.51.18:423][  0]LogInit: Computer: DESKTOP-4HEA2F2
[2019.05.08-01.51.18:423][  0]LogInit: User: black
[2019.05.08-01.51.18:423][  0]LogInit: CPU Page size=4096, Cores=4
[2019.05.08-01.51.18:423][  0]LogInit: High frequency timer resolution =2.250000 MHz
[2019.05.08-01.51.18:424][  0]LogMemory: Memory total: Physical=7.8GB (8GB approx)
[2019.05.08-01.51.18:424][  0]LogMemory: Platform Memory Stats for Windows
[2019.05.08-01.51.18:424][  0]LogMemory: Process Physical Memory: 99.35 MB used, 99.35 MB peak
[2019.05.08-01.51.18:424][  0]LogMemory: Process Virtual Memory: 90.84 MB used, 90.84 MB peak
[2019.05.08-01.51.18:424][  0]LogMemory: Physical Memory: 5827.06 MB used,  2207.24 MB free, 8034.30 MB total
[2019.05.08-01.51.18:424][  0]LogMemory: Virtual Memory: 4645.23 MB used,  2207.24 MB free, 134217728.00 MB total
[2019.05.08-01.51.18:457][  0]LogInit: Using OS detected language (en-US).
[2019.05.08-01.51.18:457][  0]LogInit: Using OS detected locale (en-US).
[2019.05.08-01.51.18:459][  0]LogTextLocalizationManager: No specific localization for 'en-US' exists, so the 'en' localization will be used.
[2019.05.08-01.51.19:112][  0]LogStreaming: Display: Took  0.655s to InitEngineTextLocalization.
[2019.05.08-01.51.19:112][  0]LogInit: Setting process to per monitor DPI aware
[2019.05.08-01.51.19:160][  0]LogSlate: New Slate User Created.  User Index 0, Is Virtual User: 0
[2019.05.08-01.51.19:160][  0]LogSlate: Slate User Registered.  User Index 0, Is Virtual User: 0
[2019.05.08-01.51.19:495][  0]LogHMD: Failed to initialize OpenVR with code 110
[2019.05.08-01.51.19:495][  0]LogD3D11RHI: D3D11 adapters:
[2019.05.08-01.51.19:568][  0]LogD3D11RHI:    0. 'NVIDIA GeForce GTX 1050 Ti' (Feature Level 11_0)
[2019.05.08-01.51.19:568][  0]LogD3D11RHI:       4029/0/4017 MB DedicatedVideo/DedicatedSystem/SharedSystem, Outputs:1, VendorId:0x10de
[2019.05.08-01.51.19:587][  0]LogD3D11RHI:    1. 'Intel(R) UHD Graphics 630' (Feature Level 11_0)
[2019.05.08-01.51.19:587][  0]LogD3D11RHI:       128/0/4017 MB DedicatedVideo/DedicatedSystem/SharedSystem, Outputs:0, VendorId:0x8086
[2019.05.08-01.51.19:589][  0]LogD3D11RHI:    2. 'Microsoft Basic Render Driver' (Feature Level 11_0)
[2019.05.08-01.51.19:589][  0]LogD3D11RHI:       0/0/4017 MB DedicatedVideo/DedicatedSystem/SharedSystem, Outputs:0, VendorId:0x1414
[2019.05.08-01.51.19:589][  0]LogD3D11RHI: Chosen D3D11 Adapter: 0
[2019.05.08-01.51.19:641][  0]LogD3D11RHI: Creating new Direct3DDevice
[2019.05.08-01.51.19:642][  0]LogD3D11RHI:     GPU DeviceId: 0x1c8c (for the marketing name, search the web for "GPU Device Id")
[2019.05.08-01.51.19:642][  0]LogWindows: EnumDisplayDevices:
[2019.05.08-01.51.19:642][  0]LogWindows:    0. 'Intel(R) UHD Graphics 630' (P:1 D:1)
[2019.05.08-01.51.19:642][  0]LogWindows:    1. 'Intel(R) UHD Graphics 630' (P:0 D:0)
[2019.05.08-01.51.19:643][  0]LogWindows:    2. 'Intel(R) UHD Graphics 630' (P:0 D:0)
[2019.05.08-01.51.19:644][  0]LogWindows:    3. 'NVIDIA GeForce GTX 1050 Ti' (P:0 D:0)
[2019.05.08-01.51.19:644][  0]LogWindows: DebugString: PrimaryIsNotTheChoosenAdapter PrimaryIsNotTheChoosenAdapter PrimaryIsNotTheChoosenAdapter 
[2019.05.08-01.51.19:644][  0]LogD3D11RHI:     Adapter Name: NVIDIA GeForce GTX 1050 Ti
[2019.05.08-01.51.19:644][  0]LogD3D11RHI:   Driver Version: 388.73 (internal:23.21.13.8873, unified:388.73)
[2019.05.08-01.51.19:644][  0]LogD3D11RHI:      Driver Date: 12-18-2017
[2019.05.08-01.51.19:644][  0]LogRHI: Texture pool is 2820 MB (70% of 4029 MB)
[2019.05.08-01.51.19:699][  0]LogD3D11RHI: Async texture creation enabled
[2019.05.08-01.51.19:716][  0]LogD3D11RHI: GPU Timing Frequency: 1000.000000 (Debug: 2 1)
[2019.05.08-01.51.19:717][  0]LogShaderCompilers: Guid format shader working directory is -44 characters bigger than the processId version (../../../../../../Users/black/Documents/GitHub/cly_AssetPipeline/cly_iCWB_AP/firstProject/Intermediate/Shaders/WorkingDirectory/20904/).
[2019.05.08-01.51.19:717][  0]LogShaderCompilers: Cleaned the shader compiler working directory 'C:/Users/black/AppData/Local/Temp/UnrealShaderWorkingDir/BC5FDE554D90D224574D4C87518D06A4/'.
[2019.05.08-01.51.20:103][  0]LogTemp: Display: Loaded TP AllDesktopTargetPlatform
[2019.05.08-01.51.20:122][  0]LogTemp: Display: Loaded TP MacClientTargetPlatform
[2019.05.08-01.51.20:141][  0]LogTemp: Display: Loaded TP MacNoEditorTargetPlatform
[2019.05.08-01.51.20:160][  0]LogTemp: Display: Loaded TP MacServerTargetPlatform
[2019.05.08-01.51.20:185][  0]LogTemp: Display: Loaded TP MacTargetPlatform
[2019.05.08-01.51.20:207][  0]LogTemp: Display: Loaded TP WindowsClientTargetPlatform
[2019.05.08-01.51.20:240][  0]LogTemp: Display: Loaded TP WindowsNoEditorTargetPlatform
[2019.05.08-01.51.20:262][  0]LogTemp: Display: Loaded TP WindowsServerTargetPlatform
[2019.05.08-01.51.20:273][  0]LogTemp: Display: Loaded TP WindowsTargetPlatform
[2019.05.08-01.51.20:402][  0]LogTemp: Display: Loaded TP AndroidTargetPlatform
[2019.05.08-01.51.20:402][  0]LogTemp: Display: Loaded TP AndroidTargetPlatform
[2019.05.08-01.51.20:402][  0]LogTemp: Display: Loaded TP AndroidTargetPlatform
[2019.05.08-01.51.20:402][  0]LogTemp: Display: Loaded TP AndroidTargetPlatform
[2019.05.08-01.51.20:403][  0]LogTemp: Display: Loaded TP AndroidTargetPlatform
[2019.05.08-01.51.20:403][  0]LogTemp: Display: Loaded TP AndroidTargetPlatform
[2019.05.08-01.51.20:403][  0]LogTemp: Display: Loaded TP AndroidTargetPlatform
[2019.05.08-01.51.20:403][  0]LogTemp: Display: Loaded TP AndroidTargetPlatform
[2019.05.08-01.51.20:403][  0]LogTemp: Display: Loaded TP AndroidTargetPlatform
[2019.05.08-01.51.20:403][  0]LogTemp: Display: Loaded TP AndroidTargetPlatform
[2019.05.08-01.51.20:403][  0]LogTemp: Display: Loaded TP AndroidTargetPlatform
[2019.05.08-01.51.20:403][  0]LogTemp: Display: Loaded TP AndroidTargetPlatform
[2019.05.08-01.51.20:403][  0]LogTemp: Display: Loaded TP AndroidTargetPlatform
[2019.05.08-01.51.20:403][  0]LogTemp: Display: Loaded TP AndroidTargetPlatform
[2019.05.08-01.51.20:403][  0]LogTemp: Display: Loaded TP AndroidTargetPlatform
[2019.05.08-01.51.20:403][  0]LogTemp: Display: Loaded TP AndroidTargetPlatform
[2019.05.08-01.51.20:403][  0]LogTemp: Display: Loaded TP AndroidTargetPlatform
[2019.05.08-01.51.20:403][  0]LogTemp: Display: Loaded TP AndroidTargetPlatform
[2019.05.08-01.51.20:406][  0]LogTemp: Display: Loaded TP HTML5TargetPlatform
[2019.05.08-01.51.20:488][  0]LogTemp: Display: Loaded TP IOSTargetPlatform
[2019.05.08-01.51.20:488][  0]LogTemp: Display: Loaded TP IOSTargetPlatform
[2019.05.08-01.51.20:530][  0]LogTemp: Display: Loaded TP TVOSTargetPlatform
[2019.05.08-01.51.20:530][  0]LogTemp: Display: Loaded TP TVOSTargetPlatform
[2019.05.08-01.51.20:552][  0]LogTemp: Display: Loaded TP LinuxClientTargetPlatform
[2019.05.08-01.51.20:573][  0]LogTemp: Display: Loaded TP LinuxNoEditorTargetPlatform
[2019.05.08-01.51.20:595][  0]LogTemp: Display: Loaded TP LinuxServerTargetPlatform
[2019.05.08-01.51.20:618][  0]LogTemp: Display: Loaded TP LinuxTargetPlatform
[2019.05.08-01.51.20:634][  0]LogTemp: Display: Loaded TP LuminTargetPlatform
[2019.05.08-01.51.20:634][  0]LogTargetPlatformManager: Display: Building Assets For Windows
[2019.05.08-01.51.20:744][  0]LogXGEController: Cleaning working directory: C:/Users/black/AppData/Local/Temp/UnrealXGEWorkingDir/
[2019.05.08-01.51.20:744][  0]LogXGEController: Cannot use XGE Controller as Incredibuild is not installed on this machine.
[2019.05.08-01.51.20:745][  0]LogShaderCompilers: Cannot use XGE Shader Compiler as Incredibuild is not installed on this machine.
[2019.05.08-01.51.20:745][  0]LogShaderCompilers: Display: Using Local Shader Compiler.
[2019.05.08-01.51.22:119][  0]LogDerivedDataCache: Display: Max Cache Size: 512 MB
[2019.05.08-01.51.22:218][  0]LogDerivedDataCache: Loaded boot cache 0.10s 71MB C:/Users/black/AppData/Local/UnrealEngine/4.20/DerivedDataCache/Boot.ddc.
[2019.05.08-01.51.22:218][  0]LogDerivedDataCache: Display: Loaded Boot cache: C:/Users/black/AppData/Local/UnrealEngine/4.20/DerivedDataCache/Boot.ddc
[2019.05.08-01.51.22:218][  0]LogDerivedDataCache: FDerivedDataBackendGraph:  Pak pak cache file ../../../../../../Users/black/Documents/GitHub/cly_AssetPipeline/cly_iCWB_AP/firstProject/DerivedDataCache/DDC.ddp not found, will not use a pak cache.
[2019.05.08-01.51.22:218][  0]LogDerivedDataCache: Unable to find inner node Pak for hierarchical cache Hierarchy.
[2019.05.08-01.51.22:218][  0]LogDerivedDataCache: FDerivedDataBackendGraph:  CompressedPak pak cache file ../../../../../../Users/black/Documents/GitHub/cly_AssetPipeline/cly_iCWB_AP/firstProject/DerivedDataCache/Compressed.ddp not found, will not use a pak cache.
[2019.05.08-01.51.22:218][  0]LogDerivedDataCache: Unable to find inner node CompressedPak for hierarchical cache Hierarchy.
[2019.05.08-01.51.22:246][  0]LogDerivedDataCache: Display: Pak cache opened for reading ../../../Engine/DerivedDataCache/Compressed.ddp.
[2019.05.08-01.51.22:260][  0]LogDerivedDataCache: Using Local data cache path C:/Users/black/AppData/Local/UnrealEngine/Common/DerivedDataCache: Writable
[2019.05.08-01.51.22:260][  0]LogDerivedDataCache: Shared data cache path not found in *engine.ini, will not use an Shared cache.
[2019.05.08-01.51.22:260][  0]LogDerivedDataCache: Unable to find inner node Shared for hierarchical cache Hierarchy.
[2019.05.08-01.51.22:322][  0]LogMaterial: Verifying Global Shaders for PCD3D_SM5
[2019.05.08-01.51.22:328][  0]LogSlate: Using FreeType 2.6.0
[2019.05.08-01.51.22:330][  0]LogSlate: SlateFontServices - WITH_FREETYPE: 1, WITH_HARFBUZZ: 1
[2019.05.08-01.51.22:538][  0]LogAssetRegistry: FAssetRegistry took 0.0376 seconds to start up
[2019.05.08-01.51.23:117][  0]LogInit: Selected Device Profile: [Windows]
[2019.05.08-01.51.23:359][  0]LogSimplygon: Simplygon DLL not present - disabling.
[2019.05.08-01.51.23:366][  0]LogMeshReduction: Using SimplygonSwarm for distributed automatic mesh merging
[2019.05.08-01.51.23:366][  0]LogMeshReduction: Using ProxyLODMeshReduction for automatic mesh merging
[2019.05.08-01.51.23:366][  0]LogMeshReduction: Using QuadricMeshReduction for automatic static mesh reduction
[2019.05.08-01.51.23:366][  0]LogMeshReduction: No automatic skeletal mesh reduction module available
[2019.05.08-01.51.23:393][  0]LogNetVersion: cly_iCWB_AP 1.0.0, NetCL: 4212847, EngineNetVer: 5, GameNetVer: 0 (Checksum: 2002434292)
[2019.05.08-01.51.24:436][  0]LogPackageLocalizationCache: Processed 11 localized package path(s) for 2 prioritized culture(s) in 0.264944 seconds
[2019.05.08-01.51.24:447][  0]LogUObjectArray: 38425 objects as part of root set at end of initial load.
[2019.05.08-01.51.24:447][  0]LogUObjectAllocator: 6690864 out of 0 bytes used by permanent object pool.
[2019.05.08-01.51.24:447][  0]LogUObjectArray: CloseDisregardForGC: 0/0 objects in disregard for GC pool
[2019.05.08-01.51.25:930][  0]LogTcpMessaging: Initializing TcpMessaging bridge
[2019.05.08-01.51.25:949][  0]LogUdpMessaging: Initializing bridge on interface 0.0.0.0:0 to multicast group 230.0.0.1:6666.
[2019.05.08-01.51.26:149][  0]SourceControl: Source control is disabled
[2019.05.08-01.51.26:149][  0]SourceControl: Source control is disabled
[2019.05.08-01.51.26:151][  0]SourceControl: Source control is disabled
[2019.05.08-01.51.26:153][  0]SourceControl: Source control is disabled
[2019.05.08-01.51.26:367][  0]LogAndroidPermission: UAndroidPermissionCallbackProxy::GetInstance
[2019.05.08-01.51.26:471][  0]LogOcInput: OculusInput pre-init called
[2019.05.08-01.51.26:580][  0]LogEngine: Initializing Engine...
[2019.05.08-01.51.26:581][  0]LogHMD: Failed to initialize OpenVR with code 110
[2019.05.08-01.51.26:584][  0]LogStats: UGameplayTagsManager::ConstructGameplayTagTree: ImportINI prefixes -  0.000 s
[2019.05.08-01.51.26:584][  0]LogStats: UGameplayTagsManager::ConstructGameplayTagTree: Construct from data asset -  0.000 s
[2019.05.08-01.51.26:584][  0]LogStats: UGameplayTagsManager::ConstructGameplayTagTree: ImportINI -  0.000 s
[2019.05.08-01.51.26:584][  0]LogStats: UGameplayTagsManager::ConstructGameplayTagTree: GameplayTagTreeChangedEvent.Broadcast -  0.000 s
[2019.05.08-01.51.26:997][  0]LogInit: Initializing FReadOnlyCVARCache
[2019.05.08-01.51.27:019][  0]LogAIModule: Creating AISystem for world Untitled
[2019.05.08-01.51.27:130][  0]LogInit: XAudio2 using 'Speakers (Realtek High Definition Audio)' : 2 channels at 48 kHz using 32 bits per sample (channel mask 0x3)
[2019.05.08-01.51.27:384][  0]LogInit: FAudioDevice initialized.
[2019.05.08-01.51.27:384][  0]LogNetVersion: Set ProjectVersion to 1.0.0.0. Version Checksum will be recalculated on next use.
[2019.05.08-01.51.27:487][  0]LogDerivedDataCache: Saved boot cache 0.10s 71MB C:/Users/black/AppData/Local/UnrealEngine/4.20/DerivedDataCache/Boot.ddc.
[2019.05.08-01.51.27:518][  0]LogInit: Texture streaming: Enabled
[2019.05.08-01.51.27:568][  0]LogEngineSessionManager: EngineSessionManager initialized
[2019.05.08-01.51.27:568][  0]LogEngineSessionManager: EngineSessionManager sent abnormal shutdown report. Type=Crashed, SessionId={D0459E06-4BD0-A015-A81C-B398132E1636}
[2019.05.08-01.51.27:593][  0]LogInit: Transaction tracking system initialized
[2019.05.08-01.51.27:669][  0]BlueprintLog: New page: Editor Load
[2019.05.08-01.51.27:941][  0]LocalizationService: Localization service is disabled
[2019.05.08-01.51.28:346][  0]LogCook: Display: Max memory allowance for cook 16384mb min free memory 0mb
[2019.05.08-01.51.28:346][  0]LogCook: Display: Mobile HDR setting 1
[2019.05.08-01.51.28:346][  0]LogGameplayTags: Display: UGameplayTagsManager::DoneAddingNativeTags. DelegateIsBound: 0
[2019.05.08-01.51.28:346][  0]LogStats: UGameplayTagsManager::ConstructGameplayTagTree: ImportINI prefixes -  0.000 s
[2019.05.08-01.51.28:346][  0]LogStats: UGameplayTagsManager::ConstructGameplayTagTree: Construct from data asset -  0.000 s
[2019.05.08-01.51.28:346][  0]LogStats: UGameplayTagsManager::ConstructGameplayTagTree: ImportINI -  0.000 s
[2019.05.08-01.51.28:346][  0]LogStats: UGameplayTagsManager::ConstructGameplayTagTree: GameplayTagTreeChangedEvent.Broadcast -  0.000 s
[2019.05.08-01.51.28:537][  0]LogFileCache: Scanning file cache for directory 'C:/Users/black/Documents/GitHub/cly_AssetPipeline/cly_iCWB_AP/firstProject/Content/' took 0.01s
[2019.05.08-01.51.28:537][  0]SourceControl: Source control is disabled
[2019.05.08-01.51.28:537][  0]Cmd: MAP LOAD FILE="../../../Engine/Content/Maps/Templates/Template_Default.umap" TEMPLATE=1 SHOWPROGRESS=1 FEATURELEVEL=3
[2019.05.08-01.51.28:538][  0]LightingResults: New page: Lighting Build
[2019.05.08-01.51.28:543][  0]MapCheck: New page: Map Check
[2019.05.08-01.51.28:543][  0]LightingResults: New page: Lighting Build
[2019.05.08-01.51.28:895][  0]LogAIModule: Creating AISystem for world Untitled_1
[2019.05.08-01.51.28:905][  0]LogEditorServer: Finished looking for orphan Actors (0.000 secs)
[2019.05.08-01.51.28:940][  0]Cmd: MAP CHECKDEP NOCLEARLOG
[2019.05.08-01.51.29:076][  0]MapCheck: Map check complete: 0 Error(s), 0 Warning(s), took 135.86ms to complete.
[2019.05.08-01.51.29:077][  0]LogFileHelpers: Loading map 'Template_Default' took 0.539
[2019.05.08-01.51.29:214][  0]LogSlate: Updating window title bar state: overlay mode, drag disabled, window buttons hidden, title bar hidden
[2019.05.08-01.51.29:224][  0]LogSlate: Updating window title bar state: overlay mode, drag disabled, window buttons hidden, title bar hidden
[2019.05.08-01.51.29:235][  0]LogSlate: Updating window title bar state: overlay mode, drag disabled, window buttons hidden, title bar hidden
[2019.05.08-01.51.29:245][  0]LogSlate: Updating window title bar state: overlay mode, drag disabled, window buttons hidden, title bar hidden
[2019.05.08-01.51.29:256][  0]LogCollectionManager: Loaded 0 collections in 0.003243 seconds
[2019.05.08-01.51.29:308][  0]LogFileCache: Scanning file cache for directory 'C:/Users/black/Documents/GitHub/cly_AssetPipeline/cly_iCWB_AP/firstProject/Saved/Collections/' took 0.01s
[2019.05.08-01.51.29:308][  0]LogFileCache: Scanning file cache for directory 'C:/Users/black/Documents/GitHub/cly_AssetPipeline/cly_iCWB_AP/firstProject/Content/Developers/black/Collections/' took 0.01s
[2019.05.08-01.51.29:308][  0]LogFileCache: Scanning file cache for directory 'C:/Users/black/Documents/GitHub/cly_AssetPipeline/cly_iCWB_AP/firstProject/Content/Collections/' took 0.01s
[2019.05.08-01.51.29:309][  0]LogCollectionManager: Rebuilt the GUID cache for 0 collections in 0.000001 seconds
[2019.05.08-01.51.29:340][  0]LogContentBrowser: Native class hierarchy populated in 0.0312 seconds. Added 2572 classes and 603 folders.
[2019.05.08-01.51.29:366][  0]LogContentBrowser: Native class hierarchy updated for 'WidgetCarousel' in 0.0007 seconds. Added 0 classes and 0 folders.
[2019.05.08-01.51.29:518][  0]LogContentBrowser: Native class hierarchy updated for 'AddContentDialog' in 0.0003 seconds. Added 0 classes and 0 folders.
[2019.05.08-01.51.29:525][  0]LogContentBrowser: Native class hierarchy updated for 'SceneOutliner' in 0.0003 seconds. Added 1 classes and 2 folders.
[2019.05.08-01.51.29:545][  0]LogSlate: Took 0.000307 seconds to synchronously load lazily loaded font '../../../Engine/Content/Slate/Fonts/Roboto-Regular.ttf' (155K)
[2019.05.08-01.51.29:548][  0]LogSlate: Took 0.000216 seconds to synchronously load lazily loaded font '../../../Engine/Content/Slate/Fonts/Roboto-Bold.ttf' (160K)
[2019.05.08-01.51.29:555][  0]LogSlate: Took 0.000395 seconds to synchronously load lazily loaded font '../../../Engine/Content/Editor/Slate/Fonts/FontAwesome.ttf' (139K)
[2019.05.08-01.51.29:676][  0]LogRenderer: Reallocating scene render targets to support 1188x360 Format 10 NumSamples 1 (Frame:1).
[2019.05.08-01.51.29:978][  0]LogContentBrowser: Native class hierarchy updated for 'HierarchicalLODOutliner' in 0.0003 seconds. Added 0 classes and 0 folders.
[2019.05.08-01.51.29:978][  0]LogLoad: (Engine Initialization) Total time: 14.83 seconds
[2019.05.08-01.51.29:978][  0]LogLoad: (Engine Initialization) Total Blueprint compile time: 0.00 seconds
[2019.05.08-01.51.30:028][  0]LogContentStreaming: Texture pool size now 1000 MB
[2019.05.08-01.51.30:057][  0]LogSlate: Took 0.000306 seconds to synchronously load lazily loaded font '../../../Engine/Content/Slate/Fonts/Roboto-Light.ttf' (167K)
[2019.05.08-01.51.30:088][  1]LogAssetRegistry: Asset discovery search completed in 7.5732 seconds
[2019.05.08-01.51.30:090][  1]LogCollectionManager: Rebuilt the object cache for 0 collections in 0.000000 seconds (found 0 objects)
[2019.05.08-01.51.30:090][  1]LogCollectionManager: Fixed up redirectors for 0 collections in 0.000062 seconds (updated 0 objects)
[2019.05.08-02.07.00:170][775]LogSlate: FSceneViewport::OnFocusLost() reason 0
[2019.05.08-02.25.34:510][420]LogSlate: Took 0.000443 seconds to synchronously load lazily loaded font '../../../Engine/Content/Slate/Fonts/Roboto-Light.ttf' (167K)
[2019.05.08-02.25.36:285][420]LogTexture: Display: Building textures: bambooTextureNorm (BC5, 1000X1000)
[2019.05.08-02.25.36:285][420]LogTexture: Display: Building textures: woodGrain (BGRA8, 500X353)
[2019.05.08-02.25.36:285][420]LogTexture: Display: Building textures: HQ_Lightmap0_10 (AutoDXT, 1024X1024)
[2019.05.08-02.25.36:286][420]LogTexture: Display: Building textures: HQ_Lightmap0_11 (AutoDXT, 1024X1024)
[2019.05.08-02.25.37:826][420]LogTexture: Display: Building textures: HQ_Lightmap0_12 (AutoDXT, 1024X1024)
[2019.05.08-02.25.37:826][420]LogTexture: Display: Building textures: HQ_Lightmap0_13 (AutoDXT, 1024X1024)
[2019.05.08-02.25.37:826][420]LogTexture: Display: Building textures: WoodTextNorm (BC5, 2048X2048)
[2019.05.08-02.25.37:826][420]LogTexture: Display: Building textures: WoodText9 (AutoDXT, 2048X2048)
[2019.05.08-02.25.37:826][420]LogTexture: Display: Building textures: HQ_Lightmap0_14 (AutoDXT, 1024X1024)
[2019.05.08-02.25.37:826][420]LogTexture: Display: Building textures: HQ_Lightmap0_15 (AutoDXT, 1024X1024)
[2019.05.08-02.25.37:826][420]LogTexture: Display: Building textures: HQ_Lightmap0_16 (AutoDXT, 1024X1024)
[2019.05.08-02.25.37:826][420]LogTexture: Display: Building textures: HQ_Lightmap0_17 (AutoDXT, 1024X1024)
[2019.05.08-02.25.41:910][420]LogTexture: Display: Building textures: HQ_Lightmap0_18 (AutoDXT, 1024X1024)
[2019.05.08-02.25.41:910][420]LogTexture: Display: Building textures: HQ_Lightmap0_19 (AutoDXT, 1024X1024)
[2019.05.08-02.25.41:910][420]LogTexture: Display: Building textures: HQ_Lightmap0_20 (AutoDXT, 1024X1024)
[2019.05.08-02.25.41:910][420]LogTexture: Display: Building textures: HQ_Lightmap0_21 (AutoDXT, 1024X1024)
[2019.05.08-02.25.41:910][420]LogTexture: Display: Building textures: HQ_Lightmap0_22 (AutoDXT, 1024X1024)
[2019.05.08-02.25.41:910][420]LogTexture: Display: Building textures: HQ_Lightmap0_23 (AutoDXT, 64X64)
[2019.05.08-02.25.41:910][420]LogTexture: Display: Building textures: HQ_Lightmap0_9 (AutoDXT, 1024X1024)
[2019.05.08-02.25.41:910][420]LogTexture: Display: Building textures: HQ_Lightmap1_1 (AutoDXT, 1024X1024)
[2019.05.08-02.25.41:910][420]LogTexture: Display: Building textures: HQ_Lightmap1_2 (AutoDXT, 1024X1024)
[2019.05.08-02.25.41:910][420]LogTexture: Display: Building textures: HQ_Lightmap1_3 (AutoDXT, 1024X1024)
[2019.05.08-02.25.41:917][420]LogMaterial: Display: Missing cached shader map for material lambert1, compiling. 
[2019.05.08-02.25.42:126][420]LogTexture: Display: Building textures: HQ_Lightmap1_4 (AutoDXT, 1024X1024)
[2019.05.08-02.25.42:126][420]LogTexture: Display: Building textures: HQ_Lightmap1_5 (AutoDXT, 1024X1024)
[2019.05.08-02.25.42:167][420]LogShaderCompilers: Display: Shaders left to compile 69
[2019.05.08-02.25.42:167][420]LogShaderCompilers: Display: Shaders left to compile 59
[2019.05.08-02.25.42:167][420]LogShaderCompilers: Display: Shaders left to compile 49
[2019.05.08-02.25.42:167][420]LogShaderCompilers: Display: Shaders left to compile 39
[2019.05.08-02.25.42:167][420]LogMaterial: Display: Missing cached shader map for material BambooMat2, compiling. 
[2019.05.08-02.25.42:257][420]LogMaterial: Display: Missing cached shader map for material BambooMaterial, compiling. 
[2019.05.08-02.25.42:414][420]LogTexture: Display: Building textures: HQ_Lightmap1_6 (AutoDXT, 1024X1024)
[2019.05.08-02.25.42:414][420]LogMaterial: Display: Missing cached shader map for material WoodGrainMat, compiling. 
[2019.05.08-02.25.42:974][420]LogTexture: Display: Building textures: HQ_Lightmap1_7 (AutoDXT, 1024X1024)
[2019.05.08-02.25.42:974][420]LogTexture: Display: Building textures: HQ_Lightmap1_8 (AutoDXT, 1024X1024)
[2019.05.08-02.25.42:974][420]LogStaticMesh: Building static mesh Stairway...
[2019.05.08-02.25.42:995][420]LogStaticMesh: Built static mesh [0.02s] /Game/Stairway.Stairway
[2019.05.08-02.25.43:402][420]LogTexture: Display: Building textures: LQ_Lightmap_0_10 (DXT1, 1024X1024)
[2019.05.08-02.25.43:402][420]LogMaterial: Display: Missing cached shader map for material M_WoodMaster, compiling. 
[2019.05.08-02.25.43:739][420]LogTexture: Display: Building textures: LQ_Lightmap_0_11 (DXT1, 1024X1024)
[2019.05.08-02.25.43:739][420]LogTexture: Display: Building textures: LQ_Lightmap_0_12 (DXT1, 1024X1024)
[2019.05.08-02.25.43:739][420]LogTexture: Display: Building textures: LQ_Lightmap_0_13 (DXT1, 1024X1024)
[2019.05.08-02.25.43:739][420]LogTexture: Display: Building textures: LQ_Lightmap_0_14 (DXT1, 1024X1024)
[2019.05.08-02.25.44:075][420]LogTexture: Display: Building textures: LQ_Lightmap_0_15 (DXT1, 1024X1024)
[2019.05.08-02.25.44:075][420]LogTexture: Display: Building textures: LQ_Lightmap_0_16 (DXT1, 1024X1024)
[2019.05.08-02.25.44:327][420]LogTexture: Display: Building textures: LQ_Lightmap_0_17 (DXT1, 1024X1024)
[2019.05.08-02.25.44:327][420]LogTexture: Display: Building textures: LQ_Lightmap_0_18 (DXT1, 1024X1024)
[2019.05.08-02.25.44:327][420]LogTexture: Display: Building textures: LQ_Lightmap_0_19 (DXT1, 1024X1024)
[2019.05.08-02.25.45:164][420]LogTexture: Display: Building textures: LQ_Lightmap_0_20 (DXT1, 1024X1024)
[2019.05.08-02.25.45:631][420]LogTexture: Display: Building textures: LQ_Lightmap_0_21 (DXT1, 1024X1024)
[2019.05.08-02.25.45:631][420]LogTexture: Display: Building textures: LQ_Lightmap_0_23 (DXT1, 64X64)
[2019.05.08-02.25.45:631][420]LogTexture: Display: Building textures: LQ_Lightmap_0_22 (DXT1, 1024X1024)
[2019.05.08-02.25.45:834][420]LogTexture: Display: Building textures: LQ_Lightmap_0_9 (DXT1, 1024X1024)
[2019.05.08-02.25.45:834][420]LogTexture: Display: Building textures: LQ_Lightmap_1_2 (DXT1, 1024X1024)
[2019.05.08-02.25.45:834][420]LogTexture: Display: Building textures: LQ_Lightmap_1_1 (DXT1, 1024X1024)
[2019.05.08-02.25.46:681][420]LogTexture: Display: Building textures: LQ_Lightmap_1_3 (DXT1, 1024X1024)
[2019.05.08-02.25.46:681][420]LogTexture: Display: Building textures: LQ_Lightmap_1_4 (DXT1, 1024X1024)
[2019.05.08-02.25.46:681][420]LogTexture: Display: Building textures: LQ_Lightmap_1_5 (DXT1, 1024X1024)
[2019.05.08-02.25.46:681][420]LogTexture: Display: Building textures: LQ_Lightmap_1_6 (DXT1, 1024X1024)
[2019.05.08-02.25.46:682][420]LogTexture: Display: Building textures: ShadowMapTexture2D_1 (G8, 1024X1024)
[2019.05.08-02.25.46:682][420]LogTexture: Display: Building textures: ShadowMapTexture2D_0 (G8, 1024X1024)
[2019.05.08-02.25.46:884][420]LogTexture: Display: Building textures: ShadowMapTexture2D_2 (G8, 1024X1024)
[2019.05.08-02.25.46:884][420]LogTexture: Display: Building textures: LQ_Lightmap_1_7 (DXT1, 1024X1024)
[2019.05.08-02.25.46:884][420]LogTexture: Display: Building textures: LQ_Lightmap_1_8 (DXT1, 1024X1024)
[2019.05.08-02.25.46:884][420]LogTexture: Display: Building textures: ShadowMapTexture2D_3 (G8, 1024X1024)
[2019.05.08-02.25.46:884][420]LogTexture: Display: Building textures: ShadowMapTexture2D_4 (G8, 1024X256)
[2019.05.08-02.25.46:884][420]LogTexture: Display: Building textures: ShadowMapTexture2D_5 (G8, 32X32)
[2019.05.08-02.25.46:921][420]LogAIModule: Creating AISystem for world CLY_StreetLevel
[2019.05.08-02.25.47:073][420]LogAssetEditorManager: Opening Asset editor for World /Game/CLY_StreetLevel.CLY_StreetLevel
[2019.05.08-02.25.47:183][420]Cmd: MAP LOAD FILE="../../../../../../Users/black/Documents/GitHub/cly_AssetPipeline/cly_iCWB_AP/firstProject/Content/CLY_StreetLevel.umap" TEMPLATE=0 SHOWPROGRESS=1 FEATURELEVEL=3
[2019.05.08-02.25.47:183][420]LightingResults: New page: Lighting Build
[2019.05.08-02.25.47:185][420]LoadErrors: New page: Loading map: CLY_StreetLevel.umap
[2019.05.08-02.25.47:188][420]MapCheck: New page: Map Check
[2019.05.08-02.25.47:188][420]LightingResults: New page: Lighting Build
[2019.05.08-02.25.47:448][420]LogEditorServer: Finished looking for orphan Actors (0.001 secs)
[2019.05.08-02.25.47:586][420]Cmd: MAP CHECKDEP NOCLEARLOG
[2019.05.08-02.25.47:761][420]MapCheck: Map check complete: 0 Error(s), 0 Warning(s), took 174.964ms to complete.
[2019.05.08-02.25.47:767][420]LogFileHelpers: Loading map 'CLY_StreetLevel' took 0.586
[2019.05.08-02.25.48:897][442]LogShaderCompilers: Display: Shaders left to compile 229
[2019.05.08-02.25.51:193][508]LogShaderCompilers: Display: Shaders left to compile 219
[2019.05.08-02.25.51:231][509]LogShaderCompilers: Display: Shaders left to compile 209
[2019.05.08-02.25.52:459][540]LogShaderCompilers: Display: Shaders left to compile 199
[2019.05.08-02.26.10:534][558]LogShaderCompilers: Display: Shaders left to compile 189
[2019.05.08-02.26.10:534][558]LogShaderCompilers: Display: Shaders left to compile 179
[2019.05.08-02.26.10:534][558]LogShaderCompilers: Display: Shaders left to compile 169
[2019.05.08-02.26.10:534][558]LogShaderCompilers: Display: Shaders left to compile 159
[2019.05.08-02.26.10:534][558]LogShaderCompilers: Display: Shaders left to compile 149
[2019.05.08-02.26.10:534][558]LogShaderCompilers: Display: Shaders left to compile 139
[2019.05.08-02.26.10:534][558]LogShaderCompilers: Display: Shaders left to compile 129
[2019.05.08-02.26.10:535][558]LogShaderCompilers: Display: Shaders left to compile 119
[2019.05.08-02.26.10:535][558]LogShaderCompilers: Display: Shaders left to compile 109
[2019.05.08-02.26.10:535][558]LogShaderCompilers: Display: Shaders left to compile 99
[2019.05.08-02.26.10:535][558]LogShaderCompilers: Display: Shaders left to compile 89
[2019.05.08-02.26.10:535][558]LogShaderCompilers: Display: Shaders left to compile 79
[2019.05.08-02.26.10:535][558]LogShaderCompilers: Display: Shaders left to compile 69
[2019.05.08-02.26.10:535][558]LogShaderCompilers: Display: Shaders left to compile 59
[2019.05.08-02.26.10:535][558]LogShaderCompilers: Display: Shaders left to compile 49
[2019.05.08-02.26.10:535][558]LogShaderCompilers: Display: Shaders left to compile 39
[2019.05.08-02.26.10:535][558]LogShaderCompilers: Display: Shaders left to compile 29
[2019.05.08-02.26.10:535][558]LogShaderCompilers: Display: Shaders left to compile 19
[2019.05.08-02.26.10:873][558]LogFactory: FactoryCreateFile: StaticMesh with FbxFactory (0 0 ../../../../../../Users/black/Documents/GitHub/cly_AssetPipeline/ManPosed.fbx)
[2019.05.08-02.26.10:940][558]LogFbx: Loading FBX Scene from ../../../../../../Users/black/Documents/GitHub/cly_AssetPipeline/ManPosed.fbx
[2019.05.08-02.26.11:040][558]LogFbx: FBX Scene Loaded Succesfully
[2019.05.08-02.26.11:852][558]LogShaderCompilers: Display: Shaders left to compile 9
[2019.05.08-02.26.16:895][558]LogSlate: Window 'FBX Import Options' being destroyed
[2019.05.08-02.26.16:945][558]LogFbx: =================================================
[2019.05.08-02.26.16:946][558]LogFbx: Dumping Node START [Geo_Thigh_L] 
[2019.05.08-02.26.16:946][558]LogFbx: 	Total Deformer Count -113316992.
[2019.05.08-02.26.16:946][558]LogFbx: 	Attribute () Type (4).
[2019.05.08-02.26.16:946][558]LogFbx: 		[Node Attribute Child 1] Geo_Thigh_L (Type Mesh).
[2019.05.08-02.26.16:946][558]LogFbx: Dumping Node END [Geo_Thigh_L]
[2019.05.08-02.26.16:946][558]LogFbx: =================================================
[2019.05.08-02.26.16:946][558]LogFbx: Dumping Node START [Geo_Calf_L] 
[2019.05.08-02.26.16:946][558]LogFbx: 	Total Deformer Count -113317888.
[2019.05.08-02.26.16:946][558]LogFbx: 	Attribute () Type (4).
[2019.05.08-02.26.16:946][558]LogFbx: 		[Node Attribute Child 1] Geo_Calf_L (Type Mesh).
[2019.05.08-02.26.16:946][558]LogFbx: Dumping Node END [Geo_Calf_L]
[2019.05.08-02.26.16:946][558]LogFbx: =================================================
[2019.05.08-02.26.16:946][558]LogFbx: Dumping Node START [polySurface75] 
[2019.05.08-02.26.16:946][558]LogFbx: 	Total Deformer Count -112576784.
[2019.05.08-02.26.16:946][558]LogFbx: 	Attribute () Type (4).
[2019.05.08-02.26.16:946][558]LogFbx: 		[Node Attribute Child 1] polySurface75 (Type Mesh).
[2019.05.08-02.26.16:946][558]LogFbx: Dumping Node END [polySurface75]
[2019.05.08-02.26.16:946][558]LogFbx: =================================================
[2019.05.08-02.26.16:946][558]LogFbx: Dumping Node START [polySurface86] 
[2019.05.08-02.26.16:946][558]LogFbx: 	Total Deformer Count -112576784.
[2019.05.08-02.26.16:946][558]LogFbx: 	Attribute () Type (4).
[2019.05.08-02.26.16:946][558]LogFbx: 		[Node Attribute Child 1] polySurface86 (Type Mesh).
[2019.05.08-02.26.16:946][558]LogFbx: Dumping Node END [polySurface86]
[2019.05.08-02.26.16:946][558]LogFbx: =================================================
[2019.05.08-02.26.16:947][558]LogFbx: Dumping Node START [polySurface87] 
[2019.05.08-02.26.16:947][558]LogFbx: 	Total Deformer Count -112576784.
[2019.05.08-02.26.16:947][558]LogFbx: 	Attribute () Type (4).
[2019.05.08-02.26.16:947][558]LogFbx: 		[Node Attribute Child 1] polySurface87 (Type Mesh).
[2019.05.08-02.26.16:947][558]LogFbx: Dumping Node END [polySurface87]
[2019.05.08-02.26.16:947][558]LogFbx: =================================================
[2019.05.08-02.26.16:947][558]LogFbx: Dumping Node START [polySurface88] 
[2019.05.08-02.26.16:947][558]LogFbx: 	Total Deformer Count -112576784.
[2019.05.08-02.26.16:947][558]LogFbx: 	Attribute () Type (4).
[2019.05.08-02.26.16:947][558]LogFbx: 		[Node Attribute Child 1] polySurface88 (Type Mesh).
[2019.05.08-02.26.16:947][558]LogFbx: Dumping Node END [polySurface88]
[2019.05.08-02.26.16:947][558]LogFbx: =================================================
[2019.05.08-02.26.16:947][558]LogFbx: Dumping Node START [polySurface91] 
[2019.05.08-02.26.16:947][558]LogFbx: 	Total Deformer Count -112576784.
[2019.05.08-02.26.16:947][558]LogFbx: 	Attribute () Type (4).
[2019.05.08-02.26.16:947][558]LogFbx: 		[Node Attribute Child 1] polySurface91 (Type Mesh).
[2019.05.08-02.26.16:947][558]LogFbx: Dumping Node END [polySurface91]
[2019.05.08-02.26.16:947][558]LogFbx: =================================================
[2019.05.08-02.26.16:947][558]LogFbx: Dumping Node START [polySurface90] 
[2019.05.08-02.26.16:947][558]LogFbx: 	Total Deformer Count -112576784.
[2019.05.08-02.26.16:947][558]LogFbx: 	Attribute () Type (4).
[2019.05.08-02.26.16:947][558]LogFbx: 		[Node Attribute Child 1] polySurface90 (Type Mesh).
[2019.05.08-02.26.16:947][558]LogFbx: Dumping Node END [polySurface90]
[2019.05.08-02.26.16:947][558]LogFbx: =================================================
[2019.05.08-02.26.16:947][558]LogFbx: Dumping Node START [polySurface89] 
[2019.05.08-02.26.16:947][558]LogFbx: 	Total Deformer Count -112576784.
[2019.05.08-02.26.16:948][558]LogFbx: 	Attribute () Type (4).
[2019.05.08-02.26.16:948][558]LogFbx: 		[Node Attribute Child 1] polySurface89 (Type Mesh).
[2019.05.08-02.26.16:948][558]LogFbx: Dumping Node END [polySurface89]
[2019.05.08-02.26.16:948][558]LogFbx: =================================================
[2019.05.08-02.26.16:948][558]LogFbx: Dumping Node START [polySurface94] 
[2019.05.08-02.26.16:948][558]LogFbx: 	Total Deformer Count -112576784.
[2019.05.08-02.26.16:948][558]LogFbx: 	Attribute () Type (4).
[2019.05.08-02.26.16:948][558]LogFbx: 		[Node Attribute Child 1] polySurface94 (Type Mesh).
[2019.05.08-02.26.16:948][558]LogFbx: Dumping Node END [polySurface94]
[2019.05.08-02.26.16:948][558]LogFbx: =================================================
[2019.05.08-02.26.16:948][558]LogFbx: Dumping Node START [polySurface93] 
[2019.05.08-02.26.16:948][558]LogFbx: 	Total Deformer Count -112576784.
[2019.05.08-02.26.16:948][558]LogFbx: 	Attribute () Type (4).
[2019.05.08-02.26.16:948][558]LogFbx: 		[Node Attribute Child 1] polySurface93 (Type Mesh).
[2019.05.08-02.26.16:948][558]LogFbx: Dumping Node END [polySurface93]
[2019.05.08-02.26.16:948][558]LogFbx: =================================================
[2019.05.08-02.26.16:948][558]LogFbx: Dumping Node START [polySurface92] 
[2019.05.08-02.26.16:948][558]LogFbx: 	Total Deformer Count -112576784.
[2019.05.08-02.26.16:948][558]LogFbx: 	Attribute () Type (4).
[2019.05.08-02.26.16:948][558]LogFbx: 		[Node Attribute Child 1] polySurface92 (Type Mesh).
[2019.05.08-02.26.16:948][558]LogFbx: Dumping Node END [polySurface92]
[2019.05.08-02.26.16:948][558]LogFbx: =================================================
[2019.05.08-02.26.16:948][558]LogFbx: Dumping Node START [polySurface95] 
[2019.05.08-02.26.16:948][558]LogFbx: 	Total Deformer Count -112575904.
[2019.05.08-02.26.16:948][558]LogFbx: 	Attribute () Type (4).
[2019.05.08-02.26.16:948][558]LogFbx: 		[Node Attribute Child 1] polySurface95 (Type Mesh).
[2019.05.08-02.26.16:948][558]LogFbx: Dumping Node END [polySurface95]
[2019.05.08-02.26.16:948][558]LogFbx: =================================================
[2019.05.08-02.26.16:949][558]LogFbx: Dumping Node START [polySurface98] 
[2019.05.08-02.26.16:949][558]LogFbx: 	Total Deformer Count -112575424.
[2019.05.08-02.26.16:949][558]LogFbx: 	Attribute () Type (4).
[2019.05.08-02.26.16:949][558]LogFbx: 		[Node Attribute Child 1] polySurface98 (Type Mesh).
[2019.05.08-02.26.16:949][558]LogFbx: Dumping Node END [polySurface98]
[2019.05.08-02.26.16:949][558]LogFbx: =================================================
[2019.05.08-02.26.16:949][558]LogFbx: Dumping Node START [polySurface99] 
[2019.05.08-02.26.16:949][558]LogFbx: 	Total Deformer Count -112575424.
[2019.05.08-02.26.16:949][558]LogFbx: 	Attribute () Type (4).
[2019.05.08-02.26.16:949][558]LogFbx: 		[Node Attribute Child 1] polySurface99 (Type Mesh).
[2019.05.08-02.26.16:949][558]LogFbx: Dumping Node END [polySurface99]
[2019.05.08-02.26.16:949][558]LogFbx: =================================================
[2019.05.08-02.26.16:949][558]LogFbx: Dumping Node START [polySurface9] 
[2019.05.08-02.26.16:949][558]LogFbx: 	Total Deformer Count -112576784.
[2019.05.08-02.26.16:949][558]LogFbx: 	Attribute () Type (4).
[2019.05.08-02.26.16:949][558]LogFbx: 		[Node Attribute Child 1] polySurface9 (Type Mesh).
[2019.05.08-02.26.16:949][558]LogFbx: Dumping Node END [polySurface9]
[2019.05.08-02.26.16:950][558]LogFbx: =================================================
[2019.05.08-02.26.16:950][558]LogFbx: Dumping Node START [Geo_Thigh_L] 
[2019.05.08-02.26.16:950][558]LogFbx: 	Total Deformer Count -113324480.
[2019.05.08-02.26.16:950][558]LogFbx: 	Attribute () Type (4).
[2019.05.08-02.26.16:950][558]LogFbx: 		[Node Attribute Child 1] Geo_Thigh_L (Type Mesh).
[2019.05.08-02.26.16:950][558]LogFbx: Dumping Node END [Geo_Thigh_L]
[2019.05.08-02.26.16:950][558]LogFbx: =================================================
[2019.05.08-02.26.16:950][558]LogFbx: Dumping Node START [Geo_Calf_L] 
[2019.05.08-02.26.16:950][558]LogFbx: 	Total Deformer Count -113324096.
[2019.05.08-02.26.16:950][558]LogFbx: 	Attribute () Type (4).
[2019.05.08-02.26.16:950][558]LogFbx: 		[Node Attribute Child 1] Geo_Calf_L (Type Mesh).
[2019.05.08-02.26.16:950][558]LogFbx: Dumping Node END [Geo_Calf_L]
[2019.05.08-02.26.16:950][558]LogFbx: =================================================
[2019.05.08-02.26.16:950][558]LogFbx: Dumping Node START [polySurface75] 
[2019.05.08-02.26.16:950][558]LogFbx: 	Total Deformer Count -112575024.
[2019.05.08-02.26.16:950][558]LogFbx: 	Attribute () Type (4).
[2019.05.08-02.26.16:950][558]LogFbx: 		[Node Attribute Child 1] polySurface75 (Type Mesh).
[2019.05.08-02.26.16:950][558]LogFbx: Dumping Node END [polySurface75]
[2019.05.08-02.26.16:950][558]LogFbx: =================================================
[2019.05.08-02.26.16:950][558]LogFbx: Dumping Node START [polySurface86] 
[2019.05.08-02.26.16:950][558]LogFbx: 	Total Deformer Count -112575024.
[2019.05.08-02.26.16:950][558]LogFbx: 	Attribute () Type (4).
[2019.05.08-02.26.16:950][558]LogFbx: 		[Node Attribute Child 1] polySurface86 (Type Mesh).
[2019.05.08-02.26.16:950][558]LogFbx: Dumping Node END [polySurface86]
[2019.05.08-02.26.16:950][558]LogFbx: =================================================
[2019.05.08-02.26.16:950][558]LogFbx: Dumping Node START [polySurface87] 
[2019.05.08-02.26.16:951][558]LogFbx: 	Total Deformer Count -112575024.
[2019.05.08-02.26.16:951][558]LogFbx: 	Attribute () Type (4).
[2019.05.08-02.26.16:951][558]LogFbx: 		[Node Attribute Child 1] polySurface87 (Type Mesh).
[2019.05.08-02.26.16:951][558]LogFbx: Dumping Node END [polySurface87]
[2019.05.08-02.26.16:951][558]LogFbx: =================================================
[2019.05.08-02.26.16:951][558]LogFbx: Dumping Node START [polySurface88] 
[2019.05.08-02.26.16:951][558]LogFbx: 	Total Deformer Count -112575024.
[2019.05.08-02.26.16:951][558]LogFbx: 	Attribute () Type (4).
[2019.05.08-02.26.16:951][558]LogFbx: 		[Node Attribute Child 1] polySurface88 (Type Mesh).
[2019.05.08-02.26.16:951][558]LogFbx: Dumping Node END [polySurface88]
[2019.05.08-02.26.16:951][558]LogFbx: =================================================
[2019.05.08-02.26.16:951][558]LogFbx: Dumping Node START [polySurface91] 
[2019.05.08-02.26.16:951][558]LogFbx: 	Total Deformer Count -112575024.
[2019.05.08-02.26.16:951][558]LogFbx: 	Attribute () Type (4).
[2019.05.08-02.26.16:951][558]LogFbx: 		[Node Attribute Child 1] polySurface91 (Type Mesh).
[2019.05.08-02.26.16:951][558]LogFbx: Dumping Node END [polySurface91]
[2019.05.08-02.26.16:952][558]LogFbx: =================================================
[2019.05.08-02.26.16:952][558]LogFbx: Dumping Node START [polySurface90] 
[2019.05.08-02.26.16:952][558]LogFbx: 	Total Deformer Count -112575024.
[2019.05.08-02.26.16:952][558]LogFbx: 	Attribute () Type (4).
[2019.05.08-02.26.16:952][558]LogFbx: 		[Node Attribute Child 1] polySurface90 (Type Mesh).
[2019.05.08-02.26.16:952][558]LogFbx: Dumping Node END [polySurface90]
[2019.05.08-02.26.16:952][558]LogFbx: =================================================
[2019.05.08-02.26.16:952][558]LogFbx: Dumping Node START [polySurface89] 
[2019.05.08-02.26.16:952][558]LogFbx: 	Total Deformer Count -112575024.
[2019.05.08-02.26.16:952][558]LogFbx: 	Attribute () Type (4).
[2019.05.08-02.26.16:952][558]LogFbx: 		[Node Attribute Child 1] polySurface89 (Type Mesh).
[2019.05.08-02.26.16:952][558]LogFbx: Dumping Node END [polySurface89]
[2019.05.08-02.26.16:952][558]LogFbx: =================================================
[2019.05.08-02.26.16:952][558]LogFbx: Dumping Node START [polySurface94] 
[2019.05.08-02.26.16:952][558]LogFbx: 	Total Deformer Count -112575024.
[2019.05.08-02.26.16:952][558]LogFbx: 	Attribute () Type (4).
[2019.05.08-02.26.16:952][558]LogFbx: 		[Node Attribute Child 1] polySurface94 (Type Mesh).
[2019.05.08-02.26.16:953][558]LogFbx: Dumping Node END [polySurface94]
[2019.05.08-02.26.16:953][558]LogFbx: =================================================
[2019.05.08-02.26.16:953][558]LogFbx: Dumping Node START [polySurface93] 
[2019.05.08-02.26.16:953][558]LogFbx: 	Total Deformer Count -112575024.
[2019.05.08-02.26.16:953][558]LogFbx: 	Attribute () Type (4).
[2019.05.08-02.26.16:953][558]LogFbx: 		[Node Attribute Child 1] polySurface93 (Type Mesh).
[2019.05.08-02.26.16:953][558]LogFbx: Dumping Node END [polySurface93]
[2019.05.08-02.26.16:953][558]LogFbx: =================================================
[2019.05.08-02.26.16:953][558]LogFbx: Dumping Node START [polySurface92] 
[2019.05.08-02.26.16:953][558]LogFbx: 	Total Deformer Count -112575024.
[2019.05.08-02.26.16:953][558]LogFbx: 	Attribute () Type (4).
[2019.05.08-02.26.16:953][558]LogFbx: 		[Node Attribute Child 1] polySurface92 (Type Mesh).
[2019.05.08-02.26.16:953][558]LogFbx: Dumping Node END [polySurface92]
[2019.05.08-02.26.16:953][558]LogFbx: =================================================
[2019.05.08-02.26.16:953][558]LogFbx: Dumping Node START [polySurface95] 
[2019.05.08-02.26.16:953][558]LogFbx: 	Total Deformer Count -112579344.
[2019.05.08-02.26.16:953][558]LogFbx: 	Attribute () Type (4).
[2019.05.08-02.26.16:953][558]LogFbx: 		[Node Attribute Child 1] polySurface95 (Type Mesh).
[2019.05.08-02.26.16:953][558]LogFbx: Dumping Node END [polySurface95]
[2019.05.08-02.26.16:954][558]LogFbx: =================================================
[2019.05.08-02.26.16:954][558]LogFbx: Dumping Node START [polySurface98] 
[2019.05.08-02.26.16:954][558]LogFbx: 	Total Deformer Count -112579504.
[2019.05.08-02.26.16:954][558]LogFbx: 	Attribute () Type (4).
[2019.05.08-02.26.16:954][558]LogFbx: 		[Node Attribute Child 1] polySurface98 (Type Mesh).
[2019.05.08-02.26.16:954][558]LogFbx: Dumping Node END [polySurface98]
[2019.05.08-02.26.16:954][558]LogFbx: =================================================
[2019.05.08-02.26.16:954][558]LogFbx: Dumping Node START [polySurface99] 
[2019.05.08-02.26.16:954][558]LogFbx: 	Total Deformer Count -112579504.
[2019.05.08-02.26.16:954][558]LogFbx: 	Attribute () Type (4).
[2019.05.08-02.26.16:954][558]LogFbx: 		[Node Attribute Child 1] polySurface99 (Type Mesh).
[2019.05.08-02.26.16:954][558]LogFbx: Dumping Node END [polySurface99]
[2019.05.08-02.26.16:954][558]LogFbx: =================================================
[2019.05.08-02.26.16:954][558]LogFbx: Dumping Node START [Geo_Thigh_L] 
[2019.05.08-02.26.16:955][558]LogFbx: 	Total Deformer Count -113318464.
[2019.05.08-02.26.16:955][558]LogFbx: 	Attribute () Type (4).
[2019.05.08-02.26.16:955][558]LogFbx: 		[Node Attribute Child 1] Geo_Thigh_L (Type Mesh).
[2019.05.08-02.26.16:955][558]LogFbx: Dumping Node END [Geo_Thigh_L]
[2019.05.08-02.26.16:955][558]LogFbx: =================================================
[2019.05.08-02.26.16:955][558]LogFbx: Dumping Node START [Geo_Calf_L] 
[2019.05.08-02.26.16:955][558]LogFbx: 	Total Deformer Count -113317376.
[2019.05.08-02.26.16:955][558]LogFbx: 	Attribute () Type (4).
[2019.05.08-02.26.16:955][558]LogFbx: 		[Node Attribute Child 1] Geo_Calf_L (Type Mesh).
[2019.05.08-02.26.16:955][558]LogFbx: Dumping Node END [Geo_Calf_L]
[2019.05.08-02.26.16:955][558]LogFbx: =================================================
[2019.05.08-02.26.16:955][558]LogFbx: Dumping Node START [polySurface75] 
[2019.05.08-02.26.16:955][558]LogFbx: 	Total Deformer Count -112579824.
[2019.05.08-02.26.16:955][558]LogFbx: 	Attribute () Type (4).
[2019.05.08-02.26.16:955][558]LogFbx: 		[Node Attribute Child 1] polySurface75 (Type Mesh).
[2019.05.08-02.26.16:955][558]LogFbx: Dumping Node END [polySurface75]
[2019.05.08-02.26.16:955][558]LogFbx: =================================================
[2019.05.08-02.26.16:955][558]LogFbx: Dumping Node START [Geo_Calf_L] 
[2019.05.08-02.26.16:955][558]LogFbx: 	Total Deformer Count -112933376.
[2019.05.08-02.26.16:955][558]LogFbx: 	Attribute () Type (4).
[2019.05.08-02.26.16:956][558]LogFbx: 		[Node Attribute Child 1] Geo_Calf_L (Type Mesh).
[2019.05.08-02.26.16:956][558]LogFbx: Dumping Node END [Geo_Calf_L]
[2019.05.08-02.26.16:956][558]LogFbx: =================================================
[2019.05.08-02.26.16:956][558]LogFbx: Dumping Node START [polySurface75] 
[2019.05.08-02.26.16:956][558]LogFbx: 	Total Deformer Count -112580064.
[2019.05.08-02.26.16:956][558]LogFbx: 	Attribute () Type (4).
[2019.05.08-02.26.16:956][558]LogFbx: 		[Node Attribute Child 1] polySurface75 (Type Mesh).
[2019.05.08-02.26.16:956][558]LogFbx: Dumping Node END [polySurface75]
[2019.05.08-02.26.16:956][558]LogFbx: =================================================
[2019.05.08-02.26.16:956][558]LogFbx: Dumping Node START [polySurface75] 
[2019.05.08-02.26.16:956][558]LogFbx: 	Total Deformer Count -112580064.
[2019.05.08-02.26.16:957][558]LogFbx: 	Attribute () Type (4).
[2019.05.08-02.26.16:957][558]LogFbx: 		[Node Attribute Child 1] polySurface75 (Type Mesh).
[2019.05.08-02.26.16:957][558]LogFbx: Dumping Node END [polySurface75]
[2019.05.08-02.26.16:957][558]LogFbx: =================================================
[2019.05.08-02.26.16:957][558]LogFbx: Dumping Node START [polySurface86] 
[2019.05.08-02.26.16:957][558]LogFbx: 	Total Deformer Count -112580064.
[2019.05.08-02.26.16:957][558]LogFbx: 	Attribute () Type (4).
[2019.05.08-02.26.16:957][558]LogFbx: 		[Node Attribute Child 1] polySurface86 (Type Mesh).
[2019.05.08-02.26.16:957][558]LogFbx: Dumping Node END [polySurface86]
[2019.05.08-02.26.16:957][558]LogFbx: =================================================
[2019.05.08-02.26.16:957][558]LogFbx: Dumping Node START [polySurface87] 
[2019.05.08-02.26.16:957][558]LogFbx: 	Total Deformer Count -112580064.
[2019.05.08-02.26.16:957][558]LogFbx: 	Attribute () Type (4).
[2019.05.08-02.26.16:957][558]LogFbx: 		[Node Attribute Child 1] polySurface87 (Type Mesh).
[2019.05.08-02.26.16:957][558]LogFbx: Dumping Node END [polySurface87]
[2019.05.08-02.26.16:957][558]LogFbx: =================================================
[2019.05.08-02.26.16:957][558]LogFbx: Dumping Node START [polySurface88] 
[2019.05.08-02.26.16:958][558]LogFbx: 	Total Deformer Count -112580064.
[2019.05.08-02.26.16:958][558]LogFbx: 	Attribute () Type (4).
[2019.05.08-02.26.16:958][558]LogFbx: 		[Node Attribute Child 1] polySurface88 (Type Mesh).
[2019.05.08-02.26.16:958][558]LogFbx: Dumping Node END [polySurface88]
[2019.05.08-02.26.16:958][558]LogFbx: =================================================
[2019.05.08-02.26.16:958][558]LogFbx: Dumping Node START [polySurface91] 
[2019.05.08-02.26.16:958][558]LogFbx: 	Total Deformer Count -112580064.
[2019.05.08-02.26.16:958][558]LogFbx: 	Attribute () Type (4).
[2019.05.08-02.26.16:958][558]LogFbx: 		[Node Attribute Child 1] polySurface91 (Type Mesh).
[2019.05.08-02.26.16:958][558]LogFbx: Dumping Node END [polySurface91]
[2019.05.08-02.26.16:958][558]LogFbx: =================================================
[2019.05.08-02.26.16:958][558]LogFbx: Dumping Node START [polySurface90] 
[2019.05.08-02.26.16:958][558]LogFbx: 	Total Deformer Count -112580064.
[2019.05.08-02.26.16:958][558]LogFbx: 	Attribute () Type (4).
[2019.05.08-02.26.16:958][558]LogFbx: 		[Node Attribute Child 1] polySurface90 (Type Mesh).
[2019.05.08-02.26.16:958][558]LogFbx: Dumping Node END [polySurface90]
[2019.05.08-02.26.16:958][558]LogFbx: =================================================
[2019.05.08-02.26.16:958][558]LogFbx: Dumping Node START [polySurface89] 
[2019.05.08-02.26.16:958][558]LogFbx: 	Total Deformer Count -112580064.
[2019.05.08-02.26.16:959][558]LogFbx: 	Attribute () Type (4).
[2019.05.08-02.26.16:959][558]LogFbx: 		[Node Attribute Child 1] polySurface89 (Type Mesh).
[2019.05.08-02.26.16:959][558]LogFbx: Dumping Node END [polySurface89]
[2019.05.08-02.26.16:959][558]LogFbx: =================================================
[2019.05.08-02.26.16:959][558]LogFbx: Dumping Node START [polySurface94] 
[2019.05.08-02.26.16:959][558]LogFbx: 	Total Deformer Count -112580064.
[2019.05.08-02.26.16:959][558]LogFbx: 	Attribute () Type (4).
[2019.05.08-02.26.16:959][558]LogFbx: 		[Node Attribute Child 1] polySurface94 (Type Mesh).
[2019.05.08-02.26.16:959][558]LogFbx: Dumping Node END [polySurface94]
[2019.05.08-02.26.16:959][558]LogFbx: =================================================
[2019.05.08-02.26.16:959][558]LogFbx: Dumping Node START [polySurface93] 
[2019.05.08-02.26.16:959][558]LogFbx: 	Total Deformer Count -112580064.
[2019.05.08-02.26.16:959][558]LogFbx: 	Attribute () Type (4).
[2019.05.08-02.26.16:959][558]LogFbx: 		[Node Attribute Child 1] polySurface93 (Type Mesh).
[2019.05.08-02.26.16:959][558]LogFbx: Dumping Node END [polySurface93]
[2019.05.08-02.26.16:959][558]LogFbx: =================================================
[2019.05.08-02.26.16:959][558]LogFbx: Dumping Node START [polySurface92] 
[2019.05.08-02.26.16:959][558]LogFbx: 	Total Deformer Count -112580064.
[2019.05.08-02.26.16:960][558]LogFbx: 	Attribute () Type (4).
[2019.05.08-02.26.16:960][558]LogFbx: 		[Node Attribute Child 1] polySurface92 (Type Mesh).
[2019.05.08-02.26.16:960][558]LogFbx: Dumping Node END [polySurface92]
[2019.05.08-02.26.16:960][558]LogFbx: =================================================
[2019.05.08-02.26.16:960][558]LogFbx: Dumping Node START [polySurface95] 
[2019.05.08-02.26.16:960][558]LogFbx: 	Total Deformer Count -112581024.
[2019.05.08-02.26.16:960][558]LogFbx: 	Attribute () Type (4).
[2019.05.08-02.26.16:960][558]LogFbx: 		[Node Attribute Child 1] polySurface95 (Type Mesh).
[2019.05.08-02.26.16:960][558]LogFbx: Dumping Node END [polySurface95]
[2019.05.08-02.26.16:960][558]LogFbx: =================================================
[2019.05.08-02.26.16:960][558]LogFbx: Dumping Node START [polySurface98] 
[2019.05.08-02.26.16:960][558]LogFbx: 	Total Deformer Count -112581184.
[2019.05.08-02.26.16:960][558]LogFbx: 	Attribute () Type (4).
[2019.05.08-02.26.16:960][558]LogFbx: 		[Node Attribute Child 1] polySurface98 (Type Mesh).
[2019.05.08-02.26.16:960][558]LogFbx: Dumping Node END [polySurface98]
[2019.05.08-02.26.16:960][558]LogFbx: =================================================
[2019.05.08-02.26.16:960][558]LogFbx: Dumping Node START [polySurface99] 
[2019.05.08-02.26.16:960][558]LogFbx: 	Total Deformer Count -112581184.
[2019.05.08-02.26.16:960][558]LogFbx: 	Attribute () Type (4).
[2019.05.08-02.26.16:960][558]LogFbx: 		[Node Attribute Child 1] polySurface99 (Type Mesh).
[2019.05.08-02.26.16:961][558]LogFbx: Dumping Node END [polySurface99]
[2019.05.08-02.26.16:961][558]LogFbx: =================================================
[2019.05.08-02.26.16:961][558]LogFbx: Dumping Node START [polySurface95] 
[2019.05.08-02.26.16:961][558]LogFbx: 	Total Deformer Count -112580064.
[2019.05.08-02.26.16:961][558]LogFbx: 	Attribute () Type (4).
[2019.05.08-02.26.16:961][558]LogFbx: 		[Node Attribute Child 1] polySurface95 (Type Mesh).
[2019.05.08-02.26.16:961][558]LogFbx: Dumping Node END [polySurface95]
[2019.05.08-02.26.16:961][558]LogFbx: =================================================
[2019.05.08-02.26.16:961][558]LogFbx: Dumping Node START [polySurface98] 
[2019.05.08-02.26.16:961][558]LogFbx: 	Total Deformer Count -112581184.
[2019.05.08-02.26.16:961][558]LogFbx: 	Attribute () Type (4).
[2019.05.08-02.26.16:961][558]LogFbx: 		[Node Attribute Child 1] polySurface98 (Type Mesh).
[2019.05.08-02.26.16:961][558]LogFbx: Dumping Node END [polySurface98]
[2019.05.08-02.26.16:961][558]LogFbx: =================================================
[2019.05.08-02.26.16:962][558]LogFbx: Dumping Node START [polySurface99] 
[2019.05.08-02.26.16:962][558]LogFbx: 	Total Deformer Count -112581184.
[2019.05.08-02.26.16:962][558]LogFbx: 	Attribute () Type (4).
[2019.05.08-02.26.16:962][558]LogFbx: 		[Node Attribute Child 1] polySurface99 (Type Mesh).
[2019.05.08-02.26.16:962][558]LogFbx: Dumping Node END [polySurface99]
[2019.05.08-02.26.16:962][558]LogFbx: =================================================
[2019.05.08-02.26.16:962][558]LogFbx: Dumping Node START [polySurface98] 
[2019.05.08-02.26.16:962][558]LogFbx: 	Total Deformer Count -112580064.
[2019.05.08-02.26.16:962][558]LogFbx: 	Attribute () Type (4).
[2019.05.08-02.26.16:962][558]LogFbx: 		[Node Attribute Child 1] polySurface98 (Type Mesh).
[2019.05.08-02.26.16:962][558]LogFbx: Dumping Node END [polySurface98]
[2019.05.08-02.26.16:962][558]LogFbx: =================================================
[2019.05.08-02.26.16:962][558]LogFbx: Dumping Node START [polySurface99] 
[2019.05.08-02.26.16:963][558]LogFbx: 	Total Deformer Count -112580064.
[2019.05.08-02.26.16:963][558]LogFbx: 	Attribute () Type (4).
[2019.05.08-02.26.16:963][558]LogFbx: 		[Node Attribute Child 1] polySurface99 (Type Mesh).
[2019.05.08-02.26.16:963][558]LogFbx: Dumping Node END [polySurface99]
[2019.05.08-02.26.16:964][558]LogFbx: =================================================
[2019.05.08-02.26.16:964][558]LogFbx: Dumping Node START [polySurface9] 
[2019.05.08-02.26.16:964][558]LogFbx: 	Total Deformer Count -112580064.
[2019.05.08-02.26.16:964][558]LogFbx: 	Attribute () Type (4).
[2019.05.08-02.26.16:964][558]LogFbx: 		[Node Attribute Child 1] polySurface9 (Type Mesh).
[2019.05.08-02.26.16:964][558]LogFbx: Dumping Node END [polySurface9]
[2019.05.08-02.26.17:245][558]LogMaterial: Warning: Material /Game/lambert2.lambert2 needed to have new flag set bUsedWithSkeletalMesh !
[2019.05.08-02.26.17:248][558]LogMaterial: Display: Missing cached shader map for material lambert2, compiling. 
[2019.05.08-02.26.17:308][558]LogShaderCompilers: Display: Shaders left to compile 60
[2019.05.08-02.26.17:308][558]LogShaderCompilers: Display: Shaders left to compile 50
[2019.05.08-02.26.17:308][558]LogShaderCompilers: Display: Shaders left to compile 40
[2019.05.08-02.26.17:308][558]LogShaderCompilers: Display: Shaders left to compile 30
[2019.05.08-02.26.17:313][558]LogLinker: Can't find file '/Game/CLY_zB_Man2'
[2019.05.08-02.26.17:313][558]LogLinker: Can't find file '/Game/CLY_zB_Man2'
[2019.05.08-02.26.17:495][558]LogTexture: Display: Building textures: CLY_zB_Man2 (AutoDXT, 2048X2048)
[2019.05.08-02.26.18:312][558]LogMaterial: Display: Missing cached shader map for material lambert2, compiling. 
[2019.05.08-02.26.18:404][558]LogFbx: Triangulating skeletal mesh Geo_Thigh_L
[2019.05.08-02.26.18:453][558]LogFbx: Triangulating skeletal mesh Geo_Calf_L
[2019.05.08-02.26.18:493][558]LogFbx: Triangulating skeletal mesh polySurface75
[2019.05.08-02.26.18:535][558]LogFbx: Triangulating skeletal mesh polySurface86
[2019.05.08-02.26.18:567][558]LogFbx: Triangulating skeletal mesh polySurface87
[2019.05.08-02.26.18:619][558]LogFbx: Triangulating skeletal mesh polySurface88
[2019.05.08-02.26.18:648][558]LogFbx: Triangulating skeletal mesh polySurface91
[2019.05.08-02.26.18:680][558]LogFbx: Triangulating skeletal mesh polySurface90
[2019.05.08-02.26.18:725][558]LogFbx: Triangulating skeletal mesh polySurface89
[2019.05.08-02.26.18:763][558]LogFbx: Triangulating skeletal mesh polySurface94
[2019.05.08-02.26.18:795][558]LogFbx: Triangulating skeletal mesh polySurface93
[2019.05.08-02.26.18:838][558]LogFbx: Triangulating skeletal mesh polySurface92
[2019.05.08-02.26.18:877][558]LogFbx: Triangulating skeletal mesh polySurface95
[2019.05.08-02.26.18:920][558]LogFbx: Triangulating skeletal mesh polySurface98
[2019.05.08-02.26.18:958][558]LogFbx: Triangulating skeletal mesh polySurface99
[2019.05.08-02.26.19:016][558]LogFbx: Warning: Bones digested - 18  Depth of hierarchy - 4
[2019.05.08-02.26.19:362][558]LogSkeletalMesh: Section 0: 4238 vertices, 15 active bones
[2019.05.08-02.26.19:363][558]LogSkeletalMesh: Section 0: Material=0, 7732 triangles
[2019.05.08-02.26.19:366][558]LogSkeletalMesh: Building Skeletal Mesh ManPosed_Geo_Thigh_L...
[2019.05.08-02.26.19:386][558]LogSkeletalMesh: Built Skeletal Mesh [0.02s] /Game/ManPosed.ManPosed_Geo_Thigh_L
[2019.05.08-02.26.19:394][558]LogLinker: Can't find file '/Game/ManPosed_Geo_Thigh_L_Skeleton'
[2019.05.08-02.26.19:394][558]LogLinker: Can't find file '/Game/ManPosed_Geo_Thigh_L_Skeleton'
[2019.05.08-02.26.19:400][558]LogLinker: Can't find file '/Game/ManPosed_Geo_Thigh_L_PhysicsAsset'
[2019.05.08-02.26.19:401][558]LogLinker: Can't find file '/Game/ManPosed_Geo_Thigh_L_PhysicsAsset'
[2019.05.08-02.26.19:432][558]LogSkeletalMesh: Building Skeletal Mesh ManPosed_Geo_Thigh_L...
[2019.05.08-02.26.19:449][558]LogSkeletalMesh: Built Skeletal Mesh [0.02s] /Game/ManPosed.ManPosed_Geo_Thigh_L
[2019.05.08-02.26.19:460][558]LogMaterial: Warning: Material /Game/lambert3.lambert3 needed to have new flag set bUsedWithSkeletalMesh !
[2019.05.08-02.26.19:463][558]LogMaterial: Display: Missing cached shader map for material lambert3, compiling. 
[2019.05.08-02.26.19:531][558]LogLinker: Can't find file '/Game/CLY_FFXIII_Staff_zTool'
[2019.05.08-02.26.19:531][558]LogLinker: Can't find file '/Game/CLY_FFXIII_Staff_zTool'
[2019.05.08-02.26.19:647][558]LogTexture: Display: Building textures: CLY_FFXIII_Staff_zTool (AutoDXT, 2048X2048)
[2019.05.08-02.26.20:065][558]LogMaterial: Display: Missing cached shader map for material lambert3, compiling. 
[2019.05.08-02.26.20:160][558]LogFbx: Triangulating skeletal mesh polySurface9
[2019.05.08-02.26.20:850][558]LogShaderCompilers: Display: Shaders left to compile 120
[2019.05.08-02.26.20:850][558]LogFbx: Warning: Bones digested - 1  Depth of hierarchy - 1
[2019.05.08-02.26.21:209][558]LogSkeletalMesh: Section 0: 4817 vertices, 1 active bones
[2019.05.08-02.26.21:210][558]LogSkeletalMesh: Section 0: Material=0, 8904 triangles
[2019.05.08-02.26.21:211][558]LogSkeletalMesh: Building Skeletal Mesh ManPosed_polySurface9...
[2019.05.08-02.26.21:231][558]LogSkeletalMesh: Built Skeletal Mesh [0.02s] /Game/ManPosed.ManPosed_polySurface9
[2019.05.08-02.26.21:236][558]LogLinker: Can't find file '/Game/ManPosed_polySurface9_Skeleton'
[2019.05.08-02.26.21:236][558]LogLinker: Can't find file '/Game/ManPosed_polySurface9_Skeleton'
[2019.05.08-02.26.21:241][558]LogLinker: Can't find file '/Game/ManPosed_polySurface9_PhysicsAsset'
[2019.05.08-02.26.21:241][558]LogLinker: Can't find file '/Game/ManPosed_polySurface9_PhysicsAsset'
[2019.05.08-02.26.21:251][558]LogSkeletalMesh: USkeletalMeshComponent::InitArticulated : Could not find root physics body: '/Engine/Transient.World_3:PersistentLevel.SkeletalMeshActor_0.SkeletalMeshComponent0'
[2019.05.08-02.26.21:259][558]LogSkeletalMesh: Building Skeletal Mesh ManPosed_polySurface9...
[2019.05.08-02.26.21:280][558]LogSkeletalMesh: Built Skeletal Mesh [0.02s] /Game/ManPosed.ManPosed_polySurface9
[2019.05.08-02.26.21:301][558]FBXImport: Warning: Mesh [Geometry have no name] in the fbx file is not reference by any hierarchy node. 
[2019.05.08-02.26.21:301][558]FBXImport: Warning: Mesh [Geometry have no name] in the fbx file is not reference by any hierarchy node. 
[2019.05.08-02.26.21:301][558]FBXImport: Warning: Mesh [Geometry have no name] in the fbx file is not reference by any hierarchy node. 
[2019.05.08-02.26.21:302][558]FBXImport: Warning: Mesh [Geometry have no name] in the fbx file is not reference by any hierarchy node. 
[2019.05.08-02.26.21:302][558]FBXImport: Warning: Mesh [Geometry have no name] in the fbx file is not reference by any hierarchy node. 
[2019.05.08-02.26.21:302][558]FBXImport: Warning: Mesh [Geometry have no name] in the fbx file is not reference by any hierarchy node. 
[2019.05.08-02.26.21:302][558]FBXImport: Warning: Mesh [Geometry have no name] in the fbx file is not reference by any hierarchy node. 
[2019.05.08-02.26.21:302][558]FBXImport: Warning: Mesh [Geometry have no name] in the fbx file is not reference by any hierarchy node. 
[2019.05.08-02.26.21:302][558]FBXImport: Warning: Mesh [Geometry have no name] in the fbx file is not reference by any hierarchy node. 
[2019.05.08-02.26.21:302][558]FBXImport: Warning: Mesh [Geometry have no name] in the fbx file is not reference by any hierarchy node. 
[2019.05.08-02.26.21:302][558]FBXImport: Warning: Mesh [Geometry have no name] in the fbx file is not reference by any hierarchy node. 
[2019.05.08-02.26.21:302][558]FBXImport: Warning: No smoothing group information was found in this FBX scene.  Please make sure to enable the 'Export Smoothing Groups' option in the FBX Exporter plug-in before exporting the file.  Even for tools that don't support smoothing groups, the FBX Exporter will generate appropriate smoothing data at export-time so that correct vertex normals can be inferred while importing. 
[2019.05.08-02.26.21:302][558]FBXImport: Warning: Could not find the bind pose.  It will use time 0 as bind pose. 
[2019.05.08-02.26.21:302][558]FBXImport: Warning: Could not find the bind pose.  It will use time 0 as bind pose. 
[2019.05.08-02.26.21:325][558]LogSkeletalMesh: Building Skeletal Mesh ManPosed_polySurface9...
[2019.05.08-02.26.21:348][558]LogSkeletalMesh: Built Skeletal Mesh [0.02s] /Game/ManPosed.ManPosed_polySurface9
[2019.05.08-02.26.21:672][559]LogShaderCompilers: Display: Shaders left to compile 110
[2019.05.08-02.26.22:754][578]LogShaderCompilers: Display: Shaders left to compile 100
[2019.05.08-02.26.22:885][581]LogShaderCompilers: Display: Shaders left to compile 90
[2019.05.08-02.26.24:129][606]LogShaderCompilers: Display: Shaders left to compile 80
[2019.05.08-02.26.27:179][667]LogShaderCompilers: Display: Shaders left to compile 70
[2019.05.08-02.26.27:979][683]LogShaderCompilers: Display: Shaders left to compile 60
[2019.05.08-02.26.28:519][694]LogShaderCompilers: Display: Shaders left to compile 50
[2019.05.08-02.26.29:193][707]LogShaderCompilers: Display: Shaders left to compile 40
[2019.05.08-02.26.31:421][741]LogShaderCompilers: Display: Shaders left to compile 30
[2019.05.08-02.26.32:765][767]LogShaderCompilers: Display: Shaders left to compile 20
[2019.05.08-02.26.33:263][777]LogShaderCompilers: Display: Shaders left to compile 10
[2019.05.08-02.26.34:022][791]LogSlate: Window 'Message Log' being destroyed
[2019.05.08-02.26.34:075][791]LogSlate: Window 'Message Log' being destroyed
[2019.05.08-02.26.34:178][793]LogD3D11RHI: Error: Result failed 
 at D:\Build\++UE4\Sync\Engine\Source\Runtime\Windows\D3D11RHI\Private\D3D11Viewport.cpp:304 
 with error DXGI_ERROR_DEVICE_REMOVED DXGI_ERROR_DEVICE_HUNG
[2019.05.08-02.26.34:179][793]LogD3D11RHI: [Aftermath] GDynamicRHI=0000020991FA2140, GDX11NVAfterMathEnabled=0, Result=0xFFFFFFFF, bDeviceActive=0
[2019.05.08-02.26.34:179][793]LogWindows: Windows GetLastError: The operation completed successfully. (0)
[2019.05.08-02.26.36:893][793]LogWindows: Windows GetLastError: The operation completed successfully. (0)
[2019.05.08-02.26.36:893][793]LogWindows: Error: === Critical error: ===
[2019.05.08-02.26.36:893][793]LogWindows: Error: 
[2019.05.08-02.26.36:893][793]LogWindows: Error: Fatal error: [File:D:\Build\++UE4\Sync\Engine\Source\Runtime\RenderCore\Private\RenderingThread.cpp] [Line: 826] 
[2019.05.08-02.26.36:893][793]LogWindows: Error: Rendering thread exception:
[2019.05.08-02.26.36:893][793]LogWindows: Error: Fatal error: [File:D:\Build\++UE4\Sync\Engine\Source\Runtime\Windows\D3D11RHI\Private\D3D11Util.cpp] [Line: 200] 
[2019.05.08-02.26.36:893][793]LogWindows: Error: Unreal Engine is exiting due to D3D device being lost. (Error: 0x887A0006 - 'HUNG')
[2019.05.08-02.26.36:893][793]LogWindows: Error: 
[2019.05.08-02.26.36:893][793]LogWindows: Error: 
[2019.05.08-02.26.36:893][793]LogWindows: Error: [Callstack] 0x00007ffa6d3ca388 KERNELBASE.dll!UnknownFunction []
[2019.05.08-02.26.36:893][793]LogWindows: Error: [Callstack] 0x00007ffa47936850 UE4Editor-ApplicationCore.dll!UnknownFunction []
[2019.05.08-02.26.36:893][793]LogWindows: Error: [Callstack] 0x00007ffa095a62fc UE4Editor-Core.dll!UnknownFunction []
[2019.05.08-02.26.36:893][793]LogWindows: Error: [Callstack] 0x00007ffa095351db UE4Editor-Core.dll!UnknownFunction []
[2019.05.08-02.26.36:893][793]LogWindows: Error: [Callstack] 0x00007ff9b365adea UE4Editor-D3D11RHI.dll!UnknownFunction []
[2019.05.08-02.26.36:893][793]LogWindows: Error: [Callstack] 0x00007ff9b365e6e4 UE4Editor-D3D11RHI.dll!UnknownFunction []
[2019.05.08-02.26.36:893][793]LogWindows: Error: [Callstack] 0x00007ff9b363d0aa UE4Editor-D3D11RHI.dll!UnknownFunction []
[2019.05.08-02.26.36:893][793]LogWindows: Error: [Callstack] 0x00007ff9b364ab70 UE4Editor-D3D11RHI.dll!UnknownFunction []
[2019.05.08-02.26.36:893][793]LogWindows: Error: [Callstack] 0x00007ffa4999b106 UE4Editor-RHI.dll!UnknownFunction []
[2019.05.08-02.26.36:893][793]LogWindows: Error: [Callstack] 0x00007ff9b33c1b42 UE4Editor-SlateRHIRenderer.dll!UnknownFunction []
[2019.05.08-02.26.36:893][793]LogWindows: Error: [Callstack] 0x00007ff9b33c7d0a UE4Editor-SlateRHIRenderer.dll!UnknownFunction []
[2019.05.08-02.26.36:893][793]LogWindows: Error: [Callstack] 0x00007ffa093c1f92 UE4Editor-Core.dll!UnknownFunction []
[2019.05.08-02.26.36:894][793]LogWindows: Error: [Callstack] 0x00007ffa093c2456 UE4Editor-Core.dll!UnknownFunction []
[2019.05.08-02.26.36:894][793]LogWindows: Error: [Callstack] 0x00007ffa4ad675f9 UE4Editor-RenderCore.dll!UnknownFunction []
[2019.05.08-02.26.36:894][793]LogWindows: Error: [Callstack] 0x00007ffa4ad68574 UE4Editor-RenderCore.dll!UnknownFunction []
[2019.05.08-02.26.36:894][793]LogWindows: Error: [Callstack] 0x00007ffa09806b7c UE4Editor-Core.dll!UnknownFunction []
[2019.05.08-02.26.36:894][793]LogWindows: Error: [Callstack] 0x00007ffa098017c7 UE4Editor-Core.dll!UnknownFunction []
[2019.05.08-02.26.36:894][793]LogWindows: Error: [Callstack] 0x00007ffa70624034 KERNEL32.DLL!UnknownFunction []
[2019.05.08-02.26.36:894][793]LogWindows: Error: [Callstack] 0x00007ffa707c3691 ntdll.dll!UnknownFunction []
[2019.05.08-02.26.36:894][793]LogWindows: Error: 
[2019.05.08-02.26.36:894][793]LogWindows: Error: 
[2019.05.08-02.26.36:894][793]LogWindows: Error: 
[2019.05.08-02.26.36:894][793]LogWindows: Error: 
[2019.05.08-02.26.36:927][793]LogExit: Executing StaticShutdownAfterError
[2019.05.08-02.26.36:947][793]LogWindows: FPlatformMisc::RequestExit(1)
[2019.05.08-02.26.36:958][793]Log file closed, 05/07/19 20:26:36
