Log file open, 05/07/19 20:43:21
LogWindows: Failed to load 'aqProf.dll' (GetLastError=126)
LogWindows: File 'aqProf.dll' does not exist
LogWindows: Failed to load 'VSPerf140.dll' (GetLastError=126)
LogWindows: File 'VSPerf140.dll' does not exist
LogWindows: Failed to load 'VtuneApi.dll' (GetLastError=126)
LogWindows: File 'VtuneApi.dll' does not exist
LogWindows: Failed to load 'VtuneApi32e.dll' (GetLastError=126)
LogWindows: File 'VtuneApi32e.dll' does not exist
LogInit: Display: Running engine for game: cly_iCWB_AP
LogPlatformFile: Not using cached read wrapper
LogTaskGraph: Started task graph with 5 named threads and 23 total threads with 3 sets of task threads.
LogStats: Stats thread started at 0.351189
LogD3D11RHI: Loaded GFSDK_Aftermath_Lib.x64.dll
LogICUInternationalization: Display: ICU TimeZone Detection - Raw Offset: -7:00, Platform Override: ''
LogPluginManager: Mounting plugin Paper2D
LogPluginManager: Mounting plugin AISupport
LogPluginManager: Mounting plugin LightPropagationVolume
LogPluginManager: Mounting plugin CLionSourceCodeAccess
LogPluginManager: Mounting plugin CodeLiteSourceCodeAccess
LogPluginManager: Mounting plugin GitSourceControl
LogPluginManager: Mounting plugin KDevelopSourceCodeAccess
LogPluginManager: Mounting plugin NullSourceCodeAccess
LogPluginManager: Mounting plugin PerforceSourceControl
LogPluginManager: Mounting plugin SubversionSourceControl
LogPluginManager: Mounting plugin UObjectPlugin
LogPluginManager: Mounting plugin VisualStudioCodeSourceCodeAccess
LogPluginManager: Mounting plugin VisualStudioSourceCodeAccess
LogPluginManager: Mounting plugin XCodeSourceCodeAccess
LogPluginManager: Mounting plugin AssetManagerEditor
LogPluginManager: Mounting plugin CryptoKeys
LogPluginManager: Mounting plugin DataValidation
LogPluginManager: Mounting plugin FacialAnimation
LogPluginManager: Mounting plugin GameplayTagsEditor
LogPluginManager: Mounting plugin MacGraphicsSwitching
LogPluginManager: Mounting plugin MeshEditor
LogPluginManager: Mounting plugin MobileLauncherProfileWizard
LogPluginManager: Mounting plugin PluginBrowser
LogPluginManager: Mounting plugin SpeedTreeImporter
LogPluginManager: Mounting plugin DatasmithContent
LogPluginManager: Mounting plugin AlembicImporter
LogPluginManager: Mounting plugin AppleImageUtils
LogPluginManager: Mounting plugin AppleVision
LogPluginManager: Mounting plugin BackChannel
LogPluginManager: Mounting plugin CharacterAI
LogPluginManager: Mounting plugin GeometryCache
LogPluginManager: Mounting plugin HTML5Networking
LogPluginManager: Mounting plugin ProxyLODPlugin
LogPluginManager: Mounting plugin MagicLeap
LogPluginManager: Mounting plugin MagicLeapEmulator
LogPluginManager: Mounting plugin MagicLeapMedia
LogPluginManager: Mounting plugin AndroidMedia
LogPluginManager: Mounting plugin AvfMedia
LogPluginManager: Mounting plugin ImgMedia
LogPluginManager: Mounting plugin LinearTimecode
LogPluginManager: Mounting plugin MediaCompositing
LogPluginManager: Mounting plugin MediaPlayerEditor
LogPluginManager: Mounting plugin WmfMedia
LogPluginManager: Mounting plugin TcpMessaging
LogPluginManager: Mounting plugin UdpMessaging
LogPluginManager: Mounting plugin ActorSequence
LogPluginManager: Mounting plugin LevelSequenceEditor
LogPluginManager: Mounting plugin MatineeToLevelSequence
LogPluginManager: Mounting plugin NetcodeUnitTest
LogPluginManager: Mounting plugin NUTUnrealEngine4
LogPluginManager: Mounting plugin OnlineSubsystemGooglePlay
LogPluginManager: Mounting plugin OnlineSubsystemIOS
LogPluginManager: Mounting plugin OnlineSubsystem
LogPluginManager: Mounting plugin OnlineSubsystemNull
LogPluginManager: Mounting plugin OnlineSubsystemUtils
LogPluginManager: Mounting plugin LauncherChunkInstaller
LogPluginManager: Mounting plugin AndroidDeviceProfileSelector
LogPluginManager: Mounting plugin AndroidMoviePlayer
LogPluginManager: Mounting plugin AndroidPermission
LogPluginManager: Mounting plugin AppleMoviePlayer
LogPluginManager: Mounting plugin ArchVisCharacter
LogPluginManager: Mounting plugin AudioCapture
LogPluginManager: Mounting plugin CableComponent
LogPluginManager: Mounting plugin CustomMeshComponent
LogPluginManager: Mounting plugin EditableMesh
LogPluginManager: Mounting plugin ExampleDeviceProfileSelector
LogPluginManager: Mounting plugin GoogleCloudMessaging
LogPluginManager: Mounting plugin ImmediatePhysics
LogPluginManager: Mounting plugin IOSDeviceProfileSelector
LogPluginManager: Mounting plugin LinuxDeviceProfileSelector
LogPluginManager: Mounting plugin LocationServicesBPLibrary
LogPluginManager: Mounting plugin MobilePatchingUtils
LogPluginManager: Mounting plugin OculusVR
LogPluginManager: Plugin shader directory ../../../Engine/Plugins/Runtime/Oculus/OculusVR/Shaders found
LogPluginManager: Mapping shader source directory ../../../Engine/Plugins/Runtime/Oculus/OculusVR/Shaders to virtual directory /Plugin/OculusVR
LogPluginManager: Mounting plugin PhysXVehicles
LogPluginManager: Mounting plugin ProceduralMeshComponent
LogPluginManager: Mounting plugin RuntimePhysXCooking
LogPluginManager: Mounting plugin SteamVR
LogPluginManager: Mounting plugin WindowsMoviePlayer
LogStreaming: Display: Took  0.176s to configure plugins.
LogInit: Using libcurl 7.55.1-DEV
LogInit:  - built for x86_64-pc-win32
LogInit:  - supports SSL with OpenSSL/1.0.2h
LogInit:  - supports HTTP deflate (compression) using libz 1.2.8
LogInit:  - other features:
LogInit:      CURL_VERSION_SSL
LogInit:      CURL_VERSION_LIBZ
LogInit:      CURL_VERSION_IPV6
LogInit:      CURL_VERSION_ASYNCHDNS
LogInit:      CURL_VERSION_LARGEFILE
LogInit:      CURL_VERSION_IDN
LogInit:  CurlRequestOptions (configurable via config and command line):
LogInit:  - bVerifyPeer = false  - Libcurl will NOT verify peer certificate
LogInit:  - bUseHttpProxy = false  - Libcurl will NOT use HTTP proxy
LogInit:  - bDontReuseConnections = false  - Libcurl will reuse connections
LogInit:  - CertBundlePath = nullptr  - Libcurl will use whatever was configured at build time.
LogInit:  - MaxHostConnections = 16  - Libcurl will limit the number of connections to a host
LogInit:  - LocalHostAddr = Default
LogInit:  - BufferSize = 65536
LogInit: WinSock: version 1.1 (2.2), MaxSocks=32767, MaxUdp=65467
LogInit: Build: ++UE4+Release-4.20-CL-4369336
LogInit: Engine Version: 4.20.3-4369336+++UE4+Release-4.20
LogInit: Compatible Engine Version: 4.20.0-4212847+++UE4+Release-4.20
LogInit: Net CL: 4212847
LogInit: OS: Windows 10 (), CPU: Intel(R) Core(TM) i5-8300H CPU @ 2.30GHz, GPU: Intel(R) UHD Graphics 630
LogInit: Compiled (64-bit): Sep 17 2018 12:26:19
LogInit: Compiled with Visual C++: 19.13.26129.00
LogInit: Build Configuration: Development
LogInit: Branch Name: ++UE4+Release-4.20
LogInit: Command Line: 
LogInit: Base Directory: C:/Program Files/Epic Games/UE_4.20/Engine/Binaries/Win64/
LogInit: Installed Engine Build: 1
LogDevObjectVersion: Number of dev versions registered: 20
LogDevObjectVersion:   Dev-Blueprints (B0D832E4-1F89-4F0D-ACCF-7EB736FD4AA2): 10
LogDevObjectVersion:   Dev-Build (E1C64328-A22C-4D53-A36C-8E866417BD8C): 0
LogDevObjectVersion:   Dev-Core (375EC13C-06E4-48FB-B500-84F0262A717E): 2
LogDevObjectVersion:   Dev-Editor (E4B068ED-F494-42E9-A231-DA0B2E46BB41): 24
LogDevObjectVersion:   Dev-Framework (CFFC743F-43B0-4480-9391-14DF171D2073): 34
LogDevObjectVersion:   Dev-Mobile (B02B49B5-BB20-44E9-A304-32B752E40360): 2
LogDevObjectVersion:   Dev-Networking (A4E4105C-59A1-49B5-A7C5-40C4547EDFEE): 0
LogDevObjectVersion:   Dev-Online (39C831C9-5AE6-47DC-9A44-9C173E1C8E7C): 0
LogDevObjectVersion:   Dev-Physics (78F01B33-EBEA-4F98-B9B4-84EACCB95AA2): 0
LogDevObjectVersion:   Dev-Platform (6631380F-2D4D-43E0-8009-CF276956A95A): 0
LogDevObjectVersion:   Dev-Rendering (12F88B9F-8875-4AFC-A67C-D90C383ABD29): 26
LogDevObjectVersion:   Dev-Sequencer (7B5AE74C-D270-4C10-A958-57980B212A5A): 9
LogDevObjectVersion:   Dev-VR (D7296918-1DD6-4BDD-9DE2-64A83CC13884): 2
LogDevObjectVersion:   Dev-LoadTimes (C2A15278-BFE7-4AFE-6C17-90FF531DF755): 1
LogDevObjectVersion:   Private-Geometry (6EACA3D4-40EC-4CC1-B786-8BED09428FC5): 3
LogDevObjectVersion:   Dev-AnimPhys (29E575DD-E0A3-4627-9D10-D276232CDCEA): 17
LogDevObjectVersion:   Dev-ReflectionCapture (6B266CEC-1EC7-4B8F-A30B-E4D90942FC07): 1
LogDevObjectVersion:   Dev-Automation (0DF73D61-A23F-47EA-B727-89E90C41499A): 1
LogDevObjectVersion:   FortniteMain (601D1886-AC64-4F84-AA16-D3DE0DEAC7D6): 12
LogDevObjectVersion:   Dev-Enterprise (9DFFBCD6-494F-0158-E221-12823C92A888): 1
LogStreaming: Display: Took  0.008s to delete old logs.
LogInit: Presizing for max 8388607 objects, including 0 objects not considered by GC, pre-allocating 0 bytes for permanent pool.
LogInit: Object subsystem initialized
[2019.05.08-02.43.21:742][  0]LogInit: Selected Device Profile: [Windows]
[2019.05.08-02.43.21:742][  0]LogInit: Applying CVar settings loaded from the selected device profile: [Windows]
[2019.05.08-02.43.21:781][  0]LogHAL: Display: Platform has ~ 8 GB [8424574976 / 8589934592 / 8], which maps to Default [LargestMinGB=32, LargerMinGB=12, DefaultMinGB=8, SmallerMinGB=6, SmallestMinGB=0)
[2019.05.08-02.43.21:781][  0]LogInit: Setting Device Profile CVar: [[r.Vulkan.UseRealUBs:1]]
[2019.05.08-02.43.21:781][  0]LogInit: Going up to parent DeviceProfile []
[2019.05.08-02.43.21:782][  0]LogInit: Computer: DESKTOP-4HEA2F2
[2019.05.08-02.43.21:782][  0]LogInit: User: black
[2019.05.08-02.43.21:782][  0]LogInit: CPU Page size=4096, Cores=4
[2019.05.08-02.43.21:782][  0]LogInit: High frequency timer resolution =2.250000 MHz
[2019.05.08-02.43.21:783][  0]LogMemory: Memory total: Physical=7.8GB (8GB approx)
[2019.05.08-02.43.21:783][  0]LogMemory: Platform Memory Stats for Windows
[2019.05.08-02.43.21:783][  0]LogMemory: Process Physical Memory: 99.36 MB used, 99.36 MB peak
[2019.05.08-02.43.21:783][  0]LogMemory: Process Virtual Memory: 90.89 MB used, 90.89 MB peak
[2019.05.08-02.43.21:783][  0]LogMemory: Physical Memory: 3563.52 MB used,  4470.79 MB free, 8034.30 MB total
[2019.05.08-02.43.21:783][  0]LogMemory: Virtual Memory: 4645.23 MB used,  4470.79 MB free, 134217728.00 MB total
[2019.05.08-02.43.22:014][  0]LogInit: Using OS detected language (en-US).
[2019.05.08-02.43.22:014][  0]LogInit: Using OS detected locale (en-US).
[2019.05.08-02.43.22:015][  0]LogTextLocalizationManager: No specific localization for 'en-US' exists, so the 'en' localization will be used.
[2019.05.08-02.43.22:523][  0]LogStreaming: Display: Took  0.510s to InitEngineTextLocalization.
[2019.05.08-02.43.22:524][  0]LogInit: Setting process to per monitor DPI aware
[2019.05.08-02.43.22:572][  0]LogSlate: New Slate User Created.  User Index 0, Is Virtual User: 0
[2019.05.08-02.43.22:572][  0]LogSlate: Slate User Registered.  User Index 0, Is Virtual User: 0
[2019.05.08-02.43.22:881][  0]LogHMD: Failed to initialize OpenVR with code 110
[2019.05.08-02.43.22:881][  0]LogD3D11RHI: D3D11 adapters:
[2019.05.08-02.43.22:962][  0]LogD3D11RHI:    0. 'NVIDIA GeForce GTX 1050 Ti' (Feature Level 11_0)
[2019.05.08-02.43.22:962][  0]LogD3D11RHI:       4029/0/4017 MB DedicatedVideo/DedicatedSystem/SharedSystem, Outputs:1, VendorId:0x10de
[2019.05.08-02.43.22:982][  0]LogD3D11RHI:    1. 'Intel(R) UHD Graphics 630' (Feature Level 11_0)
[2019.05.08-02.43.22:982][  0]LogD3D11RHI:       128/0/4017 MB DedicatedVideo/DedicatedSystem/SharedSystem, Outputs:0, VendorId:0x8086
[2019.05.08-02.43.22:984][  0]LogD3D11RHI:    2. 'Microsoft Basic Render Driver' (Feature Level 11_0)
[2019.05.08-02.43.22:984][  0]LogD3D11RHI:       0/0/4017 MB DedicatedVideo/DedicatedSystem/SharedSystem, Outputs:0, VendorId:0x1414
[2019.05.08-02.43.22:984][  0]LogD3D11RHI: Chosen D3D11 Adapter: 0
[2019.05.08-02.43.23:028][  0]LogD3D11RHI: Creating new Direct3DDevice
[2019.05.08-02.43.23:028][  0]LogD3D11RHI:     GPU DeviceId: 0x1c8c (for the marketing name, search the web for "GPU Device Id")
[2019.05.08-02.43.23:028][  0]LogWindows: EnumDisplayDevices:
[2019.05.08-02.43.23:028][  0]LogWindows:    0. 'Intel(R) UHD Graphics 630' (P:1 D:1)
[2019.05.08-02.43.23:029][  0]LogWindows:    1. 'Intel(R) UHD Graphics 630' (P:0 D:0)
[2019.05.08-02.43.23:029][  0]LogWindows:    2. 'Intel(R) UHD Graphics 630' (P:0 D:0)
[2019.05.08-02.43.23:030][  0]LogWindows:    3. 'NVIDIA GeForce GTX 1050 Ti' (P:0 D:0)
[2019.05.08-02.43.23:030][  0]LogWindows: DebugString: PrimaryIsNotTheChoosenAdapter PrimaryIsNotTheChoosenAdapter PrimaryIsNotTheChoosenAdapter 
[2019.05.08-02.43.23:030][  0]LogD3D11RHI:     Adapter Name: NVIDIA GeForce GTX 1050 Ti
[2019.05.08-02.43.23:030][  0]LogD3D11RHI:   Driver Version: 388.73 (internal:23.21.13.8873, unified:388.73)
[2019.05.08-02.43.23:030][  0]LogD3D11RHI:      Driver Date: 12-18-2017
[2019.05.08-02.43.23:030][  0]LogRHI: Texture pool is 2820 MB (70% of 4029 MB)
[2019.05.08-02.43.23:074][  0]LogD3D11RHI: Async texture creation enabled
[2019.05.08-02.43.23:093][  0]LogD3D11RHI: GPU Timing Frequency: 1000.000000 (Debug: 2 1)
[2019.05.08-02.43.23:095][  0]LogShaderCompilers: Guid format shader working directory is -42 characters bigger than the processId version (../../../../../../Users/black/Documents/GitHub/cly_AssetPipeline/cly_iCWB_AP/firstProject/Intermediate/Shaders/WorkingDirectory/372/).
[2019.05.08-02.43.23:095][  0]LogShaderCompilers: Cleaned the shader compiler working directory 'C:/Users/black/AppData/Local/Temp/UnrealShaderWorkingDir/6B4F79E941535E11D632248D3EB5A32C/'.
[2019.05.08-02.43.23:521][  0]LogTemp: Display: Loaded TP AllDesktopTargetPlatform
[2019.05.08-02.43.23:554][  0]LogTemp: Display: Loaded TP MacClientTargetPlatform
[2019.05.08-02.43.23:585][  0]LogTemp: Display: Loaded TP MacNoEditorTargetPlatform
[2019.05.08-02.43.23:616][  0]LogTemp: Display: Loaded TP MacServerTargetPlatform
[2019.05.08-02.43.23:649][  0]LogTemp: Display: Loaded TP MacTargetPlatform
[2019.05.08-02.43.23:681][  0]LogTemp: Display: Loaded TP WindowsClientTargetPlatform
[2019.05.08-02.43.23:715][  0]LogTemp: Display: Loaded TP WindowsNoEditorTargetPlatform
[2019.05.08-02.43.23:746][  0]LogTemp: Display: Loaded TP WindowsServerTargetPlatform
[2019.05.08-02.43.23:762][  0]LogTemp: Display: Loaded TP WindowsTargetPlatform
[2019.05.08-02.43.23:931][  0]LogTemp: Display: Loaded TP AndroidTargetPlatform
[2019.05.08-02.43.23:931][  0]LogTemp: Display: Loaded TP AndroidTargetPlatform
[2019.05.08-02.43.23:931][  0]LogTemp: Display: Loaded TP AndroidTargetPlatform
[2019.05.08-02.43.23:931][  0]LogTemp: Display: Loaded TP AndroidTargetPlatform
[2019.05.08-02.43.23:931][  0]LogTemp: Display: Loaded TP AndroidTargetPlatform
[2019.05.08-02.43.23:931][  0]LogTemp: Display: Loaded TP AndroidTargetPlatform
[2019.05.08-02.43.23:931][  0]LogTemp: Display: Loaded TP AndroidTargetPlatform
[2019.05.08-02.43.23:931][  0]LogTemp: Display: Loaded TP AndroidTargetPlatform
[2019.05.08-02.43.23:931][  0]LogTemp: Display: Loaded TP AndroidTargetPlatform
[2019.05.08-02.43.23:931][  0]LogTemp: Display: Loaded TP AndroidTargetPlatform
[2019.05.08-02.43.23:931][  0]LogTemp: Display: Loaded TP AndroidTargetPlatform
[2019.05.08-02.43.23:931][  0]LogTemp: Display: Loaded TP AndroidTargetPlatform
[2019.05.08-02.43.23:931][  0]LogTemp: Display: Loaded TP AndroidTargetPlatform
[2019.05.08-02.43.23:931][  0]LogTemp: Display: Loaded TP AndroidTargetPlatform
[2019.05.08-02.43.23:931][  0]LogTemp: Display: Loaded TP AndroidTargetPlatform
[2019.05.08-02.43.23:931][  0]LogTemp: Display: Loaded TP AndroidTargetPlatform
[2019.05.08-02.43.23:931][  0]LogTemp: Display: Loaded TP AndroidTargetPlatform
[2019.05.08-02.43.23:931][  0]LogTemp: Display: Loaded TP AndroidTargetPlatform
[2019.05.08-02.43.23:933][  0]LogTemp: Display: Loaded TP HTML5TargetPlatform
[2019.05.08-02.43.24:015][  0]LogTemp: Display: Loaded TP IOSTargetPlatform
[2019.05.08-02.43.24:015][  0]LogTemp: Display: Loaded TP IOSTargetPlatform
[2019.05.08-02.43.24:063][  0]LogTemp: Display: Loaded TP TVOSTargetPlatform
[2019.05.08-02.43.24:063][  0]LogTemp: Display: Loaded TP TVOSTargetPlatform
[2019.05.08-02.43.24:080][  0]LogTemp: Display: Loaded TP LinuxClientTargetPlatform
[2019.05.08-02.43.24:098][  0]LogTemp: Display: Loaded TP LinuxNoEditorTargetPlatform
[2019.05.08-02.43.24:115][  0]LogTemp: Display: Loaded TP LinuxServerTargetPlatform
[2019.05.08-02.43.24:133][  0]LogTemp: Display: Loaded TP LinuxTargetPlatform
[2019.05.08-02.43.24:148][  0]LogTemp: Display: Loaded TP LuminTargetPlatform
[2019.05.08-02.43.24:148][  0]LogTargetPlatformManager: Display: Building Assets For Windows
[2019.05.08-02.43.24:274][  0]LogXGEController: Cleaning working directory: C:/Users/black/AppData/Local/Temp/UnrealXGEWorkingDir/
[2019.05.08-02.43.24:274][  0]LogXGEController: Cannot use XGE Controller as Incredibuild is not installed on this machine.
[2019.05.08-02.43.24:274][  0]LogShaderCompilers: Cannot use XGE Shader Compiler as Incredibuild is not installed on this machine.
[2019.05.08-02.43.24:274][  0]LogShaderCompilers: Display: Using Local Shader Compiler.
[2019.05.08-02.43.25:576][  0]LogDerivedDataCache: Display: Max Cache Size: 512 MB
[2019.05.08-02.43.25:683][  0]LogDerivedDataCache: Loaded boot cache 0.11s 71MB C:/Users/black/AppData/Local/UnrealEngine/4.20/DerivedDataCache/Boot.ddc.
[2019.05.08-02.43.25:684][  0]LogDerivedDataCache: Display: Loaded Boot cache: C:/Users/black/AppData/Local/UnrealEngine/4.20/DerivedDataCache/Boot.ddc
[2019.05.08-02.43.25:684][  0]LogDerivedDataCache: FDerivedDataBackendGraph:  Pak pak cache file ../../../../../../Users/black/Documents/GitHub/cly_AssetPipeline/cly_iCWB_AP/firstProject/DerivedDataCache/DDC.ddp not found, will not use a pak cache.
[2019.05.08-02.43.25:684][  0]LogDerivedDataCache: Unable to find inner node Pak for hierarchical cache Hierarchy.
[2019.05.08-02.43.25:684][  0]LogDerivedDataCache: FDerivedDataBackendGraph:  CompressedPak pak cache file ../../../../../../Users/black/Documents/GitHub/cly_AssetPipeline/cly_iCWB_AP/firstProject/DerivedDataCache/Compressed.ddp not found, will not use a pak cache.
[2019.05.08-02.43.25:684][  0]LogDerivedDataCache: Unable to find inner node CompressedPak for hierarchical cache Hierarchy.
[2019.05.08-02.43.25:705][  0]LogDerivedDataCache: Display: Pak cache opened for reading ../../../Engine/DerivedDataCache/Compressed.ddp.
[2019.05.08-02.43.25:718][  0]LogDerivedDataCache: Using Local data cache path C:/Users/black/AppData/Local/UnrealEngine/Common/DerivedDataCache: Writable
[2019.05.08-02.43.25:718][  0]LogDerivedDataCache: Shared data cache path not found in *engine.ini, will not use an Shared cache.
[2019.05.08-02.43.25:718][  0]LogDerivedDataCache: Unable to find inner node Shared for hierarchical cache Hierarchy.
[2019.05.08-02.43.25:763][  0]LogMaterial: Verifying Global Shaders for PCD3D_SM5
[2019.05.08-02.43.25:767][  0]LogSlate: Using FreeType 2.6.0
[2019.05.08-02.43.25:769][  0]LogSlate: SlateFontServices - WITH_FREETYPE: 1, WITH_HARFBUZZ: 1
[2019.05.08-02.43.25:915][  0]LogAssetRegistry: FAssetRegistry took 0.0282 seconds to start up
[2019.05.08-02.43.26:386][  0]LogInit: Selected Device Profile: [Windows]
[2019.05.08-02.43.26:673][  0]LogSimplygon: Simplygon DLL not present - disabling.
[2019.05.08-02.43.26:684][  0]LogMeshReduction: Using SimplygonSwarm for distributed automatic mesh merging
[2019.05.08-02.43.26:684][  0]LogMeshReduction: Using ProxyLODMeshReduction for automatic mesh merging
[2019.05.08-02.43.26:684][  0]LogMeshReduction: Using QuadricMeshReduction for automatic static mesh reduction
[2019.05.08-02.43.26:685][  0]LogMeshReduction: No automatic skeletal mesh reduction module available
[2019.05.08-02.43.26:720][  0]LogNetVersion: cly_iCWB_AP 1.0.0, NetCL: 4212847, EngineNetVer: 5, GameNetVer: 0 (Checksum: 2002434292)
[2019.05.08-02.43.27:751][  0]LogPackageLocalizationCache: Processed 11 localized package path(s) for 2 prioritized culture(s) in 0.215373 seconds
[2019.05.08-02.43.27:763][  0]LogUObjectArray: 38425 objects as part of root set at end of initial load.
[2019.05.08-02.43.27:763][  0]LogUObjectAllocator: 6690872 out of 0 bytes used by permanent object pool.
[2019.05.08-02.43.27:763][  0]LogUObjectArray: CloseDisregardForGC: 0/0 objects in disregard for GC pool
[2019.05.08-02.43.29:263][  0]LogTcpMessaging: Initializing TcpMessaging bridge
[2019.05.08-02.43.29:277][  0]LogUdpMessaging: Initializing bridge on interface 0.0.0.0:0 to multicast group 230.0.0.1:6666.
[2019.05.08-02.43.29:522][  0]SourceControl: Source control is disabled
[2019.05.08-02.43.29:522][  0]SourceControl: Source control is disabled
[2019.05.08-02.43.29:524][  0]SourceControl: Source control is disabled
[2019.05.08-02.43.29:525][  0]SourceControl: Source control is disabled
[2019.05.08-02.43.29:762][  0]LogAndroidPermission: UAndroidPermissionCallbackProxy::GetInstance
[2019.05.08-02.43.29:867][  0]LogOcInput: OculusInput pre-init called
[2019.05.08-02.43.29:985][  0]LogEngine: Initializing Engine...
[2019.05.08-02.43.29:986][  0]LogHMD: Failed to initialize OpenVR with code 110
[2019.05.08-02.43.29:989][  0]LogStats: UGameplayTagsManager::ConstructGameplayTagTree: ImportINI prefixes -  0.000 s
[2019.05.08-02.43.29:989][  0]LogStats: UGameplayTagsManager::ConstructGameplayTagTree: Construct from data asset -  0.000 s
[2019.05.08-02.43.29:989][  0]LogStats: UGameplayTagsManager::ConstructGameplayTagTree: ImportINI -  0.000 s
[2019.05.08-02.43.29:989][  0]LogStats: UGameplayTagsManager::ConstructGameplayTagTree: GameplayTagTreeChangedEvent.Broadcast -  0.000 s
[2019.05.08-02.43.30:534][  0]LogInit: Initializing FReadOnlyCVARCache
[2019.05.08-02.43.30:555][  0]LogAIModule: Creating AISystem for world Untitled
[2019.05.08-02.43.30:562][  0]LogInit: XAudio2 using 'Speakers (Realtek High Definition Audio)' : 2 channels at 48 kHz using 32 bits per sample (channel mask 0x3)
[2019.05.08-02.43.30:729][  0]LogInit: FAudioDevice initialized.
[2019.05.08-02.43.30:730][  0]LogNetVersion: Set ProjectVersion to 1.0.0.0. Version Checksum will be recalculated on next use.
[2019.05.08-02.43.30:865][  0]LogDerivedDataCache: Saved boot cache 0.13s 71MB C:/Users/black/AppData/Local/UnrealEngine/4.20/DerivedDataCache/Boot.ddc.
[2019.05.08-02.43.30:920][  0]LogInit: Texture streaming: Enabled
[2019.05.08-02.43.30:978][  0]LogEngineSessionManager: EngineSessionManager initialized
[2019.05.08-02.43.30:978][  0]LogEngineSessionManager: EngineSessionManager sent abnormal shutdown report. Type=Crashed, SessionId={59A91B15-4511-EFF8-F2AC-5DAEBF4B681C}
[2019.05.08-02.43.31:005][  0]LogInit: Transaction tracking system initialized
[2019.05.08-02.43.31:067][  0]BlueprintLog: New page: Editor Load
[2019.05.08-02.43.31:193][  0]LocalizationService: Localization service is disabled
[2019.05.08-02.43.31:550][  0]LogCook: Display: Max memory allowance for cook 16384mb min free memory 0mb
[2019.05.08-02.43.31:550][  0]LogCook: Display: Mobile HDR setting 1
[2019.05.08-02.43.31:550][  0]LogGameplayTags: Display: UGameplayTagsManager::DoneAddingNativeTags. DelegateIsBound: 0
[2019.05.08-02.43.31:550][  0]LogStats: UGameplayTagsManager::ConstructGameplayTagTree: ImportINI prefixes -  0.000 s
[2019.05.08-02.43.31:550][  0]LogStats: UGameplayTagsManager::ConstructGameplayTagTree: Construct from data asset -  0.000 s
[2019.05.08-02.43.31:551][  0]LogStats: UGameplayTagsManager::ConstructGameplayTagTree: ImportINI -  0.000 s
[2019.05.08-02.43.31:551][  0]LogStats: UGameplayTagsManager::ConstructGameplayTagTree: GameplayTagTreeChangedEvent.Broadcast -  0.000 s
[2019.05.08-02.43.31:713][  0]LogFileCache: Scanning file cache for directory 'C:/Users/black/Documents/GitHub/cly_AssetPipeline/cly_iCWB_AP/firstProject/Content/' took 0.01s
[2019.05.08-02.43.31:713][  0]SourceControl: Source control is disabled
[2019.05.08-02.43.31:713][  0]Cmd: MAP LOAD FILE="../../../Engine/Content/Maps/Templates/Template_Default.umap" TEMPLATE=1 SHOWPROGRESS=1 FEATURELEVEL=3
[2019.05.08-02.43.31:713][  0]LightingResults: New page: Lighting Build
[2019.05.08-02.43.31:718][  0]MapCheck: New page: Map Check
[2019.05.08-02.43.31:718][  0]LightingResults: New page: Lighting Build
[2019.05.08-02.43.32:031][  0]LogAIModule: Creating AISystem for world Untitled_1
[2019.05.08-02.43.32:040][  0]LogEditorServer: Finished looking for orphan Actors (0.000 secs)
[2019.05.08-02.43.32:073][  0]Cmd: MAP CHECKDEP NOCLEARLOG
[2019.05.08-02.43.32:175][  0]MapCheck: Map check complete: 0 Error(s), 0 Warning(s), took 101.184ms to complete.
[2019.05.08-02.43.32:175][  0]LogFileHelpers: Loading map 'Template_Default' took 0.462
[2019.05.08-02.43.32:330][  0]LogSlate: Updating window title bar state: overlay mode, drag disabled, window buttons hidden, title bar hidden
[2019.05.08-02.43.32:343][  0]LogSlate: Updating window title bar state: overlay mode, drag disabled, window buttons hidden, title bar hidden
[2019.05.08-02.43.32:359][  0]LogSlate: Updating window title bar state: overlay mode, drag disabled, window buttons hidden, title bar hidden
[2019.05.08-02.43.32:373][  0]LogSlate: Updating window title bar state: overlay mode, drag disabled, window buttons hidden, title bar hidden
[2019.05.08-02.43.32:388][  0]LogCollectionManager: Loaded 0 collections in 0.004411 seconds
[2019.05.08-02.43.32:442][  0]LogFileCache: Scanning file cache for directory 'C:/Users/black/Documents/GitHub/cly_AssetPipeline/cly_iCWB_AP/firstProject/Saved/Collections/' took 0.01s
[2019.05.08-02.43.32:442][  0]LogFileCache: Scanning file cache for directory 'C:/Users/black/Documents/GitHub/cly_AssetPipeline/cly_iCWB_AP/firstProject/Content/Developers/black/Collections/' took 0.01s
[2019.05.08-02.43.32:442][  0]LogFileCache: Scanning file cache for directory 'C:/Users/black/Documents/GitHub/cly_AssetPipeline/cly_iCWB_AP/firstProject/Content/Collections/' took 0.01s
[2019.05.08-02.43.32:442][  0]LogCollectionManager: Rebuilt the GUID cache for 0 collections in 0.000001 seconds
[2019.05.08-02.43.32:469][  0]LogContentBrowser: Native class hierarchy populated in 0.0267 seconds. Added 2572 classes and 603 folders.
[2019.05.08-02.43.32:493][  0]LogContentBrowser: Native class hierarchy updated for 'WidgetCarousel' in 0.0007 seconds. Added 0 classes and 0 folders.
[2019.05.08-02.43.32:587][  0]LogContentBrowser: Native class hierarchy updated for 'AddContentDialog' in 0.0003 seconds. Added 0 classes and 0 folders.
[2019.05.08-02.43.32:594][  0]LogContentBrowser: Native class hierarchy updated for 'SceneOutliner' in 0.0003 seconds. Added 1 classes and 2 folders.
[2019.05.08-02.43.32:615][  0]LogSlate: Took 0.001018 seconds to synchronously load lazily loaded font '../../../Engine/Content/Slate/Fonts/Roboto-Regular.ttf' (155K)
[2019.05.08-02.43.32:618][  0]LogSlate: Took 0.000221 seconds to synchronously load lazily loaded font '../../../Engine/Content/Slate/Fonts/Roboto-Bold.ttf' (160K)
[2019.05.08-02.43.32:629][  0]LogSlate: Took 0.000356 seconds to synchronously load lazily loaded font '../../../Engine/Content/Editor/Slate/Fonts/FontAwesome.ttf' (139K)
[2019.05.08-02.43.32:735][  0]LogRenderer: Reallocating scene render targets to support 1188x360 Format 10 NumSamples 1 (Frame:1).
[2019.05.08-02.43.32:899][  0]LogContentBrowser: Native class hierarchy updated for 'HierarchicalLODOutliner' in 0.0005 seconds. Added 0 classes and 0 folders.
[2019.05.08-02.43.32:899][  0]LogLoad: (Engine Initialization) Total time: 14.36 seconds
[2019.05.08-02.43.32:899][  0]LogLoad: (Engine Initialization) Total Blueprint compile time: 0.00 seconds
[2019.05.08-02.43.32:911][  0]LogWindowsTextInputMethodSystem: Display: IME system now deactivated.
[2019.05.08-02.43.32:937][  0]LogContentStreaming: Texture pool size now 1000 MB
[2019.05.08-02.43.32:966][  0]LogSlate: Took 0.000398 seconds to synchronously load lazily loaded font '../../../Engine/Content/Slate/Fonts/Roboto-Light.ttf' (167K)
[2019.05.08-02.43.33:202][  2]LogAssetRegistry: Asset discovery search completed in 7.3098 seconds
[2019.05.08-02.43.33:205][  2]LogCollectionManager: Rebuilt the object cache for 0 collections in 0.000000 seconds (found 0 objects)
[2019.05.08-02.43.33:205][  2]LogCollectionManager: Fixed up redirectors for 0 collections in 0.000084 seconds (updated 0 objects)
[2019.05.08-02.43.34:017][ 27]LogSlate: Took 0.000549 seconds to synchronously load lazily loaded font '../../../Engine/Content/Slate/Fonts/Roboto-Light.ttf' (167K)
[2019.05.08-02.43.36:811][109]LogSlate: FSceneViewport::OnFocusLost() reason 0
[2019.05.08-02.43.37:005][113]LogAssetEditorManager: Opening Asset editor for Material /Game/Trellis.Trellis
[2019.05.08-02.43.37:009][113]LogMaterial: Display: Missing cached shader map for material Trellis, compiling. 
[2019.05.08-02.43.37:504][113]LogMaterial: Display: Missing cached shader map for material Trellis, compiling. 
[2019.05.08-02.43.37:534][113]LogMaterial: Display: Missing cached shader map for material Trellis, compiling. 
[2019.05.08-02.43.37:579][113]LogShaderCompilers: Display: Shaders left to compile 21
[2019.05.08-02.43.37:579][113]LogShaderCompilers: Display: Shaders left to compile 20
[2019.05.08-02.43.37:579][113]LogShaderCompilers: Display: Shaders left to compile 19
[2019.05.08-02.43.37:579][113]LogShaderCompilers: Display: Shaders left to compile 18
[2019.05.08-02.43.37:597][113]LogMaterial: Display: Missing cached shader map for material FMatExpressionPreview MaterialExpressionVectorParameter_0, compiling. 
[2019.05.08-02.43.37:746][113]LogAssetEditorManager: Opening Asset editor for Material /Game/lambert1.lambert1
[2019.05.08-02.43.37:762][113]LogMaterial: Display: Missing cached shader map for material lambert1, compiling. 
[2019.05.08-02.43.38:051][113]LogMaterial: Display: Missing cached shader map for material lambert1, compiling. 
[2019.05.08-02.43.38:125][113]LogMaterial: Display: Missing cached shader map for material lambert1, compiling. 
[2019.05.08-02.43.38:255][113]LogMaterial: Display: Missing cached shader map for material FMatExpressionPreview MaterialExpressionTextureSampleParameter2D_1, compiling. 
[2019.05.08-02.43.38:264][113]LogMaterial: Display: Missing cached shader map for material FMatExpressionPreview MaterialExpressionTextureSampleParameter2D_0, compiling. 
[2019.05.08-02.43.38:276][113]LogMaterial: Display: Missing cached shader map for material FMatExpressionPreview MaterialExpressionTextureCoordinate_0, compiling. 
[2019.05.08-02.43.38:285][113]LogMaterial: Display: Missing cached shader map for material FMatExpressionPreview MaterialExpressionVectorParameter_1, compiling. 
[2019.05.08-02.43.38:356][113]LogSlate: Took 0.000466 seconds to synchronously load lazily loaded font '../../../Engine/Content/Slate/Fonts/Roboto-BoldCondensed.ttf' (158K)
[2019.05.08-02.43.38:473][113]LogShaderCompilers: Display: Shaders left to compile 95
[2019.05.08-02.43.38:711][113]LogShaderCompilers: Display: Shaders left to compile 94
[2019.05.08-02.43.38:711][113]LogShaderCompilers: Display: Shaders left to compile 93
[2019.05.08-02.43.38:711][113]LogShaderCompilers: Display: Shaders left to compile 92
[2019.05.08-02.43.38:711][113]LogShaderCompilers: Display: Shaders left to compile 91
[2019.05.08-02.43.38:732][114]LogSlate: Took 0.000454 seconds to synchronously load lazily loaded font '../../../Engine/Content/Slate/Fonts/Roboto-Italic.ttf' (157K)
[2019.05.08-02.43.38:798][115]LogShaderCompilers: Display: Shaders left to compile 90
[2019.05.08-02.43.38:798][115]LogShaderCompilers: Display: Shaders left to compile 89
[2019.05.08-02.43.38:831][116]LogShaderCompilers: Display: Shaders left to compile 88
[2019.05.08-02.43.39:029][122]LogShaderCompilers: Display: Shaders left to compile 87
[2019.05.08-02.43.39:243][124]LogShaderCompilers: Display: Shaders left to compile 86
[2019.05.08-02.43.39:526][129]LogShaderCompilers: Display: Shaders left to compile 85
[2019.05.08-02.43.39:545][129]LogShaderCompilers: Display: Shaders left to compile 84
[2019.05.08-02.43.39:669][129]LogShaderCompilers: Display: Shaders left to compile 83
[2019.05.08-02.43.39:893][130]LogShaderCompilers: Display: Shaders left to compile 82
[2019.05.08-02.43.39:893][130]LogShaderCompilers: Display: Shaders left to compile 81
[2019.05.08-02.43.40:177][138]LogShaderCompilers: Display: Shaders left to compile 80
[2019.05.08-02.43.40:292][140]LogShaderCompilers: Display: Shaders left to compile 79
[2019.05.08-02.43.40:384][141]LogShaderCompilers: Display: Shaders left to compile 78
[2019.05.08-02.43.40:481][143]LogShaderCompilers: Display: Shaders left to compile 77
[2019.05.08-02.43.40:646][144]LogShaderCompilers: Display: Shaders left to compile 76
[2019.05.08-02.43.40:788][144]LogShaderCompilers: Display: Shaders left to compile 67
[2019.05.08-02.43.40:895][145]LogShaderCompilers: Display: Shaders left to compile 66
[2019.05.08-02.43.40:895][145]LogShaderCompilers: Display: Shaders left to compile 65
[2019.05.08-02.43.40:955][146]MaterialEditorStats: Base pass shader: 101 instructions
[2019.05.08-02.43.40:955][146]MaterialEditorStats: Base pass shader with Volumetric Lightmap: 174 instructions
[2019.05.08-02.43.40:955][146]MaterialEditorStats: Base pass vertex shader: 32 instructions
[2019.05.08-02.43.40:955][146]MaterialEditorStats: Texture samplers: 3/16
[2019.05.08-02.43.41:019][149]LogShaderCompilers: Display: Shaders left to compile 64
[2019.05.08-02.43.41:167][153]LogShaderCompilers: Display: Shaders left to compile 63
[2019.05.08-02.43.41:206][154]LogShaderCompilers: Display: Shaders left to compile 62
[2019.05.08-02.43.41:232][154]LogShaderCompilers: Display: Shaders left to compile 61
[2019.05.08-02.43.41:326][156]LogShaderCompilers: Display: Shaders left to compile 60
[2019.05.08-02.43.41:471][159]LogShaderCompilers: Display: Shaders left to compile 59
[2019.05.08-02.43.41:488][159]LogShaderCompilers: Display: Shaders left to compile 58
[2019.05.08-02.43.41:508][160]LogShaderCompilers: Display: Shaders left to compile 57
[2019.05.08-02.43.41:603][162]LogShaderCompilers: Display: Shaders left to compile 56
[2019.05.08-02.43.41:961][169]LogShaderCompilers: Display: Shaders left to compile 55
[2019.05.08-02.43.42:157][173]LogShaderCompilers: Display: Shaders left to compile 54
[2019.05.08-02.43.42:222][174]LogShaderCompilers: Display: Shaders left to compile 53
[2019.05.08-02.43.42:260][174]LogShaderCompilers: Display: Shaders left to compile 52
[2019.05.08-02.43.42:570][179]LogShaderCompilers: Display: Shaders left to compile 51
[2019.05.08-02.43.42:628][180]LogShaderCompilers: Display: Shaders left to compile 50
[2019.05.08-02.43.42:829][183]LogShaderCompilers: Display: Shaders left to compile 49
[2019.05.08-02.43.42:897][184]LogShaderCompilers: Display: Shaders left to compile 48
[2019.05.08-02.43.42:965][185]LogShaderCompilers: Display: Shaders left to compile 47
[2019.05.08-02.43.43:262][189]LogShaderCompilers: Display: Shaders left to compile 46
[2019.05.08-02.43.43:298][190]LogShaderCompilers: Display: Shaders left to compile 45
[2019.05.08-02.43.43:516][193]LogShaderCompilers: Display: Shaders left to compile 44
[2019.05.08-02.43.43:595][194]LogShaderCompilers: Display: Shaders left to compile 43
[2019.05.08-02.43.43:690][196]LogShaderCompilers: Display: Shaders left to compile 42
[2019.05.08-02.43.43:822][197]LogSlate: Window 'Trellis' being destroyed
[2019.05.08-02.43.43:931][197]LogShaderCompilers: Display: Shaders left to compile 41
[2019.05.08-02.43.44:114][203]LogShaderCompilers: Display: Shaders left to compile 40
[2019.05.08-02.43.44:244][207]LogShaderCompilers: Display: Shaders left to compile 39
[2019.05.08-02.43.44:367][210]LogShaderCompilers: Display: Shaders left to compile 38
[2019.05.08-02.43.44:527][215]LogShaderCompilers: Display: Shaders left to compile 37
[2019.05.08-02.43.44:665][218]LogShaderCompilers: Display: Shaders left to compile 36
[2019.05.08-02.43.44:746][220]LogShaderCompilers: Display: Shaders left to compile 35
[2019.05.08-02.43.44:770][221]LogShaderCompilers: Display: Shaders left to compile 34
[2019.05.08-02.43.44:905][223]LogShaderCompilers: Display: Shaders left to compile 33
[2019.05.08-02.43.45:031][227]LogShaderCompilers: Display: Shaders left to compile 32
[2019.05.08-02.43.45:073][229]LogShaderCompilers: Display: Shaders left to compile 31
[2019.05.08-02.43.45:122][230]LogShaderCompilers: Display: Shaders left to compile 30
[2019.05.08-02.43.45:245][232]LogShaderCompilers: Display: Shaders left to compile 29
[2019.05.08-02.43.45:345][234]LogShaderCompilers: Display: Shaders left to compile 28
[2019.05.08-02.43.45:679][241]LogShaderCompilers: Display: Shaders left to compile 27
[2019.05.08-02.43.45:713][242]LogShaderCompilers: Display: Shaders left to compile 26
[2019.05.08-02.43.45:798][244]LogShaderCompilers: Display: Shaders left to compile 25
[2019.05.08-02.43.45:987][249]LogShaderCompilers: Display: Shaders left to compile 24
[2019.05.08-02.43.46:147][254]LogShaderCompilers: Display: Shaders left to compile 23
[2019.05.08-02.43.46:333][259]LogShaderCompilers: Display: Shaders left to compile 22
[2019.05.08-02.43.46:464][263]LogShaderCompilers: Display: Shaders left to compile 21
[2019.05.08-02.43.46:565][266]LogShaderCompilers: Display: Shaders left to compile 20
[2019.05.08-02.43.46:694][270]LogShaderCompilers: Display: Shaders left to compile 19
[2019.05.08-02.43.46:912][277]LogShaderCompilers: Display: Shaders left to compile 18
[2019.05.08-02.43.46:999][279]LogShaderCompilers: Display: Shaders left to compile 17
[2019.05.08-02.43.47:102][282]LogShaderCompilers: Display: Shaders left to compile 16
[2019.05.08-02.43.47:116][283]LogShaderCompilers: Display: Shaders left to compile 15
[2019.05.08-02.43.47:288][288]LogShaderCompilers: Display: Shaders left to compile 14
[2019.05.08-02.43.47:360][290]LogShaderCompilers: Display: Shaders left to compile 13
[2019.05.08-02.43.47:414][292]LogShaderCompilers: Display: Shaders left to compile 12
[2019.05.08-02.43.47:431][292]LogShaderCompilers: Display: Shaders left to compile 11
[2019.05.08-02.43.47:583][297]LogShaderCompilers: Display: Shaders left to compile 10
[2019.05.08-02.43.47:651][299]LogShaderCompilers: Display: Shaders left to compile 9
[2019.05.08-02.43.47:980][309]LogShaderCompilers: Display: Shaders left to compile 8
[2019.05.08-02.43.48:047][311]LogShaderCompilers: Display: Shaders left to compile 7
[2019.05.08-02.43.48:111][313]LogShaderCompilers: Display: Shaders left to compile 6
[2019.05.08-02.43.48:258][317]LogShaderCompilers: Display: Shaders left to compile 5
[2019.05.08-02.43.48:456][323]LogShaderCompilers: Display: Shaders left to compile 4
[2019.05.08-02.43.48:629][328]LogShaderCompilers: Display: Shaders left to compile 3
[2019.05.08-02.43.48:765][332]LogShaderCompilers: Display: Shaders left to compile 2
[2019.05.08-02.43.48:844][335]LogShaderCompilers: Display: Shaders left to compile 1
[2019.05.08-02.44.04:901][793]LogSlate: FSceneViewport::OnFocusLost() reason 0
[2019.05.08-02.44.06:690][795]LogAIModule: Creating AISystem for world CLY_StreetLevel
[2019.05.08-02.44.06:762][795]LogAssetEditorManager: Opening Asset editor for World /Game/CLY_StreetLevel.CLY_StreetLevel
[2019.05.08-02.44.06:823][795]Cmd: MAP LOAD FILE="../../../../../../Users/black/Documents/GitHub/cly_AssetPipeline/cly_iCWB_AP/firstProject/Content/CLY_StreetLevel.umap" TEMPLATE=0 SHOWPROGRESS=1 FEATURELEVEL=3
[2019.05.08-02.44.06:823][795]LightingResults: New page: Lighting Build
[2019.05.08-02.44.06:824][795]LoadErrors: New page: Loading map: CLY_StreetLevel.umap
[2019.05.08-02.44.06:824][795]MapCheck: New page: Map Check
[2019.05.08-02.44.06:824][795]LightingResults: New page: Lighting Build
[2019.05.08-02.44.06:978][795]LogEditorServer: Finished looking for orphan Actors (0.000 secs)
[2019.05.08-02.44.07:077][795]Cmd: MAP CHECKDEP NOCLEARLOG
[2019.05.08-02.44.07:211][795]MapCheck: Map check complete: 0 Error(s), 0 Warning(s), took 134.137ms to complete.
[2019.05.08-02.44.07:213][795]LogFileHelpers: Loading map 'CLY_StreetLevel' took 0.391
[2019.05.08-02.44.54:601][ 91]LogSlate: FSceneViewport::OnFocusLost() reason 0
[2019.05.08-02.44.54:963][ 96]LogRenderer: Reallocating scene render targets to support 1188x364 Format 10 NumSamples 1 (Frame:1339).
[2019.05.08-02.45.07:846][470]LogSlate: FSceneViewport::OnFocusLost() reason 0
[2019.05.08-02.45.12:380][576]LogSlate: FSceneViewport::OnFocusLost() reason 0
[2019.05.08-02.45.56:194][884]LogEditorViewport: Clicking on Actor (LMB): StaticMeshActor (plainWallBlock22)
[2019.05.08-02.46.03:147][ 86]LogEditorViewport: Clicking on Actor (LMB): SkeletalMeshActor (ManPosed_Geo_Thigh_L)
[2019.05.08-02.46.19:677][581]LogEditorViewport: Clicking on Actor (LMB): StaticMeshActor (sideWallRoofConnect2)
[2019.05.08-02.46.44:129][280]LogSlate: FSceneViewport::OnFocusLost() reason 0
[2019.05.08-02.46.49:164][282]LogSavePackage: Moving '../../../../../../Users/black/Documents/GitHub/cly_AssetPipeline/cly_iCWB_AP/firstProject/Saved/CLY_StreetLevelAE7BE2F749F616138685579499E8C9FB.tmp' to '../../../../../../Users/black/Documents/GitHub/cly_AssetPipeline/cly_iCWB_AP/firstProject/Content/CLY_StreetLevel.umap'
[2019.05.08-02.46.54:310][282]LogSavePackage: Moving '../../../../../../Users/black/Documents/GitHub/cly_AssetPipeline/cly_iCWB_AP/firstProject/Saved/CLY_StreetLevel_BuiltDataD7094BEA4E7ED92CBFD2F48F536FB523.tmp' to '../../../../../../Users/black/Documents/GitHub/cly_AssetPipeline/cly_iCWB_AP/firstProject/Content/CLY_StreetLevel_BuiltData.uasset'
[2019.05.08-02.47.06:536][606]LogSlate: FSceneViewport::OnFocusLost() reason 0
[2019.05.08-02.47.10:872][705]LogSlate: FSceneViewport::OnFocusLost() reason 0
[2019.05.08-02.47.29:399][187]LogEditorViewport: Clicking on Actor (LMB): SkeletalMeshActor (ManPosed_polySurface9)
[2019.05.08-02.47.49:126][780]LogEditorViewport: Clicking on Actor (LMB): SkeletalMeshActor (ManPosed_polySurface9)
[2019.05.08-02.47.57:105][ 17]LogEditorViewport: Clicking on Actor (LMB): BP_Sky_Sphere_C (Sky Sphere)
[2019.05.08-02.48.03:421][204]LogEditorViewport: Clicking on Actor (LMB): SkeletalMeshActor (ManPosed_polySurface9)
[2019.05.08-02.48.26:577][884]LogSlate: FSceneViewport::OnFocusLost() reason 0
[2019.05.08-02.48.31:804][885]LogSavePackage: Moving '../../../../../../Users/black/Documents/GitHub/cly_AssetPipeline/cly_iCWB_AP/firstProject/Saved/CLY_StreetLevel123D83634DF5CB96D1D6F38EA3288301.tmp' to '../../../../../../Users/black/Documents/GitHub/cly_AssetPipeline/cly_iCWB_AP/firstProject/Content/CLY_StreetLevel.umap'
[2019.05.08-02.48.35:954][885]LogSavePackage: Moving '../../../../../../Users/black/Documents/GitHub/cly_AssetPipeline/cly_iCWB_AP/firstProject/Saved/CLY_StreetLevel_BuiltDataA3E4B6BE4C49E6E0610BB2BF3B704A2E.tmp' to '../../../../../../Users/black/Documents/GitHub/cly_AssetPipeline/cly_iCWB_AP/firstProject/Content/CLY_StreetLevel_BuiltData.uasset'
[2019.05.08-02.49.29:878][700]LogSlate: Window 'Message' being destroyed
[2019.05.08-02.49.35:812][820]LogAssetEditorManager: Opening Asset editor for Material /Game/Trellis.Trellis
[2019.05.08-02.49.35:817][820]LogMaterial: Display: Missing cached shader map for material Trellis, compiling. 
[2019.05.08-02.49.36:132][820]LogMaterial: Display: Missing cached shader map for material Trellis, compiling. 
[2019.05.08-02.49.36:155][820]LogMaterial: Display: Missing cached shader map for material Trellis, compiling. 
[2019.05.08-02.49.36:183][820]LogShaderCompilers: Display: Shaders left to compile 21
[2019.05.08-02.49.36:183][820]LogShaderCompilers: Display: Shaders left to compile 20
[2019.05.08-02.49.36:183][820]LogShaderCompilers: Display: Shaders left to compile 19
[2019.05.08-02.49.36:183][820]LogShaderCompilers: Display: Shaders left to compile 18
[2019.05.08-02.49.36:210][820]LogMaterial: Display: Missing cached shader map for material FMatExpressionPreview MaterialExpressionVectorParameter_0, compiling. 
[2019.05.08-02.49.37:130][831]LogShaderCompilers: Display: Shaders left to compile 19
[2019.05.08-02.49.37:155][832]LogShaderCompilers: Display: Shaders left to compile 18
[2019.05.08-02.49.37:155][832]LogShaderCompilers: Display: Shaders left to compile 17
[2019.05.08-02.49.37:191][832]LogShaderCompilers: Display: Shaders left to compile 16
[2019.05.08-02.49.37:464][836]LogShaderCompilers: Display: Shaders left to compile 15
[2019.05.08-02.49.37:464][836]LogShaderCompilers: Display: Shaders left to compile 14
[2019.05.08-02.49.37:464][836]LogShaderCompilers: Display: Shaders left to compile 13
[2019.05.08-02.49.37:464][836]LogShaderCompilers: Display: Shaders left to compile 12
[2019.05.08-02.49.37:724][840]LogShaderCompilers: Display: Shaders left to compile 11
[2019.05.08-02.49.37:863][842]LogShaderCompilers: Display: Shaders left to compile 10
[2019.05.08-02.49.38:092][846]LogShaderCompilers: Display: Shaders left to compile 9
[2019.05.08-02.49.38:125][846]LogShaderCompilers: Display: Shaders left to compile 8
[2019.05.08-02.49.38:357][850]LogShaderCompilers: Display: Shaders left to compile 7
[2019.05.08-02.49.38:440][851]LogShaderCompilers: Display: Shaders left to compile 6
[2019.05.08-02.49.38:490][852]LogShaderCompilers: Display: Shaders left to compile 5
[2019.05.08-02.49.38:760][856]LogShaderCompilers: Display: Shaders left to compile 4
[2019.05.08-02.49.38:825][857]LogShaderCompilers: Display: Shaders left to compile 3
[2019.05.08-02.49.39:022][860]LogShaderCompilers: Display: Shaders left to compile 2
[2019.05.08-02.49.39:033][860]LogShaderCompilers: Display: Shaders left to compile 1
[2019.05.08-02.49.39:402][865]MaterialEditorStats: Base pass shader: 101 instructions
[2019.05.08-02.49.39:402][865]MaterialEditorStats: Base pass shader with Volumetric Lightmap: 174 instructions
[2019.05.08-02.49.39:403][865]MaterialEditorStats: Base pass vertex shader: 32 instructions
[2019.05.08-02.49.39:403][865]MaterialEditorStats: Texture samplers: 3/16
[2019.05.08-02.49.53:007][ 63]LogMaterial: Display: Missing cached shader map for material Trellis, compiling. 
[2019.05.08-02.49.53:080][ 63]LogShaderCompilers: Display: Shaders left to compile 21
[2019.05.08-02.49.53:080][ 63]LogShaderCompilers: Display: Shaders left to compile 20
[2019.05.08-02.49.53:080][ 63]LogShaderCompilers: Display: Shaders left to compile 19
[2019.05.08-02.49.53:080][ 63]LogShaderCompilers: Display: Shaders left to compile 18
[2019.05.08-02.49.53:426][ 68]LogShaderCompilers: Display: Shaders left to compile 17
[2019.05.08-02.49.53:426][ 68]LogShaderCompilers: Display: Shaders left to compile 16
[2019.05.08-02.49.53:450][ 69]LogShaderCompilers: Display: Shaders left to compile 15
[2019.05.08-02.49.53:450][ 69]LogShaderCompilers: Display: Shaders left to compile 14
[2019.05.08-02.49.53:698][ 73]LogShaderCompilers: Display: Shaders left to compile 13
[2019.05.08-02.49.53:706][ 73]LogShaderCompilers: Display: Shaders left to compile 12
[2019.05.08-02.49.53:721][ 73]LogShaderCompilers: Display: Shaders left to compile 11
[2019.05.08-02.49.53:747][ 74]LogShaderCompilers: Display: Shaders left to compile 10
[2019.05.08-02.49.53:942][ 78]LogShaderCompilers: Display: Shaders left to compile 9
[2019.05.08-02.49.54:100][ 81]LogShaderCompilers: Display: Shaders left to compile 8
[2019.05.08-02.49.54:313][ 85]LogShaderCompilers: Display: Shaders left to compile 7
[2019.05.08-02.49.54:362][ 86]LogShaderCompilers: Display: Shaders left to compile 6
[2019.05.08-02.49.54:579][ 90]LogShaderCompilers: Display: Shaders left to compile 5
[2019.05.08-02.49.54:729][ 93]LogShaderCompilers: Display: Shaders left to compile 4
[2019.05.08-02.49.54:739][ 93]LogShaderCompilers: Display: Shaders left to compile 3
[2019.05.08-02.49.54:996][ 98]LogShaderCompilers: Display: Shaders left to compile 2
[2019.05.08-02.49.55:105][100]LogShaderCompilers: Display: Shaders left to compile 1
[2019.05.08-02.49.55:970][116]LogMaterial: Display: Missing cached shader map for material Trellis, compiling. 
[2019.05.08-02.49.56:032][116]LogMaterial: Display: Missing cached shader map for material Trellis, compiling. 
[2019.05.08-02.49.56:080][116]LogShaderCompilers: Display: Shaders left to compile 21
[2019.05.08-02.49.56:080][116]LogShaderCompilers: Display: Shaders left to compile 20
[2019.05.08-02.49.56:080][116]LogShaderCompilers: Display: Shaders left to compile 19
[2019.05.08-02.49.56:080][116]LogShaderCompilers: Display: Shaders left to compile 18
[2019.05.08-02.49.56:095][116]LogMaterial: Display: Missing cached shader map for material Trellis, compiling. 
[2019.05.08-02.49.56:569][125]LogShaderCompilers: Display: Shaders left to compile 21
[2019.05.08-02.49.56:614][125]LogShaderCompilers: Display: Shaders left to compile 20
[2019.05.08-02.49.56:633][126]LogShaderCompilers: Display: Shaders left to compile 19
[2019.05.08-02.49.56:643][126]LogShaderCompilers: Display: Shaders left to compile 18
[2019.05.08-02.49.56:908][130]LogShaderCompilers: Display: Shaders left to compile 17
[2019.05.08-02.49.56:933][130]LogShaderCompilers: Display: Shaders left to compile 16
[2019.05.08-02.49.56:970][131]LogShaderCompilers: Display: Shaders left to compile 15
[2019.05.08-02.49.56:984][131]LogShaderCompilers: Display: Shaders left to compile 14
[2019.05.08-02.49.57:194][134]LogShaderCompilers: Display: Shaders left to compile 13
[2019.05.08-02.49.57:228][135]LogShaderCompilers: Display: Shaders left to compile 12
[2019.05.08-02.49.57:228][135]LogShaderCompilers: Display: Shaders left to compile 11
[2019.05.08-02.49.57:258][135]LogShaderCompilers: Display: Shaders left to compile 10
[2019.05.08-02.49.57:447][138]LogShaderCompilers: Display: Shaders left to compile 9
[2019.05.08-02.49.57:633][141]LogShaderCompilers: Display: Shaders left to compile 8
[2019.05.08-02.49.57:830][144]LogShaderCompilers: Display: Shaders left to compile 7
[2019.05.08-02.49.57:836][144]LogShaderCompilers: Display: Shaders left to compile 6
[2019.05.08-02.49.58:030][147]LogShaderCompilers: Display: Shaders left to compile 5
[2019.05.08-02.49.58:179][149]LogShaderCompilers: Display: Shaders left to compile 4
[2019.05.08-02.49.58:233][150]LogShaderCompilers: Display: Shaders left to compile 3
[2019.05.08-02.49.58:452][153]LogShaderCompilers: Display: Shaders left to compile 2
[2019.05.08-02.49.58:567][155]LogShaderCompilers: Display: Shaders left to compile 1
[2019.05.08-02.49.59:082][162]MaterialEditorStats: Base pass shader: 101 instructions
[2019.05.08-02.49.59:082][162]MaterialEditorStats: Base pass shader with Volumetric Lightmap: 174 instructions
[2019.05.08-02.49.59:082][162]MaterialEditorStats: Base pass vertex shader: 32 instructions
[2019.05.08-02.49.59:082][162]MaterialEditorStats: Texture samplers: 3/16
[2019.05.08-02.50.01:682][196]LogMaterial: Display: Missing cached shader map for material Trellis, compiling. 
[2019.05.08-02.50.01:737][196]LogShaderCompilers: Display: Shaders left to compile 21
[2019.05.08-02.50.01:737][196]LogShaderCompilers: Display: Shaders left to compile 20
[2019.05.08-02.50.01:737][196]LogShaderCompilers: Display: Shaders left to compile 19
[2019.05.08-02.50.01:737][196]LogShaderCompilers: Display: Shaders left to compile 18
[2019.05.08-02.50.02:127][202]LogShaderCompilers: Display: Shaders left to compile 17
[2019.05.08-02.50.02:159][202]LogShaderCompilers: Display: Shaders left to compile 16
[2019.05.08-02.50.02:183][202]LogShaderCompilers: Display: Shaders left to compile 15
[2019.05.08-02.50.02:195][202]LogShaderCompilers: Display: Shaders left to compile 14
[2019.05.08-02.50.02:407][206]LogShaderCompilers: Display: Shaders left to compile 13
[2019.05.08-02.50.02:415][206]LogShaderCompilers: Display: Shaders left to compile 12
[2019.05.08-02.50.02:431][206]LogShaderCompilers: Display: Shaders left to compile 11
[2019.05.08-02.50.02:463][207]LogShaderCompilers: Display: Shaders left to compile 10
[2019.05.08-02.50.02:637][210]LogShaderCompilers: Display: Shaders left to compile 9
[2019.05.08-02.50.02:837][214]LogShaderCompilers: Display: Shaders left to compile 8
[2019.05.08-02.50.03:036][218]LogShaderCompilers: Display: Shaders left to compile 7
[2019.05.08-02.50.03:078][219]LogShaderCompilers: Display: Shaders left to compile 6
[2019.05.08-02.50.03:231][222]LogShaderCompilers: Display: Shaders left to compile 5
[2019.05.08-02.50.03:314][222]LogMaterial: Display: Missing cached shader map for material Trellis, compiling. 
[2019.05.08-02.50.03:424][222]LogShaderCompilers: Display: Shaders left to compile 30
[2019.05.08-02.50.03:431][222]LogMaterial: Display: Missing cached shader map for material Trellis, compiling. 
[2019.05.08-02.50.03:469][222]LogShaderCompilers: Display: Shaders left to compile 30
[2019.05.08-02.50.03:476][222]LogMaterial: Display: Missing cached shader map for material Trellis, compiling. 
[2019.05.08-02.50.03:681][227]LogShaderCompilers: Display: Shaders left to compile 30
[2019.05.08-02.50.03:716][228]LogShaderCompilers: Display: Shaders left to compile 29
[2019.05.08-02.50.03:754][228]LogShaderCompilers: Display: Shaders left to compile 28
[2019.05.08-02.50.03:905][233]LogShaderCompilers: Display: Shaders left to compile 27
[2019.05.08-02.50.03:980][235]LogShaderCompilers: Display: Shaders left to compile 26
[2019.05.08-02.50.04:009][236]LogShaderCompilers: Display: Shaders left to compile 25
[2019.05.08-02.50.04:098][239]LogShaderCompilers: Display: Shaders left to compile 24
[2019.05.08-02.50.04:229][243]LogShaderCompilers: Display: Shaders left to compile 23
[2019.05.08-02.50.04:257][244]LogShaderCompilers: Display: Shaders left to compile 22
[2019.05.08-02.50.04:312][246]LogShaderCompilers: Display: Shaders left to compile 21
[2019.05.08-02.50.04:857][261]LogShaderCompilers: Display: Shaders left to compile 20
[2019.05.08-02.50.04:893][262]LogShaderCompilers: Display: Shaders left to compile 19
[2019.05.08-02.50.05:047][267]LogShaderCompilers: Display: Shaders left to compile 18
[2019.05.08-02.50.05:486][279]LogShaderCompilers: Display: Shaders left to compile 17
[2019.05.08-02.50.05:595][282]LogShaderCompilers: Display: Shaders left to compile 16
[2019.05.08-02.50.05:722][286]LogShaderCompilers: Display: Shaders left to compile 15
[2019.05.08-02.50.06:024][295]LogShaderCompilers: Display: Shaders left to compile 14
[2019.05.08-02.50.06:263][302]LogShaderCompilers: Display: Shaders left to compile 13
[2019.05.08-02.50.06:297][303]LogShaderCompilers: Display: Shaders left to compile 12
[2019.05.08-02.50.06:491][309]LogShaderCompilers: Display: Shaders left to compile 11
[2019.05.08-02.50.06:844][319]LogShaderCompilers: Display: Shaders left to compile 10
[2019.05.08-02.50.07:223][329]LogShaderCompilers: Display: Shaders left to compile 9
[2019.05.08-02.50.07:395][333]LogShaderCompilers: Display: Shaders left to compile 8
[2019.05.08-02.50.07:529][337]LogShaderCompilers: Display: Shaders left to compile 7
[2019.05.08-02.50.07:823][345]LogShaderCompilers: Display: Shaders left to compile 6
[2019.05.08-02.50.08:291][357]LogShaderCompilers: Display: Shaders left to compile 5
[2019.05.08-02.50.08:370][359]LogShaderCompilers: Display: Shaders left to compile 4
[2019.05.08-02.50.08:574][365]LogShaderCompilers: Display: Shaders left to compile 3
[2019.05.08-02.50.08:882][374]LogShaderCompilers: Display: Shaders left to compile 2
[2019.05.08-02.50.09:245][384]LogShaderCompilers: Display: Shaders left to compile 1
[2019.05.08-02.50.10:010][406]MaterialEditorStats: Base pass shader: 65 instructions
[2019.05.08-02.50.10:010][406]MaterialEditorStats: Base pass shader with Volumetric Lightmap: 92 instructions
[2019.05.08-02.50.10:010][406]MaterialEditorStats: Base pass vertex shader: 107 instructions
[2019.05.08-02.50.10:010][406]MaterialEditorStats: Texture samplers: 3/16
[2019.05.08-02.50.18:902][564]LogSlate: Window 'Message' being destroyed
[2019.05.08-02.50.18:909][564]LogSlate: Window 'Trellis' being destroyed
[2019.05.08-02.50.22:943][649]LogActorFactory: Actor Factory created CartTextured
[2019.05.08-02.50.29:611][834]LogActorFactory: Actor Factory created CartTextured
[2019.05.08-02.50.31:621][871]LogSlate: FSceneViewport::OnFocusLost() reason 0
[2019.05.08-02.50.54:401][484]LogSlate: FSceneViewport::OnFocusLost() reason 0
[2019.05.08-02.51.13:223][ 10]LogSlate: FSceneViewport::OnFocusLost() reason 0
[2019.05.08-02.51.29:133][436]LogEditorViewport: Clicking on Actor (LMB): BP_Sky_Sphere_C (Sky Sphere)
[2019.05.08-02.51.36:023][634]LogSlate: FSceneViewport::OnFocusLost() reason 0
[2019.05.08-02.51.36:274][640]LogRenderer: Reallocating scene render targets to support 1188x368 Format 10 NumSamples 1 (Frame:10978).
[2019.05.08-02.51.36:396][641]LogRenderer: Reallocating scene render targets to support 1188x372 Format 10 NumSamples 1 (Frame:10980).
[2019.05.08-02.51.36:524][642]LogRenderer: Reallocating scene render targets to support 1188x388 Format 10 NumSamples 1 (Frame:10982).
[2019.05.08-02.51.36:625][643]LogRenderer: Reallocating scene render targets to support 1188x420 Format 10 NumSamples 1 (Frame:10984).
[2019.05.08-02.51.36:706][644]LogRenderer: Reallocating scene render targets to support 1188x436 Format 10 NumSamples 1 (Frame:10986).
[2019.05.08-02.51.36:826][645]LogRenderer: Reallocating scene render targets to support 1188x448 Format 10 NumSamples 1 (Frame:10988).
[2019.05.08-02.51.36:928][646]LogRenderer: Reallocating scene render targets to support 1188x452 Format 10 NumSamples 1 (Frame:10990).
[2019.05.08-02.51.37:004][647]LogRenderer: Reallocating scene render targets to support 1188x456 Format 10 NumSamples 1 (Frame:10992).
[2019.05.08-02.51.37:618][661]LogRenderer: Reallocating scene render targets to support 1188x468 Format 10 NumSamples 1 (Frame:10998).
[2019.05.08-02.51.37:750][662]LogRenderer: Reallocating scene render targets to support 1188x476 Format 10 NumSamples 1 (Frame:11000).
[2019.05.08-02.51.38:090][667]LogRenderer: Reallocating scene render targets to support 1188x480 Format 10 NumSamples 1 (Frame:11006).
[2019.05.08-02.51.38:209][668]LogRenderer: Reallocating scene render targets to support 1188x484 Format 10 NumSamples 1 (Frame:11008).
[2019.05.08-02.51.38:330][669]LogRenderer: Reallocating scene render targets to support 1188x488 Format 10 NumSamples 1 (Frame:11010).
[2019.05.08-02.51.38:461][670]LogRenderer: Reallocating scene render targets to support 1188x496 Format 10 NumSamples 1 (Frame:11012).
[2019.05.08-02.51.38:566][671]LogRenderer: Reallocating scene render targets to support 1188x508 Format 10 NumSamples 1 (Frame:11014).
[2019.05.08-02.51.38:687][672]LogRenderer: Reallocating scene render targets to support 1188x512 Format 10 NumSamples 1 (Frame:11016).
[2019.05.08-02.51.38:811][673]LogRenderer: Reallocating scene render targets to support 1188x524 Format 10 NumSamples 1 (Frame:11018).
[2019.05.08-02.51.38:947][674]LogRenderer: Reallocating scene render targets to support 1188x532 Format 10 NumSamples 1 (Frame:11020).
[2019.05.08-02.51.39:065][675]LogRenderer: Reallocating scene render targets to support 1188x540 Format 10 NumSamples 1 (Frame:11022).
[2019.05.08-02.51.39:193][676]LogRenderer: Reallocating scene render targets to support 1188x544 Format 10 NumSamples 1 (Frame:11024).
[2019.05.08-02.51.39:310][677]LogRenderer: Reallocating scene render targets to support 1188x548 Format 10 NumSamples 1 (Frame:11026).
[2019.05.08-02.51.39:388][678]LogRenderer: Reallocating scene render targets to support 1188x556 Format 10 NumSamples 1 (Frame:11028).
[2019.05.08-02.51.39:484][679]LogRenderer: Reallocating scene render targets to support 1188x564 Format 10 NumSamples 1 (Frame:11030).
[2019.05.08-02.51.39:604][680]LogRenderer: Reallocating scene render targets to support 1188x568 Format 10 NumSamples 1 (Frame:11032).
[2019.05.08-02.51.39:803][682]LogRenderer: Reallocating scene render targets to support 1188x572 Format 10 NumSamples 1 (Frame:11036).
[2019.05.08-02.51.47:111][730]LogSavePackage: Moving '../../../../../../Users/black/Documents/GitHub/cly_AssetPipeline/cly_iCWB_AP/firstProject/Saved/CLY_StreetLevelA9B2CD46447CCF62BF9DDBA3152CC412.tmp' to '../../../../../../Users/black/Documents/GitHub/cly_AssetPipeline/cly_iCWB_AP/firstProject/Content/CLY_StreetLevel.umap'
[2019.05.08-02.51.50:717][730]LogSavePackage: Moving '../../../../../../Users/black/Documents/GitHub/cly_AssetPipeline/cly_iCWB_AP/firstProject/Saved/CLY_StreetLevel_BuiltDataBA29F8924C9F68F0D0C531B333D16C5D.tmp' to '../../../../../../Users/black/Documents/GitHub/cly_AssetPipeline/cly_iCWB_AP/firstProject/Content/CLY_StreetLevel_BuiltData.uasset'
[2019.05.08-02.52.17:165][441]LogSlate: Window 'cly_iCWB_AP - Unreal Editor' being destroyed
[2019.05.08-02.52.17:167][441]LogWindowsTextInputMethodSystem: Display: IME system now deactivated.
[2019.05.08-02.52.17:503][442]Cmd: QUIT_EDITOR
[2019.05.08-02.52.17:614][442]LogExit: Preparing to exit.
[2019.05.08-02.52.18:684][442]LogExit: Editor shut down
[2019.05.08-02.52.18:685][442]LogExit: Transaction tracking system shut down
[2019.05.08-02.52.19:275][442]LogExit: Object subsystem successfully closed.
[2019.05.08-02.52.19:292][442]LogShaderCompilers: Display: Shaders left to compile 0
[2019.05.08-02.52.19:299][442]LogD3D11RHI: Shutdown
[2019.05.08-02.52.19:299][442]LogD3D11RHI: CleanupD3DDevice
[2019.05.08-02.52.19:303][442]LogD3D11RHI: ~FD3D11DynamicRHI
[2019.05.08-02.52.19:337][442]LogModuleManager: Shutting down and abandoning module HierarchicalLODOutliner (612)
[2019.05.08-02.52.19:337][442]LogModuleManager: Shutting down and abandoning module SceneOutliner (610)
[2019.05.08-02.52.19:337][442]LogModuleManager: Shutting down and abandoning module AddContentDialog (608)
[2019.05.08-02.52.19:370][442]LogModuleManager: Shutting down and abandoning module WidgetCarousel (607)
[2019.05.08-02.52.19:370][442]LogModuleManager: Shutting down and abandoning module EditorWidgets (604)
[2019.05.08-02.52.19:370][442]LogModuleManager: Shutting down and abandoning module CollectionManager (602)
[2019.05.08-02.52.19:370][442]LogModuleManager: Shutting down and abandoning module HierarchicalLODUtilities (600)
[2019.05.08-02.52.19:371][442]LogModuleManager: Shutting down and abandoning module StatsViewer (598)
[2019.05.08-02.52.19:371][442]LogModuleManager: Shutting down and abandoning module FoliageEdit (596)
[2019.05.08-02.52.19:371][442]LogModuleManager: Shutting down and abandoning module LandscapeEditor (594)
[2019.05.08-02.52.19:371][442]LogModuleManager: Shutting down and abandoning module MeshPaintMode (592)
[2019.05.08-02.52.19:371][442]LogModuleManager: Shutting down and abandoning module SceneDepthPickerMode (590)
[2019.05.08-02.52.19:371][442]LogModuleManager: Shutting down and abandoning module ActorPickerMode (588)
[2019.05.08-02.52.19:371][442]LogModuleManager: Shutting down and abandoning module GeometryMode (586)
[2019.05.08-02.52.19:371][442]LogModuleManager: Shutting down and abandoning module TextureAlignMode (584)
[2019.05.08-02.52.19:371][442]LogModuleManager: Shutting down and abandoning module BspMode (582)
[2019.05.08-02.52.19:371][442]LogModuleManager: Shutting down and abandoning module PIEPreviewDeviceProfileSelector (580)
[2019.05.08-02.52.19:371][442]LogModuleManager: Shutting down and abandoning module SequenceRecorderSections (578)
[2019.05.08-02.52.19:371][442]LogModuleManager: Shutting down and abandoning module AutomationWorker (576)
[2019.05.08-02.52.19:371][442]LogModuleManager: Shutting down and abandoning module AudioCaptureEditor (574)
[2019.05.08-02.52.19:371][442]LogModuleManager: Shutting down and abandoning module SequenceRecorder (573)
[2019.05.08-02.52.19:371][442]LogModuleManager: Shutting down and abandoning module MatineeToLevelSequence (570)
[2019.05.08-02.52.19:372][442]LogModuleManager: Shutting down and abandoning module LevelSequenceEditor (568)
[2019.05.08-02.52.19:372][442]LogModuleManager: Shutting down and abandoning module PlacementMode (567)
[2019.05.08-02.52.19:372][442]LogModuleManager: Shutting down and abandoning module MaterialEditor (566)
[2019.05.08-02.52.19:372][442]LogModuleManager: Shutting down and abandoning module WmfMediaFactory (562)
[2019.05.08-02.52.19:372][442]LogModuleManager: Shutting down and abandoning module WmfMediaEditor (560)
[2019.05.08-02.52.19:372][442]LogModuleManager: Shutting down and abandoning module MediaPlayerEditor (558)
[2019.05.08-02.52.19:372][442]LogModuleManager: Shutting down and abandoning module OpenExrWrapper (556)
[2019.05.08-02.52.19:372][442]LogModuleManager: Shutting down and abandoning module ImgMediaFactory (554)
[2019.05.08-02.52.19:372][442]LogModuleManager: Shutting down and abandoning module ImgMediaEditor (552)
[2019.05.08-02.52.19:372][442]LogModuleManager: Shutting down and abandoning module AvfMediaFactory (550)
[2019.05.08-02.52.19:372][442]LogModuleManager: Shutting down and abandoning module AvfMediaEditor (548)
[2019.05.08-02.52.19:372][442]LogModuleManager: Shutting down and abandoning module AndroidMediaFactory (546)
[2019.05.08-02.52.19:372][442]LogModuleManager: Shutting down and abandoning module AndroidMediaEditor (544)
[2019.05.08-02.52.19:372][442]LogModuleManager: Shutting down and abandoning module MagicLeapCameraPreviewFactory (542)
[2019.05.08-02.52.19:372][442]LogModuleManager: Shutting down and abandoning module MagicLeapMediaFactory (540)
[2019.05.08-02.52.19:372][442]LogModuleManager: Shutting down and abandoning module MagicLeapMediaEditor (538)
[2019.05.08-02.52.19:372][442]LogModuleManager: Shutting down and abandoning module CharacterAI (536)
[2019.05.08-02.52.19:372][442]LogModuleManager: Shutting down and abandoning module SmartSnapping (534)
[2019.05.08-02.52.19:372][442]LogModuleManager: Shutting down and abandoning module SessionServices (532)
[2019.05.08-02.52.19:372][442]LogModuleManager: Shutting down and abandoning module ViewportSnapping (530)
[2019.05.08-02.52.19:372][442]LogModuleManager: Shutting down and abandoning module ViewportInteraction (528)
[2019.05.08-02.52.19:372][442]LogModuleManager: Shutting down and abandoning module ClothPainter (526)
[2019.05.08-02.52.19:372][442]LogModuleManager: Shutting down and abandoning module SkeletalMeshEditor (525)
[2019.05.08-02.52.19:372][442]LogModuleManager: Shutting down and abandoning module LogVisualizer (522)
[2019.05.08-02.52.19:372][442]LogModuleManager: Shutting down and abandoning module IntroTutorials (520)
[2019.05.08-02.52.19:373][442]LogModuleManager: Shutting down and abandoning module GameProjectGeneration (519)
[2019.05.08-02.52.19:373][442]LogModuleManager: Shutting down and abandoning module LuminPlatformEditor (516)
[2019.05.08-02.52.19:373][442]LogModuleManager: Shutting down and abandoning module IOSPlatformEditor (514)
[2019.05.08-02.52.19:373][442]LogModuleManager: Shutting down and abandoning module HTML5PlatformEditor (512)
[2019.05.08-02.52.19:373][442]LogModuleManager: Shutting down and abandoning module AndroidPlatformEditor (510)
[2019.05.08-02.52.19:373][442]LogModuleManager: Shutting down and abandoning module AndroidDeviceDetection (509)
[2019.05.08-02.52.19:561][442]LogModuleManager: Shutting down and abandoning module WindowsPlatformEditor (506)
[2019.05.08-02.52.19:562][442]LogModuleManager: Shutting down and abandoning module LuminRuntimeSettings (504)
[2019.05.08-02.52.19:562][442]LogModuleManager: Shutting down and abandoning module IOSRuntimeSettings (502)
[2019.05.08-02.52.19:562][442]LogModuleManager: Shutting down and abandoning module AndroidRuntimeSettings (500)
[2019.05.08-02.52.19:562][442]LogModuleManager: Shutting down and abandoning module InputBindingEditor (498)
[2019.05.08-02.52.19:562][442]LogModuleManager: Shutting down and abandoning module MergeActors (496)
[2019.05.08-02.52.19:562][442]LogModuleManager: Shutting down and abandoning module LocalizationDashboard (494)
[2019.05.08-02.52.19:562][442]LogModuleManager: Shutting down and abandoning module LocalizationService (493)
[2019.05.08-02.52.19:562][442]LogModuleManager: Shutting down and abandoning module HardwareTargeting (490)
[2019.05.08-02.52.19:562][442]LogModuleManager: Shutting down and abandoning module DeviceProfileEditor (488)
[2019.05.08-02.52.19:562][442]LogModuleManager: Shutting down and abandoning module UndoHistory (486)
[2019.05.08-02.52.19:562][442]LogModuleManager: Shutting down and abandoning module XmlParser (484)
[2019.05.08-02.52.19:563][442]LogModuleManager: Shutting down and abandoning module Blutility (482)
[2019.05.08-02.52.19:563][442]LogModuleManager: Shutting down and abandoning module ProjectSettingsViewer (480)
[2019.05.08-02.52.19:563][442]LogModuleManager: Shutting down and abandoning module ProjectTargetPlatformEditor (479)
[2019.05.08-02.52.19:563][442]LogModuleManager: Shutting down and abandoning module EditorSettingsViewer (476)
[2019.05.08-02.52.19:563][442]LogModuleManager: Shutting down and abandoning module SettingsEditor (474)
[2019.05.08-02.52.19:563][442]LogModuleManager: Shutting down and abandoning module ProjectLauncher (472)
[2019.05.08-02.52.19:563][442]LogModuleManager: Shutting down and abandoning module SessionFrontend (470)
[2019.05.08-02.52.19:564][442]LogModuleManager: Shutting down and abandoning module ProfilerClient (468)
[2019.05.08-02.52.19:564][442]LogModuleManager: Shutting down and abandoning module DeviceManager (466)
[2019.05.08-02.52.19:564][442]LogModuleManager: Shutting down and abandoning module TargetDeviceServices (465)
[2019.05.08-02.52.19:630][442]LogModuleManager: Shutting down and abandoning module AutomationController (462)
[2019.05.08-02.52.19:630][442]LogModuleManager: Shutting down and abandoning module AutomationWindow (460)
[2019.05.08-02.52.19:630][442]LogModuleManager: Shutting down and abandoning module Layers (458)
[2019.05.08-02.52.19:630][442]LogModuleManager: Shutting down and abandoning module ComponentVisualizers (456)
[2019.05.08-02.52.19:630][442]LogModuleManager: Shutting down and abandoning module DetailCustomizations (454)
[2019.05.08-02.52.19:630][442]LogModuleManager: Shutting down and abandoning module PackagesDialog (452)
[2019.05.08-02.52.19:631][442]LogModuleManager: Shutting down and abandoning module Persona (450)
[2019.05.08-02.52.19:631][442]LogModuleManager: Shutting down and abandoning module AdvancedPreviewScene (449)
[2019.05.08-02.52.19:631][442]LogModuleManager: Shutting down and abandoning module AnimGraph (447)
[2019.05.08-02.52.19:631][442]LogModuleManager: Shutting down and abandoning module Kismet (444)
[2019.05.08-02.52.19:632][442]LogModuleManager: Shutting down and abandoning module GraphEditor (442)
[2019.05.08-02.52.19:632][442]LogModuleManager: Shutting down and abandoning module ClassViewer (440)
[2019.05.08-02.52.19:632][442]LogModuleManager: Shutting down and abandoning module Toolbox (438)
[2019.05.08-02.52.19:632][442]LogModuleManager: Shutting down and abandoning module ModuleUI (436)
[2019.05.08-02.52.19:632][442]LogModuleManager: Shutting down and abandoning module MovieSceneTools (434)
[2019.05.08-02.52.19:633][442]LogModuleManager: Shutting down and abandoning module OutputLog (432)
[2019.05.08-02.52.19:633][442]LogModuleManager: Shutting down and abandoning module GammaUI (430)
[2019.05.08-02.52.19:633][442]LogModuleManager: Shutting down and abandoning module Documentation (428)
[2019.05.08-02.52.19:633][442]LogModuleManager: Shutting down and abandoning module MovieSceneTracks (426)
[2019.05.08-02.52.19:633][442]LogModuleManager: Shutting down and abandoning module MovieScene (424)
[2019.05.08-02.52.19:633][442]LogModuleManager: Shutting down and abandoning module StreamingPauseRendering (422)
[2019.05.08-02.52.19:633][442]LogModuleManager: Shutting down and abandoning module LauncherPlatform (420)
[2019.05.08-02.52.19:633][442]LogModuleManager: Shutting down and abandoning module AnalyticsET (418)
[2019.05.08-02.52.19:633][442]LogModuleManager: Shutting down and abandoning module PortalServices (416)
[2019.05.08-02.52.19:633][442]LogModuleManager: Shutting down and abandoning module PortalRpc (414)
[2019.05.08-02.52.19:633][442]LogModuleManager: Shutting down and abandoning module MessagingRpc (412)
[2019.05.08-02.52.19:633][442]LogModuleManager: Shutting down and abandoning module AIModule (410)
[2019.05.08-02.52.19:634][442]LogModuleManager: Shutting down and abandoning module GameplayDebugger (409)
[2019.05.08-02.52.19:634][442]LogModuleManager: Shutting down and abandoning module AITestSuite (407)
[2019.05.08-02.52.19:634][442]LogModuleManager: Shutting down and abandoning module NavigationSystem (405)
[2019.05.08-02.52.19:634][442]LogModuleManager: Shutting down and abandoning module DesktopPlatform (402)
[2019.05.08-02.52.19:634][442]LogModuleManager: Shutting down and abandoning module ProfilerService (400)
[2019.05.08-02.52.19:700][442]LogModuleManager: Shutting down and abandoning module TaskGraph (398)
[2019.05.08-02.52.19:700][442]LogModuleManager: Shutting down and abandoning module SteamVRController (396)
[2019.05.08-02.52.19:700][442]LogModuleManager: Shutting down and abandoning module ProceduralMeshComponentEditor (394)
[2019.05.08-02.52.19:700][442]LogModuleManager: Shutting down and abandoning module ProceduralMeshComponent (392)
[2019.05.08-02.52.19:700][442]LogModuleManager: Shutting down and abandoning module OculusInput (390)
[2019.05.08-02.52.19:700][442]LogModuleManager: Shutting down and abandoning module MobilePatchingUtils (388)
[2019.05.08-02.52.19:700][442]LogModuleManager: Shutting down and abandoning module EditableMesh (386)
[2019.05.08-02.52.19:700][442]LogModuleManager: Shutting down and abandoning module CustomMeshComponent (384)
[2019.05.08-02.52.19:700][442]LogModuleManager: Shutting down and abandoning module CableComponent (382)
[2019.05.08-02.52.19:700][442]LogModuleManager: Shutting down and abandoning module AudioCapture (380)
[2019.05.08-02.52.19:700][442]LogModuleManager: Shutting down and abandoning module ArchVisCharacter (378)
[2019.05.08-02.52.19:700][442]LogModuleManager: Shutting down and abandoning module AndroidPermission (376)
[2019.05.08-02.52.19:700][442]LogModuleManager: Shutting down and abandoning module NUTUnrealEngine4 (374)
[2019.05.08-02.52.19:700][442]LogModuleManager: Shutting down and abandoning module NetcodeUnitTest (372)
[2019.05.08-02.52.19:700][442]LogModuleManager: Shutting down and abandoning module MediaCompositingEditor (370)
[2019.05.08-02.52.19:700][442]LogModuleManager: Shutting down and abandoning module MediaCompositing (368)
[2019.05.08-02.52.19:700][442]LogModuleManager: Shutting down and abandoning module LinearTimecode (366)
[2019.05.08-02.52.19:700][442]LogModuleManager: Shutting down and abandoning module ImgMedia (364)
[2019.05.08-02.52.19:711][442]LogModuleManager: Shutting down and abandoning module HTML5Networking (362)
[2019.05.08-02.52.19:712][442]LogModuleManager: Shutting down and abandoning module GeometryCacheTracks (360)
[2019.05.08-02.52.19:712][442]LogModuleManager: Shutting down and abandoning module GeometryCacheSequencer (358)
[2019.05.08-02.52.19:712][442]LogModuleManager: Shutting down and abandoning module BackChannel (356)
[2019.05.08-02.52.19:712][442]LogModuleManager: Shutting down and abandoning module AppleVision (354)
[2019.05.08-02.52.19:712][442]LogModuleManager: Shutting down and abandoning module AppleImageUtils (352)
[2019.05.08-02.52.19:712][442]LogModuleManager: Shutting down and abandoning module AlembicImporter (350)
[2019.05.08-02.52.19:712][442]LogModuleManager: Shutting down and abandoning module AlembicLibrary (349)
[2019.05.08-02.52.19:712][442]LogModuleManager: Shutting down and abandoning module GeometryCache (348)
[2019.05.08-02.52.19:712][442]LogModuleManager: Shutting down and abandoning module GeometryCacheEd (347)
[2019.05.08-02.52.19:712][442]LogModuleManager: Shutting down and abandoning module DatasmithContentEditor (342)
[2019.05.08-02.52.19:712][442]LogModuleManager: Shutting down and abandoning module DatasmithContent (340)
[2019.05.08-02.52.19:714][442]LogModuleManager: Shutting down and abandoning module SpeedTreeImporter (338)
[2019.05.08-02.52.19:714][442]LogModuleManager: Shutting down and abandoning module PluginBrowser (336)
[2019.05.08-02.52.19:714][442]LogModuleManager: Shutting down and abandoning module MobileLauncherProfileWizard (334)
[2019.05.08-02.52.19:714][442]LogModuleManager: Shutting down and abandoning module PolygonModeling (332)
[2019.05.08-02.52.19:714][442]LogModuleManager: Shutting down and abandoning module MeshEditor (330)
[2019.05.08-02.52.19:714][442]LogModuleManager: Shutting down and abandoning module CryptoKeysOpenSSL (328)
[2019.05.08-02.52.19:714][442]LogModuleManager: Shutting down and abandoning module CryptoKeys (326)
[2019.05.08-02.52.19:714][442]LogModuleManager: Shutting down and abandoning module VisualStudioSourceCodeAccess (324)
[2019.05.08-02.52.19:714][442]LogModuleManager: Shutting down and abandoning module VisualStudioCodeSourceCodeAccess (322)
[2019.05.08-02.52.19:715][442]LogModuleManager: Shutting down and abandoning module UObjectPlugin (320)
[2019.05.08-02.52.19:715][442]LogModuleManager: Shutting down and abandoning module SubversionSourceControl (318)
[2019.05.08-02.52.19:715][442]LogModuleManager: Shutting down and abandoning module PerforceSourceControl (316)
[2019.05.08-02.52.19:715][442]LogModuleManager: Shutting down and abandoning module GitSourceControl (314)
[2019.05.08-02.52.19:715][442]LogModuleManager: Shutting down and abandoning module SourceControl (313)
[2019.05.08-02.52.19:715][442]LogModuleManager: Shutting down and abandoning module CLionSourceCodeAccess (310)
[2019.05.08-02.52.19:715][442]LogModuleManager: Shutting down and abandoning module LightPropagationVolumeEditor (308)
[2019.05.08-02.52.19:715][442]LogModuleManager: Shutting down and abandoning module PaperTiledImporter (306)
[2019.05.08-02.52.19:715][442]LogModuleManager: Shutting down and abandoning module PaperSpriteSheetImporter (304)
[2019.05.08-02.52.19:715][442]LogModuleManager: Shutting down and abandoning module Paper2DEditor (302)
[2019.05.08-02.52.19:716][442]LogModuleManager: Shutting down and abandoning module MeshPaint (301)
[2019.05.08-02.52.19:716][442]LogModuleManager: Shutting down and abandoning module RuntimePhysXCooking (298)
[2019.05.08-02.52.19:716][442]LogModuleManager: Shutting down and abandoning module PhysXVehiclesEditor (296)
[2019.05.08-02.52.19:716][442]LogModuleManager: Shutting down and abandoning module PhysXVehicles (294)
[2019.05.08-02.52.19:716][442]LogModuleManager: Shutting down and abandoning module OculusEditor (292)
[2019.05.08-02.52.19:716][442]LogModuleManager: Shutting down and abandoning module LocationServicesBPLibrary (290)
[2019.05.08-02.52.19:716][442]LogModuleManager: Shutting down and abandoning module ImmediatePhysicsEditor (288)
[2019.05.08-02.52.19:716][442]LogModuleManager: Shutting down and abandoning module ImmediatePhysics (286)
[2019.05.08-02.52.19:716][442]LogModuleManager: Shutting down and abandoning module ActorSequence (284)
[2019.05.08-02.52.19:716][442]LogModuleManager: Shutting down and abandoning module UdpMessaging (282)
[2019.05.08-02.52.19:818][442]LogModuleManager: Shutting down and abandoning module TcpMessaging (280)
[2019.05.08-02.52.19:919][442]LogModuleManager: Shutting down and abandoning module MagicLeapAudio (278)
[2019.05.08-02.52.19:919][442]LogModuleManager: Shutting down and abandoning module GameplayTagsEditor (276)
[2019.05.08-02.52.19:919][442]LogModuleManager: Shutting down and abandoning module FacialAnimationEditor (274)
[2019.05.08-02.52.19:919][442]LogModuleManager: Shutting down and abandoning module FacialAnimation (272)
[2019.05.08-02.52.19:919][442]LogModuleManager: Shutting down and abandoning module DataValidation (270)
[2019.05.08-02.52.19:919][442]LogModuleManager: Shutting down and abandoning module AssetManagerEditor (268)
[2019.05.08-02.52.19:920][442]LogModuleManager: Shutting down and abandoning module LevelEditor (267)
[2019.05.08-02.52.19:921][442]LogModuleManager: Shutting down and abandoning module PixelInspectorModule (266)
[2019.05.08-02.52.19:922][442]LogModuleManager: Shutting down and abandoning module CommonMenuExtensions (264)
[2019.05.08-02.52.19:922][442]LogModuleManager: Shutting down and abandoning module MainFrame (262)
[2019.05.08-02.52.19:922][442]LogModuleManager: Shutting down and abandoning module HotReload (261)
[2019.05.08-02.52.19:924][442]LogModuleManager: Shutting down and abandoning module ContentBrowser (257)
[2019.05.08-02.52.19:926][442]LogModuleManager: Shutting down and abandoning module TreeMap (255)
[2019.05.08-02.52.19:926][442]LogModuleManager: Shutting down and abandoning module LightPropagationVolumeRuntime (252)
[2019.05.08-02.52.19:926][442]LogModuleManager: Shutting down and abandoning module AISupportModule (250)
[2019.05.08-02.52.19:927][442]LogModuleManager: Shutting down and abandoning module Paper2D (248)
[2019.05.08-02.52.19:927][442]LogModuleManager: Shutting down and abandoning module WindowsMoviePlayer (246)
[2019.05.08-02.52.19:927][442]LogModuleManager: Shutting down and abandoning module WmfMedia (244)
[2019.05.08-02.52.19:939][442]LogModuleManager: Shutting down and abandoning module Media (243)
[2019.05.08-02.52.19:946][442]LogModuleManager: Shutting down and abandoning module PacketHandler (240)
[2019.05.08-02.52.19:946][442]LogModuleManager: Shutting down and abandoning module ClothingSystemEditor (238)
[2019.05.08-02.52.19:947][442]LogModuleManager: Shutting down and abandoning module ClothingSystemRuntime (236)
[2019.05.08-02.52.19:947][442]LogModuleManager: Shutting down and abandoning module MediaAssets (234)
[2019.05.08-02.52.19:947][442]LogModuleManager: Shutting down and abandoning module Overlay (232)
[2019.05.08-02.52.19:947][442]LogModuleManager: Shutting down and abandoning module OverlayEditor (231)
[2019.05.08-02.52.19:947][442]LogModuleManager: Shutting down and abandoning module VREditor (228)
[2019.05.08-02.52.19:947][442]LogModuleManager: Shutting down and abandoning module StringTableEditor (226)
[2019.05.08-02.52.19:947][442]LogModuleManager: Shutting down and abandoning module GameplayTasksEditor (224)
[2019.05.08-02.52.19:947][442]LogModuleManager: Shutting down and abandoning module BehaviorTreeEditor (222)
[2019.05.08-02.52.19:947][442]LogModuleManager: Shutting down and abandoning module FunctionalTesting (220)
[2019.05.08-02.52.19:947][442]LogModuleManager: Shutting down and abandoning module CollisionAnalyzer (218)
[2019.05.08-02.52.19:947][442]LogModuleManager: Shutting down and abandoning module WorkspaceMenuStructure (217)
[2019.05.08-02.52.19:948][442]LogModuleManager: Shutting down and abandoning module UMG (214)
[2019.05.08-02.52.19:948][442]LogModuleManager: Shutting down and abandoning module UMGEditor (213)
[2019.05.08-02.52.19:948][442]LogModuleManager: Shutting down and abandoning module Sequencer (212)
[2019.05.08-02.52.19:948][442]LogModuleManager: Shutting down and abandoning module MessageLog (209)
[2019.05.08-02.52.19:948][442]LogModuleManager: Shutting down and abandoning module SlateReflector (204)
[2019.05.08-02.52.19:948][442]LogModuleManager: Shutting down and abandoning module Slate (202)
[2019.05.08-02.52.19:948][442]LogModuleManager: Shutting down and abandoning module EditorStyle (200)
[2019.05.08-02.52.19:954][442]LogModuleManager: Shutting down and abandoning module MRMesh (198)
[2019.05.08-02.52.19:954][442]LogModuleManager: Shutting down and abandoning module SourceCodeAccess (196)
[2019.05.08-02.52.19:954][442]LogModuleManager: Shutting down and abandoning module HeadMountedDisplay (194)
[2019.05.08-02.52.19:954][442]LogModuleManager: Shutting down and abandoning module XAudio2 (192)
[2019.05.08-02.52.19:954][442]LogModuleManager: Shutting down and abandoning module Networking (190)
[2019.05.08-02.52.19:954][442]LogModuleManager: Shutting down and abandoning module Core (188)
[2019.05.08-02.52.19:954][442]LogModuleManager: Shutting down and abandoning module LevelSequence (186)
[2019.05.08-02.52.19:954][442]LogModuleManager: Shutting down and abandoning module KismetCompiler (184)
[2019.05.08-02.52.19:954][442]LogModuleManager: Shutting down and abandoning module MeshUtilities (182)
[2019.05.08-02.52.19:955][442]LogModuleManager: Shutting down and abandoning module MeshMergeUtilities (181)
[2019.05.08-02.52.19:955][442]LogModuleManager: Shutting down and abandoning module MeshReductionInterface (180)
[2019.05.08-02.52.19:955][442]LogModuleManager: Shutting down and abandoning module SimplygonSwarm (179)
[2019.05.08-02.52.19:955][442]LogModuleManager: Shutting down and abandoning module ProxyLODMeshReduction (177)
[2019.05.08-02.52.19:955][442]LogModuleManager: Shutting down and abandoning module SimplygonMeshReduction (175)
[2019.05.08-02.52.19:955][442]LogModuleManager: Shutting down and abandoning module QuadricMeshReduction (173)
[2019.05.08-02.52.19:955][442]LogModuleManager: Shutting down and abandoning module MaterialBaking (169)
[2019.05.08-02.52.19:955][442]LogModuleManager: Shutting down and abandoning module DirectoryWatcher (165)
[2019.05.08-02.52.19:955][442]LogModuleManager: Shutting down and abandoning module DerivedDataCache (162)
[2019.05.08-02.52.19:957][442]LogDerivedDataCache: Shutdown
[2019.05.08-02.52.19:957][442]LogModuleManager: Shutting down and abandoning module XGEController (160)
[2019.05.08-02.52.19:957][442]LogXGEController: Cleaning working directory: C:/Users/black/AppData/Local/Temp/UnrealXGEWorkingDir/
[2019.05.08-02.52.19:958][442]LogModuleManager: Shutting down and abandoning module TargetPlatform (158)
[2019.05.08-02.52.19:958][442]LogModuleManager: Shutting down and abandoning module VulkanShaderFormat (157)
[2019.05.08-02.52.19:958][442]LogModuleManager: Shutting down and abandoning module ShaderFormatVectorVM (155)
[2019.05.08-02.52.19:958][442]LogModuleManager: Shutting down and abandoning module ShaderFormatOpenGL (153)
[2019.05.08-02.52.19:958][442]LogModuleManager: Shutting down and abandoning module ShaderFormatD3D (151)
[2019.05.08-02.52.19:958][442]LogModuleManager: Shutting down and abandoning module MetalShaderFormat (149)
[2019.05.08-02.52.19:958][442]LogModuleManager: Shutting down and abandoning module TextureFormatUncompressed (147)
[2019.05.08-02.52.19:958][442]LogModuleManager: Shutting down and abandoning module TextureFormatPVR (145)
[2019.05.08-02.52.19:958][442]LogModuleManager: Shutting down and abandoning module TextureFormatDXT (143)
[2019.05.08-02.52.19:958][442]LogModuleManager: Shutting down and abandoning module TextureFormatIntelISPCTexComp (141)
[2019.05.08-02.52.19:959][442]LogModuleManager: Shutting down and abandoning module TextureFormatASTC (139)
[2019.05.08-02.52.19:959][442]LogModuleManager: Shutting down and abandoning module ImageWrapper (138)
[2019.05.08-02.52.19:959][442]LogModuleManager: Shutting down and abandoning module TextureFormatAndroid (135)
[2019.05.08-02.52.19:959][442]LogModuleManager: Shutting down and abandoning module AudioFormatOpus (133)
[2019.05.08-02.52.19:959][442]LogModuleManager: Shutting down and abandoning module AudioFormatOgg (131)
[2019.05.08-02.52.19:959][442]LogModuleManager: Shutting down and abandoning module AudioFormatADPCM (129)
[2019.05.08-02.52.19:960][442]LogModuleManager: Shutting down and abandoning module LuminTargetPlatform (127)
[2019.05.08-02.52.19:960][442]LogModuleManager: Shutting down and abandoning module LinuxTargetPlatform (125)
[2019.05.08-02.52.19:960][442]LogModuleManager: Shutting down and abandoning module LinuxServerTargetPlatform (123)
[2019.05.08-02.52.19:960][442]LogModuleManager: Shutting down and abandoning module LinuxNoEditorTargetPlatform (121)
[2019.05.08-02.52.19:960][442]LogModuleManager: Shutting down and abandoning module LinuxClientTargetPlatform (119)
[2019.05.08-02.52.19:960][442]LogModuleManager: Shutting down and abandoning module TVOSTargetPlatform (117)
[2019.05.08-02.52.19:963][442]LogModuleManager: Shutting down and abandoning module Messaging (115)
[2019.05.08-02.52.19:963][442]LogModuleManager: Shutting down and abandoning module IOSTargetPlatform (113)
[2019.05.08-02.52.19:966][442]LogModuleManager: Shutting down and abandoning module HTML5TargetPlatform (111)
[2019.05.08-02.52.19:966][442]LogModuleManager: Shutting down and abandoning module AndroidTargetPlatform (109)
[2019.05.08-02.52.19:986][442]LogModuleManager: Shutting down and abandoning module WindowsTargetPlatform (107)
[2019.05.08-02.52.19:986][442]LogModuleManager: Shutting down and abandoning module WindowsServerTargetPlatform (105)
[2019.05.08-02.52.19:986][442]LogModuleManager: Shutting down and abandoning module WindowsNoEditorTargetPlatform (103)
[2019.05.08-02.52.19:986][442]LogModuleManager: Shutting down and abandoning module WindowsClientTargetPlatform (101)
[2019.05.08-02.52.19:986][442]LogModuleManager: Shutting down and abandoning module MacTargetPlatform (99)
[2019.05.08-02.52.19:987][442]LogModuleManager: Shutting down and abandoning module MacServerTargetPlatform (97)
[2019.05.08-02.52.19:987][442]LogModuleManager: Shutting down and abandoning module MacNoEditorTargetPlatform (95)
[2019.05.08-02.52.19:987][442]LogModuleManager: Shutting down and abandoning module MacClientTargetPlatform (93)
[2019.05.08-02.52.19:987][442]LogModuleManager: Shutting down and abandoning module AllDesktopTargetPlatform (91)
[2019.05.08-02.52.19:987][442]LogModuleManager: Shutting down and abandoning module InputCore (88)
[2019.05.08-02.52.19:987][442]LogModuleManager: Shutting down and abandoning module Settings (86)
[2019.05.08-02.52.19:987][442]LogModuleManager: Shutting down and abandoning module PhysXCooking (84)
[2019.05.08-02.52.19:987][442]LogModuleManager: Shutting down and abandoning module SteamVR (82)
[2019.05.08-02.52.19:988][442]LogModuleManager: Shutting down and abandoning module OculusHMD (80)
[2019.05.08-02.52.19:988][442]LogModuleManager: Shutting down and abandoning module ExampleDeviceProfileSelector (78)
[2019.05.08-02.52.19:988][442]LogModuleManager: Shutting down and abandoning module LauncherChunkInstaller (76)
[2019.05.08-02.52.19:988][442]LogModuleManager: Shutting down and abandoning module OnlineBlueprintSupport (74)
[2019.05.08-02.52.19:988][442]LogModuleManager: Shutting down and abandoning module OnlineSubsystem (70)
[2019.05.08-02.52.19:990][442]LogModuleManager: Shutting down and abandoning module XMPP (65)
[2019.05.08-02.52.19:990][442]LogModuleManager: Shutting down and abandoning module WebSockets (64)
[2019.05.08-02.52.20:009][442]LogModuleManager: Shutting down and abandoning module HTTP (61)
[2019.05.08-02.52.20:010][442]LogHttp: Display: Http module shutting down, but needs to wait on 1 outstanding Http requests:
[2019.05.08-02.52.20:010][442]LogHttp: Display: 	verb=[POST] url=[https://datarouter.ol.epicgames.com/datarouter/api/v1/public/data?SessionID=%7BCA9D7D14-4CEE-0B8D-182C-5AA6B559D853%7D&AppID=UEEditor.Rocket.Release&AppVersion=4.20.3-4369336%2B%2B%2BUE4%2BRelease-4.20&UserID=57d15649414b216ef81a6cb5a67a22c1%7C789eee853c9441fbaf77b0c76af6d98e%7C1966bcb7-6332-4ea6-b3b0-dfd59d6ebd8a&AppEnvironment=datacollector-binary&UploadType=eteventstream] status=Processing
[2019.05.08-02.52.20:029][442]LogModuleManager: Shutting down and abandoning module SSL (60)
[2019.05.08-02.52.20:033][442]LogModuleManager: Shutting down and abandoning module MagicLeapEmulator (56)
[2019.05.08-02.52.20:033][442]LogModuleManager: Shutting down and abandoning module MagicLeapPrivileges (54)
[2019.05.08-02.52.20:033][442]LogModuleManager: Shutting down and abandoning module MagicLeapIdentity (52)
[2019.05.08-02.52.20:033][442]LogModuleManager: Shutting down and abandoning module MagicLeapHelperVulkan (50)
[2019.05.08-02.52.20:033][442]LogModuleManager: Shutting down and abandoning module MagicLeapHelperOpenGL (48)
[2019.05.08-02.52.20:033][442]LogModuleManager: Shutting down and abandoning module MagicLeapSecureStorage (46)
[2019.05.08-02.52.20:033][442]LogModuleManager: Shutting down and abandoning module MagicLeapGestures (44)
[2019.05.08-02.52.20:033][442]LogModuleManager: Shutting down and abandoning module MagicLeapEyeTracker (42)
[2019.05.08-02.52.20:035][442]LogModuleManager: Shutting down and abandoning module MagicLeapController (40)
[2019.05.08-02.52.20:035][442]LogSlate: Slate User Destroyed.  User Index 0, Is Virtual User: 0
[2019.05.08-02.52.20:035][442]LogModuleManager: Shutting down and abandoning module MagicLeap (38)
[2019.05.08-02.52.20:036][442]LogModuleManager: Shutting down and abandoning module AnimationModifiers (36)
[2019.05.08-02.52.20:036][442]LogModuleManager: Shutting down and abandoning module PropertyEditor (35)
[2019.05.08-02.52.20:036][442]LogModuleManager: Shutting down and abandoning module AudioEditor (32)
[2019.05.08-02.52.20:036][442]LogModuleManager: Shutting down and abandoning module TextureCompressor (30)
[2019.05.08-02.52.20:040][442]LogModuleManager: Shutting down and abandoning module ShaderCore (28)
[2019.05.08-02.52.20:040][442]LogModuleManager: Shutting down and abandoning module Landscape (26)
[2019.05.08-02.52.20:040][442]LogModuleManager: Shutting down and abandoning module SlateRHIRenderer (24)
[2019.05.08-02.52.20:042][442]LogModuleManager: Shutting down and abandoning module OpenGLDrv (22)
[2019.05.08-02.52.20:043][442]LogModuleManager: Shutting down and abandoning module D3D11RHI (20)
[2019.05.08-02.52.20:044][442]LogModuleManager: Shutting down and abandoning module AnimGraphRuntime (18)
[2019.05.08-02.52.20:044][442]LogModuleManager: Shutting down and abandoning module Renderer (16)
[2019.05.08-02.52.20:044][442]LogModuleManager: Shutting down and abandoning module Engine (14)
[2019.05.08-02.52.20:044][442]LogModuleManager: Shutting down and abandoning module CoreUObject (12)
[2019.05.08-02.52.20:044][442]LogModuleManager: Shutting down and abandoning module NetworkFile (10)
[2019.05.08-02.52.20:044][442]LogModuleManager: Shutting down and abandoning module CookedIterativeFile (8)
[2019.05.08-02.52.20:044][442]LogModuleManager: Shutting down and abandoning module StreamingFile (6)
[2019.05.08-02.52.20:044][442]LogModuleManager: Shutting down and abandoning module SandboxFile (4)
[2019.05.08-02.52.20:044][442]LogModuleManager: Shutting down and abandoning module PakFile (2)
[2019.05.08-02.52.20:068][442]LogExit: Exiting.
[2019.05.08-02.52.20:119][442]Log file closed, 05/07/19 20:52:20
