Log file open, 05/07/19 20:39:09
LogWindows: Failed to load 'aqProf.dll' (GetLastError=126)
LogWindows: File 'aqProf.dll' does not exist
LogWindows: Failed to load 'VSPerf140.dll' (GetLastError=126)
LogWindows: File 'VSPerf140.dll' does not exist
LogWindows: Failed to load 'VtuneApi.dll' (GetLastError=126)
LogWindows: File 'VtuneApi.dll' does not exist
LogWindows: Failed to load 'VtuneApi32e.dll' (GetLastError=126)
LogWindows: File 'VtuneApi32e.dll' does not exist
LogInit: Display: Running engine for game: cly_iCWB_AP
LogPlatformFile: Not using cached read wrapper
LogTaskGraph: Started task graph with 5 named threads and 23 total threads with 3 sets of task threads.
LogStats: Stats thread started at 0.335446
LogD3D11RHI: Loaded GFSDK_Aftermath_Lib.x64.dll
LogICUInternationalization: Display: ICU TimeZone Detection - Raw Offset: -7:00, Platform Override: ''
LogPluginManager: Mounting plugin Paper2D
LogPluginManager: Mounting plugin AISupport
LogPluginManager: Mounting plugin LightPropagationVolume
LogPluginManager: Mounting plugin CLionSourceCodeAccess
LogPluginManager: Mounting plugin CodeLiteSourceCodeAccess
LogPluginManager: Mounting plugin GitSourceControl
LogPluginManager: Mounting plugin KDevelopSourceCodeAccess
LogPluginManager: Mounting plugin NullSourceCodeAccess
LogPluginManager: Mounting plugin PerforceSourceControl
LogPluginManager: Mounting plugin SubversionSourceControl
LogPluginManager: Mounting plugin UObjectPlugin
LogPluginManager: Mounting plugin VisualStudioCodeSourceCodeAccess
LogPluginManager: Mounting plugin VisualStudioSourceCodeAccess
LogPluginManager: Mounting plugin XCodeSourceCodeAccess
LogPluginManager: Mounting plugin AssetManagerEditor
LogPluginManager: Mounting plugin CryptoKeys
LogPluginManager: Mounting plugin DataValidation
LogPluginManager: Mounting plugin FacialAnimation
LogPluginManager: Mounting plugin GameplayTagsEditor
LogPluginManager: Mounting plugin MacGraphicsSwitching
LogPluginManager: Mounting plugin MeshEditor
LogPluginManager: Mounting plugin MobileLauncherProfileWizard
LogPluginManager: Mounting plugin PluginBrowser
LogPluginManager: Mounting plugin SpeedTreeImporter
LogPluginManager: Mounting plugin DatasmithContent
LogPluginManager: Mounting plugin AlembicImporter
LogPluginManager: Mounting plugin AppleImageUtils
LogPluginManager: Mounting plugin AppleVision
LogPluginManager: Mounting plugin BackChannel
LogPluginManager: Mounting plugin CharacterAI
LogPluginManager: Mounting plugin GeometryCache
LogPluginManager: Mounting plugin HTML5Networking
LogPluginManager: Mounting plugin ProxyLODPlugin
LogPluginManager: Mounting plugin MagicLeap
LogPluginManager: Mounting plugin MagicLeapEmulator
LogPluginManager: Mounting plugin MagicLeapMedia
LogPluginManager: Mounting plugin AndroidMedia
LogPluginManager: Mounting plugin AvfMedia
LogPluginManager: Mounting plugin ImgMedia
LogPluginManager: Mounting plugin LinearTimecode
LogPluginManager: Mounting plugin MediaCompositing
LogPluginManager: Mounting plugin MediaPlayerEditor
LogPluginManager: Mounting plugin WmfMedia
LogPluginManager: Mounting plugin TcpMessaging
LogPluginManager: Mounting plugin UdpMessaging
LogPluginManager: Mounting plugin ActorSequence
LogPluginManager: Mounting plugin LevelSequenceEditor
LogPluginManager: Mounting plugin MatineeToLevelSequence
LogPluginManager: Mounting plugin NetcodeUnitTest
LogPluginManager: Mounting plugin NUTUnrealEngine4
LogPluginManager: Mounting plugin OnlineSubsystemGooglePlay
LogPluginManager: Mounting plugin OnlineSubsystemIOS
LogPluginManager: Mounting plugin OnlineSubsystem
LogPluginManager: Mounting plugin OnlineSubsystemNull
LogPluginManager: Mounting plugin OnlineSubsystemUtils
LogPluginManager: Mounting plugin LauncherChunkInstaller
LogPluginManager: Mounting plugin AndroidDeviceProfileSelector
LogPluginManager: Mounting plugin AndroidMoviePlayer
LogPluginManager: Mounting plugin AndroidPermission
LogPluginManager: Mounting plugin AppleMoviePlayer
LogPluginManager: Mounting plugin ArchVisCharacter
LogPluginManager: Mounting plugin AudioCapture
LogPluginManager: Mounting plugin CableComponent
LogPluginManager: Mounting plugin CustomMeshComponent
LogPluginManager: Mounting plugin EditableMesh
LogPluginManager: Mounting plugin ExampleDeviceProfileSelector
LogPluginManager: Mounting plugin GoogleCloudMessaging
LogPluginManager: Mounting plugin ImmediatePhysics
LogPluginManager: Mounting plugin IOSDeviceProfileSelector
LogPluginManager: Mounting plugin LinuxDeviceProfileSelector
LogPluginManager: Mounting plugin LocationServicesBPLibrary
LogPluginManager: Mounting plugin MobilePatchingUtils
LogPluginManager: Mounting plugin OculusVR
LogPluginManager: Plugin shader directory ../../../Engine/Plugins/Runtime/Oculus/OculusVR/Shaders found
LogPluginManager: Mapping shader source directory ../../../Engine/Plugins/Runtime/Oculus/OculusVR/Shaders to virtual directory /Plugin/OculusVR
LogPluginManager: Mounting plugin PhysXVehicles
LogPluginManager: Mounting plugin ProceduralMeshComponent
LogPluginManager: Mounting plugin RuntimePhysXCooking
LogPluginManager: Mounting plugin SteamVR
LogPluginManager: Mounting plugin WindowsMoviePlayer
LogStreaming: Display: Took  0.194s to configure plugins.
LogInit: Using libcurl 7.55.1-DEV
LogInit:  - built for x86_64-pc-win32
LogInit:  - supports SSL with OpenSSL/1.0.2h
LogInit:  - supports HTTP deflate (compression) using libz 1.2.8
LogInit:  - other features:
LogInit:      CURL_VERSION_SSL
LogInit:      CURL_VERSION_LIBZ
LogInit:      CURL_VERSION_IPV6
LogInit:      CURL_VERSION_ASYNCHDNS
LogInit:      CURL_VERSION_LARGEFILE
LogInit:      CURL_VERSION_IDN
LogInit:  CurlRequestOptions (configurable via config and command line):
LogInit:  - bVerifyPeer = false  - Libcurl will NOT verify peer certificate
LogInit:  - bUseHttpProxy = false  - Libcurl will NOT use HTTP proxy
LogInit:  - bDontReuseConnections = false  - Libcurl will reuse connections
LogInit:  - CertBundlePath = nullptr  - Libcurl will use whatever was configured at build time.
LogInit:  - MaxHostConnections = 16  - Libcurl will limit the number of connections to a host
LogInit:  - LocalHostAddr = Default
LogInit:  - BufferSize = 65536
LogInit: WinSock: version 1.1 (2.2), MaxSocks=32767, MaxUdp=65467
LogInit: Build: ++UE4+Release-4.20-CL-4369336
LogInit: Engine Version: 4.20.3-4369336+++UE4+Release-4.20
LogInit: Compatible Engine Version: 4.20.0-4212847+++UE4+Release-4.20
LogInit: Net CL: 4212847
LogInit: OS: Windows 10 (), CPU: Intel(R) Core(TM) i5-8300H CPU @ 2.30GHz, GPU: Intel(R) UHD Graphics 630
LogInit: Compiled (64-bit): Sep 17 2018 12:26:19
LogInit: Compiled with Visual C++: 19.13.26129.00
LogInit: Build Configuration: Development
LogInit: Branch Name: ++UE4+Release-4.20
LogInit: Command Line: 
LogInit: Base Directory: C:/Program Files/Epic Games/UE_4.20/Engine/Binaries/Win64/
LogInit: Installed Engine Build: 1
LogDevObjectVersion: Number of dev versions registered: 20
LogDevObjectVersion:   Dev-Blueprints (B0D832E4-1F89-4F0D-ACCF-7EB736FD4AA2): 10
LogDevObjectVersion:   Dev-Build (E1C64328-A22C-4D53-A36C-8E866417BD8C): 0
LogDevObjectVersion:   Dev-Core (375EC13C-06E4-48FB-B500-84F0262A717E): 2
LogDevObjectVersion:   Dev-Editor (E4B068ED-F494-42E9-A231-DA0B2E46BB41): 24
LogDevObjectVersion:   Dev-Framework (CFFC743F-43B0-4480-9391-14DF171D2073): 34
LogDevObjectVersion:   Dev-Mobile (B02B49B5-BB20-44E9-A304-32B752E40360): 2
LogDevObjectVersion:   Dev-Networking (A4E4105C-59A1-49B5-A7C5-40C4547EDFEE): 0
LogDevObjectVersion:   Dev-Online (39C831C9-5AE6-47DC-9A44-9C173E1C8E7C): 0
LogDevObjectVersion:   Dev-Physics (78F01B33-EBEA-4F98-B9B4-84EACCB95AA2): 0
LogDevObjectVersion:   Dev-Platform (6631380F-2D4D-43E0-8009-CF276956A95A): 0
LogDevObjectVersion:   Dev-Rendering (12F88B9F-8875-4AFC-A67C-D90C383ABD29): 26
LogDevObjectVersion:   Dev-Sequencer (7B5AE74C-D270-4C10-A958-57980B212A5A): 9
LogDevObjectVersion:   Dev-VR (D7296918-1DD6-4BDD-9DE2-64A83CC13884): 2
LogDevObjectVersion:   Dev-LoadTimes (C2A15278-BFE7-4AFE-6C17-90FF531DF755): 1
LogDevObjectVersion:   Private-Geometry (6EACA3D4-40EC-4CC1-B786-8BED09428FC5): 3
LogDevObjectVersion:   Dev-AnimPhys (29E575DD-E0A3-4627-9D10-D276232CDCEA): 17
LogDevObjectVersion:   Dev-ReflectionCapture (6B266CEC-1EC7-4B8F-A30B-E4D90942FC07): 1
LogDevObjectVersion:   Dev-Automation (0DF73D61-A23F-47EA-B727-89E90C41499A): 1
LogDevObjectVersion:   FortniteMain (601D1886-AC64-4F84-AA16-D3DE0DEAC7D6): 12
LogDevObjectVersion:   Dev-Enterprise (9DFFBCD6-494F-0158-E221-12823C92A888): 1
LogStreaming: Display: Took  0.005s to delete old logs.
LogInit: Presizing for max 8388607 objects, including 0 objects not considered by GC, pre-allocating 0 bytes for permanent pool.
LogInit: Object subsystem initialized
[2019.05.08-02.39.10:304][  0]LogInit: Selected Device Profile: [Windows]
[2019.05.08-02.39.10:304][  0]LogInit: Applying CVar settings loaded from the selected device profile: [Windows]
[2019.05.08-02.39.10:325][  0]LogHAL: Display: Platform has ~ 8 GB [8424574976 / 8589934592 / 8], which maps to Default [LargestMinGB=32, LargerMinGB=12, DefaultMinGB=8, SmallerMinGB=6, SmallestMinGB=0)
[2019.05.08-02.39.10:325][  0]LogInit: Setting Device Profile CVar: [[r.Vulkan.UseRealUBs:1]]
[2019.05.08-02.39.10:325][  0]LogInit: Going up to parent DeviceProfile []
[2019.05.08-02.39.10:325][  0]LogInit: Computer: DESKTOP-4HEA2F2
[2019.05.08-02.39.10:325][  0]LogInit: User: black
[2019.05.08-02.39.10:325][  0]LogInit: CPU Page size=4096, Cores=4
[2019.05.08-02.39.10:325][  0]LogInit: High frequency timer resolution =2.250000 MHz
[2019.05.08-02.39.10:325][  0]LogMemory: Memory total: Physical=7.8GB (8GB approx)
[2019.05.08-02.39.10:325][  0]LogMemory: Platform Memory Stats for Windows
[2019.05.08-02.39.10:325][  0]LogMemory: Process Physical Memory: 99.43 MB used, 99.43 MB peak
[2019.05.08-02.39.10:325][  0]LogMemory: Process Virtual Memory: 91.04 MB used, 91.04 MB peak
[2019.05.08-02.39.10:325][  0]LogMemory: Physical Memory: 4683.85 MB used,  3350.45 MB free, 8034.30 MB total
[2019.05.08-02.39.10:325][  0]LogMemory: Virtual Memory: 4645.23 MB used,  3350.45 MB free, 134217728.00 MB total
[2019.05.08-02.39.10:364][  0]LogInit: Using OS detected language (en-US).
[2019.05.08-02.39.10:364][  0]LogInit: Using OS detected locale (en-US).
[2019.05.08-02.39.10:366][  0]LogTextLocalizationManager: No specific localization for 'en-US' exists, so the 'en' localization will be used.
[2019.05.08-02.39.10:985][  0]LogStreaming: Display: Took  0.620s to InitEngineTextLocalization.
[2019.05.08-02.39.10:985][  0]LogInit: Setting process to per monitor DPI aware
[2019.05.08-02.39.11:044][  0]LogSlate: New Slate User Created.  User Index 0, Is Virtual User: 0
[2019.05.08-02.39.11:044][  0]LogSlate: Slate User Registered.  User Index 0, Is Virtual User: 0
[2019.05.08-02.39.11:423][  0]LogHMD: Failed to initialize OpenVR with code 110
[2019.05.08-02.39.11:423][  0]LogD3D11RHI: D3D11 adapters:
[2019.05.08-02.39.11:493][  0]LogD3D11RHI:    0. 'NVIDIA GeForce GTX 1050 Ti' (Feature Level 11_0)
[2019.05.08-02.39.11:493][  0]LogD3D11RHI:       4029/0/4017 MB DedicatedVideo/DedicatedSystem/SharedSystem, Outputs:1, VendorId:0x10de
[2019.05.08-02.39.11:513][  0]LogD3D11RHI:    1. 'Intel(R) UHD Graphics 630' (Feature Level 11_0)
[2019.05.08-02.39.11:514][  0]LogD3D11RHI:       128/0/4017 MB DedicatedVideo/DedicatedSystem/SharedSystem, Outputs:0, VendorId:0x8086
[2019.05.08-02.39.11:516][  0]LogD3D11RHI:    2. 'Microsoft Basic Render Driver' (Feature Level 11_0)
[2019.05.08-02.39.11:516][  0]LogD3D11RHI:       0/0/4017 MB DedicatedVideo/DedicatedSystem/SharedSystem, Outputs:0, VendorId:0x1414
[2019.05.08-02.39.11:516][  0]LogD3D11RHI: Chosen D3D11 Adapter: 0
[2019.05.08-02.39.11:564][  0]LogD3D11RHI: Creating new Direct3DDevice
[2019.05.08-02.39.11:564][  0]LogD3D11RHI:     GPU DeviceId: 0x1c8c (for the marketing name, search the web for "GPU Device Id")
[2019.05.08-02.39.11:564][  0]LogWindows: EnumDisplayDevices:
[2019.05.08-02.39.11:564][  0]LogWindows:    0. 'Intel(R) UHD Graphics 630' (P:1 D:1)
[2019.05.08-02.39.11:565][  0]LogWindows:    1. 'Intel(R) UHD Graphics 630' (P:0 D:0)
[2019.05.08-02.39.11:566][  0]LogWindows:    2. 'Intel(R) UHD Graphics 630' (P:0 D:0)
[2019.05.08-02.39.11:566][  0]LogWindows:    3. 'NVIDIA GeForce GTX 1050 Ti' (P:0 D:0)
[2019.05.08-02.39.11:567][  0]LogWindows: DebugString: PrimaryIsNotTheChoosenAdapter PrimaryIsNotTheChoosenAdapter PrimaryIsNotTheChoosenAdapter 
[2019.05.08-02.39.11:567][  0]LogD3D11RHI:     Adapter Name: NVIDIA GeForce GTX 1050 Ti
[2019.05.08-02.39.11:567][  0]LogD3D11RHI:   Driver Version: 388.73 (internal:23.21.13.8873, unified:388.73)
[2019.05.08-02.39.11:567][  0]LogD3D11RHI:      Driver Date: 12-18-2017
[2019.05.08-02.39.11:567][  0]LogRHI: Texture pool is 2820 MB (70% of 4029 MB)
[2019.05.08-02.39.11:608][  0]LogD3D11RHI: Async texture creation enabled
[2019.05.08-02.39.11:620][  0]LogD3D11RHI: GPU Timing Frequency: 1000.000000 (Debug: 2 1)
[2019.05.08-02.39.11:621][  0]LogShaderCompilers: Guid format shader working directory is -44 characters bigger than the processId version (../../../../../../Users/black/Documents/GitHub/cly_AssetPipeline/cly_iCWB_AP/firstProject/Intermediate/Shaders/WorkingDirectory/23776/).
[2019.05.08-02.39.11:621][  0]LogShaderCompilers: Cleaned the shader compiler working directory 'C:/Users/black/AppData/Local/Temp/UnrealShaderWorkingDir/5563E3294CC674C924210F95027DED2D/'.
[2019.05.08-02.39.12:032][  0]LogTemp: Display: Loaded TP AllDesktopTargetPlatform
[2019.05.08-02.39.12:069][  0]LogTemp: Display: Loaded TP MacClientTargetPlatform
[2019.05.08-02.39.12:105][  0]LogTemp: Display: Loaded TP MacNoEditorTargetPlatform
[2019.05.08-02.39.12:140][  0]LogTemp: Display: Loaded TP MacServerTargetPlatform
[2019.05.08-02.39.12:173][  0]LogTemp: Display: Loaded TP MacTargetPlatform
[2019.05.08-02.39.12:215][  0]LogTemp: Display: Loaded TP WindowsClientTargetPlatform
[2019.05.08-02.39.12:241][  0]LogTemp: Display: Loaded TP WindowsNoEditorTargetPlatform
[2019.05.08-02.39.12:261][  0]LogTemp: Display: Loaded TP WindowsServerTargetPlatform
[2019.05.08-02.39.12:270][  0]LogTemp: Display: Loaded TP WindowsTargetPlatform
[2019.05.08-02.39.12:415][  0]LogTemp: Display: Loaded TP AndroidTargetPlatform
[2019.05.08-02.39.12:415][  0]LogTemp: Display: Loaded TP AndroidTargetPlatform
[2019.05.08-02.39.12:415][  0]LogTemp: Display: Loaded TP AndroidTargetPlatform
[2019.05.08-02.39.12:415][  0]LogTemp: Display: Loaded TP AndroidTargetPlatform
[2019.05.08-02.39.12:415][  0]LogTemp: Display: Loaded TP AndroidTargetPlatform
[2019.05.08-02.39.12:415][  0]LogTemp: Display: Loaded TP AndroidTargetPlatform
[2019.05.08-02.39.12:415][  0]LogTemp: Display: Loaded TP AndroidTargetPlatform
[2019.05.08-02.39.12:415][  0]LogTemp: Display: Loaded TP AndroidTargetPlatform
[2019.05.08-02.39.12:415][  0]LogTemp: Display: Loaded TP AndroidTargetPlatform
[2019.05.08-02.39.12:415][  0]LogTemp: Display: Loaded TP AndroidTargetPlatform
[2019.05.08-02.39.12:415][  0]LogTemp: Display: Loaded TP AndroidTargetPlatform
[2019.05.08-02.39.12:415][  0]LogTemp: Display: Loaded TP AndroidTargetPlatform
[2019.05.08-02.39.12:415][  0]LogTemp: Display: Loaded TP AndroidTargetPlatform
[2019.05.08-02.39.12:415][  0]LogTemp: Display: Loaded TP AndroidTargetPlatform
[2019.05.08-02.39.12:415][  0]LogTemp: Display: Loaded TP AndroidTargetPlatform
[2019.05.08-02.39.12:415][  0]LogTemp: Display: Loaded TP AndroidTargetPlatform
[2019.05.08-02.39.12:415][  0]LogTemp: Display: Loaded TP AndroidTargetPlatform
[2019.05.08-02.39.12:415][  0]LogTemp: Display: Loaded TP AndroidTargetPlatform
[2019.05.08-02.39.12:418][  0]LogTemp: Display: Loaded TP HTML5TargetPlatform
[2019.05.08-02.39.12:496][  0]LogTemp: Display: Loaded TP IOSTargetPlatform
[2019.05.08-02.39.12:496][  0]LogTemp: Display: Loaded TP IOSTargetPlatform
[2019.05.08-02.39.12:534][  0]LogTemp: Display: Loaded TP TVOSTargetPlatform
[2019.05.08-02.39.12:534][  0]LogTemp: Display: Loaded TP TVOSTargetPlatform
[2019.05.08-02.39.12:552][  0]LogTemp: Display: Loaded TP LinuxClientTargetPlatform
[2019.05.08-02.39.12:571][  0]LogTemp: Display: Loaded TP LinuxNoEditorTargetPlatform
[2019.05.08-02.39.12:590][  0]LogTemp: Display: Loaded TP LinuxServerTargetPlatform
[2019.05.08-02.39.12:609][  0]LogTemp: Display: Loaded TP LinuxTargetPlatform
[2019.05.08-02.39.12:628][  0]LogTemp: Display: Loaded TP LuminTargetPlatform
[2019.05.08-02.39.12:628][  0]LogTargetPlatformManager: Display: Building Assets For Windows
[2019.05.08-02.39.12:730][  0]LogXGEController: Cleaning working directory: C:/Users/black/AppData/Local/Temp/UnrealXGEWorkingDir/
[2019.05.08-02.39.12:731][  0]LogXGEController: Cannot use XGE Controller as Incredibuild is not installed on this machine.
[2019.05.08-02.39.12:731][  0]LogShaderCompilers: Cannot use XGE Shader Compiler as Incredibuild is not installed on this machine.
[2019.05.08-02.39.12:731][  0]LogShaderCompilers: Display: Using Local Shader Compiler.
[2019.05.08-02.39.14:017][  0]LogDerivedDataCache: Display: Max Cache Size: 512 MB
[2019.05.08-02.39.14:097][  0]LogDerivedDataCache: Loaded boot cache 0.08s 71MB C:/Users/black/AppData/Local/UnrealEngine/4.20/DerivedDataCache/Boot.ddc.
[2019.05.08-02.39.14:098][  0]LogDerivedDataCache: Display: Loaded Boot cache: C:/Users/black/AppData/Local/UnrealEngine/4.20/DerivedDataCache/Boot.ddc
[2019.05.08-02.39.14:098][  0]LogDerivedDataCache: FDerivedDataBackendGraph:  Pak pak cache file ../../../../../../Users/black/Documents/GitHub/cly_AssetPipeline/cly_iCWB_AP/firstProject/DerivedDataCache/DDC.ddp not found, will not use a pak cache.
[2019.05.08-02.39.14:098][  0]LogDerivedDataCache: Unable to find inner node Pak for hierarchical cache Hierarchy.
[2019.05.08-02.39.14:098][  0]LogDerivedDataCache: FDerivedDataBackendGraph:  CompressedPak pak cache file ../../../../../../Users/black/Documents/GitHub/cly_AssetPipeline/cly_iCWB_AP/firstProject/DerivedDataCache/Compressed.ddp not found, will not use a pak cache.
[2019.05.08-02.39.14:098][  0]LogDerivedDataCache: Unable to find inner node CompressedPak for hierarchical cache Hierarchy.
[2019.05.08-02.39.14:121][  0]LogDerivedDataCache: Display: Pak cache opened for reading ../../../Engine/DerivedDataCache/Compressed.ddp.
[2019.05.08-02.39.14:133][  0]LogDerivedDataCache: Using Local data cache path C:/Users/black/AppData/Local/UnrealEngine/Common/DerivedDataCache: Writable
[2019.05.08-02.39.14:133][  0]LogDerivedDataCache: Shared data cache path not found in *engine.ini, will not use an Shared cache.
[2019.05.08-02.39.14:133][  0]LogDerivedDataCache: Unable to find inner node Shared for hierarchical cache Hierarchy.
[2019.05.08-02.39.14:161][  0]LogMaterial: Verifying Global Shaders for PCD3D_SM5
[2019.05.08-02.39.14:163][  0]LogSlate: Using FreeType 2.6.0
[2019.05.08-02.39.14:164][  0]LogSlate: SlateFontServices - WITH_FREETYPE: 1, WITH_HARFBUZZ: 1
[2019.05.08-02.39.14:267][  0]LogAssetRegistry: FAssetRegistry took 0.0286 seconds to start up
[2019.05.08-02.39.14:842][  0]LogInit: Selected Device Profile: [Windows]
[2019.05.08-02.39.15:138][  0]LogSimplygon: Simplygon DLL not present - disabling.
[2019.05.08-02.39.15:144][  0]LogMeshReduction: Using SimplygonSwarm for distributed automatic mesh merging
[2019.05.08-02.39.15:144][  0]LogMeshReduction: Using ProxyLODMeshReduction for automatic mesh merging
[2019.05.08-02.39.15:144][  0]LogMeshReduction: Using QuadricMeshReduction for automatic static mesh reduction
[2019.05.08-02.39.15:144][  0]LogMeshReduction: No automatic skeletal mesh reduction module available
[2019.05.08-02.39.15:162][  0]LogNetVersion: cly_iCWB_AP 1.0.0, NetCL: 4212847, EngineNetVer: 5, GameNetVer: 0 (Checksum: 2002434292)
[2019.05.08-02.39.16:031][  0]LogPackageLocalizationCache: Processed 11 localized package path(s) for 2 prioritized culture(s) in 0.169402 seconds
[2019.05.08-02.39.16:039][  0]LogUObjectArray: 38425 objects as part of root set at end of initial load.
[2019.05.08-02.39.16:039][  0]LogUObjectAllocator: 6690864 out of 0 bytes used by permanent object pool.
[2019.05.08-02.39.16:039][  0]LogUObjectArray: CloseDisregardForGC: 0/0 objects in disregard for GC pool
[2019.05.08-02.39.17:451][  0]LogTcpMessaging: Initializing TcpMessaging bridge
[2019.05.08-02.39.17:468][  0]LogUdpMessaging: Initializing bridge on interface 0.0.0.0:0 to multicast group 230.0.0.1:6666.
[2019.05.08-02.39.17:765][  0]SourceControl: Source control is disabled
[2019.05.08-02.39.17:765][  0]SourceControl: Source control is disabled
[2019.05.08-02.39.17:767][  0]SourceControl: Source control is disabled
[2019.05.08-02.39.17:769][  0]SourceControl: Source control is disabled
[2019.05.08-02.39.17:980][  0]LogAndroidPermission: UAndroidPermissionCallbackProxy::GetInstance
[2019.05.08-02.39.18:045][  0]LogOcInput: OculusInput pre-init called
[2019.05.08-02.39.18:138][  0]LogEngine: Initializing Engine...
[2019.05.08-02.39.18:140][  0]LogHMD: Failed to initialize OpenVR with code 110
[2019.05.08-02.39.18:144][  0]LogStats: UGameplayTagsManager::ConstructGameplayTagTree: ImportINI prefixes -  0.000 s
[2019.05.08-02.39.18:144][  0]LogStats: UGameplayTagsManager::ConstructGameplayTagTree: Construct from data asset -  0.000 s
[2019.05.08-02.39.18:144][  0]LogStats: UGameplayTagsManager::ConstructGameplayTagTree: ImportINI -  0.000 s
[2019.05.08-02.39.18:144][  0]LogStats: UGameplayTagsManager::ConstructGameplayTagTree: GameplayTagTreeChangedEvent.Broadcast -  0.000 s
[2019.05.08-02.39.18:510][  0]LogInit: Initializing FReadOnlyCVARCache
[2019.05.08-02.39.18:533][  0]LogAIModule: Creating AISystem for world Untitled
[2019.05.08-02.39.18:653][  0]LogInit: XAudio2 using 'Speakers (Realtek High Definition Audio)' : 2 channels at 48 kHz using 32 bits per sample (channel mask 0x3)
[2019.05.08-02.39.18:804][  0]LogInit: FAudioDevice initialized.
[2019.05.08-02.39.18:805][  0]LogNetVersion: Set ProjectVersion to 1.0.0.0. Version Checksum will be recalculated on next use.
[2019.05.08-02.39.18:891][  0]LogDerivedDataCache: Saved boot cache 0.09s 71MB C:/Users/black/AppData/Local/UnrealEngine/4.20/DerivedDataCache/Boot.ddc.
[2019.05.08-02.39.18:938][  0]LogInit: Texture streaming: Enabled
[2019.05.08-02.39.18:972][  0]LogEngineSessionManager: EngineSessionManager initialized
[2019.05.08-02.39.18:972][  0]LogEngineSessionManager: EngineSessionManager sent abnormal shutdown report. Type=Crashed, SessionId={3E9452F5-4653-F3C3-A585-38A9CD7A6E11}
[2019.05.08-02.39.19:004][  0]LogInit: Transaction tracking system initialized
[2019.05.08-02.39.19:047][  0]BlueprintLog: New page: Editor Load
[2019.05.08-02.39.19:185][  0]LocalizationService: Localization service is disabled
[2019.05.08-02.39.19:555][  0]LogCook: Display: Max memory allowance for cook 16384mb min free memory 0mb
[2019.05.08-02.39.19:555][  0]LogCook: Display: Mobile HDR setting 1
[2019.05.08-02.39.19:555][  0]LogGameplayTags: Display: UGameplayTagsManager::DoneAddingNativeTags. DelegateIsBound: 0
[2019.05.08-02.39.19:555][  0]LogStats: UGameplayTagsManager::ConstructGameplayTagTree: ImportINI prefixes -  0.000 s
[2019.05.08-02.39.19:555][  0]LogStats: UGameplayTagsManager::ConstructGameplayTagTree: Construct from data asset -  0.000 s
[2019.05.08-02.39.19:555][  0]LogStats: UGameplayTagsManager::ConstructGameplayTagTree: ImportINI -  0.000 s
[2019.05.08-02.39.19:555][  0]LogStats: UGameplayTagsManager::ConstructGameplayTagTree: GameplayTagTreeChangedEvent.Broadcast -  0.000 s
[2019.05.08-02.39.19:728][  0]LogFileCache: Scanning file cache for directory 'C:/Users/black/Documents/GitHub/cly_AssetPipeline/cly_iCWB_AP/firstProject/Content/' took 0.01s
[2019.05.08-02.39.19:728][  0]SourceControl: Source control is disabled
[2019.05.08-02.39.19:728][  0]Cmd: MAP LOAD FILE="../../../Engine/Content/Maps/Templates/Template_Default.umap" TEMPLATE=1 SHOWPROGRESS=1 FEATURELEVEL=3
[2019.05.08-02.39.19:728][  0]LightingResults: New page: Lighting Build
[2019.05.08-02.39.19:733][  0]MapCheck: New page: Map Check
[2019.05.08-02.39.19:733][  0]LightingResults: New page: Lighting Build
[2019.05.08-02.39.20:065][  0]LogAIModule: Creating AISystem for world Untitled_1
[2019.05.08-02.39.20:082][  0]LogEditorServer: Finished looking for orphan Actors (0.000 secs)
[2019.05.08-02.39.20:144][  0]Cmd: MAP CHECKDEP NOCLEARLOG
[2019.05.08-02.39.20:294][  0]MapCheck: Map check complete: 0 Error(s), 0 Warning(s), took 149.704ms to complete.
[2019.05.08-02.39.20:294][  0]LogFileHelpers: Loading map 'Template_Default' took 0.566
[2019.05.08-02.39.20:429][  0]LogSlate: Updating window title bar state: overlay mode, drag disabled, window buttons hidden, title bar hidden
[2019.05.08-02.39.20:441][  0]LogSlate: Updating window title bar state: overlay mode, drag disabled, window buttons hidden, title bar hidden
[2019.05.08-02.39.20:451][  0]LogSlate: Updating window title bar state: overlay mode, drag disabled, window buttons hidden, title bar hidden
[2019.05.08-02.39.20:463][  0]LogSlate: Updating window title bar state: overlay mode, drag disabled, window buttons hidden, title bar hidden
[2019.05.08-02.39.20:476][  0]LogCollectionManager: Loaded 0 collections in 0.004041 seconds
[2019.05.08-02.39.20:527][  0]LogFileCache: Scanning file cache for directory 'C:/Users/black/Documents/GitHub/cly_AssetPipeline/cly_iCWB_AP/firstProject/Saved/Collections/' took 0.01s
[2019.05.08-02.39.20:527][  0]LogFileCache: Scanning file cache for directory 'C:/Users/black/Documents/GitHub/cly_AssetPipeline/cly_iCWB_AP/firstProject/Content/Developers/black/Collections/' took 0.01s
[2019.05.08-02.39.20:527][  0]LogFileCache: Scanning file cache for directory 'C:/Users/black/Documents/GitHub/cly_AssetPipeline/cly_iCWB_AP/firstProject/Content/Collections/' took 0.01s
[2019.05.08-02.39.20:527][  0]LogCollectionManager: Rebuilt the GUID cache for 0 collections in 0.000001 seconds
[2019.05.08-02.39.20:547][  0]LogContentBrowser: Native class hierarchy populated in 0.0188 seconds. Added 2572 classes and 603 folders.
[2019.05.08-02.39.20:556][  0]LogContentBrowser: Native class hierarchy updated for 'WidgetCarousel' in 0.0003 seconds. Added 0 classes and 0 folders.
[2019.05.08-02.39.20:641][  0]LogContentBrowser: Native class hierarchy updated for 'AddContentDialog' in 0.0004 seconds. Added 0 classes and 0 folders.
[2019.05.08-02.39.20:649][  0]LogContentBrowser: Native class hierarchy updated for 'SceneOutliner' in 0.0004 seconds. Added 1 classes and 2 folders.
[2019.05.08-02.39.20:671][  0]LogSlate: Took 0.000404 seconds to synchronously load lazily loaded font '../../../Engine/Content/Slate/Fonts/Roboto-Regular.ttf' (155K)
[2019.05.08-02.39.20:675][  0]LogSlate: Took 0.000404 seconds to synchronously load lazily loaded font '../../../Engine/Content/Slate/Fonts/Roboto-Bold.ttf' (160K)
[2019.05.08-02.39.20:687][  0]LogSlate: Took 0.000333 seconds to synchronously load lazily loaded font '../../../Engine/Content/Editor/Slate/Fonts/FontAwesome.ttf' (139K)
[2019.05.08-02.39.20:799][  0]LogRenderer: Reallocating scene render targets to support 1188x360 Format 10 NumSamples 1 (Frame:1).
[2019.05.08-02.39.20:990][  0]LogContentBrowser: Native class hierarchy updated for 'HierarchicalLODOutliner' in 0.0006 seconds. Added 0 classes and 0 folders.
[2019.05.08-02.39.20:990][  0]LogLoad: (Engine Initialization) Total time: 13.49 seconds
[2019.05.08-02.39.20:990][  0]LogLoad: (Engine Initialization) Total Blueprint compile time: 0.00 seconds
[2019.05.08-02.39.21:025][  0]LogSlate: FSceneViewport::OnFocusLost() reason 0
[2019.05.08-02.39.21:068][  0]LogWindowsTextInputMethodSystem: Display: IME system now deactivated.
[2019.05.08-02.39.21:095][  0]LogContentStreaming: Texture pool size now 1000 MB
[2019.05.08-02.39.21:133][  0]LogSlate: Took 0.000488 seconds to synchronously load lazily loaded font '../../../Engine/Content/Slate/Fonts/Roboto-Light.ttf' (167K)
[2019.05.08-02.39.21:412][  2]LogAssetRegistry: Asset discovery search completed in 7.1676 seconds
[2019.05.08-02.39.21:414][  2]LogCollectionManager: Rebuilt the object cache for 0 collections in 0.000000 seconds (found 0 objects)
[2019.05.08-02.39.21:414][  2]LogCollectionManager: Fixed up redirectors for 0 collections in 0.000059 seconds (updated 0 objects)
[2019.05.08-02.39.22:136][ 15]LogSlate: Took 0.000641 seconds to synchronously load lazily loaded font '../../../Engine/Content/Slate/Fonts/Roboto-Light.ttf' (167K)
[2019.05.08-02.39.24:736][ 85]LogAssetEditorManager: Opening Asset editor for StaticMesh /Game/CartTextured.CartTextured
[2019.05.08-02.39.25:411][ 85]LogAssetEditorManager: Opening Asset editor for Material /Game/Trellis.Trellis
[2019.05.08-02.39.25:415][ 85]LogMaterial: Display: Missing cached shader map for material Trellis, compiling. 
[2019.05.08-02.39.25:620][ 85]LogMaterial: Display: Missing cached shader map for material Trellis, compiling. 
[2019.05.08-02.39.25:678][ 85]LogMaterial: Display: Missing cached shader map for material Trellis, compiling. 
[2019.05.08-02.39.25:746][ 85]LogShaderCompilers: Display: Shaders left to compile 21
[2019.05.08-02.39.25:746][ 85]LogShaderCompilers: Display: Shaders left to compile 20
[2019.05.08-02.39.25:746][ 85]LogShaderCompilers: Display: Shaders left to compile 19
[2019.05.08-02.39.25:746][ 85]LogShaderCompilers: Display: Shaders left to compile 18
[2019.05.08-02.39.25:766][ 85]LogMaterial: Display: Missing cached shader map for material FMatExpressionPreview MaterialExpressionVectorParameter_0, compiling. 
[2019.05.08-02.39.25:978][ 85]LogAssetEditorManager: Opening Asset editor for Material /Game/lambert1.lambert1
[2019.05.08-02.39.26:000][ 85]LogMaterial: Display: Missing cached shader map for material lambert1, compiling. 
[2019.05.08-02.39.26:324][ 85]LogMaterial: Display: Missing cached shader map for material lambert1, compiling. 
[2019.05.08-02.39.26:456][ 85]LogMaterial: Display: Missing cached shader map for material lambert1, compiling. 
[2019.05.08-02.39.26:583][ 85]LogMaterial: Display: Missing cached shader map for material FMatExpressionPreview MaterialExpressionTextureSampleParameter2D_1, compiling. 
[2019.05.08-02.39.26:595][ 85]LogMaterial: Display: Missing cached shader map for material FMatExpressionPreview MaterialExpressionTextureSampleParameter2D_0, compiling. 
[2019.05.08-02.39.26:603][ 85]LogMaterial: Display: Missing cached shader map for material FMatExpressionPreview MaterialExpressionTextureCoordinate_0, compiling. 
[2019.05.08-02.39.26:612][ 85]LogMaterial: Display: Missing cached shader map for material FMatExpressionPreview MaterialExpressionVectorParameter_1, compiling. 
[2019.05.08-02.39.26:680][ 85]LogSlate: Took 0.000388 seconds to synchronously load lazily loaded font '../../../Engine/Content/Slate/Fonts/Roboto-BoldCondensed.ttf' (158K)
[2019.05.08-02.39.26:841][ 85]LogShaderCompilers: Display: Shaders left to compile 95
[2019.05.08-02.39.27:111][ 85]LogShaderCompilers: Display: Shaders left to compile 94
[2019.05.08-02.39.27:112][ 85]LogShaderCompilers: Display: Shaders left to compile 93
[2019.05.08-02.39.27:112][ 85]LogShaderCompilers: Display: Shaders left to compile 92
[2019.05.08-02.39.27:153][ 86]LogShaderCompilers: Display: Shaders left to compile 91
[2019.05.08-02.39.27:153][ 86]LogSlate: Took 0.001019 seconds to synchronously load lazily loaded font '../../../Engine/Content/Slate/Fonts/Roboto-Italic.ttf' (157K)
[2019.05.08-02.39.27:220][ 87]LogShaderCompilers: Display: Shaders left to compile 90
[2019.05.08-02.39.27:266][ 88]LogShaderCompilers: Display: Shaders left to compile 89
[2019.05.08-02.39.27:266][ 88]LogShaderCompilers: Display: Shaders left to compile 88
[2019.05.08-02.39.27:476][ 92]LogShaderCompilers: Display: Shaders left to compile 87
[2019.05.08-02.39.27:715][ 95]LogShaderCompilers: Display: Shaders left to compile 86
[2019.05.08-02.39.27:932][ 98]LogShaderCompilers: Display: Shaders left to compile 85
[2019.05.08-02.39.28:002][ 98]LogShaderCompilers: Display: Shaders left to compile 84
[2019.05.08-02.39.28:147][100]LogShaderCompilers: Display: Shaders left to compile 83
[2019.05.08-02.39.28:333][105]LogShaderCompilers: Display: Shaders left to compile 82
[2019.05.08-02.39.28:384][106]LogShaderCompilers: Display: Shaders left to compile 81
[2019.05.08-02.39.28:814][114]LogShaderCompilers: Display: Shaders left to compile 80
[2019.05.08-02.39.28:854][115]LogShaderCompilers: Display: Shaders left to compile 79
[2019.05.08-02.39.29:029][119]LogShaderCompilers: Display: Shaders left to compile 78
[2019.05.08-02.39.29:082][120]LogShaderCompilers: Display: Shaders left to compile 77
[2019.05.08-02.39.29:283][124]LogShaderCompilers: Display: Shaders left to compile 76
[2019.05.08-02.39.29:529][129]LogShaderCompilers: Display: Shaders left to compile 75
[2019.05.08-02.39.29:534][129]LogShaderCompilers: Display: Shaders left to compile 74
[2019.05.08-02.39.29:542][129]MaterialEditorStats: Base pass shader: 101 instructions
[2019.05.08-02.39.29:542][129]MaterialEditorStats: Base pass shader with Volumetric Lightmap: 174 instructions
[2019.05.08-02.39.29:542][129]MaterialEditorStats: Base pass vertex shader: 32 instructions
[2019.05.08-02.39.29:542][129]MaterialEditorStats: Texture samplers: 3/16
[2019.05.08-02.39.29:613][131]LogShaderCompilers: Display: Shaders left to compile 73
[2019.05.08-02.39.29:764][134]LogShaderCompilers: Display: Shaders left to compile 72
[2019.05.08-02.39.29:959][138]LogShaderCompilers: Display: Shaders left to compile 71
[2019.05.08-02.39.29:959][138]LogShaderCompilers: Display: Shaders left to compile 70
[2019.05.08-02.39.29:966][138]LogShaderCompilers: Display: Shaders left to compile 69
[2019.05.08-02.39.30:099][141]LogShaderCompilers: Display: Shaders left to compile 68
[2019.05.08-02.39.30:293][145]LogShaderCompilers: Display: Shaders left to compile 67
[2019.05.08-02.39.30:304][145]LogShaderCompilers: Display: Shaders left to compile 66
[2019.05.08-02.39.30:338][146]LogShaderCompilers: Display: Shaders left to compile 65
[2019.05.08-02.39.30:406][147]LogShaderCompilers: Display: Shaders left to compile 64
[2019.05.08-02.39.30:793][155]LogShaderCompilers: Display: Shaders left to compile 63
[2019.05.08-02.39.31:019][160]LogShaderCompilers: Display: Shaders left to compile 62
[2019.05.08-02.39.31:082][161]LogShaderCompilers: Display: Shaders left to compile 61
[2019.05.08-02.39.31:129][162]LogShaderCompilers: Display: Shaders left to compile 60
[2019.05.08-02.39.31:462][169]LogShaderCompilers: Display: Shaders left to compile 59
[2019.05.08-02.39.31:603][172]LogShaderCompilers: Display: Shaders left to compile 58
[2019.05.08-02.39.31:845][177]LogShaderCompilers: Display: Shaders left to compile 57
[2019.05.08-02.39.31:893][178]LogShaderCompilers: Display: Shaders left to compile 56
[2019.05.08-02.39.31:939][179]LogShaderCompilers: Display: Shaders left to compile 55
[2019.05.08-02.39.32:338][187]LogShaderCompilers: Display: Shaders left to compile 54
[2019.05.08-02.39.32:382][188]LogShaderCompilers: Display: Shaders left to compile 53
[2019.05.08-02.39.32:623][193]LogShaderCompilers: Display: Shaders left to compile 52
[2019.05.08-02.39.32:679][194]LogShaderCompilers: Display: Shaders left to compile 51
[2019.05.08-02.39.32:862][198]LogShaderCompilers: Display: Shaders left to compile 50
[2019.05.08-02.39.33:158][204]LogShaderCompilers: Display: Shaders left to compile 49
[2019.05.08-02.39.33:315][207]LogShaderCompilers: Display: Shaders left to compile 48
[2019.05.08-02.39.33:459][210]LogShaderCompilers: Display: Shaders left to compile 47
[2019.05.08-02.39.33:599][213]LogShaderCompilers: Display: Shaders left to compile 46
[2019.05.08-02.39.33:884][219]LogShaderCompilers: Display: Shaders left to compile 45
[2019.05.08-02.39.33:937][220]LogShaderCompilers: Display: Shaders left to compile 44
[2019.05.08-02.39.34:039][222]LogShaderCompilers: Display: Shaders left to compile 43
[2019.05.08-02.39.34:071][223]LogShaderCompilers: Display: Shaders left to compile 42
[2019.05.08-02.39.34:348][228]LogShaderCompilers: Display: Shaders left to compile 41
[2019.05.08-02.39.34:380][229]LogShaderCompilers: Display: Shaders left to compile 40
[2019.05.08-02.39.34:476][231]LogShaderCompilers: Display: Shaders left to compile 39
[2019.05.08-02.39.34:476][231]LogShaderCompilers: Display: Shaders left to compile 38
[2019.05.08-02.39.34:670][235]LogShaderCompilers: Display: Shaders left to compile 37
[2019.05.08-02.39.34:722][236]LogShaderCompilers: Display: Shaders left to compile 36
[2019.05.08-02.39.35:144][245]LogShaderCompilers: Display: Shaders left to compile 35
[2019.05.08-02.39.35:196][246]LogShaderCompilers: Display: Shaders left to compile 34
[2019.05.08-02.39.35:244][247]LogShaderCompilers: Display: Shaders left to compile 33
[2019.05.08-02.39.35:489][252]LogShaderCompilers: Display: Shaders left to compile 32
[2019.05.08-02.39.35:742][257]LogShaderCompilers: Display: Shaders left to compile 31
[2019.05.08-02.39.35:979][262]LogShaderCompilers: Display: Shaders left to compile 30
[2019.05.08-02.39.36:072][264]LogShaderCompilers: Display: Shaders left to compile 29
[2019.05.08-02.39.36:258][268]LogShaderCompilers: Display: Shaders left to compile 28
[2019.05.08-02.39.36:359][270]LogShaderCompilers: Display: Shaders left to compile 27
[2019.05.08-02.39.36:709][277]LogShaderCompilers: Display: Shaders left to compile 26
[2019.05.08-02.39.36:788][279]LogShaderCompilers: Display: Shaders left to compile 25
[2019.05.08-02.39.36:804][279]LogShaderCompilers: Display: Shaders left to compile 24
[2019.05.08-02.39.36:833][280]LogShaderCompilers: Display: Shaders left to compile 23
[2019.05.08-02.39.37:080][285]LogShaderCompilers: Display: Shaders left to compile 22
[2019.05.08-02.39.37:128][286]LogShaderCompilers: Display: Shaders left to compile 21
[2019.05.08-02.39.37:137][286]LogShaderCompilers: Display: Shaders left to compile 20
[2019.05.08-02.39.37:175][287]LogShaderCompilers: Display: Shaders left to compile 19
[2019.05.08-02.39.37:373][291]LogShaderCompilers: Display: Shaders left to compile 18
[2019.05.08-02.39.37:422][292]LogShaderCompilers: Display: Shaders left to compile 17
[2019.05.08-02.39.37:778][299]LogShaderCompilers: Display: Shaders left to compile 16
[2019.05.08-02.39.37:807][300]LogShaderCompilers: Display: Shaders left to compile 15
[2019.05.08-02.39.37:855][301]LogShaderCompilers: Display: Shaders left to compile 14
[2019.05.08-02.39.38:051][305]LogShaderCompilers: Display: Shaders left to compile 13
[2019.05.08-02.39.38:198][308]LogShaderCompilers: Display: Shaders left to compile 12
[2019.05.08-02.39.38:447][313]LogShaderCompilers: Display: Shaders left to compile 11
[2019.05.08-02.39.38:542][315]LogShaderCompilers: Display: Shaders left to compile 10
[2019.05.08-02.39.38:647][317]LogShaderCompilers: Display: Shaders left to compile 9
[2019.05.08-02.39.38:836][321]LogShaderCompilers: Display: Shaders left to compile 8
[2019.05.08-02.39.39:075][326]LogShaderCompilers: Display: Shaders left to compile 7
[2019.05.08-02.39.39:117][327]LogShaderCompilers: Display: Shaders left to compile 6
[2019.05.08-02.39.39:273][330]LogShaderCompilers: Display: Shaders left to compile 5
[2019.05.08-02.39.39:289][330]MaterialEditorStats: Base pass shader: 110 instructions
[2019.05.08-02.39.39:289][330]MaterialEditorStats: Base pass shader with Surface Lightmap: 127 instructions
[2019.05.08-02.39.39:289][330]MaterialEditorStats: Base pass shader with Volumetric Lightmap: 184 instructions
[2019.05.08-02.39.39:289][330]MaterialEditorStats: Base pass vertex shader: 36 instructions
[2019.05.08-02.39.39:289][330]MaterialEditorStats: Base pass vertex shader: 88 instructions
[2019.05.08-02.39.39:290][330]MaterialEditorStats: Texture samplers: 4/16
[2019.05.08-02.39.39:290][330]MaterialEditorStats: Texture Lookups (Est.): VS(0), PS(1)
[2019.05.08-02.39.39:290][330]MaterialEditorStats: User interpolators: 2/4 Scalars (1/4 Vectors) (TexCoords: 2, Custom: 0)
[2019.05.08-02.39.39:359][332]LogShaderCompilers: Display: Shaders left to compile 4
[2019.05.08-02.39.39:476][334]LogShaderCompilers: Display: Shaders left to compile 3
[2019.05.08-02.39.39:652][338]LogShaderCompilers: Display: Shaders left to compile 2
[2019.05.08-02.39.39:659][338]LogShaderCompilers: Display: Shaders left to compile 1
[2019.05.08-02.40.12:419][659]LogUObjectHash: Warning: Ambiguous search, could be MaterialGraphNode /Engine/Transient.lambert1:MaterialGraph_0.MaterialGraphNode_15 or MaterialGraphNode /Engine/Transient.Trellis:MaterialGraph_0.MaterialGraphNode_15
[2019.05.08-02.40.12:419][659]LogProperty: Warning: ObjectProperty /Script/Engine.ExpressionInput:Expression: unresolved reference to 'MaterialExpressionVectorParameter'"MaterialGraphNode_15.MaterialExpressionVectorParameter_1"',Mask=1,MaskR=1,MaskG=1,MaskB=1)'
[2019.05.08-02.40.12:420][659]LogUObjectHash: Warning: Ambiguous search, could be MaterialGraphNode /Engine/Transient.lambert1:MaterialGraph_0.MaterialGraphNode_5 or MaterialGraphNode /Engine/Transient.Trellis:MaterialGraph_0.MaterialGraphNode_5
[2019.05.08-02.40.12:420][659]LogProperty: Warning: ObjectProperty /Script/Engine.ExpressionInput:Expression: unresolved reference to 'MaterialExpressionTextureSampleParameter2D'"MaterialGraphNode_5.MaterialExpressionTextureSampleParameter2D_0"',Mask=1,MaskR=1,MaskG=1,MaskB=1)'
[2019.05.08-02.40.12:425][659]LogUObjectHash: Warning: Ambiguous search, could be MaterialGraphNode /Engine/Transient.lambert1:MaterialGraph_0.MaterialGraphNode_14 or MaterialGraphNode /Engine/Transient.Trellis:MaterialGraph_0.MaterialGraphNode_14
[2019.05.08-02.40.12:425][659]LogProperty: Warning: ObjectProperty /Script/Engine.ExpressionInput:Expression: unresolved reference to 'MaterialExpressionAdd'"MaterialGraphNode_14.MaterialExpressionAdd_0"')'
[2019.05.08-02.40.12:427][659]LogUObjectHash: Warning: Ambiguous search, could be MaterialGraphNode /Engine/Transient.lambert1:MaterialGraph_0.MaterialGraphNode_14 or MaterialGraphNode /Engine/Transient.Trellis:MaterialGraph_0.MaterialGraphNode_14
[2019.05.08-02.40.12:427][659]LogProperty: Warning: ObjectProperty /Script/Engine.ExpressionInput:Expression: unresolved reference to 'MaterialExpressionAdd'"MaterialGraphNode_14.MaterialExpressionAdd_0"')'
[2019.05.08-02.40.12:431][659]LogUObjectHash: Warning: Ambiguous search, could be MaterialGraphNode /Engine/Transient.lambert1:MaterialGraph_0.MaterialGraphNode_7 or MaterialGraphNode /Engine/Transient.Trellis:MaterialGraph_0.MaterialGraphNode_7
[2019.05.08-02.40.12:432][659]LogProperty: Warning: ObjectProperty /Script/Engine.ExpressionInput:Expression: unresolved reference to 'MaterialExpressionScalarParameter'"MaterialGraphNode_7.MaterialExpressionScalarParameter_0"')'
[2019.05.08-02.40.12:432][659]LogUObjectHash: Warning: Ambiguous search, could be MaterialGraphNode /Engine/Transient.lambert1:MaterialGraph_0.MaterialGraphNode_8 or MaterialGraphNode /Engine/Transient.Trellis:MaterialGraph_0.MaterialGraphNode_8
[2019.05.08-02.40.12:432][659]LogProperty: Warning: ObjectProperty /Script/Engine.ExpressionInput:Expression: unresolved reference to 'MaterialExpressionScalarParameter'"MaterialGraphNode_8.MaterialExpressionScalarParameter_1"')'
[2019.05.08-02.40.12:433][659]LogUObjectHash: Warning: Ambiguous search, could be MaterialGraphNode /Engine/Transient.lambert1:MaterialGraph_0.MaterialGraphNode_6 or MaterialGraphNode /Engine/Transient.Trellis:MaterialGraph_0.MaterialGraphNode_6
[2019.05.08-02.40.12:433][659]LogProperty: Warning: ObjectProperty /Script/Engine.ExpressionInput:Expression: unresolved reference to 'MaterialExpressionTextureCoordinate'"MaterialGraphNode_6.MaterialExpressionTextureCoordinate_0"')'
[2019.05.08-02.40.12:434][659]LogUObjectHash: Warning: Ambiguous search, could be MaterialGraphNode /Engine/Transient.lambert1:MaterialGraph_0.MaterialGraphNode_11 or MaterialGraphNode /Engine/Transient.Trellis:MaterialGraph_0.MaterialGraphNode_11
[2019.05.08-02.40.12:434][659]LogProperty: Warning: ObjectProperty /Script/Engine.ExpressionInput:Expression: unresolved reference to 'MaterialExpressionAppendVector'"MaterialGraphNode_11.MaterialExpressionAppendVector_0"')'
[2019.05.08-02.40.12:435][659]LogUObjectHash: Warning: Ambiguous search, could be MaterialGraphNode /Engine/Transient.lambert1:MaterialGraph_0.MaterialGraphNode_10 or MaterialGraphNode /Engine/Transient.Trellis:MaterialGraph_0.MaterialGraphNode_10
[2019.05.08-02.40.12:435][659]LogProperty: Warning: ObjectProperty /Script/Engine.ExpressionInput:Expression: unresolved reference to 'MaterialExpressionScalarParameter'"MaterialGraphNode_10.MaterialExpressionScalarParameter_3"')'
[2019.05.08-02.40.12:435][659]LogUObjectHash: Warning: Ambiguous search, could be MaterialGraphNode /Engine/Transient.lambert1:MaterialGraph_0.MaterialGraphNode_9 or MaterialGraphNode /Engine/Transient.Trellis:MaterialGraph_0.MaterialGraphNode_9
[2019.05.08-02.40.12:436][659]LogProperty: Warning: ObjectProperty /Script/Engine.ExpressionInput:Expression: unresolved reference to 'MaterialExpressionScalarParameter'"MaterialGraphNode_9.MaterialExpressionScalarParameter_2"')'
[2019.05.08-02.40.12:437][659]LogUObjectHash: Warning: Ambiguous search, could be MaterialGraphNode /Engine/Transient.lambert1:MaterialGraph_0.MaterialGraphNode_12 or MaterialGraphNode /Engine/Transient.Trellis:MaterialGraph_0.MaterialGraphNode_12
[2019.05.08-02.40.12:437][659]LogProperty: Warning: ObjectProperty /Script/Engine.ExpressionInput:Expression: unresolved reference to 'MaterialExpressionMultiply'"MaterialGraphNode_12.MaterialExpressionMultiply_0"')'
[2019.05.08-02.40.12:437][659]LogUObjectHash: Warning: Ambiguous search, could be MaterialGraphNode /Engine/Transient.lambert1:MaterialGraph_0.MaterialGraphNode_13 or MaterialGraphNode /Engine/Transient.Trellis:MaterialGraph_0.MaterialGraphNode_13
[2019.05.08-02.40.12:437][659]LogProperty: Warning: ObjectProperty /Script/Engine.ExpressionInput:Expression: unresolved reference to 'MaterialExpressionAppendVector'"MaterialGraphNode_13.MaterialExpressionAppendVector_1"')'
[2019.05.08-02.40.12:486][659]LogMaterial: Display: Missing cached shader map for material Trellis, compiling. 
[2019.05.08-02.40.12:530][659]LogShaderCompilers: Display: Shaders left to compile 21
[2019.05.08-02.40.12:530][659]LogShaderCompilers: Display: Shaders left to compile 20
[2019.05.08-02.40.12:530][659]LogShaderCompilers: Display: Shaders left to compile 19
[2019.05.08-02.40.12:530][659]LogShaderCompilers: Display: Shaders left to compile 18
[2019.05.08-02.40.12:530][659]LogMaterial: Display: Missing cached shader map for material FMatExpressionPreview MaterialExpressionTextureSampleParameter2D_1, compiling. 
[2019.05.08-02.40.12:537][659]LogMaterial: Display: Missing cached shader map for material FMatExpressionPreview MaterialExpressionTextureSampleParameter2D_0, compiling. 
[2019.05.08-02.40.12:546][659]LogMaterial: Display: Missing cached shader map for material FMatExpressionPreview MaterialExpressionTextureCoordinate_0, compiling. 
[2019.05.08-02.40.12:555][659]LogMaterial: Display: Missing cached shader map for material FMatExpressionPreview MaterialExpressionVectorParameter_1, compiling. 
[2019.05.08-02.40.13:369][683]LogShaderCompilers: Display: Shaders left to compile 25
[2019.05.08-02.40.13:446][685]LogShaderCompilers: Display: Shaders left to compile 24
[2019.05.08-02.40.13:447][685]LogShaderCompilers: Display: Shaders left to compile 23
[2019.05.08-02.40.13:458][685]LogShaderCompilers: Display: Shaders left to compile 22
[2019.05.08-02.40.13:690][691]LogShaderCompilers: Display: Shaders left to compile 21
[2019.05.08-02.40.13:729][692]LogShaderCompilers: Display: Shaders left to compile 20
[2019.05.08-02.40.13:737][692]LogShaderCompilers: Display: Shaders left to compile 19
[2019.05.08-02.40.13:757][692]LogShaderCompilers: Display: Shaders left to compile 18
[2019.05.08-02.40.13:983][697]LogShaderCompilers: Display: Shaders left to compile 17
[2019.05.08-02.40.14:181][701]LogShaderCompilers: Display: Shaders left to compile 16
[2019.05.08-02.40.14:423][708]LogShaderCompilers: Display: Shaders left to compile 15
[2019.05.08-02.40.14:487][710]LogShaderCompilers: Display: Shaders left to compile 14
[2019.05.08-02.40.14:760][718]LogShaderCompilers: Display: Shaders left to compile 13
[2019.05.08-02.40.14:890][722]LogShaderCompilers: Display: Shaders left to compile 12
[2019.05.08-02.40.14:989][725]LogShaderCompilers: Display: Shaders left to compile 11
[2019.05.08-02.40.15:274][733]LogShaderCompilers: Display: Shaders left to compile 10
[2019.05.08-02.40.15:321][734]LogShaderCompilers: Display: Shaders left to compile 9
[2019.05.08-02.40.15:546][739]LogShaderCompilers: Display: Shaders left to compile 8
[2019.05.08-02.40.15:620][741]LogShaderCompilers: Display: Shaders left to compile 7
[2019.05.08-02.40.15:723][743]LogShaderCompilers: Display: Shaders left to compile 6
[2019.05.08-02.40.15:919][747]LogShaderCompilers: Display: Shaders left to compile 5
[2019.05.08-02.40.15:993][748]MaterialEditorStats: Base pass shader: 101 instructions
[2019.05.08-02.40.15:993][748]MaterialEditorStats: Base pass shader with Volumetric Lightmap: 174 instructions
[2019.05.08-02.40.15:993][748]MaterialEditorStats: Base pass vertex shader: 32 instructions
[2019.05.08-02.40.15:993][748]MaterialEditorStats: Texture samplers: 3/16
[2019.05.08-02.40.16:037][749]LogShaderCompilers: Display: Shaders left to compile 4
[2019.05.08-02.40.16:118][751]LogShaderCompilers: Display: Shaders left to compile 3
[2019.05.08-02.40.16:267][754]LogShaderCompilers: Display: Shaders left to compile 2
[2019.05.08-02.40.16:318][754]LogShaderCompilers: Display: Shaders left to compile 1
[2019.05.08-02.40.16:854][754]LogD3D11RHI: Timed out while waiting for GPU to catch up. (0.5 s)
[2019.05.08-02.40.16:855][754]LogD3D11RHI: Error: Result failed 
 at D:\Build\++UE4\Sync\Engine\Source\Runtime\Windows\D3D11RHI\Private\D3D11Query.cpp:146 
 with error DXGI_ERROR_DEVICE_REMOVED DXGI_ERROR_DEVICE_HUNG
[2019.05.08-02.40.16:855][754]LogD3D11RHI: [Aftermath] GDynamicRHI=000001BC854E0080, GDX11NVAfterMathEnabled=0, Result=0xFFFFFFFF, bDeviceActive=0
[2019.05.08-02.40.16:855][754]LogWindows: Windows GetLastError: The operation completed successfully. (0)
[2019.05.08-02.40.19:238][754]LogWindows: Windows GetLastError: The operation completed successfully. (0)
[2019.05.08-02.40.19:238][754]LogWindows: Error: === Critical error: ===
[2019.05.08-02.40.19:238][754]LogWindows: Error: 
[2019.05.08-02.40.19:238][754]LogWindows: Error: Fatal error: [File:D:\Build\++UE4\Sync\Engine\Source\Runtime\RenderCore\Private\RenderingThread.cpp] [Line: 826] 
[2019.05.08-02.40.19:238][754]LogWindows: Error: Rendering thread exception:
[2019.05.08-02.40.19:238][754]LogWindows: Error: Fatal error: [File:D:\Build\++UE4\Sync\Engine\Source\Runtime\Windows\D3D11RHI\Private\D3D11Util.cpp] [Line: 200] 
[2019.05.08-02.40.19:238][754]LogWindows: Error: Unreal Engine is exiting due to D3D device being lost. (Error: 0x887A0006 - 'HUNG')
[2019.05.08-02.40.19:238][754]LogWindows: Error: 
[2019.05.08-02.40.19:239][754]LogWindows: Error: 
[2019.05.08-02.40.19:239][754]LogWindows: Error: [Callstack] 0x00007ffa6d3ca388 KERNELBASE.dll!UnknownFunction []
[2019.05.08-02.40.19:239][754]LogWindows: Error: [Callstack] 0x00007ffa4af06850 UE4Editor-ApplicationCore.dll!UnknownFunction []
[2019.05.08-02.40.19:239][754]LogWindows: Error: [Callstack] 0x00007ffa1c7f62fc UE4Editor-Core.dll!UnknownFunction []
[2019.05.08-02.40.19:239][754]LogWindows: Error: [Callstack] 0x00007ffa1c7851db UE4Editor-Core.dll!UnknownFunction []
[2019.05.08-02.40.19:239][754]LogWindows: Error: [Callstack] 0x00007ffa0353adea UE4Editor-D3D11RHI.dll!UnknownFunction []
[2019.05.08-02.40.19:239][754]LogWindows: Error: [Callstack] 0x00007ffa0353e6e4 UE4Editor-D3D11RHI.dll!UnknownFunction []
[2019.05.08-02.40.19:239][754]LogWindows: Error: [Callstack] 0x00007ffa03515951 UE4Editor-D3D11RHI.dll!UnknownFunction []
[2019.05.08-02.40.19:239][754]LogWindows: Error: [Callstack] 0x00007ffa0352abf8 UE4Editor-D3D11RHI.dll!UnknownFunction []
[2019.05.08-02.40.19:239][754]LogWindows: Error: [Callstack] 0x00007ffa4999b106 UE4Editor-RHI.dll!UnknownFunction []
[2019.05.08-02.40.19:239][754]LogWindows: Error: [Callstack] 0x00007ffa032d1b42 UE4Editor-SlateRHIRenderer.dll!UnknownFunction []
[2019.05.08-02.40.19:239][754]LogWindows: Error: [Callstack] 0x00007ffa032d7d0a UE4Editor-SlateRHIRenderer.dll!UnknownFunction []
[2019.05.08-02.40.19:239][754]LogWindows: Error: [Callstack] 0x00007ffa1c611f92 UE4Editor-Core.dll!UnknownFunction []
[2019.05.08-02.40.19:239][754]LogWindows: Error: [Callstack] 0x00007ffa1c612456 UE4Editor-Core.dll!UnknownFunction []
[2019.05.08-02.40.19:239][754]LogWindows: Error: [Callstack] 0x00007ffa4b4775f9 UE4Editor-RenderCore.dll!UnknownFunction []
[2019.05.08-02.40.19:240][754]LogWindows: Error: [Callstack] 0x00007ffa4b478574 UE4Editor-RenderCore.dll!UnknownFunction []
[2019.05.08-02.40.19:240][754]LogWindows: Error: [Callstack] 0x00007ffa1ca56b7c UE4Editor-Core.dll!UnknownFunction []
[2019.05.08-02.40.19:240][754]LogWindows: Error: [Callstack] 0x00007ffa1ca517c7 UE4Editor-Core.dll!UnknownFunction []
[2019.05.08-02.40.19:240][754]LogWindows: Error: [Callstack] 0x00007ffa70624034 KERNEL32.DLL!UnknownFunction []
[2019.05.08-02.40.19:240][754]LogWindows: Error: [Callstack] 0x00007ffa707c3691 ntdll.dll!UnknownFunction []
[2019.05.08-02.40.19:240][754]LogWindows: Error: 
[2019.05.08-02.40.19:240][754]LogWindows: Error: 
[2019.05.08-02.40.19:240][754]LogWindows: Error: 
[2019.05.08-02.40.19:240][754]LogWindows: Error: 
[2019.05.08-02.40.19:275][754]LogExit: Executing StaticShutdownAfterError
[2019.05.08-02.40.19:280][754]LogWindows: FPlatformMisc::RequestExit(1)
[2019.05.08-02.40.19:282][754]Log file closed, 05/07/19 20:40:19
