Log file open, 04/30/19 08:42:52
LogWindows: Failed to load 'aqProf.dll' (GetLastError=126)
LogWindows: File 'aqProf.dll' does not exist
LogWindows: Failed to load 'VSPerf140.dll' (GetLastError=126)
LogWindows: File 'VSPerf140.dll' does not exist
LogWindows: Failed to load 'VtuneApi.dll' (GetLastError=126)
LogWindows: File 'VtuneApi.dll' does not exist
LogWindows: Failed to load 'VtuneApi32e.dll' (GetLastError=126)
LogWindows: File 'VtuneApi32e.dll' does not exist
LogInit: Display: Running engine for game: cly_iCWB_AP
LogPlatformFile: Not using cached read wrapper
LogTaskGraph: Started task graph with 5 named threads and 23 total threads with 3 sets of task threads.
LogStats: Stats thread started at 0.327370
LogD3D11RHI: Loaded GFSDK_Aftermath_Lib.x64.dll
LogICUInternationalization: Display: ICU TimeZone Detection - Raw Offset: -7:00, Platform Override: ''
LogPluginManager: Mounting plugin Paper2D
LogPluginManager: Mounting plugin AISupport
LogPluginManager: Mounting plugin LightPropagationVolume
LogPluginManager: Mounting plugin CLionSourceCodeAccess
LogPluginManager: Mounting plugin CodeLiteSourceCodeAccess
LogPluginManager: Mounting plugin GitSourceControl
LogPluginManager: Mounting plugin KDevelopSourceCodeAccess
LogPluginManager: Mounting plugin NullSourceCodeAccess
LogPluginManager: Mounting plugin PerforceSourceControl
LogPluginManager: Mounting plugin SubversionSourceControl
LogPluginManager: Mounting plugin UObjectPlugin
LogPluginManager: Mounting plugin VisualStudioCodeSourceCodeAccess
LogPluginManager: Mounting plugin VisualStudioSourceCodeAccess
LogPluginManager: Mounting plugin XCodeSourceCodeAccess
LogPluginManager: Mounting plugin AssetManagerEditor
LogPluginManager: Mounting plugin CryptoKeys
LogPluginManager: Mounting plugin DataValidation
LogPluginManager: Mounting plugin FacialAnimation
LogPluginManager: Mounting plugin GameplayTagsEditor
LogPluginManager: Mounting plugin MacGraphicsSwitching
LogPluginManager: Mounting plugin MeshEditor
LogPluginManager: Mounting plugin MobileLauncherProfileWizard
LogPluginManager: Mounting plugin PluginBrowser
LogPluginManager: Mounting plugin SpeedTreeImporter
LogPluginManager: Mounting plugin DatasmithContent
LogPluginManager: Mounting plugin AlembicImporter
LogPluginManager: Mounting plugin AppleImageUtils
LogPluginManager: Mounting plugin AppleVision
LogPluginManager: Mounting plugin BackChannel
LogPluginManager: Mounting plugin CharacterAI
LogPluginManager: Mounting plugin GeometryCache
LogPluginManager: Mounting plugin HTML5Networking
LogPluginManager: Mounting plugin ProxyLODPlugin
LogPluginManager: Mounting plugin MagicLeap
LogPluginManager: Mounting plugin MagicLeapEmulator
LogPluginManager: Mounting plugin MagicLeapMedia
LogPluginManager: Mounting plugin AndroidMedia
LogPluginManager: Mounting plugin AvfMedia
LogPluginManager: Mounting plugin ImgMedia
LogPluginManager: Mounting plugin LinearTimecode
LogPluginManager: Mounting plugin MediaCompositing
LogPluginManager: Mounting plugin MediaPlayerEditor
LogPluginManager: Mounting plugin WmfMedia
LogPluginManager: Mounting plugin TcpMessaging
LogPluginManager: Mounting plugin UdpMessaging
LogPluginManager: Mounting plugin ActorSequence
LogPluginManager: Mounting plugin LevelSequenceEditor
LogPluginManager: Mounting plugin MatineeToLevelSequence
LogPluginManager: Mounting plugin NetcodeUnitTest
LogPluginManager: Mounting plugin NUTUnrealEngine4
LogPluginManager: Mounting plugin OnlineSubsystemGooglePlay
LogPluginManager: Mounting plugin OnlineSubsystemIOS
LogPluginManager: Mounting plugin OnlineSubsystem
LogPluginManager: Mounting plugin OnlineSubsystemNull
LogPluginManager: Mounting plugin OnlineSubsystemUtils
LogPluginManager: Mounting plugin LauncherChunkInstaller
LogPluginManager: Mounting plugin AndroidDeviceProfileSelector
LogPluginManager: Mounting plugin AndroidMoviePlayer
LogPluginManager: Mounting plugin AndroidPermission
LogPluginManager: Mounting plugin AppleMoviePlayer
LogPluginManager: Mounting plugin ArchVisCharacter
LogPluginManager: Mounting plugin AudioCapture
LogPluginManager: Mounting plugin CableComponent
LogPluginManager: Mounting plugin CustomMeshComponent
LogPluginManager: Mounting plugin EditableMesh
LogPluginManager: Mounting plugin ExampleDeviceProfileSelector
LogPluginManager: Mounting plugin GoogleCloudMessaging
LogPluginManager: Mounting plugin ImmediatePhysics
LogPluginManager: Mounting plugin IOSDeviceProfileSelector
LogPluginManager: Mounting plugin LinuxDeviceProfileSelector
LogPluginManager: Mounting plugin LocationServicesBPLibrary
LogPluginManager: Mounting plugin MobilePatchingUtils
LogPluginManager: Mounting plugin OculusVR
LogPluginManager: Plugin shader directory ../../../Engine/Plugins/Runtime/Oculus/OculusVR/Shaders found
LogPluginManager: Mapping shader source directory ../../../Engine/Plugins/Runtime/Oculus/OculusVR/Shaders to virtual directory /Plugin/OculusVR
LogPluginManager: Mounting plugin PhysXVehicles
LogPluginManager: Mounting plugin ProceduralMeshComponent
LogPluginManager: Mounting plugin RuntimePhysXCooking
LogPluginManager: Mounting plugin SteamVR
LogPluginManager: Mounting plugin WindowsMoviePlayer
LogStreaming: Display: Took  0.192s to configure plugins.
LogInit: Using libcurl 7.55.1-DEV
LogInit:  - built for x86_64-pc-win32
LogInit:  - supports SSL with OpenSSL/1.0.2h
LogInit:  - supports HTTP deflate (compression) using libz 1.2.8
LogInit:  - other features:
LogInit:      CURL_VERSION_SSL
LogInit:      CURL_VERSION_LIBZ
LogInit:      CURL_VERSION_IPV6
LogInit:      CURL_VERSION_ASYNCHDNS
LogInit:      CURL_VERSION_LARGEFILE
LogInit:      CURL_VERSION_IDN
LogInit:  CurlRequestOptions (configurable via config and command line):
LogInit:  - bVerifyPeer = false  - Libcurl will NOT verify peer certificate
LogInit:  - bUseHttpProxy = false  - Libcurl will NOT use HTTP proxy
LogInit:  - bDontReuseConnections = false  - Libcurl will reuse connections
LogInit:  - CertBundlePath = nullptr  - Libcurl will use whatever was configured at build time.
LogInit:  - MaxHostConnections = 16  - Libcurl will limit the number of connections to a host
LogInit:  - LocalHostAddr = Default
LogInit:  - BufferSize = 65536
LogInit: WinSock: version 1.1 (2.2), MaxSocks=32767, MaxUdp=65467
LogInit: Build: ++UE4+Release-4.20-CL-4369336
LogInit: Engine Version: 4.20.3-4369336+++UE4+Release-4.20
LogInit: Compatible Engine Version: 4.20.0-4212847+++UE4+Release-4.20
LogInit: Net CL: 4212847
LogInit: OS: Windows 10 (), CPU: Intel(R) Core(TM) i5-8300H CPU @ 2.30GHz, GPU: Intel(R) UHD Graphics 630
LogInit: Compiled (64-bit): Sep 17 2018 12:26:19
LogInit: Compiled with Visual C++: 19.13.26129.00
LogInit: Build Configuration: Development
LogInit: Branch Name: ++UE4+Release-4.20
LogInit: Command Line: 
LogInit: Base Directory: C:/Program Files/Epic Games/UE_4.20/Engine/Binaries/Win64/
LogInit: Installed Engine Build: 1
LogDevObjectVersion: Number of dev versions registered: 20
LogDevObjectVersion:   Dev-Blueprints (B0D832E4-1F89-4F0D-ACCF-7EB736FD4AA2): 10
LogDevObjectVersion:   Dev-Build (E1C64328-A22C-4D53-A36C-8E866417BD8C): 0
LogDevObjectVersion:   Dev-Core (375EC13C-06E4-48FB-B500-84F0262A717E): 2
LogDevObjectVersion:   Dev-Editor (E4B068ED-F494-42E9-A231-DA0B2E46BB41): 24
LogDevObjectVersion:   Dev-Framework (CFFC743F-43B0-4480-9391-14DF171D2073): 34
LogDevObjectVersion:   Dev-Mobile (B02B49B5-BB20-44E9-A304-32B752E40360): 2
LogDevObjectVersion:   Dev-Networking (A4E4105C-59A1-49B5-A7C5-40C4547EDFEE): 0
LogDevObjectVersion:   Dev-Online (39C831C9-5AE6-47DC-9A44-9C173E1C8E7C): 0
LogDevObjectVersion:   Dev-Physics (78F01B33-EBEA-4F98-B9B4-84EACCB95AA2): 0
LogDevObjectVersion:   Dev-Platform (6631380F-2D4D-43E0-8009-CF276956A95A): 0
LogDevObjectVersion:   Dev-Rendering (12F88B9F-8875-4AFC-A67C-D90C383ABD29): 26
LogDevObjectVersion:   Dev-Sequencer (7B5AE74C-D270-4C10-A958-57980B212A5A): 9
LogDevObjectVersion:   Dev-VR (D7296918-1DD6-4BDD-9DE2-64A83CC13884): 2
LogDevObjectVersion:   Dev-LoadTimes (C2A15278-BFE7-4AFE-6C17-90FF531DF755): 1
LogDevObjectVersion:   Private-Geometry (6EACA3D4-40EC-4CC1-B786-8BED09428FC5): 3
LogDevObjectVersion:   Dev-AnimPhys (29E575DD-E0A3-4627-9D10-D276232CDCEA): 17
LogDevObjectVersion:   Dev-ReflectionCapture (6B266CEC-1EC7-4B8F-A30B-E4D90942FC07): 1
LogDevObjectVersion:   Dev-Automation (0DF73D61-A23F-47EA-B727-89E90C41499A): 1
LogDevObjectVersion:   FortniteMain (601D1886-AC64-4F84-AA16-D3DE0DEAC7D6): 12
LogDevObjectVersion:   Dev-Enterprise (9DFFBCD6-494F-0158-E221-12823C92A888): 1
LogStreaming: Display: Took  0.006s to delete old logs.
LogInit: Presizing for max 8388607 objects, including 0 objects not considered by GC, pre-allocating 0 bytes for permanent pool.
LogInit: Object subsystem initialized
[2019.04.30-14.42.52:923][  0]LogInit: Selected Device Profile: [Windows]
[2019.04.30-14.42.52:923][  0]LogInit: Applying CVar settings loaded from the selected device profile: [Windows]
[2019.04.30-14.42.52:949][  0]LogHAL: Display: Platform has ~ 8 GB [8424574976 / 8589934592 / 8], which maps to Default [LargestMinGB=32, LargerMinGB=12, DefaultMinGB=8, SmallerMinGB=6, SmallestMinGB=0)
[2019.04.30-14.42.52:949][  0]LogInit: Setting Device Profile CVar: [[r.Vulkan.UseRealUBs:1]]
[2019.04.30-14.42.52:949][  0]LogInit: Going up to parent DeviceProfile []
[2019.04.30-14.42.52:950][  0]LogInit: Computer: DESKTOP-4HEA2F2
[2019.04.30-14.42.52:950][  0]LogInit: User: black
[2019.04.30-14.42.52:950][  0]LogInit: CPU Page size=4096, Cores=4
[2019.04.30-14.42.52:950][  0]LogInit: High frequency timer resolution =2.249996 MHz
[2019.04.30-14.42.52:950][  0]LogMemory: Memory total: Physical=7.8GB (8GB approx)
[2019.04.30-14.42.52:950][  0]LogMemory: Platform Memory Stats for Windows
[2019.04.30-14.42.52:950][  0]LogMemory: Process Physical Memory: 99.26 MB used, 99.26 MB peak
[2019.04.30-14.42.52:950][  0]LogMemory: Process Virtual Memory: 90.85 MB used, 90.85 MB peak
[2019.04.30-14.42.52:950][  0]LogMemory: Physical Memory: 5729.57 MB used,  2304.73 MB free, 8034.30 MB total
[2019.04.30-14.42.52:950][  0]LogMemory: Virtual Memory: 4645.23 MB used,  2304.73 MB free, 134217728.00 MB total
[2019.04.30-14.42.52:980][  0]LogInit: Using OS detected language (en-US).
[2019.04.30-14.42.52:980][  0]LogInit: Using OS detected locale (en-US).
[2019.04.30-14.42.52:981][  0]LogTextLocalizationManager: No specific localization for 'en-US' exists, so the 'en' localization will be used.
[2019.04.30-14.42.53:579][  0]LogStreaming: Display: Took  0.599s to InitEngineTextLocalization.
[2019.04.30-14.42.53:579][  0]LogInit: Setting process to per monitor DPI aware
[2019.04.30-14.42.53:619][  0]LogSlate: New Slate User Created.  User Index 0, Is Virtual User: 0
[2019.04.30-14.42.53:619][  0]LogSlate: Slate User Registered.  User Index 0, Is Virtual User: 0
[2019.04.30-14.42.53:978][  0]LogHMD: Failed to initialize OpenVR with code 110
[2019.04.30-14.42.53:978][  0]LogD3D11RHI: D3D11 adapters:
[2019.04.30-14.42.54:057][  0]LogD3D11RHI:    0. 'NVIDIA GeForce GTX 1050 Ti' (Feature Level 11_0)
[2019.04.30-14.42.54:057][  0]LogD3D11RHI:       4029/0/4017 MB DedicatedVideo/DedicatedSystem/SharedSystem, Outputs:1, VendorId:0x10de
[2019.04.30-14.42.54:074][  0]LogD3D11RHI:    1. 'Intel(R) UHD Graphics 630' (Feature Level 11_0)
[2019.04.30-14.42.54:074][  0]LogD3D11RHI:       128/0/4017 MB DedicatedVideo/DedicatedSystem/SharedSystem, Outputs:0, VendorId:0x8086
[2019.04.30-14.42.54:076][  0]LogD3D11RHI:    2. 'Microsoft Basic Render Driver' (Feature Level 11_0)
[2019.04.30-14.42.54:076][  0]LogD3D11RHI:       0/0/4017 MB DedicatedVideo/DedicatedSystem/SharedSystem, Outputs:0, VendorId:0x1414
[2019.04.30-14.42.54:076][  0]LogD3D11RHI: Chosen D3D11 Adapter: 0
[2019.04.30-14.42.54:137][  0]LogD3D11RHI: Creating new Direct3DDevice
[2019.04.30-14.42.54:137][  0]LogD3D11RHI:     GPU DeviceId: 0x1c8c (for the marketing name, search the web for "GPU Device Id")
[2019.04.30-14.42.54:137][  0]LogWindows: EnumDisplayDevices:
[2019.04.30-14.42.54:137][  0]LogWindows:    0. 'Intel(R) UHD Graphics 630' (P:1 D:1)
[2019.04.30-14.42.54:138][  0]LogWindows:    1. 'Intel(R) UHD Graphics 630' (P:0 D:0)
[2019.04.30-14.42.54:138][  0]LogWindows:    2. 'Intel(R) UHD Graphics 630' (P:0 D:0)
[2019.04.30-14.42.54:138][  0]LogWindows:    3. 'NVIDIA GeForce GTX 1050 Ti' (P:0 D:0)
[2019.04.30-14.42.54:138][  0]LogWindows: DebugString: PrimaryIsNotTheChoosenAdapter PrimaryIsNotTheChoosenAdapter PrimaryIsNotTheChoosenAdapter 
[2019.04.30-14.42.54:138][  0]LogD3D11RHI:     Adapter Name: NVIDIA GeForce GTX 1050 Ti
[2019.04.30-14.42.54:138][  0]LogD3D11RHI:   Driver Version: 388.73 (internal:23.21.13.8873, unified:388.73)
[2019.04.30-14.42.54:138][  0]LogD3D11RHI:      Driver Date: 12-18-2017
[2019.04.30-14.42.54:138][  0]LogRHI: Texture pool is 2820 MB (70% of 4029 MB)
[2019.04.30-14.42.54:178][  0]LogD3D11RHI: Async texture creation enabled
[2019.04.30-14.42.54:195][  0]LogD3D11RHI: GPU Timing Frequency: 1000.000000 (Debug: 2 1)
[2019.04.30-14.42.54:196][  0]LogShaderCompilers: Guid format shader working directory is -44 characters bigger than the processId version (../../../../../../Users/black/Documents/GitHub/cly_AssetPipeline/cly_iCWB_AP/firstProject/Intermediate/Shaders/WorkingDirectory/21064/).
[2019.04.30-14.42.54:197][  0]LogShaderCompilers: Cleaned the shader compiler working directory 'C:/Users/black/AppData/Local/Temp/UnrealShaderWorkingDir/1B6CCE2B42BDD2361D72C6875728A2DE/'.
[2019.04.30-14.42.54:631][  0]LogTemp: Display: Loaded TP AllDesktopTargetPlatform
[2019.04.30-14.42.54:657][  0]LogTemp: Display: Loaded TP MacClientTargetPlatform
[2019.04.30-14.42.54:688][  0]LogTemp: Display: Loaded TP MacNoEditorTargetPlatform
[2019.04.30-14.42.54:725][  0]LogTemp: Display: Loaded TP MacServerTargetPlatform
[2019.04.30-14.42.54:751][  0]LogTemp: Display: Loaded TP MacTargetPlatform
[2019.04.30-14.42.54:773][  0]LogTemp: Display: Loaded TP WindowsClientTargetPlatform
[2019.04.30-14.42.54:793][  0]LogTemp: Display: Loaded TP WindowsNoEditorTargetPlatform
[2019.04.30-14.42.54:819][  0]LogTemp: Display: Loaded TP WindowsServerTargetPlatform
[2019.04.30-14.42.54:832][  0]LogTemp: Display: Loaded TP WindowsTargetPlatform
[2019.04.30-14.42.54:965][  0]LogTemp: Display: Loaded TP AndroidTargetPlatform
[2019.04.30-14.42.54:965][  0]LogTemp: Display: Loaded TP AndroidTargetPlatform
[2019.04.30-14.42.54:965][  0]LogTemp: Display: Loaded TP AndroidTargetPlatform
[2019.04.30-14.42.54:965][  0]LogTemp: Display: Loaded TP AndroidTargetPlatform
[2019.04.30-14.42.54:965][  0]LogTemp: Display: Loaded TP AndroidTargetPlatform
[2019.04.30-14.42.54:965][  0]LogTemp: Display: Loaded TP AndroidTargetPlatform
[2019.04.30-14.42.54:965][  0]LogTemp: Display: Loaded TP AndroidTargetPlatform
[2019.04.30-14.42.54:965][  0]LogTemp: Display: Loaded TP AndroidTargetPlatform
[2019.04.30-14.42.54:965][  0]LogTemp: Display: Loaded TP AndroidTargetPlatform
[2019.04.30-14.42.54:965][  0]LogTemp: Display: Loaded TP AndroidTargetPlatform
[2019.04.30-14.42.54:965][  0]LogTemp: Display: Loaded TP AndroidTargetPlatform
[2019.04.30-14.42.54:965][  0]LogTemp: Display: Loaded TP AndroidTargetPlatform
[2019.04.30-14.42.54:965][  0]LogTemp: Display: Loaded TP AndroidTargetPlatform
[2019.04.30-14.42.54:965][  0]LogTemp: Display: Loaded TP AndroidTargetPlatform
[2019.04.30-14.42.54:965][  0]LogTemp: Display: Loaded TP AndroidTargetPlatform
[2019.04.30-14.42.54:965][  0]LogTemp: Display: Loaded TP AndroidTargetPlatform
[2019.04.30-14.42.54:965][  0]LogTemp: Display: Loaded TP AndroidTargetPlatform
[2019.04.30-14.42.54:965][  0]LogTemp: Display: Loaded TP AndroidTargetPlatform
[2019.04.30-14.42.54:967][  0]LogTemp: Display: Loaded TP HTML5TargetPlatform
[2019.04.30-14.42.55:051][  0]LogTemp: Display: Loaded TP IOSTargetPlatform
[2019.04.30-14.42.55:051][  0]LogTemp: Display: Loaded TP IOSTargetPlatform
[2019.04.30-14.42.55:091][  0]LogTemp: Display: Loaded TP TVOSTargetPlatform
[2019.04.30-14.42.55:091][  0]LogTemp: Display: Loaded TP TVOSTargetPlatform
[2019.04.30-14.42.55:122][  0]LogTemp: Display: Loaded TP LinuxClientTargetPlatform
[2019.04.30-14.42.55:140][  0]LogTemp: Display: Loaded TP LinuxNoEditorTargetPlatform
[2019.04.30-14.42.55:157][  0]LogTemp: Display: Loaded TP LinuxServerTargetPlatform
[2019.04.30-14.42.55:185][  0]LogTemp: Display: Loaded TP LinuxTargetPlatform
[2019.04.30-14.42.55:198][  0]LogTemp: Display: Loaded TP LuminTargetPlatform
[2019.04.30-14.42.55:198][  0]LogTargetPlatformManager: Display: Building Assets For Windows
[2019.04.30-14.42.55:296][  0]LogXGEController: Cannot use XGE Controller as Incredibuild is not installed on this machine.
[2019.04.30-14.42.55:296][  0]LogShaderCompilers: Cannot use XGE Shader Compiler as Incredibuild is not installed on this machine.
[2019.04.30-14.42.55:296][  0]LogShaderCompilers: Display: Using Local Shader Compiler.
[2019.04.30-14.42.56:587][  0]LogDerivedDataCache: Display: Max Cache Size: 512 MB
[2019.04.30-14.42.56:661][  0]LogDerivedDataCache: Loaded boot cache 0.07s 71MB C:/Users/black/AppData/Local/UnrealEngine/4.20/DerivedDataCache/Boot.ddc.
[2019.04.30-14.42.56:662][  0]LogDerivedDataCache: Display: Loaded Boot cache: C:/Users/black/AppData/Local/UnrealEngine/4.20/DerivedDataCache/Boot.ddc
[2019.04.30-14.42.56:662][  0]LogDerivedDataCache: FDerivedDataBackendGraph:  Pak pak cache file ../../../../../../Users/black/Documents/GitHub/cly_AssetPipeline/cly_iCWB_AP/firstProject/DerivedDataCache/DDC.ddp not found, will not use a pak cache.
[2019.04.30-14.42.56:662][  0]LogDerivedDataCache: Unable to find inner node Pak for hierarchical cache Hierarchy.
[2019.04.30-14.42.56:662][  0]LogDerivedDataCache: FDerivedDataBackendGraph:  CompressedPak pak cache file ../../../../../../Users/black/Documents/GitHub/cly_AssetPipeline/cly_iCWB_AP/firstProject/DerivedDataCache/Compressed.ddp not found, will not use a pak cache.
[2019.04.30-14.42.56:662][  0]LogDerivedDataCache: Unable to find inner node CompressedPak for hierarchical cache Hierarchy.
[2019.04.30-14.42.56:684][  0]LogDerivedDataCache: Display: Pak cache opened for reading ../../../Engine/DerivedDataCache/Compressed.ddp.
[2019.04.30-14.42.56:696][  0]LogDerivedDataCache: Using Local data cache path C:/Users/black/AppData/Local/UnrealEngine/Common/DerivedDataCache: Writable
[2019.04.30-14.42.56:696][  0]LogDerivedDataCache: Shared data cache path not found in *engine.ini, will not use an Shared cache.
[2019.04.30-14.42.56:696][  0]LogDerivedDataCache: Unable to find inner node Shared for hierarchical cache Hierarchy.
[2019.04.30-14.42.56:724][  0]LogMaterial: Verifying Global Shaders for PCD3D_SM5
[2019.04.30-14.42.56:726][  0]LogSlate: Using FreeType 2.6.0
[2019.04.30-14.42.56:727][  0]LogSlate: SlateFontServices - WITH_FREETYPE: 1, WITH_HARFBUZZ: 1
[2019.04.30-14.42.56:825][  0]LogAssetRegistry: FAssetRegistry took 0.0276 seconds to start up
[2019.04.30-14.42.57:367][  0]LogInit: Selected Device Profile: [Windows]
[2019.04.30-14.42.57:576][  0]LogSimplygon: Simplygon DLL not present - disabling.
[2019.04.30-14.42.57:582][  0]LogMeshReduction: Using SimplygonSwarm for distributed automatic mesh merging
[2019.04.30-14.42.57:582][  0]LogMeshReduction: Using ProxyLODMeshReduction for automatic mesh merging
[2019.04.30-14.42.57:582][  0]LogMeshReduction: Using QuadricMeshReduction for automatic static mesh reduction
[2019.04.30-14.42.57:582][  0]LogMeshReduction: No automatic skeletal mesh reduction module available
[2019.04.30-14.42.57:604][  0]LogNetVersion: cly_iCWB_AP 1.0.0, NetCL: 4212847, EngineNetVer: 5, GameNetVer: 0 (Checksum: 2002434292)
[2019.04.30-14.42.58:513][  0]LogPackageLocalizationCache: Processed 11 localized package path(s) for 2 prioritized culture(s) in 0.228137 seconds
[2019.04.30-14.42.58:524][  0]LogUObjectArray: 38425 objects as part of root set at end of initial load.
[2019.04.30-14.42.58:524][  0]LogUObjectAllocator: 6690864 out of 0 bytes used by permanent object pool.
[2019.04.30-14.42.58:524][  0]LogUObjectArray: CloseDisregardForGC: 0/0 objects in disregard for GC pool
[2019.04.30-14.43.00:099][  0]LogTcpMessaging: Initializing TcpMessaging bridge
[2019.04.30-14.43.00:115][  0]LogUdpMessaging: Initializing bridge on interface 0.0.0.0:0 to multicast group 230.0.0.1:6666.
[2019.04.30-14.43.00:325][  0]SourceControl: Source control is disabled
[2019.04.30-14.43.00:325][  0]SourceControl: Source control is disabled
[2019.04.30-14.43.00:327][  0]SourceControl: Source control is disabled
[2019.04.30-14.43.00:329][  0]SourceControl: Source control is disabled
[2019.04.30-14.43.00:524][  0]LogAndroidPermission: UAndroidPermissionCallbackProxy::GetInstance
[2019.04.30-14.43.00:582][  0]LogOcInput: OculusInput pre-init called
[2019.04.30-14.43.00:665][  0]LogEngine: Initializing Engine...
[2019.04.30-14.43.00:666][  0]LogHMD: Failed to initialize OpenVR with code 110
[2019.04.30-14.43.00:668][  0]LogStats: UGameplayTagsManager::ConstructGameplayTagTree: ImportINI prefixes -  0.000 s
[2019.04.30-14.43.00:669][  0]LogStats: UGameplayTagsManager::ConstructGameplayTagTree: Construct from data asset -  0.000 s
[2019.04.30-14.43.00:669][  0]LogStats: UGameplayTagsManager::ConstructGameplayTagTree: ImportINI -  0.000 s
[2019.04.30-14.43.00:669][  0]LogStats: UGameplayTagsManager::ConstructGameplayTagTree: GameplayTagTreeChangedEvent.Broadcast -  0.000 s
[2019.04.30-14.43.01:014][  0]LogInit: Initializing FReadOnlyCVARCache
[2019.04.30-14.43.01:036][  0]LogAIModule: Creating AISystem for world Untitled
[2019.04.30-14.43.01:126][  0]LogInit: XAudio2 using 'Speakers (Realtek High Definition Audio)' : 2 channels at 48 kHz using 32 bits per sample (channel mask 0x3)
[2019.04.30-14.43.01:152][  0]LogInit: FAudioDevice initialized.
[2019.04.30-14.43.01:153][  0]LogNetVersion: Set ProjectVersion to 1.0.0.0. Version Checksum will be recalculated on next use.
[2019.04.30-14.43.01:279][  0]LogDerivedDataCache: Saved boot cache 0.13s 71MB C:/Users/black/AppData/Local/UnrealEngine/4.20/DerivedDataCache/Boot.ddc.
[2019.04.30-14.43.01:315][  0]LogInit: Texture streaming: Enabled
[2019.04.30-14.43.01:366][  0]LogEngineSessionManager: EngineSessionManager initialized
[2019.04.30-14.43.01:366][  0]LogEngineSessionManager: EngineSessionManager sent abnormal shutdown report. Type=Crashed, SessionId={ECC44C1D-4F2A-AEC4-0AF3-369F5FEAD98E}
[2019.04.30-14.43.01:388][  0]LogInit: Transaction tracking system initialized
[2019.04.30-14.43.01:449][  0]BlueprintLog: New page: Editor Load
[2019.04.30-14.43.01:675][  0]LocalizationService: Localization service is disabled
[2019.04.30-14.43.02:121][  0]LogCook: Display: Max memory allowance for cook 16384mb min free memory 0mb
[2019.04.30-14.43.02:121][  0]LogCook: Display: Mobile HDR setting 1
[2019.04.30-14.43.02:121][  0]LogGameplayTags: Display: UGameplayTagsManager::DoneAddingNativeTags. DelegateIsBound: 0
[2019.04.30-14.43.02:121][  0]LogStats: UGameplayTagsManager::ConstructGameplayTagTree: ImportINI prefixes -  0.000 s
[2019.04.30-14.43.02:121][  0]LogStats: UGameplayTagsManager::ConstructGameplayTagTree: Construct from data asset -  0.000 s
[2019.04.30-14.43.02:121][  0]LogFileCache: Scanning file cache for directory 'C:/Users/black/Documents/GitHub/cly_AssetPipeline/cly_iCWB_AP/firstProject/Content/' took 0.01s
[2019.04.30-14.43.02:121][  0]LogStats: UGameplayTagsManager::ConstructGameplayTagTree: ImportINI -  0.000 s
[2019.04.30-14.43.02:121][  0]LogStats: UGameplayTagsManager::ConstructGameplayTagTree: GameplayTagTreeChangedEvent.Broadcast -  0.000 s
[2019.04.30-14.43.02:309][  0]SourceControl: Source control is disabled
[2019.04.30-14.43.02:310][  0]Cmd: MAP LOAD FILE="../../../Engine/Content/Maps/Templates/Template_Default.umap" TEMPLATE=1 SHOWPROGRESS=1 FEATURELEVEL=3
[2019.04.30-14.43.02:310][  0]LightingResults: New page: Lighting Build
[2019.04.30-14.43.02:316][  0]MapCheck: New page: Map Check
[2019.04.30-14.43.02:317][  0]LightingResults: New page: Lighting Build
[2019.04.30-14.43.02:683][  0]LogAIModule: Creating AISystem for world Untitled_1
[2019.04.30-14.43.02:692][  0]LogEditorServer: Finished looking for orphan Actors (0.000 secs)
[2019.04.30-14.43.02:726][  0]Cmd: MAP CHECKDEP NOCLEARLOG
[2019.04.30-14.43.02:830][  0]MapCheck: Map check complete: 0 Error(s), 0 Warning(s), took 103.017ms to complete.
[2019.04.30-14.43.02:830][  0]LogFileHelpers: Loading map 'Template_Default' took 0.520
[2019.04.30-14.43.02:955][  0]LogSlate: Updating window title bar state: overlay mode, drag disabled, window buttons hidden, title bar hidden
[2019.04.30-14.43.02:974][  0]LogSlate: Updating window title bar state: overlay mode, drag disabled, window buttons hidden, title bar hidden
[2019.04.30-14.43.02:990][  0]LogSlate: Updating window title bar state: overlay mode, drag disabled, window buttons hidden, title bar hidden
[2019.04.30-14.43.03:008][  0]LogSlate: Updating window title bar state: overlay mode, drag disabled, window buttons hidden, title bar hidden
[2019.04.30-14.43.03:025][  0]LogCollectionManager: Loaded 0 collections in 0.006041 seconds
[2019.04.30-14.43.03:082][  0]LogFileCache: Scanning file cache for directory 'C:/Users/black/Documents/GitHub/cly_AssetPipeline/cly_iCWB_AP/firstProject/Saved/Collections/' took 0.01s
[2019.04.30-14.43.03:082][  0]LogFileCache: Scanning file cache for directory 'C:/Users/black/Documents/GitHub/cly_AssetPipeline/cly_iCWB_AP/firstProject/Content/Developers/black/Collections/' took 0.01s
[2019.04.30-14.43.03:082][  0]LogFileCache: Scanning file cache for directory 'C:/Users/black/Documents/GitHub/cly_AssetPipeline/cly_iCWB_AP/firstProject/Content/Collections/' took 0.01s
[2019.04.30-14.43.03:082][  0]LogCollectionManager: Rebuilt the GUID cache for 0 collections in 0.000001 seconds
[2019.04.30-14.43.03:109][  0]LogContentBrowser: Native class hierarchy populated in 0.0266 seconds. Added 2572 classes and 603 folders.
[2019.04.30-14.43.03:132][  0]LogContentBrowser: Native class hierarchy updated for 'WidgetCarousel' in 0.0008 seconds. Added 0 classes and 0 folders.
[2019.04.30-14.43.03:212][  0]LogContentBrowser: Native class hierarchy updated for 'AddContentDialog' in 0.0004 seconds. Added 0 classes and 0 folders.
[2019.04.30-14.43.03:220][  0]LogContentBrowser: Native class hierarchy updated for 'SceneOutliner' in 0.0003 seconds. Added 1 classes and 2 folders.
[2019.04.30-14.43.03:240][  0]LogSlate: Took 0.000476 seconds to synchronously load lazily loaded font '../../../Engine/Content/Slate/Fonts/Roboto-Regular.ttf' (155K)
[2019.04.30-14.43.03:244][  0]LogSlate: Took 0.000326 seconds to synchronously load lazily loaded font '../../../Engine/Content/Slate/Fonts/Roboto-Bold.ttf' (160K)
[2019.04.30-14.43.03:254][  0]LogSlate: Took 0.000349 seconds to synchronously load lazily loaded font '../../../Engine/Content/Editor/Slate/Fonts/FontAwesome.ttf' (139K)
[2019.04.30-14.43.03:345][  0]LogRenderer: Reallocating scene render targets to support 1188x504 Format 10 NumSamples 1 (Frame:1).
[2019.04.30-14.43.03:504][  0]LogContentBrowser: Native class hierarchy updated for 'HierarchicalLODOutliner' in 0.0004 seconds. Added 0 classes and 0 folders.
[2019.04.30-14.43.03:504][  0]LogLoad: (Engine Initialization) Total time: 13.44 seconds
[2019.04.30-14.43.03:504][  0]LogLoad: (Engine Initialization) Total Blueprint compile time: 0.00 seconds
[2019.04.30-14.43.03:516][  0]LogWindowsTextInputMethodSystem: Display: IME system now deactivated.
[2019.04.30-14.43.03:545][  0]LogContentStreaming: Texture pool size now 1000 MB
[2019.04.30-14.43.03:589][  1]LogAssetRegistry: Asset discovery search completed in 6.7859 seconds
[2019.04.30-14.43.03:592][  1]LogCollectionManager: Rebuilt the object cache for 0 collections in 0.000000 seconds (found 0 objects)
[2019.04.30-14.43.03:593][  1]LogCollectionManager: Fixed up redirectors for 0 collections in 0.000082 seconds (updated 0 objects)
[2019.04.30-14.43.04:931][  5]LogSlate: Took 0.000282 seconds to synchronously load lazily loaded font '../../../Engine/Content/Slate/Fonts/Roboto-Light.ttf' (167K)
[2019.04.30-14.43.06:952][ 38]LogSlate: FSceneViewport::OnFocusLost() reason 0
[2019.04.30-14.43.07:194][ 40]LogAssetEditorManager: Opening Asset editor for Material /Game/lambert2.lambert2
[2019.04.30-14.43.07:199][ 40]LogMaterial: Display: Missing cached shader map for material lambert2, compiling. 
[2019.04.30-14.43.07:948][ 40]LogMaterial: Display: Missing cached shader map for material lambert2, compiling. 
[2019.04.30-14.43.08:019][ 40]LogMaterial: Display: Missing cached shader map for material lambert2, compiling. 
[2019.04.30-14.43.08:114][ 40]LogShaderCompilers: Display: Shaders left to compile 59
[2019.04.30-14.43.08:114][ 40]LogShaderCompilers: Display: Shaders left to compile 58
[2019.04.30-14.43.08:114][ 40]LogShaderCompilers: Display: Shaders left to compile 57
[2019.04.30-14.43.08:114][ 40]LogShaderCompilers: Display: Shaders left to compile 56
[2019.04.30-14.43.08:130][ 40]LogMaterial: Display: Missing cached shader map for material FMatExpressionPreview MaterialExpressionTextureSample_0, compiling. 
[2019.04.30-14.43.08:275][ 40]LogAssetEditorManager: Opening Asset editor for Material /Game/M_WoodMaster.M_WoodMaster
[2019.04.30-14.43.08:290][ 40]LogMaterial: Display: Missing cached shader map for material M_WoodMaster, compiling. 
[2019.04.30-14.43.08:448][ 40]LogMaterial: Display: Missing cached shader map for material M_WoodMaster, compiling. 
[2019.04.30-14.43.08:470][ 40]LogMaterial: Display: Missing cached shader map for material M_WoodMaster, compiling. 
[2019.04.30-14.43.08:519][ 40]LogMaterial: Display: Missing cached shader map for material FMatExpressionPreview MaterialExpressionTextureSampleParameter2D_1, compiling. 
[2019.04.30-14.43.08:528][ 40]LogMaterial: Display: Missing cached shader map for material FMatExpressionPreview MaterialExpressionTextureSampleParameter2D_0, compiling. 
[2019.04.30-14.43.08:536][ 40]LogMaterial: Display: Missing cached shader map for material FMatExpressionPreview MaterialExpressionTextureCoordinate_0, compiling. 
[2019.04.30-14.43.08:544][ 40]LogMaterial: Display: Missing cached shader map for material FMatExpressionPreview MaterialExpressionVectorParameter_0, compiling. 
[2019.04.30-14.43.08:553][ 40]LogMaterial: Display: Missing cached shader map for material FMatExpressionPreview MaterialExpressionTextureSampleParameter2D_2, compiling. 
[2019.04.30-14.43.08:604][ 40]LogSlate: Took 0.000284 seconds to synchronously load lazily loaded font '../../../Engine/Content/Slate/Fonts/Roboto-BoldCondensed.ttf' (158K)
[2019.04.30-14.43.08:613][ 40]LogSlate: Took 0.000265 seconds to synchronously load lazily loaded font '../../../Engine/Content/Slate/Fonts/Roboto-Light.ttf' (167K)
[2019.04.30-14.43.09:011][ 43]LogShaderCompilers: Display: Shaders left to compile 88
[2019.04.30-14.43.09:026][ 43]LogSlate: Took 0.000640 seconds to synchronously load lazily loaded font '../../../Engine/Content/Slate/Fonts/Roboto-Italic.ttf' (157K)
[2019.04.30-14.43.09:087][ 45]LogShaderCompilers: Display: Shaders left to compile 87
[2019.04.30-14.43.09:116][ 46]LogShaderCompilers: Display: Shaders left to compile 86
[2019.04.30-14.43.09:122][ 46]LogShaderCompilers: Display: Shaders left to compile 85
[2019.04.30-14.43.09:362][ 51]LogShaderCompilers: Display: Shaders left to compile 84
[2019.04.30-14.43.09:421][ 53]LogShaderCompilers: Display: Shaders left to compile 83
[2019.04.30-14.43.09:457][ 54]LogShaderCompilers: Display: Shaders left to compile 82
[2019.04.30-14.43.09:460][ 54]LogShaderCompilers: Display: Shaders left to compile 81
[2019.04.30-14.43.09:679][ 59]LogShaderCompilers: Display: Shaders left to compile 80
[2019.04.30-14.43.09:889][ 63]LogShaderCompilers: Display: Shaders left to compile 79
[2019.04.30-14.43.10:098][ 66]LogShaderCompilers: Display: Shaders left to compile 78
[2019.04.30-14.43.10:153][ 66]LogShaderCompilers: Display: Shaders left to compile 77
[2019.04.30-14.43.10:306][ 72]LogShaderCompilers: Display: Shaders left to compile 76
[2019.04.30-14.43.10:497][ 76]LogShaderCompilers: Display: Shaders left to compile 75
[2019.04.30-14.43.10:580][ 78]LogShaderCompilers: Display: Shaders left to compile 74
[2019.04.30-14.43.10:814][ 83]LogShaderCompilers: Display: Shaders left to compile 73
[2019.04.30-14.43.10:884][ 84]LogShaderCompilers: Display: Shaders left to compile 72
[2019.04.30-14.43.11:030][ 87]LogShaderCompilers: Display: Shaders left to compile 71
[2019.04.30-14.43.11:173][ 90]LogShaderCompilers: Display: Shaders left to compile 70
[2019.04.30-14.43.11:280][ 92]LogShaderCompilers: Display: Shaders left to compile 69
[2019.04.30-14.43.11:412][ 95]LogShaderCompilers: Display: Shaders left to compile 68
[2019.04.30-14.43.11:433][ 95]LogShaderCompilers: Display: Shaders left to compile 67
[2019.04.30-14.43.11:557][ 98]LogShaderCompilers: Display: Shaders left to compile 66
[2019.04.30-14.43.11:634][ 99]LogShaderCompilers: Display: Shaders left to compile 65
[2019.04.30-14.43.11:727][101]LogShaderCompilers: Display: Shaders left to compile 64
[2019.04.30-14.43.11:761][102]LogShaderCompilers: Display: Shaders left to compile 63
[2019.04.30-14.43.11:905][105]LogShaderCompilers: Display: Shaders left to compile 62
[2019.04.30-14.43.11:955][106]LogShaderCompilers: Display: Shaders left to compile 61
[2019.04.30-14.43.12:360][114]LogShaderCompilers: Display: Shaders left to compile 60
[2019.04.30-14.43.12:409][115]LogShaderCompilers: Display: Shaders left to compile 59
[2019.04.30-14.43.12:458][116]LogShaderCompilers: Display: Shaders left to compile 58
[2019.04.30-14.43.12:564][118]LogShaderCompilers: Display: Shaders left to compile 57
[2019.04.30-14.43.12:861][124]LogShaderCompilers: Display: Shaders left to compile 56
[2019.04.30-14.43.13:024][127]LogShaderCompilers: Display: Shaders left to compile 55
[2019.04.30-14.43.13:160][130]LogShaderCompilers: Display: Shaders left to compile 54
[2019.04.30-14.43.13:279][132]LogShaderCompilers: Display: Shaders left to compile 53
[2019.04.30-14.43.13:305][133]LogShaderCompilers: Display: Shaders left to compile 52
[2019.04.30-14.43.13:611][139]LogShaderCompilers: Display: Shaders left to compile 51
[2019.04.30-14.43.13:708][141]LogShaderCompilers: Display: Shaders left to compile 50
[2019.04.30-14.43.13:739][141]LogShaderCompilers: Display: Shaders left to compile 49
[2019.04.30-14.43.13:770][142]LogShaderCompilers: Display: Shaders left to compile 48
[2019.04.30-14.43.13:963][146]LogShaderCompilers: Display: Shaders left to compile 47
[2019.04.30-14.43.14:064][148]LogShaderCompilers: Display: Shaders left to compile 46
[2019.04.30-14.43.14:078][148]LogShaderCompilers: Display: Shaders left to compile 45
[2019.04.30-14.43.14:090][148]LogShaderCompilers: Display: Shaders left to compile 44
[2019.04.30-14.43.14:256][152]LogShaderCompilers: Display: Shaders left to compile 43
[2019.04.30-14.43.14:356][154]LogShaderCompilers: Display: Shaders left to compile 42
[2019.04.30-14.43.14:667][160]LogShaderCompilers: Display: Shaders left to compile 41
[2019.04.30-14.43.14:686][160]LogShaderCompilers: Display: Shaders left to compile 40
[2019.04.30-14.43.14:735][161]LogShaderCompilers: Display: Shaders left to compile 39
[2019.04.30-14.43.14:924][165]LogShaderCompilers: Display: Shaders left to compile 38
[2019.04.30-14.43.15:083][168]LogShaderCompilers: Display: Shaders left to compile 37
[2019.04.30-14.43.15:328][173]LogShaderCompilers: Display: Shaders left to compile 36
[2019.04.30-14.43.15:406][175]LogShaderCompilers: Display: Shaders left to compile 35
[2019.04.30-14.43.15:480][176]LogShaderCompilers: Display: Shaders left to compile 34
[2019.04.30-14.43.15:628][179]LogShaderCompilers: Display: Shaders left to compile 33
[2019.04.30-14.43.15:910][185]LogShaderCompilers: Display: Shaders left to compile 32
[2019.04.30-14.43.15:912][185]LogShaderCompilers: Display: Shaders left to compile 31
[2019.04.30-14.43.16:014][187]LogShaderCompilers: Display: Shaders left to compile 30
[2019.04.30-14.43.16:091][188]MaterialEditorStats: Base pass shader: 102 instructions
[2019.04.30-14.43.16:092][188]MaterialEditorStats: Base pass shader with Volumetric Lightmap: 175 instructions
[2019.04.30-14.43.16:092][188]MaterialEditorStats: Base pass vertex shader: 36 instructions
[2019.04.30-14.43.16:092][188]MaterialEditorStats: Base pass vertex shader: 88 instructions
[2019.04.30-14.43.16:092][188]MaterialEditorStats: Texture samplers: 4/16
[2019.04.30-14.43.16:092][188]MaterialEditorStats: Texture Lookups (Est.): VS(0), PS(1)
[2019.04.30-14.43.16:092][188]MaterialEditorStats: User interpolators: 2/4 Scalars (1/4 Vectors) (TexCoords: 2, Custom: 0)
[2019.04.30-14.43.16:129][189]LogShaderCompilers: Display: Shaders left to compile 29
[2019.04.30-14.43.16:282][192]LogShaderCompilers: Display: Shaders left to compile 28
[2019.04.30-14.43.16:307][193]LogShaderCompilers: Display: Shaders left to compile 27
[2019.04.30-14.43.16:377][194]LogShaderCompilers: Display: Shaders left to compile 26
[2019.04.30-14.43.16:508][197]LogShaderCompilers: Display: Shaders left to compile 25
[2019.04.30-14.43.16:576][198]LogShaderCompilers: Display: Shaders left to compile 24
[2019.04.30-14.43.16:590][198]LogShaderCompilers: Display: Shaders left to compile 23
[2019.04.30-14.43.16:657][200]LogShaderCompilers: Display: Shaders left to compile 22
[2019.04.30-14.43.16:778][202]LogShaderCompilers: Display: Shaders left to compile 21
[2019.04.30-14.43.16:803][203]LogShaderCompilers: Display: Shaders left to compile 20
[2019.04.30-14.43.16:863][204]LogShaderCompilers: Display: Shaders left to compile 19
[2019.04.30-14.43.17:213][211]LogShaderCompilers: Display: Shaders left to compile 18
[2019.04.30-14.43.17:283][212]LogShaderCompilers: Display: Shaders left to compile 17
[2019.04.30-14.43.17:458][216]LogShaderCompilers: Display: Shaders left to compile 16
[2019.04.30-14.43.17:515][217]LogShaderCompilers: Display: Shaders left to compile 15
[2019.04.30-14.43.17:677][220]LogShaderCompilers: Display: Shaders left to compile 14
[2019.04.30-14.43.17:870][224]LogShaderCompilers: Display: Shaders left to compile 13
[2019.04.30-14.43.18:069][228]LogShaderCompilers: Display: Shaders left to compile 12
[2019.04.30-14.43.18:118][229]LogShaderCompilers: Display: Shaders left to compile 11
[2019.04.30-14.43.18:236][231]LogShaderCompilers: Display: Shaders left to compile 10
[2019.04.30-14.43.18:432][235]LogShaderCompilers: Display: Shaders left to compile 9
[2019.04.30-14.43.18:488][236]LogShaderCompilers: Display: Shaders left to compile 8
[2019.04.30-14.43.18:671][240]LogShaderCompilers: Display: Shaders left to compile 7
[2019.04.30-14.43.18:719][241]LogShaderCompilers: Display: Shaders left to compile 6
[2019.04.30-14.43.18:741][241]MaterialEditorStats: Base pass shader: 117 instructions
[2019.04.30-14.43.18:741][241]MaterialEditorStats: Base pass shader with Volumetric Lightmap: 191 instructions
[2019.04.30-14.43.18:741][241]MaterialEditorStats: Base pass vertex shader: 36 instructions
[2019.04.30-14.43.18:741][241]MaterialEditorStats: Texture samplers: 6/16
[2019.04.30-14.43.18:741][241]MaterialEditorStats: Texture Lookups (Est.): VS(0), PS(3)
[2019.04.30-14.43.18:741][241]MaterialEditorStats: User interpolators: 2/4 Scalars (1/4 Vectors) (TexCoords: 2, Custom: 0)
[2019.04.30-14.43.18:819][243]LogShaderCompilers: Display: Shaders left to compile 5
[2019.04.30-14.43.19:006][247]LogShaderCompilers: Display: Shaders left to compile 4
[2019.04.30-14.43.19:087][248]LogShaderCompilers: Display: Shaders left to compile 3
[2019.04.30-14.43.19:279][252]LogShaderCompilers: Display: Shaders left to compile 2
[2019.04.30-14.43.19:307][253]LogShaderCompilers: Display: Shaders left to compile 1
[2019.04.30-14.43.20:015][266]LogD3D11RHI: Error: Direct3DDevice->CreateBuffer(&Desc, NULL, UniformBufferResource.GetInitReference()) failed 
 at D:\Build\++UE4\Sync\Engine\Source\Runtime\Windows\D3D11RHI\Private\D3D11UniformBuffer.cpp:159 
 with error DXGI_ERROR_DEVICE_REMOVED DXGI_ERROR_DEVICE_HUNG
[2019.04.30-14.43.20:015][266]LogD3D11RHI: [Aftermath] GDynamicRHI=0000024B9A84A0C0, GDX11NVAfterMathEnabled=0, Result=0xFFFFFFFF, bDeviceActive=0
[2019.04.30-14.43.20:015][266]LogWindows: Windows GetLastError: The operation completed successfully. (0)
[2019.04.30-14.43.22:309][267]LogWindows: Windows GetLastError: The operation completed successfully. (0)
[2019.04.30-14.43.22:309][267]LogWindows: Error: === Critical error: ===
[2019.04.30-14.43.22:309][267]LogWindows: Error: 
[2019.04.30-14.43.22:309][267]LogWindows: Error: Fatal error: [File:D:\Build\++UE4\Sync\Engine\Source\Runtime\RenderCore\Private\RenderingThread.cpp] [Line: 826] 
[2019.04.30-14.43.22:309][267]LogWindows: Error: Rendering thread exception:
[2019.04.30-14.43.22:309][267]LogWindows: Error: Fatal error: [File:D:\Build\++UE4\Sync\Engine\Source\Runtime\Windows\D3D11RHI\Private\D3D11Util.cpp] [Line: 200] 
[2019.04.30-14.43.22:309][267]LogWindows: Error: Unreal Engine is exiting due to D3D device being lost. (Error: 0x887A0006 - 'HUNG')
[2019.04.30-14.43.22:309][267]LogWindows: Error: 
[2019.04.30-14.43.22:309][267]LogWindows: Error: 
[2019.04.30-14.43.22:309][267]LogWindows: Error: [Callstack] 0x00007fffb413a388 KERNELBASE.dll!UnknownFunction []
[2019.04.30-14.43.22:309][267]LogWindows: Error: [Callstack] 0x00007fffa2356850 UE4Editor-ApplicationCore.dll!UnknownFunction []
[2019.04.30-14.43.22:309][267]LogWindows: Error: [Callstack] 0x00007fff7a2c62fc UE4Editor-Core.dll!UnknownFunction []
[2019.04.30-14.43.22:309][267]LogWindows: Error: [Callstack] 0x00007fff7a2551db UE4Editor-Core.dll!UnknownFunction []
[2019.04.30-14.43.22:309][267]LogWindows: Error: [Callstack] 0x00007fff6223adea UE4Editor-D3D11RHI.dll!UnknownFunction []
[2019.04.30-14.43.22:309][267]LogWindows: Error: [Callstack] 0x00007fff6223e6e4 UE4Editor-D3D11RHI.dll!UnknownFunction []
[2019.04.30-14.43.22:309][267]LogWindows: Error: [Callstack] 0x00007fff62225fd5 UE4Editor-D3D11RHI.dll!UnknownFunction []
[2019.04.30-14.43.22:309][267]LogWindows: Error: [Callstack] 0x00007fff45077edc UE4Editor-Renderer.dll!UnknownFunction []
[2019.04.30-14.43.22:309][267]LogWindows: Error: [Callstack] 0x00007fff45538405 UE4Editor-Renderer.dll!UnknownFunction []
[2019.04.30-14.43.22:309][267]LogWindows: Error: [Callstack] 0x00007fff45035b2b UE4Editor-Renderer.dll!UnknownFunction []
[2019.04.30-14.43.22:310][267]LogWindows: Error: [Callstack] 0x00007fff450cab9c UE4Editor-Renderer.dll!UnknownFunction []
[2019.04.30-14.43.22:310][267]LogWindows: Error: [Callstack] 0x00007fff450454b5 UE4Editor-Renderer.dll!UnknownFunction []
[2019.04.30-14.43.22:310][267]LogWindows: Error: [Callstack] 0x00007fff450a8a7f UE4Editor-Renderer.dll!UnknownFunction []
[2019.04.30-14.43.22:310][267]LogWindows: Error: [Callstack] 0x00007fff4509ffea UE4Editor-Renderer.dll!UnknownFunction []
[2019.04.30-14.43.22:310][267]LogWindows: Error: [Callstack] 0x00007fff454e3ab1 UE4Editor-Renderer.dll!UnknownFunction []
[2019.04.30-14.43.22:310][267]LogWindows: Error: [Callstack] 0x00007fff454e19c3 UE4Editor-Renderer.dll!UnknownFunction []
[2019.04.30-14.43.22:310][267]LogWindows: Error: [Callstack] 0x00007fff450a58c4 UE4Editor-Renderer.dll!UnknownFunction []
[2019.04.30-14.43.22:310][267]LogWindows: Error: [Callstack] 0x00007fff450a63da UE4Editor-Renderer.dll!UnknownFunction []
[2019.04.30-14.43.22:310][267]LogWindows: Error: [Callstack] 0x00007fff4513c216 UE4Editor-Renderer.dll!UnknownFunction []
[2019.04.30-14.43.22:310][267]LogWindows: Error: [Callstack] 0x00007fff45666982 UE4Editor-Renderer.dll!UnknownFunction []
[2019.04.30-14.43.22:310][267]LogWindows: Error: [Callstack] 0x00007fff45638fb2 UE4Editor-Renderer.dll!UnknownFunction []
[2019.04.30-14.43.22:310][267]LogWindows: Error: [Callstack] 0x00007fff7a0e1f92 UE4Editor-Core.dll!UnknownFunction []
[2019.04.30-14.43.22:310][267]LogWindows: Error: [Callstack] 0x00007fff7a0e2456 UE4Editor-Core.dll!UnknownFunction []
[2019.04.30-14.43.22:310][267]LogWindows: Error: [Callstack] 0x00007fffa59375f9 UE4Editor-RenderCore.dll!UnknownFunction []
[2019.04.30-14.43.22:310][267]LogWindows: Error: [Callstack] 0x00007fffa5938574 UE4Editor-RenderCore.dll!UnknownFunction []
[2019.04.30-14.43.22:310][267]LogWindows: Error: [Callstack] 0x00007fff7a526b7c UE4Editor-Core.dll!UnknownFunction []
[2019.04.30-14.43.22:310][267]LogWindows: Error: [Callstack] 0x00007fff7a5217c7 UE4Editor-Core.dll!UnknownFunction []
[2019.04.30-14.43.22:311][267]LogWindows: Error: [Callstack] 0x00007fffb6634034 KERNEL32.DLL!UnknownFunction []
[2019.04.30-14.43.22:311][267]LogWindows: Error: [Callstack] 0x00007fffb7963691 ntdll.dll!UnknownFunction []
[2019.04.30-14.43.22:311][267]LogWindows: Error: 
[2019.04.30-14.43.22:311][267]LogWindows: Error: 
[2019.04.30-14.43.22:311][267]LogWindows: Error: 
[2019.04.30-14.43.22:311][267]LogWindows: Error: 
[2019.04.30-14.43.22:332][267]LogExit: Executing StaticShutdownAfterError
[2019.04.30-14.43.22:336][267]LogWindows: FPlatformMisc::RequestExit(1)
[2019.04.30-14.43.22:337][267]Log file closed, 04/30/19 08:43:22
