Log file open, 05/07/19 20:42:06
LogWindows: Failed to load 'aqProf.dll' (GetLastError=126)
LogWindows: File 'aqProf.dll' does not exist
LogWindows: Failed to load 'VSPerf140.dll' (GetLastError=126)
LogWindows: File 'VSPerf140.dll' does not exist
LogWindows: Failed to load 'VtuneApi.dll' (GetLastError=126)
LogWindows: File 'VtuneApi.dll' does not exist
LogWindows: Failed to load 'VtuneApi32e.dll' (GetLastError=126)
LogWindows: File 'VtuneApi32e.dll' does not exist
LogInit: Display: Running engine for game: cly_iCWB_AP
LogPlatformFile: Not using cached read wrapper
LogTaskGraph: Started task graph with 5 named threads and 23 total threads with 3 sets of task threads.
LogStats: Stats thread started at 0.331376
LogD3D11RHI: Loaded GFSDK_Aftermath_Lib.x64.dll
LogICUInternationalization: Display: ICU TimeZone Detection - Raw Offset: -7:00, Platform Override: ''
LogPluginManager: Mounting plugin Paper2D
LogPluginManager: Mounting plugin AISupport
LogPluginManager: Mounting plugin LightPropagationVolume
LogPluginManager: Mounting plugin CLionSourceCodeAccess
LogPluginManager: Mounting plugin CodeLiteSourceCodeAccess
LogPluginManager: Mounting plugin GitSourceControl
LogPluginManager: Mounting plugin KDevelopSourceCodeAccess
LogPluginManager: Mounting plugin NullSourceCodeAccess
LogPluginManager: Mounting plugin PerforceSourceControl
LogPluginManager: Mounting plugin SubversionSourceControl
LogPluginManager: Mounting plugin UObjectPlugin
LogPluginManager: Mounting plugin VisualStudioCodeSourceCodeAccess
LogPluginManager: Mounting plugin VisualStudioSourceCodeAccess
LogPluginManager: Mounting plugin XCodeSourceCodeAccess
LogPluginManager: Mounting plugin AssetManagerEditor
LogPluginManager: Mounting plugin CryptoKeys
LogPluginManager: Mounting plugin DataValidation
LogPluginManager: Mounting plugin FacialAnimation
LogPluginManager: Mounting plugin GameplayTagsEditor
LogPluginManager: Mounting plugin MacGraphicsSwitching
LogPluginManager: Mounting plugin MeshEditor
LogPluginManager: Mounting plugin MobileLauncherProfileWizard
LogPluginManager: Mounting plugin PluginBrowser
LogPluginManager: Mounting plugin SpeedTreeImporter
LogPluginManager: Mounting plugin DatasmithContent
LogPluginManager: Mounting plugin AlembicImporter
LogPluginManager: Mounting plugin AppleImageUtils
LogPluginManager: Mounting plugin AppleVision
LogPluginManager: Mounting plugin BackChannel
LogPluginManager: Mounting plugin CharacterAI
LogPluginManager: Mounting plugin GeometryCache
LogPluginManager: Mounting plugin HTML5Networking
LogPluginManager: Mounting plugin ProxyLODPlugin
LogPluginManager: Mounting plugin MagicLeap
LogPluginManager: Mounting plugin MagicLeapEmulator
LogPluginManager: Mounting plugin MagicLeapMedia
LogPluginManager: Mounting plugin AndroidMedia
LogPluginManager: Mounting plugin AvfMedia
LogPluginManager: Mounting plugin ImgMedia
LogPluginManager: Mounting plugin LinearTimecode
LogPluginManager: Mounting plugin MediaCompositing
LogPluginManager: Mounting plugin MediaPlayerEditor
LogPluginManager: Mounting plugin WmfMedia
LogPluginManager: Mounting plugin TcpMessaging
LogPluginManager: Mounting plugin UdpMessaging
LogPluginManager: Mounting plugin ActorSequence
LogPluginManager: Mounting plugin LevelSequenceEditor
LogPluginManager: Mounting plugin MatineeToLevelSequence
LogPluginManager: Mounting plugin NetcodeUnitTest
LogPluginManager: Mounting plugin NUTUnrealEngine4
LogPluginManager: Mounting plugin OnlineSubsystemGooglePlay
LogPluginManager: Mounting plugin OnlineSubsystemIOS
LogPluginManager: Mounting plugin OnlineSubsystem
LogPluginManager: Mounting plugin OnlineSubsystemNull
LogPluginManager: Mounting plugin OnlineSubsystemUtils
LogPluginManager: Mounting plugin LauncherChunkInstaller
LogPluginManager: Mounting plugin AndroidDeviceProfileSelector
LogPluginManager: Mounting plugin AndroidMoviePlayer
LogPluginManager: Mounting plugin AndroidPermission
LogPluginManager: Mounting plugin AppleMoviePlayer
LogPluginManager: Mounting plugin ArchVisCharacter
LogPluginManager: Mounting plugin AudioCapture
LogPluginManager: Mounting plugin CableComponent
LogPluginManager: Mounting plugin CustomMeshComponent
LogPluginManager: Mounting plugin EditableMesh
LogPluginManager: Mounting plugin ExampleDeviceProfileSelector
LogPluginManager: Mounting plugin GoogleCloudMessaging
LogPluginManager: Mounting plugin ImmediatePhysics
LogPluginManager: Mounting plugin IOSDeviceProfileSelector
LogPluginManager: Mounting plugin LinuxDeviceProfileSelector
LogPluginManager: Mounting plugin LocationServicesBPLibrary
LogPluginManager: Mounting plugin MobilePatchingUtils
LogPluginManager: Mounting plugin OculusVR
LogPluginManager: Plugin shader directory ../../../Engine/Plugins/Runtime/Oculus/OculusVR/Shaders found
LogPluginManager: Mapping shader source directory ../../../Engine/Plugins/Runtime/Oculus/OculusVR/Shaders to virtual directory /Plugin/OculusVR
LogPluginManager: Mounting plugin PhysXVehicles
LogPluginManager: Mounting plugin ProceduralMeshComponent
LogPluginManager: Mounting plugin RuntimePhysXCooking
LogPluginManager: Mounting plugin SteamVR
LogPluginManager: Mounting plugin WindowsMoviePlayer
LogStreaming: Display: Took  0.195s to configure plugins.
LogInit: Using libcurl 7.55.1-DEV
LogInit:  - built for x86_64-pc-win32
LogInit:  - supports SSL with OpenSSL/1.0.2h
LogInit:  - supports HTTP deflate (compression) using libz 1.2.8
LogInit:  - other features:
LogInit:      CURL_VERSION_SSL
LogInit:      CURL_VERSION_LIBZ
LogInit:      CURL_VERSION_IPV6
LogInit:      CURL_VERSION_ASYNCHDNS
LogInit:      CURL_VERSION_LARGEFILE
LogInit:      CURL_VERSION_IDN
LogInit:  CurlRequestOptions (configurable via config and command line):
LogInit:  - bVerifyPeer = false  - Libcurl will NOT verify peer certificate
LogInit:  - bUseHttpProxy = false  - Libcurl will NOT use HTTP proxy
LogInit:  - bDontReuseConnections = false  - Libcurl will reuse connections
LogInit:  - CertBundlePath = nullptr  - Libcurl will use whatever was configured at build time.
LogInit:  - MaxHostConnections = 16  - Libcurl will limit the number of connections to a host
LogInit:  - LocalHostAddr = Default
LogInit:  - BufferSize = 65536
LogInit: WinSock: version 1.1 (2.2), MaxSocks=32767, MaxUdp=65467
LogInit: Build: ++UE4+Release-4.20-CL-4369336
LogInit: Engine Version: 4.20.3-4369336+++UE4+Release-4.20
LogInit: Compatible Engine Version: 4.20.0-4212847+++UE4+Release-4.20
LogInit: Net CL: 4212847
LogInit: OS: Windows 10 (), CPU: Intel(R) Core(TM) i5-8300H CPU @ 2.30GHz, GPU: Intel(R) UHD Graphics 630
LogInit: Compiled (64-bit): Sep 17 2018 12:26:19
LogInit: Compiled with Visual C++: 19.13.26129.00
LogInit: Build Configuration: Development
LogInit: Branch Name: ++UE4+Release-4.20
LogInit: Command Line: 
LogInit: Base Directory: C:/Program Files/Epic Games/UE_4.20/Engine/Binaries/Win64/
LogInit: Installed Engine Build: 1
LogDevObjectVersion: Number of dev versions registered: 20
LogDevObjectVersion:   Dev-Blueprints (B0D832E4-1F89-4F0D-ACCF-7EB736FD4AA2): 10
LogDevObjectVersion:   Dev-Build (E1C64328-A22C-4D53-A36C-8E866417BD8C): 0
LogDevObjectVersion:   Dev-Core (375EC13C-06E4-48FB-B500-84F0262A717E): 2
LogDevObjectVersion:   Dev-Editor (E4B068ED-F494-42E9-A231-DA0B2E46BB41): 24
LogDevObjectVersion:   Dev-Framework (CFFC743F-43B0-4480-9391-14DF171D2073): 34
LogDevObjectVersion:   Dev-Mobile (B02B49B5-BB20-44E9-A304-32B752E40360): 2
LogDevObjectVersion:   Dev-Networking (A4E4105C-59A1-49B5-A7C5-40C4547EDFEE): 0
LogDevObjectVersion:   Dev-Online (39C831C9-5AE6-47DC-9A44-9C173E1C8E7C): 0
LogDevObjectVersion:   Dev-Physics (78F01B33-EBEA-4F98-B9B4-84EACCB95AA2): 0
LogDevObjectVersion:   Dev-Platform (6631380F-2D4D-43E0-8009-CF276956A95A): 0
LogDevObjectVersion:   Dev-Rendering (12F88B9F-8875-4AFC-A67C-D90C383ABD29): 26
LogDevObjectVersion:   Dev-Sequencer (7B5AE74C-D270-4C10-A958-57980B212A5A): 9
LogDevObjectVersion:   Dev-VR (D7296918-1DD6-4BDD-9DE2-64A83CC13884): 2
LogDevObjectVersion:   Dev-LoadTimes (C2A15278-BFE7-4AFE-6C17-90FF531DF755): 1
LogDevObjectVersion:   Private-Geometry (6EACA3D4-40EC-4CC1-B786-8BED09428FC5): 3
LogDevObjectVersion:   Dev-AnimPhys (29E575DD-E0A3-4627-9D10-D276232CDCEA): 17
LogDevObjectVersion:   Dev-ReflectionCapture (6B266CEC-1EC7-4B8F-A30B-E4D90942FC07): 1
LogDevObjectVersion:   Dev-Automation (0DF73D61-A23F-47EA-B727-89E90C41499A): 1
LogDevObjectVersion:   FortniteMain (601D1886-AC64-4F84-AA16-D3DE0DEAC7D6): 12
LogDevObjectVersion:   Dev-Enterprise (9DFFBCD6-494F-0158-E221-12823C92A888): 1
LogStreaming: Display: Took  0.012s to delete old logs.
LogInit: Presizing for max 8388607 objects, including 0 objects not considered by GC, pre-allocating 0 bytes for permanent pool.
LogInit: Object subsystem initialized
[2019.05.08-02.42.07:053][  0]LogInit: Selected Device Profile: [Windows]
[2019.05.08-02.42.07:053][  0]LogInit: Applying CVar settings loaded from the selected device profile: [Windows]
[2019.05.08-02.42.07:101][  0]LogHAL: Display: Platform has ~ 8 GB [8424574976 / 8589934592 / 8], which maps to Default [LargestMinGB=32, LargerMinGB=12, DefaultMinGB=8, SmallerMinGB=6, SmallestMinGB=0)
[2019.05.08-02.42.07:101][  0]LogInit: Setting Device Profile CVar: [[r.Vulkan.UseRealUBs:1]]
[2019.05.08-02.42.07:101][  0]LogInit: Going up to parent DeviceProfile []
[2019.05.08-02.42.07:102][  0]LogInit: Computer: DESKTOP-4HEA2F2
[2019.05.08-02.42.07:102][  0]LogInit: User: black
[2019.05.08-02.42.07:102][  0]LogInit: CPU Page size=4096, Cores=4
[2019.05.08-02.42.07:102][  0]LogInit: High frequency timer resolution =2.250000 MHz
[2019.05.08-02.42.07:103][  0]LogMemory: Memory total: Physical=7.8GB (8GB approx)
[2019.05.08-02.42.07:103][  0]LogMemory: Platform Memory Stats for Windows
[2019.05.08-02.42.07:103][  0]LogMemory: Process Physical Memory: 99.44 MB used, 99.44 MB peak
[2019.05.08-02.42.07:104][  0]LogMemory: Process Virtual Memory: 91.05 MB used, 91.05 MB peak
[2019.05.08-02.42.07:104][  0]LogMemory: Physical Memory: 3629.77 MB used,  4404.54 MB free, 8034.30 MB total
[2019.05.08-02.42.07:104][  0]LogMemory: Virtual Memory: 4645.23 MB used,  4404.54 MB free, 134217728.00 MB total
[2019.05.08-02.42.07:190][  0]LogInit: Using OS detected language (en-US).
[2019.05.08-02.42.07:190][  0]LogInit: Using OS detected locale (en-US).
[2019.05.08-02.42.07:195][  0]LogTextLocalizationManager: No specific localization for 'en-US' exists, so the 'en' localization will be used.
[2019.05.08-02.42.07:740][  0]LogStreaming: Display: Took  0.551s to InitEngineTextLocalization.
[2019.05.08-02.42.07:741][  0]LogInit: Setting process to per monitor DPI aware
[2019.05.08-02.42.07:799][  0]LogSlate: New Slate User Created.  User Index 0, Is Virtual User: 0
[2019.05.08-02.42.07:799][  0]LogSlate: Slate User Registered.  User Index 0, Is Virtual User: 0
[2019.05.08-02.42.08:110][  0]LogHMD: Failed to initialize OpenVR with code 110
[2019.05.08-02.42.08:110][  0]LogD3D11RHI: D3D11 adapters:
[2019.05.08-02.42.08:178][  0]LogD3D11RHI:    0. 'NVIDIA GeForce GTX 1050 Ti' (Feature Level 11_0)
[2019.05.08-02.42.08:178][  0]LogD3D11RHI:       4029/0/4017 MB DedicatedVideo/DedicatedSystem/SharedSystem, Outputs:1, VendorId:0x10de
[2019.05.08-02.42.08:197][  0]LogD3D11RHI:    1. 'Intel(R) UHD Graphics 630' (Feature Level 11_0)
[2019.05.08-02.42.08:198][  0]LogD3D11RHI:       128/0/4017 MB DedicatedVideo/DedicatedSystem/SharedSystem, Outputs:0, VendorId:0x8086
[2019.05.08-02.42.08:200][  0]LogD3D11RHI:    2. 'Microsoft Basic Render Driver' (Feature Level 11_0)
[2019.05.08-02.42.08:200][  0]LogD3D11RHI:       0/0/4017 MB DedicatedVideo/DedicatedSystem/SharedSystem, Outputs:0, VendorId:0x1414
[2019.05.08-02.42.08:200][  0]LogD3D11RHI: Chosen D3D11 Adapter: 0
[2019.05.08-02.42.08:239][  0]LogD3D11RHI: Creating new Direct3DDevice
[2019.05.08-02.42.08:239][  0]LogD3D11RHI:     GPU DeviceId: 0x1c8c (for the marketing name, search the web for "GPU Device Id")
[2019.05.08-02.42.08:240][  0]LogWindows: EnumDisplayDevices:
[2019.05.08-02.42.08:240][  0]LogWindows:    0. 'Intel(R) UHD Graphics 630' (P:1 D:1)
[2019.05.08-02.42.08:240][  0]LogWindows:    1. 'Intel(R) UHD Graphics 630' (P:0 D:0)
[2019.05.08-02.42.08:241][  0]LogWindows:    2. 'Intel(R) UHD Graphics 630' (P:0 D:0)
[2019.05.08-02.42.08:241][  0]LogWindows:    3. 'NVIDIA GeForce GTX 1050 Ti' (P:0 D:0)
[2019.05.08-02.42.08:241][  0]LogWindows: DebugString: PrimaryIsNotTheChoosenAdapter PrimaryIsNotTheChoosenAdapter PrimaryIsNotTheChoosenAdapter 
[2019.05.08-02.42.08:241][  0]LogD3D11RHI:     Adapter Name: NVIDIA GeForce GTX 1050 Ti
[2019.05.08-02.42.08:241][  0]LogD3D11RHI:   Driver Version: 388.73 (internal:23.21.13.8873, unified:388.73)
[2019.05.08-02.42.08:241][  0]LogD3D11RHI:      Driver Date: 12-18-2017
[2019.05.08-02.42.08:241][  0]LogRHI: Texture pool is 2820 MB (70% of 4029 MB)
[2019.05.08-02.42.08:275][  0]LogD3D11RHI: Async texture creation enabled
[2019.05.08-02.42.08:288][  0]LogD3D11RHI: GPU Timing Frequency: 1000.000000 (Debug: 2 1)
[2019.05.08-02.42.08:290][  0]LogShaderCompilers: Guid format shader working directory is -44 characters bigger than the processId version (../../../../../../Users/black/Documents/GitHub/cly_AssetPipeline/cly_iCWB_AP/firstProject/Intermediate/Shaders/WorkingDirectory/18932/).
[2019.05.08-02.42.08:290][  0]LogShaderCompilers: Cleaned the shader compiler working directory 'C:/Users/black/AppData/Local/Temp/UnrealShaderWorkingDir/A9CC6AC54F9912A68D05AA8028864D46/'.
[2019.05.08-02.42.08:646][  0]LogTemp: Display: Loaded TP AllDesktopTargetPlatform
[2019.05.08-02.42.08:666][  0]LogTemp: Display: Loaded TP MacClientTargetPlatform
[2019.05.08-02.42.08:687][  0]LogTemp: Display: Loaded TP MacNoEditorTargetPlatform
[2019.05.08-02.42.08:706][  0]LogTemp: Display: Loaded TP MacServerTargetPlatform
[2019.05.08-02.42.08:729][  0]LogTemp: Display: Loaded TP MacTargetPlatform
[2019.05.08-02.42.08:752][  0]LogTemp: Display: Loaded TP WindowsClientTargetPlatform
[2019.05.08-02.42.08:771][  0]LogTemp: Display: Loaded TP WindowsNoEditorTargetPlatform
[2019.05.08-02.42.08:796][  0]LogTemp: Display: Loaded TP WindowsServerTargetPlatform
[2019.05.08-02.42.08:809][  0]LogTemp: Display: Loaded TP WindowsTargetPlatform
[2019.05.08-02.42.08:937][  0]LogTemp: Display: Loaded TP AndroidTargetPlatform
[2019.05.08-02.42.08:937][  0]LogTemp: Display: Loaded TP AndroidTargetPlatform
[2019.05.08-02.42.08:937][  0]LogTemp: Display: Loaded TP AndroidTargetPlatform
[2019.05.08-02.42.08:937][  0]LogTemp: Display: Loaded TP AndroidTargetPlatform
[2019.05.08-02.42.08:938][  0]LogTemp: Display: Loaded TP AndroidTargetPlatform
[2019.05.08-02.42.08:938][  0]LogTemp: Display: Loaded TP AndroidTargetPlatform
[2019.05.08-02.42.08:938][  0]LogTemp: Display: Loaded TP AndroidTargetPlatform
[2019.05.08-02.42.08:938][  0]LogTemp: Display: Loaded TP AndroidTargetPlatform
[2019.05.08-02.42.08:938][  0]LogTemp: Display: Loaded TP AndroidTargetPlatform
[2019.05.08-02.42.08:938][  0]LogTemp: Display: Loaded TP AndroidTargetPlatform
[2019.05.08-02.42.08:938][  0]LogTemp: Display: Loaded TP AndroidTargetPlatform
[2019.05.08-02.42.08:938][  0]LogTemp: Display: Loaded TP AndroidTargetPlatform
[2019.05.08-02.42.08:938][  0]LogTemp: Display: Loaded TP AndroidTargetPlatform
[2019.05.08-02.42.08:938][  0]LogTemp: Display: Loaded TP AndroidTargetPlatform
[2019.05.08-02.42.08:938][  0]LogTemp: Display: Loaded TP AndroidTargetPlatform
[2019.05.08-02.42.08:938][  0]LogTemp: Display: Loaded TP AndroidTargetPlatform
[2019.05.08-02.42.08:938][  0]LogTemp: Display: Loaded TP AndroidTargetPlatform
[2019.05.08-02.42.08:938][  0]LogTemp: Display: Loaded TP AndroidTargetPlatform
[2019.05.08-02.42.08:940][  0]LogTemp: Display: Loaded TP HTML5TargetPlatform
[2019.05.08-02.42.09:025][  0]LogTemp: Display: Loaded TP IOSTargetPlatform
[2019.05.08-02.42.09:025][  0]LogTemp: Display: Loaded TP IOSTargetPlatform
[2019.05.08-02.42.09:063][  0]LogTemp: Display: Loaded TP TVOSTargetPlatform
[2019.05.08-02.42.09:063][  0]LogTemp: Display: Loaded TP TVOSTargetPlatform
[2019.05.08-02.42.09:082][  0]LogTemp: Display: Loaded TP LinuxClientTargetPlatform
[2019.05.08-02.42.09:102][  0]LogTemp: Display: Loaded TP LinuxNoEditorTargetPlatform
[2019.05.08-02.42.09:121][  0]LogTemp: Display: Loaded TP LinuxServerTargetPlatform
[2019.05.08-02.42.09:142][  0]LogTemp: Display: Loaded TP LinuxTargetPlatform
[2019.05.08-02.42.09:155][  0]LogTemp: Display: Loaded TP LuminTargetPlatform
[2019.05.08-02.42.09:155][  0]LogTargetPlatformManager: Display: Building Assets For Windows
[2019.05.08-02.42.09:280][  0]LogXGEController: Cleaning working directory: C:/Users/black/AppData/Local/Temp/UnrealXGEWorkingDir/
[2019.05.08-02.42.09:280][  0]LogXGEController: Cannot use XGE Controller as Incredibuild is not installed on this machine.
[2019.05.08-02.42.09:280][  0]LogShaderCompilers: Cannot use XGE Shader Compiler as Incredibuild is not installed on this machine.
[2019.05.08-02.42.09:280][  0]LogShaderCompilers: Display: Using Local Shader Compiler.
[2019.05.08-02.42.10:466][  0]LogDerivedDataCache: Display: Max Cache Size: 512 MB
[2019.05.08-02.42.10:549][  0]LogDerivedDataCache: Loaded boot cache 0.08s 71MB C:/Users/black/AppData/Local/UnrealEngine/4.20/DerivedDataCache/Boot.ddc.
[2019.05.08-02.42.10:550][  0]LogDerivedDataCache: Display: Loaded Boot cache: C:/Users/black/AppData/Local/UnrealEngine/4.20/DerivedDataCache/Boot.ddc
[2019.05.08-02.42.10:550][  0]LogDerivedDataCache: FDerivedDataBackendGraph:  Pak pak cache file ../../../../../../Users/black/Documents/GitHub/cly_AssetPipeline/cly_iCWB_AP/firstProject/DerivedDataCache/DDC.ddp not found, will not use a pak cache.
[2019.05.08-02.42.10:550][  0]LogDerivedDataCache: Unable to find inner node Pak for hierarchical cache Hierarchy.
[2019.05.08-02.42.10:550][  0]LogDerivedDataCache: FDerivedDataBackendGraph:  CompressedPak pak cache file ../../../../../../Users/black/Documents/GitHub/cly_AssetPipeline/cly_iCWB_AP/firstProject/DerivedDataCache/Compressed.ddp not found, will not use a pak cache.
[2019.05.08-02.42.10:550][  0]LogDerivedDataCache: Unable to find inner node CompressedPak for hierarchical cache Hierarchy.
[2019.05.08-02.42.10:572][  0]LogDerivedDataCache: Display: Pak cache opened for reading ../../../Engine/DerivedDataCache/Compressed.ddp.
[2019.05.08-02.42.10:584][  0]LogDerivedDataCache: Using Local data cache path C:/Users/black/AppData/Local/UnrealEngine/Common/DerivedDataCache: Writable
[2019.05.08-02.42.10:584][  0]LogDerivedDataCache: Shared data cache path not found in *engine.ini, will not use an Shared cache.
[2019.05.08-02.42.10:584][  0]LogDerivedDataCache: Unable to find inner node Shared for hierarchical cache Hierarchy.
[2019.05.08-02.42.10:612][  0]LogMaterial: Verifying Global Shaders for PCD3D_SM5
[2019.05.08-02.42.10:614][  0]LogSlate: Using FreeType 2.6.0
[2019.05.08-02.42.10:615][  0]LogSlate: SlateFontServices - WITH_FREETYPE: 1, WITH_HARFBUZZ: 1
[2019.05.08-02.42.10:713][  0]LogAssetRegistry: FAssetRegistry took 0.0284 seconds to start up
[2019.05.08-02.42.11:174][  0]LogInit: Selected Device Profile: [Windows]
[2019.05.08-02.42.11:395][  0]LogSimplygon: Simplygon DLL not present - disabling.
[2019.05.08-02.42.11:402][  0]LogMeshReduction: Using SimplygonSwarm for distributed automatic mesh merging
[2019.05.08-02.42.11:402][  0]LogMeshReduction: Using ProxyLODMeshReduction for automatic mesh merging
[2019.05.08-02.42.11:402][  0]LogMeshReduction: Using QuadricMeshReduction for automatic static mesh reduction
[2019.05.08-02.42.11:402][  0]LogMeshReduction: No automatic skeletal mesh reduction module available
[2019.05.08-02.42.11:420][  0]LogNetVersion: cly_iCWB_AP 1.0.0, NetCL: 4212847, EngineNetVer: 5, GameNetVer: 0 (Checksum: 2002434292)
[2019.05.08-02.42.12:553][  0]LogPackageLocalizationCache: Processed 11 localized package path(s) for 2 prioritized culture(s) in 0.198072 seconds
[2019.05.08-02.42.12:562][  0]LogUObjectArray: 38425 objects as part of root set at end of initial load.
[2019.05.08-02.42.12:562][  0]LogUObjectAllocator: 6690864 out of 0 bytes used by permanent object pool.
[2019.05.08-02.42.12:562][  0]LogUObjectArray: CloseDisregardForGC: 0/0 objects in disregard for GC pool
[2019.05.08-02.42.14:086][  0]LogTcpMessaging: Initializing TcpMessaging bridge
[2019.05.08-02.42.14:102][  0]LogUdpMessaging: Initializing bridge on interface 0.0.0.0:0 to multicast group 230.0.0.1:6666.
[2019.05.08-02.42.14:407][  0]SourceControl: Source control is disabled
[2019.05.08-02.42.14:407][  0]SourceControl: Source control is disabled
[2019.05.08-02.42.14:410][  0]SourceControl: Source control is disabled
[2019.05.08-02.42.14:413][  0]SourceControl: Source control is disabled
[2019.05.08-02.42.14:661][  0]LogAndroidPermission: UAndroidPermissionCallbackProxy::GetInstance
[2019.05.08-02.42.14:778][  0]LogOcInput: OculusInput pre-init called
[2019.05.08-02.42.14:945][  0]LogEngine: Initializing Engine...
[2019.05.08-02.42.14:946][  0]LogHMD: Failed to initialize OpenVR with code 110
[2019.05.08-02.42.14:948][  0]LogStats: UGameplayTagsManager::ConstructGameplayTagTree: ImportINI prefixes -  0.000 s
[2019.05.08-02.42.14:948][  0]LogStats: UGameplayTagsManager::ConstructGameplayTagTree: Construct from data asset -  0.000 s
[2019.05.08-02.42.14:948][  0]LogStats: UGameplayTagsManager::ConstructGameplayTagTree: ImportINI -  0.000 s
[2019.05.08-02.42.14:949][  0]LogStats: UGameplayTagsManager::ConstructGameplayTagTree: GameplayTagTreeChangedEvent.Broadcast -  0.000 s
[2019.05.08-02.42.15:305][  0]LogInit: Initializing FReadOnlyCVARCache
[2019.05.08-02.42.15:326][  0]LogAIModule: Creating AISystem for world Untitled
[2019.05.08-02.42.15:333][  0]LogInit: XAudio2 using 'Speakers (Realtek High Definition Audio)' : 2 channels at 48 kHz using 32 bits per sample (channel mask 0x3)
[2019.05.08-02.42.15:507][  0]LogInit: FAudioDevice initialized.
[2019.05.08-02.42.15:507][  0]LogNetVersion: Set ProjectVersion to 1.0.0.0. Version Checksum will be recalculated on next use.
[2019.05.08-02.42.15:638][  0]LogDerivedDataCache: Saved boot cache 0.13s 71MB C:/Users/black/AppData/Local/UnrealEngine/4.20/DerivedDataCache/Boot.ddc.
[2019.05.08-02.42.15:687][  0]LogInit: Texture streaming: Enabled
[2019.05.08-02.42.15:714][  0]LogEngineSessionManager: EngineSessionManager initialized
[2019.05.08-02.42.15:715][  0]LogEngineSessionManager: EngineSessionManager sent abnormal shutdown report. Type=Crashed, SessionId={E9F76F38-48C6-8453-A845-F697B2154309}
[2019.05.08-02.42.15:736][  0]LogInit: Transaction tracking system initialized
[2019.05.08-02.42.15:778][  0]BlueprintLog: New page: Editor Load
[2019.05.08-02.42.15:911][  0]LocalizationService: Localization service is disabled
[2019.05.08-02.42.16:278][  0]LogCook: Display: Max memory allowance for cook 16384mb min free memory 0mb
[2019.05.08-02.42.16:278][  0]LogCook: Display: Mobile HDR setting 1
[2019.05.08-02.42.16:278][  0]LogGameplayTags: Display: UGameplayTagsManager::DoneAddingNativeTags. DelegateIsBound: 0
[2019.05.08-02.42.16:278][  0]LogStats: UGameplayTagsManager::ConstructGameplayTagTree: ImportINI prefixes -  0.000 s
[2019.05.08-02.42.16:278][  0]LogStats: UGameplayTagsManager::ConstructGameplayTagTree: Construct from data asset -  0.000 s
[2019.05.08-02.42.16:278][  0]LogStats: UGameplayTagsManager::ConstructGameplayTagTree: ImportINI -  0.000 s
[2019.05.08-02.42.16:278][  0]LogStats: UGameplayTagsManager::ConstructGameplayTagTree: GameplayTagTreeChangedEvent.Broadcast -  0.000 s
[2019.05.08-02.42.16:449][  0]LogFileCache: Scanning file cache for directory 'C:/Users/black/Documents/GitHub/cly_AssetPipeline/cly_iCWB_AP/firstProject/Content/' took 0.01s
[2019.05.08-02.42.16:449][  0]SourceControl: Source control is disabled
[2019.05.08-02.42.16:449][  0]Cmd: MAP LOAD FILE="../../../Engine/Content/Maps/Templates/Template_Default.umap" TEMPLATE=1 SHOWPROGRESS=1 FEATURELEVEL=3
[2019.05.08-02.42.16:449][  0]LightingResults: New page: Lighting Build
[2019.05.08-02.42.16:453][  0]MapCheck: New page: Map Check
[2019.05.08-02.42.16:454][  0]LightingResults: New page: Lighting Build
[2019.05.08-02.42.16:764][  0]LogAIModule: Creating AISystem for world Untitled_1
[2019.05.08-02.42.16:773][  0]LogEditorServer: Finished looking for orphan Actors (0.000 secs)
[2019.05.08-02.42.16:805][  0]Cmd: MAP CHECKDEP NOCLEARLOG
[2019.05.08-02.42.16:908][  0]MapCheck: Map check complete: 0 Error(s), 0 Warning(s), took 102.276ms to complete.
[2019.05.08-02.42.16:908][  0]LogFileHelpers: Loading map 'Template_Default' took 0.459
[2019.05.08-02.42.17:049][  0]LogSlate: Updating window title bar state: overlay mode, drag disabled, window buttons hidden, title bar hidden
[2019.05.08-02.42.17:060][  0]LogSlate: Updating window title bar state: overlay mode, drag disabled, window buttons hidden, title bar hidden
[2019.05.08-02.42.17:070][  0]LogSlate: Updating window title bar state: overlay mode, drag disabled, window buttons hidden, title bar hidden
[2019.05.08-02.42.17:081][  0]LogSlate: Updating window title bar state: overlay mode, drag disabled, window buttons hidden, title bar hidden
[2019.05.08-02.42.17:092][  0]LogCollectionManager: Loaded 0 collections in 0.003523 seconds
[2019.05.08-02.42.17:136][  0]LogFileCache: Scanning file cache for directory 'C:/Users/black/Documents/GitHub/cly_AssetPipeline/cly_iCWB_AP/firstProject/Saved/Collections/' took 0.01s
[2019.05.08-02.42.17:136][  0]LogFileCache: Scanning file cache for directory 'C:/Users/black/Documents/GitHub/cly_AssetPipeline/cly_iCWB_AP/firstProject/Content/Developers/black/Collections/' took 0.01s
[2019.05.08-02.42.17:136][  0]LogFileCache: Scanning file cache for directory 'C:/Users/black/Documents/GitHub/cly_AssetPipeline/cly_iCWB_AP/firstProject/Content/Collections/' took 0.01s
[2019.05.08-02.42.17:136][  0]LogCollectionManager: Rebuilt the GUID cache for 0 collections in 0.000000 seconds
[2019.05.08-02.42.17:149][  0]LogContentBrowser: Native class hierarchy populated in 0.0124 seconds. Added 2572 classes and 603 folders.
[2019.05.08-02.42.17:159][  0]LogContentBrowser: Native class hierarchy updated for 'WidgetCarousel' in 0.0003 seconds. Added 0 classes and 0 folders.
[2019.05.08-02.42.17:241][  0]LogContentBrowser: Native class hierarchy updated for 'AddContentDialog' in 0.0003 seconds. Added 0 classes and 0 folders.
[2019.05.08-02.42.17:247][  0]LogContentBrowser: Native class hierarchy updated for 'SceneOutliner' in 0.0003 seconds. Added 1 classes and 2 folders.
[2019.05.08-02.42.17:269][  0]LogSlate: Took 0.000378 seconds to synchronously load lazily loaded font '../../../Engine/Content/Slate/Fonts/Roboto-Regular.ttf' (155K)
[2019.05.08-02.42.17:274][  0]LogSlate: Took 0.000315 seconds to synchronously load lazily loaded font '../../../Engine/Content/Slate/Fonts/Roboto-Bold.ttf' (160K)
[2019.05.08-02.42.17:286][  0]LogSlate: Took 0.001674 seconds to synchronously load lazily loaded font '../../../Engine/Content/Editor/Slate/Fonts/FontAwesome.ttf' (139K)
[2019.05.08-02.42.17:379][  0]LogRenderer: Reallocating scene render targets to support 1188x360 Format 10 NumSamples 1 (Frame:1).
[2019.05.08-02.42.17:538][  0]LogContentBrowser: Native class hierarchy updated for 'HierarchicalLODOutliner' in 0.0004 seconds. Added 0 classes and 0 folders.
[2019.05.08-02.42.17:539][  0]LogLoad: (Engine Initialization) Total time: 13.54 seconds
[2019.05.08-02.42.17:539][  0]LogLoad: (Engine Initialization) Total Blueprint compile time: 0.00 seconds
[2019.05.08-02.42.17:550][  0]LogWindowsTextInputMethodSystem: Display: IME system now deactivated.
[2019.05.08-02.42.17:576][  0]LogContentStreaming: Texture pool size now 1000 MB
[2019.05.08-02.42.17:606][  0]LogSlate: Took 0.000371 seconds to synchronously load lazily loaded font '../../../Engine/Content/Slate/Fonts/Roboto-Light.ttf' (167K)
[2019.05.08-02.42.17:763][  2]LogAssetRegistry: Asset discovery search completed in 7.0727 seconds
[2019.05.08-02.42.17:766][  2]LogCollectionManager: Rebuilt the object cache for 0 collections in 0.000000 seconds (found 0 objects)
[2019.05.08-02.42.17:766][  2]LogCollectionManager: Fixed up redirectors for 0 collections in 0.000078 seconds (updated 0 objects)
[2019.05.08-02.42.18:644][ 29]LogSlate: Took 0.000594 seconds to synchronously load lazily loaded font '../../../Engine/Content/Slate/Fonts/Roboto-Light.ttf' (167K)
[2019.05.08-02.42.20:289][ 79]LogSlate: FSceneViewport::OnFocusLost() reason 0
[2019.05.08-02.42.20:566][ 83]LogAssetEditorManager: Opening Asset editor for StaticMesh /Game/CartTextured.CartTextured
[2019.05.08-02.42.21:396][ 83]LogAssetEditorManager: Opening Asset editor for Material /Game/Trellis.Trellis
[2019.05.08-02.42.21:400][ 83]LogMaterial: Display: Missing cached shader map for material Trellis, compiling. 
[2019.05.08-02.42.21:595][ 83]LogMaterial: Display: Missing cached shader map for material Trellis, compiling. 
[2019.05.08-02.42.21:634][ 83]LogShaderCompilers: Display: Shaders left to compile 21
[2019.05.08-02.42.21:634][ 83]LogShaderCompilers: Display: Shaders left to compile 20
[2019.05.08-02.42.21:634][ 83]LogShaderCompilers: Display: Shaders left to compile 19
[2019.05.08-02.42.21:634][ 83]LogShaderCompilers: Display: Shaders left to compile 18
[2019.05.08-02.42.21:641][ 83]LogMaterial: Display: Missing cached shader map for material Trellis, compiling. 
[2019.05.08-02.42.21:713][ 83]LogMaterial: Display: Missing cached shader map for material FMatExpressionPreview MaterialExpressionVectorParameter_0, compiling. 
[2019.05.08-02.42.21:885][ 83]LogAssetEditorManager: Opening Asset editor for Material /Game/lambert1.lambert1
[2019.05.08-02.42.21:893][ 83]LogMaterial: Display: Missing cached shader map for material lambert1, compiling. 
[2019.05.08-02.42.22:115][ 83]LogMaterial: Display: Missing cached shader map for material lambert1, compiling. 
[2019.05.08-02.42.22:190][ 83]LogMaterial: Display: Missing cached shader map for material lambert1, compiling. 
[2019.05.08-02.42.22:307][ 83]LogMaterial: Display: Missing cached shader map for material FMatExpressionPreview MaterialExpressionTextureSampleParameter2D_1, compiling. 
[2019.05.08-02.42.22:316][ 83]LogMaterial: Display: Missing cached shader map for material FMatExpressionPreview MaterialExpressionTextureSampleParameter2D_0, compiling. 
[2019.05.08-02.42.22:326][ 83]LogMaterial: Display: Missing cached shader map for material FMatExpressionPreview MaterialExpressionTextureCoordinate_0, compiling. 
[2019.05.08-02.42.22:337][ 83]LogMaterial: Display: Missing cached shader map for material FMatExpressionPreview MaterialExpressionVectorParameter_1, compiling. 
[2019.05.08-02.42.22:399][ 83]LogSlate: Took 0.000452 seconds to synchronously load lazily loaded font '../../../Engine/Content/Slate/Fonts/Roboto-BoldCondensed.ttf' (158K)
[2019.05.08-02.42.22:512][ 83]LogShaderCompilers: Display: Shaders left to compile 99
[2019.05.08-02.42.22:756][ 83]LogShaderCompilers: Display: Shaders left to compile 98
[2019.05.08-02.42.22:756][ 83]LogShaderCompilers: Display: Shaders left to compile 97
[2019.05.08-02.42.22:756][ 83]LogShaderCompilers: Display: Shaders left to compile 96
[2019.05.08-02.42.22:777][ 84]LogSlate: Took 0.000868 seconds to synchronously load lazily loaded font '../../../Engine/Content/Slate/Fonts/Roboto-Italic.ttf' (157K)
[2019.05.08-02.42.22:843][ 85]LogShaderCompilers: Display: Shaders left to compile 95
[2019.05.08-02.42.22:936][ 88]LogShaderCompilers: Display: Shaders left to compile 94
[2019.05.08-02.42.22:971][ 89]LogShaderCompilers: Display: Shaders left to compile 93
[2019.05.08-02.42.22:985][ 89]LogShaderCompilers: Display: Shaders left to compile 92
[2019.05.08-02.42.23:154][ 91]LogShaderCompilers: Display: Shaders left to compile 91
[2019.05.08-02.42.23:256][ 94]LogShaderCompilers: Display: Shaders left to compile 90
[2019.05.08-02.42.23:258][ 94]LogShaderCompilers: Display: Shaders left to compile 89
[2019.05.08-02.42.23:311][ 95]LogShaderCompilers: Display: Shaders left to compile 88
[2019.05.08-02.42.23:417][ 96]LogShaderCompilers: Display: Shaders left to compile 87
[2019.05.08-02.42.23:690][ 98]LogShaderCompilers: Display: Shaders left to compile 86
[2019.05.08-02.42.23:858][ 99]LogShaderCompilers: Display: Shaders left to compile 85
[2019.05.08-02.42.23:897][100]LogShaderCompilers: Display: Shaders left to compile 84
[2019.05.08-02.42.24:017][103]LogShaderCompilers: Display: Shaders left to compile 83
[2019.05.08-02.42.24:229][108]LogShaderCompilers: Display: Shaders left to compile 82
[2019.05.08-02.42.24:336][110]LogShaderCompilers: Display: Shaders left to compile 81
[2019.05.08-02.42.24:619][115]LogShaderCompilers: Display: Shaders left to compile 80
[2019.05.08-02.42.24:638][115]LogShaderCompilers: Display: Shaders left to compile 79
[2019.05.08-02.42.24:758][116]LogShaderCompilers: Display: Shaders left to compile 78
[2019.05.08-02.42.24:926][121]LogShaderCompilers: Display: Shaders left to compile 77
[2019.05.08-02.42.25:047][122]LogShaderCompilers: Display: Shaders left to compile 76
[2019.05.08-02.42.25:248][126]LogShaderCompilers: Display: Shaders left to compile 75
[2019.05.08-02.42.25:280][127]MaterialEditorStats: Base pass shader: 101 instructions
[2019.05.08-02.42.25:280][127]MaterialEditorStats: Base pass shader with Volumetric Lightmap: 174 instructions
[2019.05.08-02.42.25:280][127]MaterialEditorStats: Base pass vertex shader: 32 instructions
[2019.05.08-02.42.25:280][127]MaterialEditorStats: Texture samplers: 3/16
[2019.05.08-02.42.25:313][128]LogShaderCompilers: Display: Shaders left to compile 74
[2019.05.08-02.42.25:325][128]LogShaderCompilers: Display: Shaders left to compile 73
[2019.05.08-02.42.25:432][130]LogShaderCompilers: Display: Shaders left to compile 72
[2019.05.08-02.42.25:621][133]LogShaderCompilers: Display: Shaders left to compile 71
[2019.05.08-02.42.25:634][133]LogShaderCompilers: Display: Shaders left to compile 70
[2019.05.08-02.42.25:684][134]LogShaderCompilers: Display: Shaders left to compile 69
[2019.05.08-02.42.25:724][134]LogShaderCompilers: Display: Shaders left to compile 68
[2019.05.08-02.42.25:918][137]LogShaderCompilers: Display: Shaders left to compile 67
[2019.05.08-02.42.25:918][137]LogShaderCompilers: Display: Shaders left to compile 66
[2019.05.08-02.42.25:946][137]LogShaderCompilers: Display: Shaders left to compile 65
[2019.05.08-02.42.25:947][137]LogMaterialEditor: Saving and Compiling material lambert1
[2019.05.08-02.42.25:999][137]LogShaderCompilers: Display: Shaders left to compile 64
[2019.05.08-02.42.26:243][137]Cmd: OBJ SAVEPACKAGE PACKAGE="/Game/lambert1" FILE="../../../../../../Users/black/Documents/GitHub/cly_AssetPipeline/cly_iCWB_AP/firstProject/Content/lambert1.uasset" SILENT=true
[2019.05.08-02.42.26:320][137]LogSavePackage: Moving '../../../../../../Users/black/Documents/GitHub/cly_AssetPipeline/cly_iCWB_AP/firstProject/Saved/lambert11C444E564549C357FF156A9D2A73A7CE.tmp' to '../../../../../../Users/black/Documents/GitHub/cly_AssetPipeline/cly_iCWB_AP/firstProject/Content/lambert1.uasset'
[2019.05.08-02.42.26:323][137]LogShaderCompilers: Display: Shaders left to compile 63
[2019.05.08-02.42.26:551][143]LogShaderCompilers: Display: Shaders left to compile 62
[2019.05.08-02.42.26:639][143]LogShaderCompilers: Display: Shaders left to compile 61
[2019.05.08-02.42.26:641][143]LogShaderCompilers: Display: Shaders left to compile 60
[2019.05.08-02.42.26:957][151]LogShaderCompilers: Display: Shaders left to compile 59
[2019.05.08-02.42.26:989][151]LogShaderCompilers: Display: Shaders left to compile 58
[2019.05.08-02.42.27:256][155]LogShaderCompilers: Display: Shaders left to compile 57
[2019.05.08-02.42.27:291][156]LogShaderCompilers: Display: Shaders left to compile 56
[2019.05.08-02.42.27:360][157]LogShaderCompilers: Display: Shaders left to compile 55
[2019.05.08-02.42.27:645][161]LogShaderCompilers: Display: Shaders left to compile 54
[2019.05.08-02.42.27:686][162]LogShaderCompilers: Display: Shaders left to compile 53
[2019.05.08-02.42.27:955][166]LogShaderCompilers: Display: Shaders left to compile 52
[2019.05.08-02.42.28:020][167]LogShaderCompilers: Display: Shaders left to compile 51
[2019.05.08-02.42.28:084][168]LogShaderCompilers: Display: Shaders left to compile 50
[2019.05.08-02.42.28:303][171]LogShaderCompilers: Display: Shaders left to compile 49
[2019.05.08-02.42.28:494][174]LogShaderCompilers: Display: Shaders left to compile 48
[2019.05.08-02.42.28:635][176]LogShaderCompilers: Display: Shaders left to compile 47
[2019.05.08-02.42.28:721][177]LogShaderCompilers: Display: Shaders left to compile 46
[2019.05.08-02.42.28:886][180]LogShaderCompilers: Display: Shaders left to compile 45
[2019.05.08-02.42.29:032][181]LogShaderCompilers: Display: Shaders left to compile 44
[2019.05.08-02.42.29:102][181]LogShaderCompilers: Display: Shaders left to compile 43
[2019.05.08-02.42.29:131][183]LogShaderCompilers: Display: Shaders left to compile 42
[2019.05.08-02.42.29:225][183]LogShaderCompilers: Display: Shaders left to compile 41
[2019.05.08-02.42.29:400][188]LogShaderCompilers: Display: Shaders left to compile 40
[2019.05.08-02.42.29:439][188]LogShaderCompilers: Display: Shaders left to compile 39
[2019.05.08-02.42.29:465][189]LogShaderCompilers: Display: Shaders left to compile 38
[2019.05.08-02.42.29:573][190]LogShaderCompilers: Display: Shaders left to compile 37
[2019.05.08-02.42.29:705][192]LogShaderCompilers: Display: Shaders left to compile 36
[2019.05.08-02.42.29:937][193]LogD3D11RHI: Error: Result failed 
 at D:\Build\++UE4\Sync\Engine\Source\Runtime\Windows\D3D11RHI\Private\D3D11Query.cpp:146 
 with error DXGI_ERROR_DEVICE_REMOVED DXGI_ERROR_DEVICE_HUNG
[2019.05.08-02.42.29:937][193]LogD3D11RHI: [Aftermath] GDynamicRHI=0000016A598B4080, GDX11NVAfterMathEnabled=0, Result=0xFFFFFFFF, bDeviceActive=0
[2019.05.08-02.42.29:937][193]LogWindows: Windows GetLastError: The operation completed successfully. (0)
[2019.05.08-02.42.32:348][193]LogShaderCompilers: Display: Shaders left to compile 35
[2019.05.08-02.42.32:348][193]LogShaderCompilers: Display: Shaders left to compile 34
[2019.05.08-02.42.32:348][193]LogShaderCompilers: Display: Shaders left to compile 33
[2019.05.08-02.42.32:348][193]LogShaderCompilers: Display: Shaders left to compile 32
[2019.05.08-02.42.32:348][193]LogShaderCompilers: Display: Shaders left to compile 31
[2019.05.08-02.42.32:348][193]LogShaderCompilers: Display: Shaders left to compile 30
[2019.05.08-02.42.32:348][193]LogShaderCompilers: Display: Shaders left to compile 29
[2019.05.08-02.42.32:348][193]LogShaderCompilers: Display: Shaders left to compile 28
[2019.05.08-02.42.32:348][193]LogShaderCompilers: Display: Shaders left to compile 27
[2019.05.08-02.42.32:348][193]LogShaderCompilers: Display: Shaders left to compile 26
[2019.05.08-02.42.32:348][193]LogShaderCompilers: Display: Shaders left to compile 25
[2019.05.08-02.42.32:348][193]LogShaderCompilers: Display: Shaders left to compile 24
[2019.05.08-02.42.32:348][193]LogShaderCompilers: Display: Shaders left to compile 23
[2019.05.08-02.42.32:348][193]LogShaderCompilers: Display: Shaders left to compile 22
[2019.05.08-02.42.32:349][193]LogShaderCompilers: Display: Shaders left to compile 21
[2019.05.08-02.42.32:349][193]LogShaderCompilers: Display: Shaders left to compile 20
[2019.05.08-02.42.32:349][193]LogWindows: Windows GetLastError: The operation completed successfully. (0)
[2019.05.08-02.42.32:349][193]LogWindows: Error: === Critical error: ===
[2019.05.08-02.42.32:349][193]LogWindows: Error: 
[2019.05.08-02.42.32:349][193]LogWindows: Error: Fatal error: [File:D:\Build\++UE4\Sync\Engine\Source\Runtime\RenderCore\Private\RenderingThread.cpp] [Line: 826] 
[2019.05.08-02.42.32:349][193]LogWindows: Error: Rendering thread exception:
[2019.05.08-02.42.32:349][193]LogWindows: Error: Fatal error: [File:D:\Build\++UE4\Sync\Engine\Source\Runtime\Windows\D3D11RHI\Private\D3D11Util.cpp] [Line: 200] 
[2019.05.08-02.42.32:349][193]LogWindows: Error: Unreal Engine is exiting due to D3D device being lost. (Error: 0x887A0006 - 'HUNG')
[2019.05.08-02.42.32:349][193]LogWindows: Error: 
[2019.05.08-02.42.32:350][193]LogWindows: Error: 
[2019.05.08-02.42.32:350][193]LogWindows: Error: [Callstack] 0x00007ffa6d3ca388 KERNELBASE.dll!UnknownFunction []
[2019.05.08-02.42.32:350][193]LogWindows: Error: [Callstack] 0x00007ffa4af06850 UE4Editor-ApplicationCore.dll!UnknownFunction []
[2019.05.08-02.42.32:350][193]LogWindows: Error: [Callstack] 0x00007ffa1c7f62fc UE4Editor-Core.dll!UnknownFunction []
[2019.05.08-02.42.32:350][193]LogWindows: Error: [Callstack] 0x00007ffa1c7851db UE4Editor-Core.dll!UnknownFunction []
[2019.05.08-02.42.32:350][193]LogWindows: Error: [Callstack] 0x00007ffa0a7eadea UE4Editor-D3D11RHI.dll!UnknownFunction []
[2019.05.08-02.42.32:350][193]LogWindows: Error: [Callstack] 0x00007ffa0a7ee6e4 UE4Editor-D3D11RHI.dll!UnknownFunction []
[2019.05.08-02.42.32:350][193]LogWindows: Error: [Callstack] 0x00007ffa0a7c5951 UE4Editor-D3D11RHI.dll!UnknownFunction []
[2019.05.08-02.42.32:350][193]LogWindows: Error: [Callstack] 0x00007ffa0a7dabf8 UE4Editor-D3D11RHI.dll!UnknownFunction []
[2019.05.08-02.42.32:350][193]LogWindows: Error: [Callstack] 0x00007ffa4999b106 UE4Editor-RHI.dll!UnknownFunction []
[2019.05.08-02.42.32:350][193]LogWindows: Error: [Callstack] 0x00007ffa03571b42 UE4Editor-SlateRHIRenderer.dll!UnknownFunction []
[2019.05.08-02.42.32:350][193]LogWindows: Error: [Callstack] 0x00007ffa03577d0a UE4Editor-SlateRHIRenderer.dll!UnknownFunction []
[2019.05.08-02.42.32:350][193]LogWindows: Error: [Callstack] 0x00007ffa1c611f92 UE4Editor-Core.dll!UnknownFunction []
[2019.05.08-02.42.32:351][193]LogWindows: Error: [Callstack] 0x00007ffa1c612456 UE4Editor-Core.dll!UnknownFunction []
[2019.05.08-02.42.32:351][193]LogWindows: Error: [Callstack] 0x00007ffa4b4775f9 UE4Editor-RenderCore.dll!UnknownFunction []
[2019.05.08-02.42.32:351][193]LogWindows: Error: [Callstack] 0x00007ffa4b478574 UE4Editor-RenderCore.dll!UnknownFunction []
[2019.05.08-02.42.32:351][193]LogWindows: Error: [Callstack] 0x00007ffa1ca56b7c UE4Editor-Core.dll!UnknownFunction []
[2019.05.08-02.42.32:351][193]LogWindows: Error: [Callstack] 0x00007ffa1ca517c7 UE4Editor-Core.dll!UnknownFunction []
[2019.05.08-02.42.32:351][193]LogWindows: Error: [Callstack] 0x00007ffa70624034 KERNEL32.DLL!UnknownFunction []
[2019.05.08-02.42.32:351][193]LogWindows: Error: [Callstack] 0x00007ffa707c3691 ntdll.dll!UnknownFunction []
[2019.05.08-02.42.32:351][193]LogWindows: Error: 
[2019.05.08-02.42.32:351][193]LogWindows: Error: 
[2019.05.08-02.42.32:351][193]LogWindows: Error: 
[2019.05.08-02.42.32:351][193]LogWindows: Error: 
[2019.05.08-02.42.32:387][193]LogShaderCompilers: Display: Shaders left to compile 19
[2019.05.08-02.42.32:388][193]LogShaderCompilers: Display: Shaders left to compile 18
[2019.05.08-02.42.32:388][193]LogExit: Executing StaticShutdownAfterError
[2019.05.08-02.42.32:394][193]LogWindows: FPlatformMisc::RequestExit(1)
[2019.05.08-02.42.32:400][193]Log file closed, 05/07/19 20:42:32
